2022-11-03 18:24:36.273 [INFO ] [com.joeun.joeunmall_pjm.controller.GraphDataRestController] [http-nio-8282-exec-17] [com.joeun.joeunmall_pjm.controller.GraphDataRestController.getGraphJsonVO(GraphDataRestController.java:120)] -- selectGraph: quantity
2022-11-03 18:24:36.498 [INFO ] [com.joeun.joeunmall_pjm.controller.GraphDataRestController] [http-nio-8282-exec-12] [com.joeun.joeunmall_pjm.controller.GraphDataRestController.getGraphJsonVO(GraphDataRestController.java:119)] -- getGraphJsonList
2022-11-03 18:24:36.498 [INFO ] [com.joeun.joeunmall_pjm.controller.GraphDataRestController] [http-nio-8282-exec-12] [com.joeun.joeunmall_pjm.controller.GraphDataRestController.getGraphJsonVO(GraphDataRestController.java:120)] -- selectGraph: price
2022-11-03 18:24:42.548 [INFO ] [com.joeun.joeunmall_pjm.controller.HomeController] [http-nio-8282-exec-16] [com.joeun.joeunmall_pjm.controller.HomeController.home(HomeController.java:14)] -- home
2022-11-03 18:24:43.028 [INFO ] [com.joeun.joeunmall_pjm.controller.GraphDataRestController] [http-nio-8282-exec-20] [com.joeun.joeunmall_pjm.controller.GraphDataRestController.getGraphJsonVO(GraphDataRestController.java:119)] -- getGraphJsonList
2022-11-03 18:24:43.029 [INFO ] [com.joeun.joeunmall_pjm.controller.GraphDataRestController] [http-nio-8282-exec-20] [com.joeun.joeunmall_pjm.controller.GraphDataRestController.getGraphJsonVO(GraphDataRestController.java:120)] -- selectGraph: quantity
2022-11-03 18:24:43.628 [INFO ] [com.joeun.joeunmall_pjm.controller.GraphDataRestController] [http-nio-8282-exec-15] [com.joeun.joeunmall_pjm.controller.GraphDataRestController.getGraphJsonVO(GraphDataRestController.java:119)] -- getGraphJsonList
2022-11-03 18:24:43.629 [INFO ] [com.joeun.joeunmall_pjm.controller.GraphDataRestController] [http-nio-8282-exec-15] [com.joeun.joeunmall_pjm.controller.GraphDataRestController.getGraphJsonVO(GraphDataRestController.java:120)] -- selectGraph: price
2022-11-03 18:24:44.513 [INFO ] [com.joeun.joeunmall_pjm.controller.GraphDataRestController] [http-nio-8282-exec-11] [com.joeun.joeunmall_pjm.controller.GraphDataRestController.getGraphJsonVO(GraphDataRestController.java:119)] -- getGraphJsonList
2022-11-03 18:24:44.514 [INFO ] [com.joeun.joeunmall_pjm.controller.GraphDataRestController] [http-nio-8282-exec-11] [com.joeun.joeunmall_pjm.controller.GraphDataRestController.getGraphJsonVO(GraphDataRestController.java:120)] -- selectGraph: quantity
2022-11-03 18:24:44.765 [INFO ] [com.joeun.joeunmall_pjm.controller.GraphDataRestController] [http-nio-8282-exec-19] [com.joeun.joeunmall_pjm.controller.GraphDataRestController.getGraphJsonVO(GraphDataRestController.java:119)] -- getGraphJsonList
2022-11-03 18:24:44.765 [INFO ] [com.joeun.joeunmall_pjm.controller.GraphDataRestController] [http-nio-8282-exec-19] [com.joeun.joeunmall_pjm.controller.GraphDataRestController.getGraphJsonVO(GraphDataRestController.java:120)] -- selectGraph: price
2022-11-03 18:24:45.032 [INFO ] [com.joeun.joeunmall_pjm.controller.GraphDataRestController] [http-nio-8282-exec-17] [com.joeun.joeunmall_pjm.controller.GraphDataRestController.getGraphJsonVO(GraphDataRestController.java:119)] -- getGraphJsonList
2022-11-03 18:24:45.032 [INFO ] [com.joeun.joeunmall_pjm.controller.GraphDataRestController] [http-nio-8282-exec-17] [com.joeun.joeunmall_pjm.controller.GraphDataRestController.getGraphJsonVO(GraphDataRestController.java:120)] -- selectGraph: quantity
2022-11-03 18:24:45.264 [INFO ] [com.joeun.joeunmall_pjm.controller.GraphDataRestController] [http-nio-8282-exec-12] [com.joeun.joeunmall_pjm.controller.GraphDataRestController.getGraphJsonVO(GraphDataRestController.java:119)] -- getGraphJsonList
2022-11-03 18:24:45.265 [INFO ] [com.joeun.joeunmall_pjm.controller.GraphDataRestController] [http-nio-8282-exec-12] [com.joeun.joeunmall_pjm.controller.GraphDataRestController.getGraphJsonVO(GraphDataRestController.java:120)] -- selectGraph: price
2022-11-03 18:24:45.457 [INFO ] [com.joeun.joeunmall_pjm.controller.GraphDataRestController] [http-nio-8282-exec-16] [com.joeun.joeunmall_pjm.controller.GraphDataRestController.getGraphJsonVO(GraphDataRestController.java:119)] -- getGraphJsonList
2022-11-03 18:24:45.458 [INFO ] [com.joeun.joeunmall_pjm.controller.GraphDataRestController] [http-nio-8282-exec-16] [com.joeun.joeunmall_pjm.controller.GraphDataRestController.getGraphJsonVO(GraphDataRestController.java:120)] -- selectGraph: quantity
2022-11-03 18:25:00.174 [INFO ] [com.joeun.joeunmall_pjm.controller.HomeController] [http-nio-8282-exec-14] [com.joeun.joeunmall_pjm.controller.HomeController.home(HomeController.java:14)] -- home
2022-11-03 18:25:01.149 [INFO ] [com.joeun.joeunmall_pjm.controller.GraphDataRestController] [http-nio-8282-exec-19] [com.joeun.joeunmall_pjm.controller.GraphDataRestController.getGraphJsonVO(GraphDataRestController.java:119)] -- getGraphJsonList
2022-11-03 18:25:01.150 [INFO ] [com.joeun.joeunmall_pjm.controller.GraphDataRestController] [http-nio-8282-exec-19] [com.joeun.joeunmall_pjm.controller.GraphDataRestController.getGraphJsonVO(GraphDataRestController.java:120)] -- selectGraph: quantity
2022-11-03 18:25:01.792 [INFO ] [com.joeun.joeunmall_pjm.controller.GraphDataRestController] [http-nio-8282-exec-17] [com.joeun.joeunmall_pjm.controller.GraphDataRestController.getGraphJsonVO(GraphDataRestController.java:119)] -- getGraphJsonList
2022-11-03 18:25:01.793 [INFO ] [com.joeun.joeunmall_pjm.controller.GraphDataRestController] [http-nio-8282-exec-17] [com.joeun.joeunmall_pjm.controller.GraphDataRestController.getGraphJsonVO(GraphDataRestController.java:120)] -- selectGraph: price
2022-11-03 18:29:14.480 [INFO ] [com.joeun.joeunmall_pjm.controller.HomeController] [http-nio-8282-exec-15] [com.joeun.joeunmall_pjm.controller.HomeController.home(HomeController.java:14)] -- home
2022-11-03 18:29:15.804 [INFO ] [com.joeun.joeunmall_pjm.controller.GraphDataRestController] [http-nio-8282-exec-14] [com.joeun.joeunmall_pjm.controller.GraphDataRestController.getGraphJsonVO(GraphDataRestController.java:119)] -- getGraphJsonList
2022-11-03 18:29:15.804 [INFO ] [com.joeun.joeunmall_pjm.controller.GraphDataRestController] [http-nio-8282-exec-14] [com.joeun.joeunmall_pjm.controller.GraphDataRestController.getGraphJsonVO(GraphDataRestController.java:120)] -- selectGraph: quantity
2022-11-03 18:29:16.577 [INFO ] [com.joeun.joeunmall_pjm.controller.GraphDataRestController] [http-nio-8282-exec-18] [com.joeun.joeunmall_pjm.controller.GraphDataRestController.getGraphJsonVO(GraphDataRestController.java:119)] -- getGraphJsonList
2022-11-03 18:29:16.577 [INFO ] [com.joeun.joeunmall_pjm.controller.GraphDataRestController] [http-nio-8282-exec-18] [com.joeun.joeunmall_pjm.controller.GraphDataRestController.getGraphJsonVO(GraphDataRestController.java:120)] -- selectGraph: price
2022-11-03 18:29:21.488 [INFO ] [com.joeun.joeunmall_pjm.controller.HomeController] [http-nio-8282-exec-11] [com.joeun.joeunmall_pjm.controller.HomeController.home(HomeController.java:14)] -- home
2022-11-03 18:29:22.259 [INFO ] [com.joeun.joeunmall_pjm.controller.GraphDataRestController] [http-nio-8282-exec-20] [com.joeun.joeunmall_pjm.controller.GraphDataRestController.getGraphJsonVO(GraphDataRestController.java:119)] -- getGraphJsonList
2022-11-03 18:29:22.261 [INFO ] [com.joeun.joeunmall_pjm.controller.GraphDataRestController] [http-nio-8282-exec-20] [com.joeun.joeunmall_pjm.controller.GraphDataRestController.getGraphJsonVO(GraphDataRestController.java:120)] -- selectGraph: quantity
2022-11-03 18:29:22.914 [INFO ] [com.joeun.joeunmall_pjm.controller.GraphDataRestController] [http-nio-8282-exec-12] [com.joeun.joeunmall_pjm.controller.GraphDataRestController.getGraphJsonVO(GraphDataRestController.java:119)] -- getGraphJsonList
2022-11-03 18:29:22.915 [INFO ] [com.joeun.joeunmall_pjm.controller.GraphDataRestController] [http-nio-8282-exec-12] [com.joeun.joeunmall_pjm.controller.GraphDataRestController.getGraphJsonVO(GraphDataRestController.java:120)] -- selectGraph: price
2022-11-03 18:29:34.355 [INFO ] [com.joeun.joeunmall_pjm.controller.HomeController] [http-nio-8282-exec-16] [com.joeun.joeunmall_pjm.controller.HomeController.home(HomeController.java:14)] -- home
2022-11-03 18:29:35.316 [INFO ] [com.joeun.joeunmall_pjm.controller.HomeController] [http-nio-8282-exec-11] [com.joeun.joeunmall_pjm.controller.HomeController.home(HomeController.java:14)] -- home
2022-11-03 18:29:35.829 [INFO ] [com.joeun.joeunmall_pjm.controller.HomeController] [http-nio-8282-exec-14] [com.joeun.joeunmall_pjm.controller.HomeController.home(HomeController.java:14)] -- home
2022-11-03 18:29:36.700 [INFO ] [com.joeun.joeunmall_pjm.controller.GraphDataRestController] [http-nio-8282-exec-20] [com.joeun.joeunmall_pjm.controller.GraphDataRestController.getGraphJsonVO(GraphDataRestController.java:119)] -- getGraphJsonList
2022-11-03 18:29:36.701 [INFO ] [com.joeun.joeunmall_pjm.controller.GraphDataRestController] [http-nio-8282-exec-20] [com.joeun.joeunmall_pjm.controller.GraphDataRestController.getGraphJsonVO(GraphDataRestController.java:120)] -- selectGraph: quantity
2022-11-03 18:29:38.874 [INFO ] [com.joeun.joeunmall_pjm.controller.GraphDataRestController] [http-nio-8282-exec-16] [com.joeun.joeunmall_pjm.controller.GraphDataRestController.getGraphJsonVO(GraphDataRestController.java:119)] -- getGraphJsonList
2022-11-03 18:29:38.874 [INFO ] [com.joeun.joeunmall_pjm.controller.GraphDataRestController] [http-nio-8282-exec-16] [com.joeun.joeunmall_pjm.controller.GraphDataRestController.getGraphJsonVO(GraphDataRestController.java:120)] -- selectGraph: price
2022-11-03 18:29:40.386 [INFO ] [com.joeun.joeunmall_pjm.controller.GraphDataRestController] [http-nio-8282-exec-17] [com.joeun.joeunmall_pjm.controller.GraphDataRestController.getGraphJsonVO(GraphDataRestController.java:119)] -- getGraphJsonList
2022-11-03 18:29:40.386 [INFO ] [com.joeun.joeunmall_pjm.controller.GraphDataRestController] [http-nio-8282-exec-17] [com.joeun.joeunmall_pjm.controller.GraphDataRestController.getGraphJsonVO(GraphDataRestController.java:120)] -- selectGraph: quantity
2022-11-03 18:29:41.793 [INFO ] [com.joeun.joeunmall_pjm.controller.GraphDataRestController] [http-nio-8282-exec-12] [com.joeun.joeunmall_pjm.controller.GraphDataRestController.getGraphJsonVO(GraphDataRestController.java:119)] -- getGraphJsonList
2022-11-03 18:29:41.793 [INFO ] [com.joeun.joeunmall_pjm.controller.GraphDataRestController] [http-nio-8282-exec-12] [com.joeun.joeunmall_pjm.controller.GraphDataRestController.getGraphJsonVO(GraphDataRestController.java:120)] -- selectGraph: price
2022-11-03 18:29:56.337 [INFO ] [com.joeun.joeunmall_pjm.controller.HomeController] [http-nio-8282-exec-15] [com.joeun.joeunmall_pjm.controller.HomeController.home(HomeController.java:14)] -- home
2022-11-03 18:29:57.334 [INFO ] [com.joeun.joeunmall_pjm.controller.GraphDataRestController] [http-nio-8282-exec-12] [com.joeun.joeunmall_pjm.controller.GraphDataRestController.getGraphJsonVO(GraphDataRestController.java:119)] -- getGraphJsonList
2022-11-03 18:29:57.334 [INFO ] [com.joeun.joeunmall_pjm.controller.GraphDataRestController] [http-nio-8282-exec-12] [com.joeun.joeunmall_pjm.controller.GraphDataRestController.getGraphJsonVO(GraphDataRestController.java:120)] -- selectGraph: quantity
2022-11-03 18:29:58.129 [INFO ] [com.joeun.joeunmall_pjm.controller.GraphDataRestController] [http-nio-8282-exec-14] [com.joeun.joeunmall_pjm.controller.GraphDataRestController.getGraphJsonVO(GraphDataRestController.java:119)] -- getGraphJsonList
2022-11-03 18:29:58.129 [INFO ] [com.joeun.joeunmall_pjm.controller.GraphDataRestController] [http-nio-8282-exec-14] [com.joeun.joeunmall_pjm.controller.GraphDataRestController.getGraphJsonVO(GraphDataRestController.java:120)] -- selectGraph: price
2022-11-03 18:29:58.787 [INFO ] [com.joeun.joeunmall_pjm.controller.GraphDataRestController] [http-nio-8282-exec-19] [com.joeun.joeunmall_pjm.controller.GraphDataRestController.getGraphJsonVO(GraphDataRestController.java:119)] -- getGraphJsonList
2022-11-03 18:29:58.788 [INFO ] [com.joeun.joeunmall_pjm.controller.GraphDataRestController] [http-nio-8282-exec-19] [com.joeun.joeunmall_pjm.controller.GraphDataRestController.getGraphJsonVO(GraphDataRestController.java:120)] -- selectGraph: quantity
2022-11-03 18:29:59.389 [INFO ] [com.joeun.joeunmall_pjm.controller.HomeController] [http-nio-8282-exec-18] [com.joeun.joeunmall_pjm.controller.HomeController.home(HomeController.java:14)] -- home
2022-11-03 18:29:59.610 [INFO ] [com.joeun.joeunmall_pjm.controller.HomeController] [http-nio-8282-exec-17] [com.joeun.joeunmall_pjm.controller.HomeController.home(HomeController.java:14)] -- home
2022-11-03 18:29:59.809 [INFO ] [com.joeun.joeunmall_pjm.controller.HomeController] [http-nio-8282-exec-11] [com.joeun.joeunmall_pjm.controller.HomeController.home(HomeController.java:14)] -- home
2022-11-03 18:29:59.989 [INFO ] [com.joeun.joeunmall_pjm.controller.HomeController] [http-nio-8282-exec-14] [com.joeun.joeunmall_pjm.controller.HomeController.home(HomeController.java:14)] -- home
2022-11-03 18:30:00.126 [INFO ] [com.joeun.joeunmall_pjm.controller.HomeController] [http-nio-8282-exec-13] [com.joeun.joeunmall_pjm.controller.HomeController.home(HomeController.java:14)] -- home
2022-11-03 18:30:00.388 [INFO ] [com.joeun.joeunmall_pjm.controller.GraphDataRestController] [http-nio-8282-exec-19] [com.joeun.joeunmall_pjm.controller.GraphDataRestController.getGraphJsonVO(GraphDataRestController.java:119)] -- getGraphJsonList
2022-11-03 18:30:00.388 [INFO ] [com.joeun.joeunmall_pjm.controller.GraphDataRestController] [http-nio-8282-exec-19] [com.joeun.joeunmall_pjm.controller.GraphDataRestController.getGraphJsonVO(GraphDataRestController.java:120)] -- selectGraph: quantity
2022-11-03 18:30:00.818 [INFO ] [com.joeun.joeunmall_pjm.controller.GraphDataRestController] [http-nio-8282-exec-15] [com.joeun.joeunmall_pjm.controller.GraphDataRestController.getGraphJsonVO(GraphDataRestController.java:119)] -- getGraphJsonList
2022-11-03 18:30:00.819 [INFO ] [com.joeun.joeunmall_pjm.controller.GraphDataRestController] [http-nio-8282-exec-15] [com.joeun.joeunmall_pjm.controller.GraphDataRestController.getGraphJsonVO(GraphDataRestController.java:120)] -- selectGraph: price
2022-11-03 18:30:03.460 [INFO ] [com.joeun.joeunmall_pjm.controller.HomeController] [http-nio-8282-exec-11] [com.joeun.joeunmall_pjm.controller.HomeController.home(HomeController.java:14)] -- home
2022-11-03 18:30:04.188 [INFO ] [com.joeun.joeunmall_pjm.controller.GraphDataRestController] [http-nio-8282-exec-17] [com.joeun.joeunmall_pjm.controller.GraphDataRestController.getGraphJsonVO(GraphDataRestController.java:119)] -- getGraphJsonList
2022-11-03 18:30:04.189 [INFO ] [com.joeun.joeunmall_pjm.controller.GraphDataRestController] [http-nio-8282-exec-17] [com.joeun.joeunmall_pjm.controller.GraphDataRestController.getGraphJsonVO(GraphDataRestController.java:120)] -- selectGraph: quantity
2022-11-03 18:30:05.209 [INFO ] [com.joeun.joeunmall_pjm.controller.GraphDataRestController] [http-nio-8282-exec-12] [com.joeun.joeunmall_pjm.controller.GraphDataRestController.getGraphJsonVO(GraphDataRestController.java:119)] -- getGraphJsonList
2022-11-03 18:30:05.209 [INFO ] [com.joeun.joeunmall_pjm.controller.GraphDataRestController] [http-nio-8282-exec-12] [com.joeun.joeunmall_pjm.controller.GraphDataRestController.getGraphJsonVO(GraphDataRestController.java:120)] -- selectGraph: price
2022-11-03 18:30:05.856 [INFO ] [com.joeun.joeunmall_pjm.controller.GraphDataRestController] [http-nio-8282-exec-14] [com.joeun.joeunmall_pjm.controller.GraphDataRestController.getGraphJsonVO(GraphDataRestController.java:119)] -- getGraphJsonList
2022-11-03 18:30:05.856 [INFO ] [com.joeun.joeunmall_pjm.controller.GraphDataRestController] [http-nio-8282-exec-14] [com.joeun.joeunmall_pjm.controller.GraphDataRestController.getGraphJsonVO(GraphDataRestController.java:120)] -- selectGraph: quantity
2022-11-03 18:30:07.057 [INFO ] [com.joeun.joeunmall_pjm.controller.GraphDataRestController] [http-nio-8282-exec-18] [com.joeun.joeunmall_pjm.controller.GraphDataRestController.getGraphJsonVO(GraphDataRestController.java:119)] -- getGraphJsonList
2022-11-03 18:30:07.057 [INFO ] [com.joeun.joeunmall_pjm.controller.GraphDataRestController] [http-nio-8282-exec-18] [com.joeun.joeunmall_pjm.controller.GraphDataRestController.getGraphJsonVO(GraphDataRestController.java:120)] -- selectGraph: price
2022-11-03 18:30:07.376 [INFO ] [com.joeun.joeunmall_pjm.controller.GraphDataRestController] [http-nio-8282-exec-19] [com.joeun.joeunmall_pjm.controller.GraphDataRestController.getGraphJsonVO(GraphDataRestController.java:119)] -- getGraphJsonList
2022-11-03 18:30:07.376 [INFO ] [com.joeun.joeunmall_pjm.controller.GraphDataRestController] [http-nio-8282-exec-19] [com.joeun.joeunmall_pjm.controller.GraphDataRestController.getGraphJsonVO(GraphDataRestController.java:120)] -- selectGraph: quantity
2022-11-03 18:30:07.818 [INFO ] [com.joeun.joeunmall_pjm.controller.GraphDataRestController] [http-nio-8282-exec-15] [com.joeun.joeunmall_pjm.controller.GraphDataRestController.getGraphJsonVO(GraphDataRestController.java:119)] -- getGraphJsonList
2022-11-03 18:30:07.818 [INFO ] [com.joeun.joeunmall_pjm.controller.GraphDataRestController] [http-nio-8282-exec-15] [com.joeun.joeunmall_pjm.controller.GraphDataRestController.getGraphJsonVO(GraphDataRestController.java:120)] -- selectGraph: price
2022-11-03 18:30:08.051 [INFO ] [com.joeun.joeunmall_pjm.controller.GraphDataRestController] [http-nio-8282-exec-11] [com.joeun.joeunmall_pjm.controller.GraphDataRestController.getGraphJsonVO(GraphDataRestController.java:119)] -- getGraphJsonList
2022-11-03 18:30:08.051 [INFO ] [com.joeun.joeunmall_pjm.controller.GraphDataRestController] [http-nio-8282-exec-11] [com.joeun.joeunmall_pjm.controller.GraphDataRestController.getGraphJsonVO(GraphDataRestController.java:120)] -- selectGraph: quantity
2022-11-03 18:30:08.776 [INFO ] [com.joeun.joeunmall_pjm.controller.GraphDataRestController] [http-nio-8282-exec-16] [com.joeun.joeunmall_pjm.controller.GraphDataRestController.getGraphJsonVO(GraphDataRestController.java:119)] -- getGraphJsonList
2022-11-03 18:30:08.777 [INFO ] [com.joeun.joeunmall_pjm.controller.GraphDataRestController] [http-nio-8282-exec-16] [com.joeun.joeunmall_pjm.controller.GraphDataRestController.getGraphJsonVO(GraphDataRestController.java:120)] -- selectGraph: price
2022-11-03 18:30:09.007 [INFO ] [com.joeun.joeunmall_pjm.controller.GraphDataRestController] [http-nio-8282-exec-13] [com.joeun.joeunmall_pjm.controller.GraphDataRestController.getGraphJsonVO(GraphDataRestController.java:119)] -- getGraphJsonList
2022-11-03 18:30:09.007 [INFO ] [com.joeun.joeunmall_pjm.controller.GraphDataRestController] [http-nio-8282-exec-13] [com.joeun.joeunmall_pjm.controller.GraphDataRestController.getGraphJsonVO(GraphDataRestController.java:120)] -- selectGraph: quantity
2022-11-03 18:30:09.297 [INFO ] [com.joeun.joeunmall_pjm.controller.GraphDataRestController] [http-nio-8282-exec-20] [com.joeun.joeunmall_pjm.controller.GraphDataRestController.getGraphJsonVO(GraphDataRestController.java:119)] -- getGraphJsonList
2022-11-03 18:30:09.298 [INFO ] [com.joeun.joeunmall_pjm.controller.GraphDataRestController] [http-nio-8282-exec-20] [com.joeun.joeunmall_pjm.controller.GraphDataRestController.getGraphJsonVO(GraphDataRestController.java:120)] -- selectGraph: price
2022-11-03 18:30:09.530 [INFO ] [com.joeun.joeunmall_pjm.controller.GraphDataRestController] [http-nio-8282-exec-17] [com.joeun.joeunmall_pjm.controller.GraphDataRestController.getGraphJsonVO(GraphDataRestController.java:119)] -- getGraphJsonList
2022-11-03 18:30:09.530 [INFO ] [com.joeun.joeunmall_pjm.controller.GraphDataRestController] [http-nio-8282-exec-17] [com.joeun.joeunmall_pjm.controller.GraphDataRestController.getGraphJsonVO(GraphDataRestController.java:120)] -- selectGraph: quantity
2022-11-03 18:30:09.768 [INFO ] [com.joeun.joeunmall_pjm.controller.GraphDataRestController] [http-nio-8282-exec-12] [com.joeun.joeunmall_pjm.controller.GraphDataRestController.getGraphJsonVO(GraphDataRestController.java:119)] -- getGraphJsonList
2022-11-03 18:30:09.768 [INFO ] [com.joeun.joeunmall_pjm.controller.GraphDataRestController] [http-nio-8282-exec-12] [com.joeun.joeunmall_pjm.controller.GraphDataRestController.getGraphJsonVO(GraphDataRestController.java:120)] -- selectGraph: price
2022-11-03 18:31:10.833 [INFO ] [com.joeun.joeunmall_pjm.controller.HomeController] [http-nio-8282-exec-13] [com.joeun.joeunmall_pjm.controller.HomeController.home(HomeController.java:14)] -- home
2022-11-03 18:31:11.683 [INFO ] [com.joeun.joeunmall_pjm.controller.HomeController] [http-nio-8282-exec-11] [com.joeun.joeunmall_pjm.controller.HomeController.home(HomeController.java:14)] -- home
2022-11-03 18:31:12.669 [INFO ] [com.joeun.joeunmall_pjm.controller.GraphDataRestController] [http-nio-8282-exec-17] [com.joeun.joeunmall_pjm.controller.GraphDataRestController.getGraphJsonVO(GraphDataRestController.java:119)] -- getGraphJsonList
2022-11-03 18:31:12.670 [INFO ] [com.joeun.joeunmall_pjm.controller.GraphDataRestController] [http-nio-8282-exec-17] [com.joeun.joeunmall_pjm.controller.GraphDataRestController.getGraphJsonVO(GraphDataRestController.java:120)] -- selectGraph: quantity
2022-11-03 18:31:13.320 [INFO ] [com.joeun.joeunmall_pjm.controller.GraphDataRestController] [http-nio-8282-exec-15] [com.joeun.joeunmall_pjm.controller.GraphDataRestController.getGraphJsonVO(GraphDataRestController.java:119)] -- getGraphJsonList
2022-11-03 18:31:13.320 [INFO ] [com.joeun.joeunmall_pjm.controller.GraphDataRestController] [http-nio-8282-exec-15] [com.joeun.joeunmall_pjm.controller.GraphDataRestController.getGraphJsonVO(GraphDataRestController.java:120)] -- selectGraph: price
2022-11-03 18:31:13.735 [INFO ] [com.joeun.joeunmall_pjm.controller.GraphDataRestController] [http-nio-8282-exec-12] [com.joeun.joeunmall_pjm.controller.GraphDataRestController.getGraphJsonVO(GraphDataRestController.java:119)] -- getGraphJsonList
2022-11-03 18:31:13.736 [INFO ] [com.joeun.joeunmall_pjm.controller.GraphDataRestController] [http-nio-8282-exec-12] [com.joeun.joeunmall_pjm.controller.GraphDataRestController.getGraphJsonVO(GraphDataRestController.java:120)] -- selectGraph: quantity
2022-11-03 18:31:14.041 [INFO ] [com.joeun.joeunmall_pjm.controller.GraphDataRestController] [http-nio-8282-exec-14] [com.joeun.joeunmall_pjm.controller.GraphDataRestController.getGraphJsonVO(GraphDataRestController.java:119)] -- getGraphJsonList
2022-11-03 18:31:14.042 [INFO ] [com.joeun.joeunmall_pjm.controller.GraphDataRestController] [http-nio-8282-exec-14] [com.joeun.joeunmall_pjm.controller.GraphDataRestController.getGraphJsonVO(GraphDataRestController.java:120)] -- selectGraph: price
2022-11-03 18:31:14.813 [INFO ] [com.joeun.joeunmall_pjm.controller.GraphDataRestController] [http-nio-8282-exec-11] [com.joeun.joeunmall_pjm.controller.GraphDataRestController.getGraphJsonVO(GraphDataRestController.java:119)] -- getGraphJsonList
2022-11-03 18:31:14.814 [INFO ] [com.joeun.joeunmall_pjm.controller.GraphDataRestController] [http-nio-8282-exec-11] [com.joeun.joeunmall_pjm.controller.GraphDataRestController.getGraphJsonVO(GraphDataRestController.java:120)] -- selectGraph: quantity
2022-11-03 18:31:15.162 [INFO ] [com.joeun.joeunmall_pjm.controller.GraphDataRestController] [http-nio-8282-exec-18] [com.joeun.joeunmall_pjm.controller.GraphDataRestController.getGraphJsonVO(GraphDataRestController.java:119)] -- getGraphJsonList
2022-11-03 18:31:15.162 [INFO ] [com.joeun.joeunmall_pjm.controller.GraphDataRestController] [http-nio-8282-exec-18] [com.joeun.joeunmall_pjm.controller.GraphDataRestController.getGraphJsonVO(GraphDataRestController.java:120)] -- selectGraph: price
2022-11-03 18:31:15.783 [INFO ] [com.joeun.joeunmall_pjm.controller.GraphDataRestController] [http-nio-8282-exec-19] [com.joeun.joeunmall_pjm.controller.GraphDataRestController.getGraphJsonVO(GraphDataRestController.java:119)] -- getGraphJsonList
2022-11-03 18:31:15.784 [INFO ] [com.joeun.joeunmall_pjm.controller.GraphDataRestController] [http-nio-8282-exec-19] [com.joeun.joeunmall_pjm.controller.GraphDataRestController.getGraphJsonVO(GraphDataRestController.java:120)] -- selectGraph: quantity
2022-11-03 18:31:16.089 [INFO ] [com.joeun.joeunmall_pjm.controller.GraphDataRestController] [http-nio-8282-exec-16] [com.joeun.joeunmall_pjm.controller.GraphDataRestController.getGraphJsonVO(GraphDataRestController.java:119)] -- getGraphJsonList
2022-11-03 18:31:16.089 [INFO ] [com.joeun.joeunmall_pjm.controller.GraphDataRestController] [http-nio-8282-exec-16] [com.joeun.joeunmall_pjm.controller.GraphDataRestController.getGraphJsonVO(GraphDataRestController.java:120)] -- selectGraph: price
2022-11-03 18:31:16.329 [INFO ] [com.joeun.joeunmall_pjm.controller.GraphDataRestController] [http-nio-8282-exec-20] [com.joeun.joeunmall_pjm.controller.GraphDataRestController.getGraphJsonVO(GraphDataRestController.java:119)] -- getGraphJsonList
2022-11-03 18:31:16.329 [INFO ] [com.joeun.joeunmall_pjm.controller.GraphDataRestController] [http-nio-8282-exec-20] [com.joeun.joeunmall_pjm.controller.GraphDataRestController.getGraphJsonVO(GraphDataRestController.java:120)] -- selectGraph: quantity
2022-11-03 18:31:16.610 [INFO ] [com.joeun.joeunmall_pjm.controller.GraphDataRestController] [http-nio-8282-exec-13] [com.joeun.joeunmall_pjm.controller.GraphDataRestController.getGraphJsonVO(GraphDataRestController.java:119)] -- getGraphJsonList
2022-11-03 18:31:16.611 [INFO ] [com.joeun.joeunmall_pjm.controller.GraphDataRestController] [http-nio-8282-exec-13] [com.joeun.joeunmall_pjm.controller.GraphDataRestController.getGraphJsonVO(GraphDataRestController.java:120)] -- selectGraph: price
2022-11-03 18:31:17.464 [INFO ] [com.joeun.joeunmall_pjm.controller.GraphDataRestController] [http-nio-8282-exec-17] [com.joeun.joeunmall_pjm.controller.GraphDataRestController.getGraphJsonVO(GraphDataRestController.java:119)] -- getGraphJsonList
2022-11-03 18:31:17.465 [INFO ] [com.joeun.joeunmall_pjm.controller.GraphDataRestController] [http-nio-8282-exec-17] [com.joeun.joeunmall_pjm.controller.GraphDataRestController.getGraphJsonVO(GraphDataRestController.java:120)] -- selectGraph: quantity
2022-11-03 18:31:17.762 [INFO ] [com.joeun.joeunmall_pjm.controller.GraphDataRestController] [http-nio-8282-exec-15] [com.joeun.joeunmall_pjm.controller.GraphDataRestController.getGraphJsonVO(GraphDataRestController.java:119)] -- getGraphJsonList
2022-11-03 18:31:17.762 [INFO ] [com.joeun.joeunmall_pjm.controller.GraphDataRestController] [http-nio-8282-exec-15] [com.joeun.joeunmall_pjm.controller.GraphDataRestController.getGraphJsonVO(GraphDataRestController.java:120)] -- selectGraph: price
2022-11-03 18:31:17.961 [INFO ] [com.joeun.joeunmall_pjm.controller.GraphDataRestController] [http-nio-8282-exec-12] [com.joeun.joeunmall_pjm.controller.GraphDataRestController.getGraphJsonVO(GraphDataRestController.java:119)] -- getGraphJsonList
2022-11-03 18:31:17.962 [INFO ] [com.joeun.joeunmall_pjm.controller.GraphDataRestController] [http-nio-8282-exec-12] [com.joeun.joeunmall_pjm.controller.GraphDataRestController.getGraphJsonVO(GraphDataRestController.java:120)] -- selectGraph: quantity
2022-11-03 18:31:18.163 [INFO ] [com.joeun.joeunmall_pjm.controller.GraphDataRestController] [http-nio-8282-exec-14] [com.joeun.joeunmall_pjm.controller.GraphDataRestController.getGraphJsonVO(GraphDataRestController.java:119)] -- getGraphJsonList
2022-11-03 18:31:18.163 [INFO ] [com.joeun.joeunmall_pjm.controller.GraphDataRestController] [http-nio-8282-exec-14] [com.joeun.joeunmall_pjm.controller.GraphDataRestController.getGraphJsonVO(GraphDataRestController.java:120)] -- selectGraph: price
2022-11-03 18:31:19.058 [INFO ] [com.joeun.joeunmall_pjm.controller.GraphDataRestController] [http-nio-8282-exec-11] [com.joeun.joeunmall_pjm.controller.GraphDataRestController.getGraphJsonVO(GraphDataRestController.java:119)] -- getGraphJsonList
2022-11-03 18:31:19.059 [INFO ] [com.joeun.joeunmall_pjm.controller.GraphDataRestController] [http-nio-8282-exec-11] [com.joeun.joeunmall_pjm.controller.GraphDataRestController.getGraphJsonVO(GraphDataRestController.java:120)] -- selectGraph: quantity
2022-11-03 18:31:19.599 [INFO ] [com.joeun.joeunmall_pjm.controller.GraphDataRestController] [http-nio-8282-exec-18] [com.joeun.joeunmall_pjm.controller.GraphDataRestController.getGraphJsonVO(GraphDataRestController.java:119)] -- getGraphJsonList
2022-11-03 18:31:19.600 [INFO ] [com.joeun.joeunmall_pjm.controller.GraphDataRestController] [http-nio-8282-exec-18] [com.joeun.joeunmall_pjm.controller.GraphDataRestController.getGraphJsonVO(GraphDataRestController.java:120)] -- selectGraph: price
2022-11-03 18:31:19.951 [INFO ] [com.joeun.joeunmall_pjm.controller.GraphDataRestController] [http-nio-8282-exec-19] [com.joeun.joeunmall_pjm.controller.GraphDataRestController.getGraphJsonVO(GraphDataRestController.java:119)] -- getGraphJsonList
2022-11-03 18:31:19.952 [INFO ] [com.joeun.joeunmall_pjm.controller.GraphDataRestController] [http-nio-8282-exec-19] [com.joeun.joeunmall_pjm.controller.GraphDataRestController.getGraphJsonVO(GraphDataRestController.java:120)] -- selectGraph: quantity
2022-11-03 18:31:20.215 [INFO ] [com.joeun.joeunmall_pjm.controller.GraphDataRestController] [http-nio-8282-exec-16] [com.joeun.joeunmall_pjm.controller.GraphDataRestController.getGraphJsonVO(GraphDataRestController.java:119)] -- getGraphJsonList
2022-11-03 18:31:20.215 [INFO ] [com.joeun.joeunmall_pjm.controller.GraphDataRestController] [http-nio-8282-exec-16] [com.joeun.joeunmall_pjm.controller.GraphDataRestController.getGraphJsonVO(GraphDataRestController.java:120)] -- selectGraph: price
2022-11-03 18:31:20.474 [INFO ] [com.joeun.joeunmall_pjm.controller.GraphDataRestController] [http-nio-8282-exec-20] [com.joeun.joeunmall_pjm.controller.GraphDataRestController.getGraphJsonVO(GraphDataRestController.java:119)] -- getGraphJsonList
2022-11-03 18:31:20.475 [INFO ] [com.joeun.joeunmall_pjm.controller.GraphDataRestController] [http-nio-8282-exec-20] [com.joeun.joeunmall_pjm.controller.GraphDataRestController.getGraphJsonVO(GraphDataRestController.java:120)] -- selectGraph: quantity
2022-11-03 18:31:23.971 [INFO ] [com.joeun.joeunmall_pjm.controller.GraphDataRestController] [http-nio-8282-exec-13] [com.joeun.joeunmall_pjm.controller.GraphDataRestController.getGraphJsonVO(GraphDataRestController.java:119)] -- getGraphJsonList
2022-11-03 18:31:23.971 [INFO ] [com.joeun.joeunmall_pjm.controller.GraphDataRestController] [http-nio-8282-exec-13] [com.joeun.joeunmall_pjm.controller.GraphDataRestController.getGraphJsonVO(GraphDataRestController.java:120)] -- selectGraph: price
2022-11-03 18:31:24.258 [INFO ] [com.joeun.joeunmall_pjm.controller.GraphDataRestController] [http-nio-8282-exec-17] [com.joeun.joeunmall_pjm.controller.GraphDataRestController.getGraphJsonVO(GraphDataRestController.java:119)] -- getGraphJsonList
2022-11-03 18:31:24.258 [INFO ] [com.joeun.joeunmall_pjm.controller.GraphDataRestController] [http-nio-8282-exec-17] [com.joeun.joeunmall_pjm.controller.GraphDataRestController.getGraphJsonVO(GraphDataRestController.java:120)] -- selectGraph: quantity
2022-11-03 18:31:24.658 [INFO ] [com.joeun.joeunmall_pjm.controller.GraphDataRestController] [http-nio-8282-exec-15] [com.joeun.joeunmall_pjm.controller.GraphDataRestController.getGraphJsonVO(GraphDataRestController.java:119)] -- getGraphJsonList
2022-11-03 18:31:24.658 [INFO ] [com.joeun.joeunmall_pjm.controller.GraphDataRestController] [http-nio-8282-exec-15] [com.joeun.joeunmall_pjm.controller.GraphDataRestController.getGraphJsonVO(GraphDataRestController.java:120)] -- selectGraph: price
2022-11-03 18:31:25.210 [INFO ] [com.joeun.joeunmall_pjm.controller.GraphDataRestController] [http-nio-8282-exec-12] [com.joeun.joeunmall_pjm.controller.GraphDataRestController.getGraphJsonVO(GraphDataRestController.java:119)] -- getGraphJsonList
2022-11-03 18:31:25.210 [INFO ] [com.joeun.joeunmall_pjm.controller.GraphDataRestController] [http-nio-8282-exec-12] [com.joeun.joeunmall_pjm.controller.GraphDataRestController.getGraphJsonVO(GraphDataRestController.java:120)] -- selectGraph: quantity
2022-11-03 18:33:13.553 [INFO ] [com.joeun.joeunmall_pjm.controller.HomeController] [http-nio-8282-exec-16] [com.joeun.joeunmall_pjm.controller.HomeController.home(HomeController.java:14)] -- home
2022-11-03 18:33:14.213 [INFO ] [com.joeun.joeunmall_pjm.controller.HomeController] [http-nio-8282-exec-14] [com.joeun.joeunmall_pjm.controller.HomeController.home(HomeController.java:14)] -- home
2022-11-03 18:33:18.255 [INFO ] [com.joeun.joeunmall_pjm.controller.HomeController] [http-nio-8282-exec-15] [com.joeun.joeunmall_pjm.controller.HomeController.home(HomeController.java:14)] -- home
2022-11-03 18:33:18.817 [INFO ] [com.joeun.joeunmall_pjm.controller.HomeController] [http-nio-8282-exec-18] [com.joeun.joeunmall_pjm.controller.HomeController.home(HomeController.java:14)] -- home
2022-11-03 18:33:19.075 [INFO ] [com.joeun.joeunmall_pjm.controller.HomeController] [http-nio-8282-exec-15] [com.joeun.joeunmall_pjm.controller.HomeController.home(HomeController.java:14)] -- home
2022-11-03 18:33:19.278 [INFO ] [com.joeun.joeunmall_pjm.controller.HomeController] [http-nio-8282-exec-17] [com.joeun.joeunmall_pjm.controller.HomeController.home(HomeController.java:14)] -- home
2022-11-03 18:33:21.654 [INFO ] [com.joeun.joeunmall_pjm.controller.HomeController] [http-nio-8282-exec-11] [com.joeun.joeunmall_pjm.controller.HomeController.home(HomeController.java:14)] -- home
2022-11-03 18:33:22.099 [INFO ] [com.joeun.joeunmall_pjm.controller.HomeController] [http-nio-8282-exec-13] [com.joeun.joeunmall_pjm.controller.HomeController.home(HomeController.java:14)] -- home
2022-11-03 18:33:38.068 [INFO ] [com.joeun.joeunmall_pjm.controller.HomeController] [http-nio-8282-exec-16] [com.joeun.joeunmall_pjm.controller.HomeController.home(HomeController.java:14)] -- home
2022-11-03 18:33:38.737 [INFO ] [com.joeun.joeunmall_pjm.controller.HomeController] [http-nio-8282-exec-12] [com.joeun.joeunmall_pjm.controller.HomeController.home(HomeController.java:14)] -- home
2022-11-03 18:33:39.245 [INFO ] [com.joeun.joeunmall_pjm.controller.HomeController] [http-nio-8282-exec-19] [com.joeun.joeunmall_pjm.controller.HomeController.home(HomeController.java:14)] -- home
2022-11-03 18:33:39.627 [INFO ] [com.joeun.joeunmall_pjm.controller.GraphDataRestController] [http-nio-8282-exec-17] [com.joeun.joeunmall_pjm.controller.GraphDataRestController.getGraphJsonVO(GraphDataRestController.java:119)] -- getGraphJsonList
2022-11-03 18:33:39.628 [INFO ] [com.joeun.joeunmall_pjm.controller.GraphDataRestController] [http-nio-8282-exec-17] [com.joeun.joeunmall_pjm.controller.GraphDataRestController.getGraphJsonVO(GraphDataRestController.java:120)] -- selectGraph: quantity
2022-11-03 18:33:40.184 [INFO ] [com.joeun.joeunmall_pjm.controller.GraphDataRestController] [http-nio-8282-exec-20] [com.joeun.joeunmall_pjm.controller.GraphDataRestController.getGraphJsonVO(GraphDataRestController.java:119)] -- getGraphJsonList
2022-11-03 18:33:40.184 [INFO ] [com.joeun.joeunmall_pjm.controller.GraphDataRestController] [http-nio-8282-exec-20] [com.joeun.joeunmall_pjm.controller.GraphDataRestController.getGraphJsonVO(GraphDataRestController.java:120)] -- selectGraph: price
2022-11-03 18:33:41.483 [INFO ] [com.joeun.joeunmall_pjm.controller.HomeController] [http-nio-8282-exec-16] [com.joeun.joeunmall_pjm.controller.HomeController.home(HomeController.java:14)] -- home
2022-11-03 18:33:42.306 [INFO ] [com.joeun.joeunmall_pjm.controller.HomeController] [http-nio-8282-exec-18] [com.joeun.joeunmall_pjm.controller.HomeController.home(HomeController.java:14)] -- home
2022-11-03 18:33:43.012 [INFO ] [com.joeun.joeunmall_pjm.controller.HomeController] [http-nio-8282-exec-14] [com.joeun.joeunmall_pjm.controller.HomeController.home(HomeController.java:14)] -- home
2022-11-03 18:33:55.715 [INFO ] [com.joeun.joeunmall_pjm.controller.HomeController] [http-nio-8282-exec-17] [com.joeun.joeunmall_pjm.controller.HomeController.home(HomeController.java:14)] -- home
2022-11-03 18:33:56.279 [INFO ] [com.joeun.joeunmall_pjm.controller.HomeController] [http-nio-8282-exec-15] [com.joeun.joeunmall_pjm.controller.HomeController.home(HomeController.java:14)] -- home
2022-11-03 18:33:56.588 [INFO ] [com.joeun.joeunmall_pjm.controller.HomeController] [http-nio-8282-exec-20] [com.joeun.joeunmall_pjm.controller.HomeController.home(HomeController.java:14)] -- home
2022-11-03 18:33:56.816 [INFO ] [com.joeun.joeunmall_pjm.controller.HomeController] [http-nio-8282-exec-15] [com.joeun.joeunmall_pjm.controller.HomeController.home(HomeController.java:14)] -- home
2022-11-03 18:33:56.959 [INFO ] [com.joeun.joeunmall_pjm.controller.HomeController] [http-nio-8282-exec-20] [com.joeun.joeunmall_pjm.controller.HomeController.home(HomeController.java:14)] -- home
2022-11-03 18:33:57.187 [INFO ] [com.joeun.joeunmall_pjm.controller.HomeController] [http-nio-8282-exec-15] [com.joeun.joeunmall_pjm.controller.HomeController.home(HomeController.java:14)] -- home
2022-11-03 18:33:57.291 [INFO ] [com.joeun.joeunmall_pjm.controller.HomeController] [http-nio-8282-exec-17] [com.joeun.joeunmall_pjm.controller.HomeController.home(HomeController.java:14)] -- home
2022-11-03 18:33:57.507 [INFO ] [com.joeun.joeunmall_pjm.controller.HomeController] [http-nio-8282-exec-11] [com.joeun.joeunmall_pjm.controller.HomeController.home(HomeController.java:14)] -- home
2022-11-03 18:33:57.682 [INFO ] [com.joeun.joeunmall_pjm.controller.HomeController] [http-nio-8282-exec-13] [com.joeun.joeunmall_pjm.controller.HomeController.home(HomeController.java:14)] -- home
2022-11-03 18:33:57.886 [INFO ] [com.joeun.joeunmall_pjm.controller.HomeController] [http-nio-8282-exec-17] [com.joeun.joeunmall_pjm.controller.HomeController.home(HomeController.java:14)] -- home
2022-11-03 18:33:58.095 [INFO ] [com.joeun.joeunmall_pjm.controller.HomeController] [http-nio-8282-exec-11] [com.joeun.joeunmall_pjm.controller.HomeController.home(HomeController.java:14)] -- home
2022-11-03 18:34:08.428 [INFO ] [com.joeun.joeunmall_pjm.controller.HomeController] [http-nio-8282-exec-12] [com.joeun.joeunmall_pjm.controller.HomeController.home(HomeController.java:14)] -- home
2022-11-03 18:34:09.324 [INFO ] [com.joeun.joeunmall_pjm.controller.HomeController] [http-nio-8282-exec-16] [com.joeun.joeunmall_pjm.controller.HomeController.home(HomeController.java:14)] -- home
2022-11-03 18:34:11.230 [INFO ] [com.joeun.joeunmall_pjm.controller.HomeController] [http-nio-8282-exec-12] [com.joeun.joeunmall_pjm.controller.HomeController.home(HomeController.java:14)] -- home
2022-11-03 18:34:11.868 [INFO ] [com.joeun.joeunmall_pjm.controller.HomeController] [http-nio-8282-exec-17] [com.joeun.joeunmall_pjm.controller.HomeController.home(HomeController.java:14)] -- home
2022-11-03 18:34:12.317 [INFO ] [com.joeun.joeunmall_pjm.controller.HomeController] [http-nio-8282-exec-15] [com.joeun.joeunmall_pjm.controller.HomeController.home(HomeController.java:14)] -- home
2022-11-03 18:34:12.776 [INFO ] [com.joeun.joeunmall_pjm.controller.HomeController] [http-nio-8282-exec-17] [com.joeun.joeunmall_pjm.controller.HomeController.home(HomeController.java:14)] -- home
2022-11-03 18:34:13.035 [INFO ] [com.joeun.joeunmall_pjm.controller.HomeController] [http-nio-8282-exec-20] [com.joeun.joeunmall_pjm.controller.HomeController.home(HomeController.java:14)] -- home
2022-11-03 18:34:13.247 [INFO ] [com.joeun.joeunmall_pjm.controller.HomeController] [http-nio-8282-exec-14] [com.joeun.joeunmall_pjm.controller.HomeController.home(HomeController.java:14)] -- home
2022-11-03 18:34:13.469 [INFO ] [com.joeun.joeunmall_pjm.controller.HomeController] [http-nio-8282-exec-20] [com.joeun.joeunmall_pjm.controller.HomeController.home(HomeController.java:14)] -- home
2022-11-03 18:34:13.691 [INFO ] [com.joeun.joeunmall_pjm.controller.HomeController] [http-nio-8282-exec-14] [com.joeun.joeunmall_pjm.controller.HomeController.home(HomeController.java:14)] -- home
2022-11-03 18:34:13.875 [INFO ] [com.joeun.joeunmall_pjm.controller.HomeController] [http-nio-8282-exec-20] [com.joeun.joeunmall_pjm.controller.HomeController.home(HomeController.java:14)] -- home
2022-11-03 18:34:14.091 [INFO ] [com.joeun.joeunmall_pjm.controller.HomeController] [http-nio-8282-exec-19] [com.joeun.joeunmall_pjm.controller.HomeController.home(HomeController.java:14)] -- home
2022-11-03 18:34:14.565 [INFO ] [com.joeun.joeunmall_pjm.controller.HomeController] [http-nio-8282-exec-11] [com.joeun.joeunmall_pjm.controller.HomeController.home(HomeController.java:14)] -- home
2022-11-03 18:34:48.723 [INFO ] [com.joeun.joeunmall_pjm.controller.GraphDataRestController] [http-nio-8282-exec-18] [com.joeun.joeunmall_pjm.controller.GraphDataRestController.getGraphJsonVO(GraphDataRestController.java:119)] -- getGraphJsonList
2022-11-03 18:34:48.723 [INFO ] [com.joeun.joeunmall_pjm.controller.GraphDataRestController] [http-nio-8282-exec-18] [com.joeun.joeunmall_pjm.controller.GraphDataRestController.getGraphJsonVO(GraphDataRestController.java:120)] -- selectGraph: quantity
2022-11-03 18:34:50.769 [INFO ] [com.joeun.joeunmall_pjm.controller.GraphDataRestController] [http-nio-8282-exec-14] [com.joeun.joeunmall_pjm.controller.GraphDataRestController.getGraphJsonVO(GraphDataRestController.java:119)] -- getGraphJsonList
2022-11-03 18:34:50.769 [INFO ] [com.joeun.joeunmall_pjm.controller.GraphDataRestController] [http-nio-8282-exec-14] [com.joeun.joeunmall_pjm.controller.GraphDataRestController.getGraphJsonVO(GraphDataRestController.java:120)] -- selectGraph: price
2022-11-03 18:39:16.092 [INFO ] [com.joeun.joeunmall_pjm.controller.GraphDataRestController] [http-nio-8282-exec-16] [com.joeun.joeunmall_pjm.controller.GraphDataRestController.getGraphJsonVO(GraphDataRestController.java:119)] -- getGraphJsonList
2022-11-03 18:39:16.093 [INFO ] [com.joeun.joeunmall_pjm.controller.GraphDataRestController] [http-nio-8282-exec-16] [com.joeun.joeunmall_pjm.controller.GraphDataRestController.getGraphJsonVO(GraphDataRestController.java:120)] -- selectGraph: quantity
2022-11-03 18:41:29.532 [INFO ] [com.joeun.joeunmall_pjm.controller.GraphDataRestController] [http-nio-8282-exec-19] [com.joeun.joeunmall_pjm.controller.GraphDataRestController.getGraphJsonVO(GraphDataRestController.java:119)] -- getGraphJsonList
2022-11-03 18:41:29.533 [INFO ] [com.joeun.joeunmall_pjm.controller.GraphDataRestController] [http-nio-8282-exec-19] [com.joeun.joeunmall_pjm.controller.GraphDataRestController.getGraphJsonVO(GraphDataRestController.java:120)] -- selectGraph: price
2022-11-03 18:52:42.336 [INFO ] [com.joeun.joeunmall_pjm.controller.HomeController] [http-nio-8282-exec-12] [com.joeun.joeunmall_pjm.controller.HomeController.home(HomeController.java:14)] -- home
2022-11-03 18:52:47.825 [INFO ] [com.joeun.joeunmall_pjm.controller.HomeController] [http-nio-8282-exec-16] [com.joeun.joeunmall_pjm.controller.HomeController.home(HomeController.java:14)] -- home
2022-11-03 18:52:48.835 [INFO ] [com.joeun.joeunmall_pjm.controller.HomeController] [http-nio-8282-exec-18] [com.joeun.joeunmall_pjm.controller.HomeController.home(HomeController.java:14)] -- home
2022-11-03 18:52:59.442 [INFO ] [com.joeun.joeunmall_pjm.controller.HomeController] [http-nio-8282-exec-16] [com.joeun.joeunmall_pjm.controller.HomeController.home(HomeController.java:14)] -- home
2022-11-03 18:53:00.554 [INFO ] [com.joeun.joeunmall_pjm.controller.HomeController] [http-nio-8282-exec-19] [com.joeun.joeunmall_pjm.controller.HomeController.home(HomeController.java:14)] -- home
2022-11-03 18:53:01.372 [INFO ] [com.joeun.joeunmall_pjm.controller.GraphDataRestController] [http-nio-8282-exec-15] [com.joeun.joeunmall_pjm.controller.GraphDataRestController.getGraphJsonVO(GraphDataRestController.java:119)] -- getGraphJsonList
2022-11-03 18:53:01.373 [INFO ] [com.joeun.joeunmall_pjm.controller.GraphDataRestController] [http-nio-8282-exec-15] [com.joeun.joeunmall_pjm.controller.GraphDataRestController.getGraphJsonVO(GraphDataRestController.java:120)] -- selectGraph: quantity
2022-11-03 18:53:02.466 [INFO ] [com.joeun.joeunmall_pjm.controller.GraphDataRestController] [http-nio-8282-exec-12] [com.joeun.joeunmall_pjm.controller.GraphDataRestController.getGraphJsonVO(GraphDataRestController.java:119)] -- getGraphJsonList
2022-11-03 18:53:02.467 [INFO ] [com.joeun.joeunmall_pjm.controller.GraphDataRestController] [http-nio-8282-exec-12] [com.joeun.joeunmall_pjm.controller.GraphDataRestController.getGraphJsonVO(GraphDataRestController.java:120)] -- selectGraph: price
2022-11-03 18:53:05.897 [INFO ] [com.joeun.joeunmall_pjm.controller.GraphDataRestController] [http-nio-8282-exec-20] [com.joeun.joeunmall_pjm.controller.GraphDataRestController.getGraphJsonVO(GraphDataRestController.java:119)] -- getGraphJsonList
2022-11-03 18:53:05.898 [INFO ] [com.joeun.joeunmall_pjm.controller.GraphDataRestController] [http-nio-8282-exec-20] [com.joeun.joeunmall_pjm.controller.GraphDataRestController.getGraphJsonVO(GraphDataRestController.java:120)] -- selectGraph: quantity
2022-11-03 18:53:06.543 [INFO ] [com.joeun.joeunmall_pjm.controller.GraphDataRestController] [http-nio-8282-exec-18] [com.joeun.joeunmall_pjm.controller.GraphDataRestController.getGraphJsonVO(GraphDataRestController.java:119)] -- getGraphJsonList
2022-11-03 18:53:06.543 [INFO ] [com.joeun.joeunmall_pjm.controller.GraphDataRestController] [http-nio-8282-exec-18] [com.joeun.joeunmall_pjm.controller.GraphDataRestController.getGraphJsonVO(GraphDataRestController.java:120)] -- selectGraph: price
2022-11-03 18:56:59.181 [INFO ] [com.joeun.joeunmall_pjm.controller.HomeController] [http-nio-8282-exec-15] [com.joeun.joeunmall_pjm.controller.HomeController.home(HomeController.java:14)] -- home
2022-11-03 18:57:03.651 [INFO ] [com.joeun.joeunmall_pjm.controller.HomeController] [http-nio-8282-exec-11] [com.joeun.joeunmall_pjm.controller.HomeController.home(HomeController.java:14)] -- home
2022-11-03 18:57:04.732 [INFO ] [com.joeun.joeunmall_pjm.controller.GraphDataRestController] [http-nio-8282-exec-13] [com.joeun.joeunmall_pjm.controller.GraphDataRestController.getGraphJsonVO(GraphDataRestController.java:119)] -- getGraphJsonList
2022-11-03 18:57:04.732 [INFO ] [com.joeun.joeunmall_pjm.controller.GraphDataRestController] [http-nio-8282-exec-13] [com.joeun.joeunmall_pjm.controller.GraphDataRestController.getGraphJsonVO(GraphDataRestController.java:120)] -- selectGraph: quantity
2022-11-03 18:57:05.802 [INFO ] [com.joeun.joeunmall_pjm.controller.GraphDataRestController] [http-nio-8282-exec-12] [com.joeun.joeunmall_pjm.controller.GraphDataRestController.getGraphJsonVO(GraphDataRestController.java:119)] -- getGraphJsonList
2022-11-03 18:57:05.802 [INFO ] [com.joeun.joeunmall_pjm.controller.GraphDataRestController] [http-nio-8282-exec-12] [com.joeun.joeunmall_pjm.controller.GraphDataRestController.getGraphJsonVO(GraphDataRestController.java:120)] -- selectGraph: price
2022-11-03 18:57:10.621 [INFO ] [com.joeun.joeunmall_pjm.controller.HomeController] [http-nio-8282-exec-20] [com.joeun.joeunmall_pjm.controller.HomeController.home(HomeController.java:14)] -- home
2022-11-03 18:57:12.962 [INFO ] [com.joeun.joeunmall_pjm.controller.GraphDataRestController] [http-nio-8282-exec-16] [com.joeun.joeunmall_pjm.controller.GraphDataRestController.getGraphJsonVO(GraphDataRestController.java:119)] -- getGraphJsonList
2022-11-03 18:57:12.963 [INFO ] [com.joeun.joeunmall_pjm.controller.GraphDataRestController] [http-nio-8282-exec-16] [com.joeun.joeunmall_pjm.controller.GraphDataRestController.getGraphJsonVO(GraphDataRestController.java:120)] -- selectGraph: quantity
2022-11-03 18:57:13.744 [INFO ] [com.joeun.joeunmall_pjm.controller.GraphDataRestController] [http-nio-8282-exec-14] [com.joeun.joeunmall_pjm.controller.GraphDataRestController.getGraphJsonVO(GraphDataRestController.java:119)] -- getGraphJsonList
2022-11-03 18:57:13.744 [INFO ] [com.joeun.joeunmall_pjm.controller.GraphDataRestController] [http-nio-8282-exec-14] [com.joeun.joeunmall_pjm.controller.GraphDataRestController.getGraphJsonVO(GraphDataRestController.java:120)] -- selectGraph: price
2022-11-03 18:59:53.181 [INFO ] [org.springframework.web.context.ContextLoader] [Catalina-utility-2] [org.springframework.web.context.ContextLoader.initWebApplicationContext(ContextLoader.java:271)] -- Root WebApplicationContext: initialization started
2022-11-03 18:59:53.549 [INFO ] [org.springframework.web.context.ContextLoader] [Catalina-utility-2] [org.springframework.web.context.ContextLoader.initWebApplicationContext(ContextLoader.java:307)] -- Root WebApplicationContext initialized in 352 ms
2022-11-03 18:59:53.702 [INFO ] [org.springframework.web.servlet.FrameworkServlet] [Catalina-utility-2] [org.springframework.web.servlet.FrameworkServlet.initServletBean(FrameworkServlet.java:525)] -- Initializing Servlet 'appServlet'
2022-11-03 18:59:55.644 [INFO ] [org.hibernate.validator.internal.util.Version] [Catalina-utility-2] [org.hibernate.validator.internal.util.Version.<clinit>(Version.java:21)] -- HV000001: Hibernate Validator 6.2.0.Final
2022-11-03 18:59:58.023 [INFO ] [springfox.documentation.spring.web.PropertySourcedRequestMappingHandlerMapping] [Catalina-utility-2] [springfox.documentation.spring.web.PropertySourcedRequestMappingHandlerMapping.initHandlerMethods(PropertySourcedRequestMappingHandlerMapping.java:69)] -- Mapped URL path [/v2/api-docs] onto method [springfox.documentation.swagger2.web.Swagger2Controller#getDocumentation(String, HttpServletRequest)]
2022-11-03 18:59:58.046 [INFO ] [springfox.documentation.spring.web.plugins.DocumentationPluginsBootstrapper] [Catalina-utility-2] [springfox.documentation.spring.web.plugins.DocumentationPluginsBootstrapper.start(DocumentationPluginsBootstrapper.java:160)] -- Context refreshed
2022-11-03 18:59:58.172 [INFO ] [springfox.documentation.spring.web.plugins.DocumentationPluginsBootstrapper] [Catalina-utility-2] [springfox.documentation.spring.web.plugins.DocumentationPluginsBootstrapper.start(DocumentationPluginsBootstrapper.java:163)] -- Found 1 custom documentation plugin(s)
2022-11-03 18:59:58.284 [INFO ] [springfox.documentation.spring.web.scanners.ApiListingReferenceScanner] [Catalina-utility-2] [springfox.documentation.spring.web.scanners.ApiListingReferenceScanner.scan(ApiListingReferenceScanner.java:41)] -- Scanning for api listing references
2022-11-03 18:59:58.576 [INFO ] [springfox.documentation.spring.web.readers.operation.CachingOperationNameGenerator] [Catalina-utility-2] [springfox.documentation.spring.web.readers.operation.CachingOperationNameGenerator.startingWith(CachingOperationNameGenerator.java:40)] -- Generating unique operation named: homeUsingGET_1
2022-11-03 18:59:58.578 [INFO ] [springfox.documentation.spring.web.readers.operation.CachingOperationNameGenerator] [Catalina-utility-2] [springfox.documentation.spring.web.readers.operation.CachingOperationNameGenerator.startingWith(CachingOperationNameGenerator.java:40)] -- Generating unique operation named: homeUsingHEAD_1
2022-11-03 18:59:58.579 [INFO ] [springfox.documentation.spring.web.readers.operation.CachingOperationNameGenerator] [Catalina-utility-2] [springfox.documentation.spring.web.readers.operation.CachingOperationNameGenerator.startingWith(CachingOperationNameGenerator.java:40)] -- Generating unique operation named: homeUsingPOST_1
2022-11-03 18:59:58.580 [INFO ] [springfox.documentation.spring.web.readers.operation.CachingOperationNameGenerator] [Catalina-utility-2] [springfox.documentation.spring.web.readers.operation.CachingOperationNameGenerator.startingWith(CachingOperationNameGenerator.java:40)] -- Generating unique operation named: homeUsingPUT_1
2022-11-03 18:59:58.582 [INFO ] [springfox.documentation.spring.web.readers.operation.CachingOperationNameGenerator] [Catalina-utility-2] [springfox.documentation.spring.web.readers.operation.CachingOperationNameGenerator.startingWith(CachingOperationNameGenerator.java:40)] -- Generating unique operation named: homeUsingPATCH_1
2022-11-03 18:59:58.583 [INFO ] [springfox.documentation.spring.web.readers.operation.CachingOperationNameGenerator] [Catalina-utility-2] [springfox.documentation.spring.web.readers.operation.CachingOperationNameGenerator.startingWith(CachingOperationNameGenerator.java:40)] -- Generating unique operation named: homeUsingDELETE_1
2022-11-03 18:59:58.585 [INFO ] [springfox.documentation.spring.web.readers.operation.CachingOperationNameGenerator] [Catalina-utility-2] [springfox.documentation.spring.web.readers.operation.CachingOperationNameGenerator.startingWith(CachingOperationNameGenerator.java:40)] -- Generating unique operation named: homeUsingOPTIONS_1
2022-11-03 18:59:58.587 [INFO ] [springfox.documentation.spring.web.readers.operation.CachingOperationNameGenerator] [Catalina-utility-2] [springfox.documentation.spring.web.readers.operation.CachingOperationNameGenerator.startingWith(CachingOperationNameGenerator.java:40)] -- Generating unique operation named: homeUsingTRACE_1
2022-11-03 18:59:58.626 [INFO ] [org.springframework.web.servlet.FrameworkServlet] [Catalina-utility-2] [org.springframework.web.servlet.FrameworkServlet.initServletBean(FrameworkServlet.java:547)] -- Completed initialization in 4924 ms
2022-11-03 19:01:05.338 [INFO ] [org.springframework.web.context.ContextLoader] [Catalina-utility-2] [org.springframework.web.context.ContextLoader.initWebApplicationContext(ContextLoader.java:271)] -- Root WebApplicationContext: initialization started
2022-11-03 19:01:05.750 [INFO ] [org.springframework.web.context.ContextLoader] [Catalina-utility-2] [org.springframework.web.context.ContextLoader.initWebApplicationContext(ContextLoader.java:307)] -- Root WebApplicationContext initialized in 399 ms
2022-11-03 19:01:05.901 [INFO ] [org.springframework.web.servlet.FrameworkServlet] [Catalina-utility-2] [org.springframework.web.servlet.FrameworkServlet.initServletBean(FrameworkServlet.java:525)] -- Initializing Servlet 'appServlet'
2022-11-03 19:01:07.609 [INFO ] [org.hibernate.validator.internal.util.Version] [Catalina-utility-2] [org.hibernate.validator.internal.util.Version.<clinit>(Version.java:21)] -- HV000001: Hibernate Validator 6.2.0.Final
2022-11-03 19:01:09.731 [INFO ] [springfox.documentation.spring.web.PropertySourcedRequestMappingHandlerMapping] [Catalina-utility-2] [springfox.documentation.spring.web.PropertySourcedRequestMappingHandlerMapping.initHandlerMethods(PropertySourcedRequestMappingHandlerMapping.java:69)] -- Mapped URL path [/v2/api-docs] onto method [springfox.documentation.swagger2.web.Swagger2Controller#getDocumentation(String, HttpServletRequest)]
2022-11-03 19:01:09.751 [INFO ] [springfox.documentation.spring.web.plugins.DocumentationPluginsBootstrapper] [Catalina-utility-2] [springfox.documentation.spring.web.plugins.DocumentationPluginsBootstrapper.start(DocumentationPluginsBootstrapper.java:160)] -- Context refreshed
2022-11-03 19:01:09.863 [INFO ] [springfox.documentation.spring.web.plugins.DocumentationPluginsBootstrapper] [Catalina-utility-2] [springfox.documentation.spring.web.plugins.DocumentationPluginsBootstrapper.start(DocumentationPluginsBootstrapper.java:163)] -- Found 1 custom documentation plugin(s)
2022-11-03 19:01:09.979 [INFO ] [springfox.documentation.spring.web.scanners.ApiListingReferenceScanner] [Catalina-utility-2] [springfox.documentation.spring.web.scanners.ApiListingReferenceScanner.scan(ApiListingReferenceScanner.java:41)] -- Scanning for api listing references
2022-11-03 19:01:10.326 [INFO ] [springfox.documentation.spring.web.readers.operation.CachingOperationNameGenerator] [Catalina-utility-2] [springfox.documentation.spring.web.readers.operation.CachingOperationNameGenerator.startingWith(CachingOperationNameGenerator.java:40)] -- Generating unique operation named: homeUsingGET_1
2022-11-03 19:01:10.327 [INFO ] [springfox.documentation.spring.web.readers.operation.CachingOperationNameGenerator] [Catalina-utility-2] [springfox.documentation.spring.web.readers.operation.CachingOperationNameGenerator.startingWith(CachingOperationNameGenerator.java:40)] -- Generating unique operation named: homeUsingHEAD_1
2022-11-03 19:01:10.329 [INFO ] [springfox.documentation.spring.web.readers.operation.CachingOperationNameGenerator] [Catalina-utility-2] [springfox.documentation.spring.web.readers.operation.CachingOperationNameGenerator.startingWith(CachingOperationNameGenerator.java:40)] -- Generating unique operation named: homeUsingPOST_1
2022-11-03 19:01:10.331 [INFO ] [springfox.documentation.spring.web.readers.operation.CachingOperationNameGenerator] [Catalina-utility-2] [springfox.documentation.spring.web.readers.operation.CachingOperationNameGenerator.startingWith(CachingOperationNameGenerator.java:40)] -- Generating unique operation named: homeUsingPUT_1
2022-11-03 19:01:10.332 [INFO ] [springfox.documentation.spring.web.readers.operation.CachingOperationNameGenerator] [Catalina-utility-2] [springfox.documentation.spring.web.readers.operation.CachingOperationNameGenerator.startingWith(CachingOperationNameGenerator.java:40)] -- Generating unique operation named: homeUsingPATCH_1
2022-11-03 19:01:10.334 [INFO ] [springfox.documentation.spring.web.readers.operation.CachingOperationNameGenerator] [Catalina-utility-2] [springfox.documentation.spring.web.readers.operation.CachingOperationNameGenerator.startingWith(CachingOperationNameGenerator.java:40)] -- Generating unique operation named: homeUsingDELETE_1
2022-11-03 19:01:10.336 [INFO ] [springfox.documentation.spring.web.readers.operation.CachingOperationNameGenerator] [Catalina-utility-2] [springfox.documentation.spring.web.readers.operation.CachingOperationNameGenerator.startingWith(CachingOperationNameGenerator.java:40)] -- Generating unique operation named: homeUsingOPTIONS_1
2022-11-03 19:01:10.337 [INFO ] [springfox.documentation.spring.web.readers.operation.CachingOperationNameGenerator] [Catalina-utility-2] [springfox.documentation.spring.web.readers.operation.CachingOperationNameGenerator.startingWith(CachingOperationNameGenerator.java:40)] -- Generating unique operation named: homeUsingTRACE_1
2022-11-03 19:01:10.383 [INFO ] [org.springframework.web.servlet.FrameworkServlet] [Catalina-utility-2] [org.springframework.web.servlet.FrameworkServlet.initServletBean(FrameworkServlet.java:547)] -- Completed initialization in 4482 ms
2022-11-03 19:01:38.476 [INFO ] [com.joeun.joeunmall_pjm.controller.HomeController] [http-nio-8282-exec-12] [com.joeun.joeunmall_pjm.controller.HomeController.home(HomeController.java:14)] -- home
2022-11-03 19:01:44.408 [WARN ] [org.springframework.web.servlet.handler.AbstractHandlerExceptionResolver] [http-nio-8282-exec-17] [org.springframework.web.servlet.handler.AbstractHandlerExceptionResolver.logException(AbstractHandlerExceptionResolver.java:200)] -- Resolved [org.springframework.web.bind.MissingServletRequestParameterException: Required String parameter 'sellPeriod' is not present]
2022-11-03 19:04:05.498 [INFO ] [com.joeun.joeunmall_pjm.controller.HomeController] [http-nio-8282-exec-23] [com.joeun.joeunmall_pjm.controller.HomeController.home(HomeController.java:14)] -- home
2022-11-03 19:04:06.171 [INFO ] [com.joeun.joeunmall_pjm.controller.HomeController] [http-nio-8282-exec-28] [com.joeun.joeunmall_pjm.controller.HomeController.home(HomeController.java:14)] -- home
2022-11-03 19:04:10.899 [INFO ] [com.joeun.joeunmall_pjm.controller.GraphDataRestController] [http-nio-8282-exec-24] [com.joeun.joeunmall_pjm.controller.GraphDataRestController.getGraphJsonVO(GraphDataRestController.java:120)] -- getGraphJsonList
2022-11-03 19:04:10.900 [INFO ] [com.joeun.joeunmall_pjm.controller.GraphDataRestController] [http-nio-8282-exec-24] [com.joeun.joeunmall_pjm.controller.GraphDataRestController.getGraphJsonVO(GraphDataRestController.java:121)] -- selectGraph: quantity
2022-11-03 19:04:10.901 [INFO ] [com.joeun.joeunmall_pjm.controller.GraphDataRestController] [http-nio-8282-exec-24] [com.joeun.joeunmall_pjm.controller.GraphDataRestController.getGraphJsonVO(GraphDataRestController.java:122)] -- sellPeriod: allPeriod
2022-11-03 19:04:10.901 [INFO ] [com.joeun.joeunmall_pjm.controller.GraphDataRestController] [http-nio-8282-exec-24] [com.joeun.joeunmall_pjm.controller.GraphDataRestController.getGraphJsonVO(GraphDataRestController.java:123)] -- clothPrice: ct-all
2022-11-03 19:04:13.633 [INFO ] [com.joeun.joeunmall_pjm.controller.GraphDataRestController] [http-nio-8282-exec-22] [com.joeun.joeunmall_pjm.controller.GraphDataRestController.getGraphJsonVO(GraphDataRestController.java:120)] -- getGraphJsonList
2022-11-03 19:04:13.634 [INFO ] [com.joeun.joeunmall_pjm.controller.GraphDataRestController] [http-nio-8282-exec-22] [com.joeun.joeunmall_pjm.controller.GraphDataRestController.getGraphJsonVO(GraphDataRestController.java:121)] -- selectGraph: price
2022-11-03 19:04:13.635 [INFO ] [com.joeun.joeunmall_pjm.controller.GraphDataRestController] [http-nio-8282-exec-22] [com.joeun.joeunmall_pjm.controller.GraphDataRestController.getGraphJsonVO(GraphDataRestController.java:122)] -- sellPeriod: allPeriod
2022-11-03 19:04:13.635 [INFO ] [com.joeun.joeunmall_pjm.controller.GraphDataRestController] [http-nio-8282-exec-22] [com.joeun.joeunmall_pjm.controller.GraphDataRestController.getGraphJsonVO(GraphDataRestController.java:123)] -- clothPrice: ct-all
2022-11-03 19:06:13.829 [INFO ] [com.joeun.joeunmall_pjm.controller.HomeController] [http-nio-8282-exec-31] [com.joeun.joeunmall_pjm.controller.HomeController.home(HomeController.java:14)] -- home
2022-11-03 19:06:16.780 [INFO ] [com.joeun.joeunmall_pjm.controller.GraphDataRestController] [http-nio-8282-exec-27] [com.joeun.joeunmall_pjm.controller.GraphDataRestController.getGraphJsonVO(GraphDataRestController.java:120)] -- getGraphJsonList
2022-11-03 19:06:16.781 [INFO ] [com.joeun.joeunmall_pjm.controller.GraphDataRestController] [http-nio-8282-exec-27] [com.joeun.joeunmall_pjm.controller.GraphDataRestController.getGraphJsonVO(GraphDataRestController.java:121)] -- selectGraph: quantity
2022-11-03 19:06:16.782 [INFO ] [com.joeun.joeunmall_pjm.controller.GraphDataRestController] [http-nio-8282-exec-27] [com.joeun.joeunmall_pjm.controller.GraphDataRestController.getGraphJsonVO(GraphDataRestController.java:122)] -- sellPeriod: allPeriod
2022-11-03 19:06:16.782 [INFO ] [com.joeun.joeunmall_pjm.controller.GraphDataRestController] [http-nio-8282-exec-27] [com.joeun.joeunmall_pjm.controller.GraphDataRestController.getGraphJsonVO(GraphDataRestController.java:123)] -- clothPrice: ct-all
2022-11-03 19:06:24.248 [INFO ] [com.joeun.joeunmall_pjm.controller.HomeController] [http-nio-8282-exec-28] [com.joeun.joeunmall_pjm.controller.HomeController.home(HomeController.java:14)] -- home
2022-11-03 19:06:26.847 [INFO ] [com.joeun.joeunmall_pjm.controller.GraphDataRestController] [http-nio-8282-exec-24] [com.joeun.joeunmall_pjm.controller.GraphDataRestController.getGraphJsonVO(GraphDataRestController.java:120)] -- getGraphJsonList
2022-11-03 19:06:26.848 [INFO ] [com.joeun.joeunmall_pjm.controller.GraphDataRestController] [http-nio-8282-exec-24] [com.joeun.joeunmall_pjm.controller.GraphDataRestController.getGraphJsonVO(GraphDataRestController.java:121)] -- selectGraph: quantity
2022-11-03 19:06:26.849 [INFO ] [com.joeun.joeunmall_pjm.controller.GraphDataRestController] [http-nio-8282-exec-24] [com.joeun.joeunmall_pjm.controller.GraphDataRestController.getGraphJsonVO(GraphDataRestController.java:122)] -- sellPeriod: allPeriod
2022-11-03 19:06:26.849 [INFO ] [com.joeun.joeunmall_pjm.controller.GraphDataRestController] [http-nio-8282-exec-24] [com.joeun.joeunmall_pjm.controller.GraphDataRestController.getGraphJsonVO(GraphDataRestController.java:123)] -- clothPrice: ct-all
2022-11-03 19:06:54.659 [INFO ] [com.joeun.joeunmall_pjm.controller.HomeController] [http-nio-8282-exec-31] [com.joeun.joeunmall_pjm.controller.HomeController.home(HomeController.java:14)] -- home
2022-11-03 19:06:57.602 [INFO ] [com.joeun.joeunmall_pjm.controller.GraphDataRestController] [http-nio-8282-exec-22] [com.joeun.joeunmall_pjm.controller.GraphDataRestController.getGraphJsonVO(GraphDataRestController.java:120)] -- getGraphJsonList
2022-11-03 19:06:57.603 [INFO ] [com.joeun.joeunmall_pjm.controller.GraphDataRestController] [http-nio-8282-exec-22] [com.joeun.joeunmall_pjm.controller.GraphDataRestController.getGraphJsonVO(GraphDataRestController.java:121)] -- selectGraph: quantity
2022-11-03 19:06:57.603 [INFO ] [com.joeun.joeunmall_pjm.controller.GraphDataRestController] [http-nio-8282-exec-22] [com.joeun.joeunmall_pjm.controller.GraphDataRestController.getGraphJsonVO(GraphDataRestController.java:122)] -- sellPeriod: allPeriod
2022-11-03 19:06:57.604 [INFO ] [com.joeun.joeunmall_pjm.controller.GraphDataRestController] [http-nio-8282-exec-22] [com.joeun.joeunmall_pjm.controller.GraphDataRestController.getGraphJsonVO(GraphDataRestController.java:123)] -- clothPrice: ct-all
2022-11-03 19:14:31.205 [INFO ] [com.joeun.joeunmall_pjm.controller.HomeController] [http-nio-8282-exec-31] [com.joeun.joeunmall_pjm.controller.HomeController.home(HomeController.java:14)] -- home
2022-11-03 19:14:33.234 [INFO ] [com.joeun.joeunmall_pjm.controller.GraphDataRestController] [http-nio-8282-exec-29] [com.joeun.joeunmall_pjm.controller.GraphDataRestController.getGraphJsonVO(GraphDataRestController.java:120)] -- getGraphJsonList
2022-11-03 19:14:33.235 [INFO ] [com.joeun.joeunmall_pjm.controller.GraphDataRestController] [http-nio-8282-exec-29] [com.joeun.joeunmall_pjm.controller.GraphDataRestController.getGraphJsonVO(GraphDataRestController.java:121)] -- selectGraph: quantity
2022-11-03 19:14:33.235 [INFO ] [com.joeun.joeunmall_pjm.controller.GraphDataRestController] [http-nio-8282-exec-29] [com.joeun.joeunmall_pjm.controller.GraphDataRestController.getGraphJsonVO(GraphDataRestController.java:122)] -- sellPeriod: allPeriod
2022-11-03 19:14:33.236 [INFO ] [com.joeun.joeunmall_pjm.controller.GraphDataRestController] [http-nio-8282-exec-29] [com.joeun.joeunmall_pjm.controller.GraphDataRestController.getGraphJsonVO(GraphDataRestController.java:123)] -- clothPrice: ct-all
2022-11-03 19:27:23.435 [INFO ] [org.springframework.web.context.ContextLoader] [Catalina-utility-1] [org.springframework.web.context.ContextLoader.initWebApplicationContext(ContextLoader.java:271)] -- Root WebApplicationContext: initialization started
2022-11-03 19:27:23.808 [INFO ] [org.springframework.web.context.ContextLoader] [Catalina-utility-1] [org.springframework.web.context.ContextLoader.initWebApplicationContext(ContextLoader.java:307)] -- Root WebApplicationContext initialized in 360 ms
2022-11-03 19:27:23.960 [INFO ] [org.springframework.web.servlet.FrameworkServlet] [Catalina-utility-1] [org.springframework.web.servlet.FrameworkServlet.initServletBean(FrameworkServlet.java:525)] -- Initializing Servlet 'appServlet'
2022-11-03 19:27:25.601 [INFO ] [org.hibernate.validator.internal.util.Version] [Catalina-utility-1] [org.hibernate.validator.internal.util.Version.<clinit>(Version.java:21)] -- HV000001: Hibernate Validator 6.2.0.Final
2022-11-03 19:27:27.708 [INFO ] [springfox.documentation.spring.web.PropertySourcedRequestMappingHandlerMapping] [Catalina-utility-1] [springfox.documentation.spring.web.PropertySourcedRequestMappingHandlerMapping.initHandlerMethods(PropertySourcedRequestMappingHandlerMapping.java:69)] -- Mapped URL path [/v2/api-docs] onto method [springfox.documentation.swagger2.web.Swagger2Controller#getDocumentation(String, HttpServletRequest)]
2022-11-03 19:27:27.726 [INFO ] [springfox.documentation.spring.web.plugins.DocumentationPluginsBootstrapper] [Catalina-utility-1] [springfox.documentation.spring.web.plugins.DocumentationPluginsBootstrapper.start(DocumentationPluginsBootstrapper.java:160)] -- Context refreshed
2022-11-03 19:27:27.843 [INFO ] [springfox.documentation.spring.web.plugins.DocumentationPluginsBootstrapper] [Catalina-utility-1] [springfox.documentation.spring.web.plugins.DocumentationPluginsBootstrapper.start(DocumentationPluginsBootstrapper.java:163)] -- Found 1 custom documentation plugin(s)
2022-11-03 19:27:27.975 [INFO ] [springfox.documentation.spring.web.scanners.ApiListingReferenceScanner] [Catalina-utility-1] [springfox.documentation.spring.web.scanners.ApiListingReferenceScanner.scan(ApiListingReferenceScanner.java:41)] -- Scanning for api listing references
2022-11-03 19:27:28.249 [INFO ] [springfox.documentation.spring.web.readers.operation.CachingOperationNameGenerator] [Catalina-utility-1] [springfox.documentation.spring.web.readers.operation.CachingOperationNameGenerator.startingWith(CachingOperationNameGenerator.java:40)] -- Generating unique operation named: homeUsingGET_1
2022-11-03 19:27:28.251 [INFO ] [springfox.documentation.spring.web.readers.operation.CachingOperationNameGenerator] [Catalina-utility-1] [springfox.documentation.spring.web.readers.operation.CachingOperationNameGenerator.startingWith(CachingOperationNameGenerator.java:40)] -- Generating unique operation named: homeUsingHEAD_1
2022-11-03 19:27:28.252 [INFO ] [springfox.documentation.spring.web.readers.operation.CachingOperationNameGenerator] [Catalina-utility-1] [springfox.documentation.spring.web.readers.operation.CachingOperationNameGenerator.startingWith(CachingOperationNameGenerator.java:40)] -- Generating unique operation named: homeUsingPOST_1
2022-11-03 19:27:28.253 [INFO ] [springfox.documentation.spring.web.readers.operation.CachingOperationNameGenerator] [Catalina-utility-1] [springfox.documentation.spring.web.readers.operation.CachingOperationNameGenerator.startingWith(CachingOperationNameGenerator.java:40)] -- Generating unique operation named: homeUsingPUT_1
2022-11-03 19:27:28.254 [INFO ] [springfox.documentation.spring.web.readers.operation.CachingOperationNameGenerator] [Catalina-utility-1] [springfox.documentation.spring.web.readers.operation.CachingOperationNameGenerator.startingWith(CachingOperationNameGenerator.java:40)] -- Generating unique operation named: homeUsingPATCH_1
2022-11-03 19:27:28.255 [INFO ] [springfox.documentation.spring.web.readers.operation.CachingOperationNameGenerator] [Catalina-utility-1] [springfox.documentation.spring.web.readers.operation.CachingOperationNameGenerator.startingWith(CachingOperationNameGenerator.java:40)] -- Generating unique operation named: homeUsingDELETE_1
2022-11-03 19:27:28.257 [INFO ] [springfox.documentation.spring.web.readers.operation.CachingOperationNameGenerator] [Catalina-utility-1] [springfox.documentation.spring.web.readers.operation.CachingOperationNameGenerator.startingWith(CachingOperationNameGenerator.java:40)] -- Generating unique operation named: homeUsingOPTIONS_1
2022-11-03 19:27:28.258 [INFO ] [springfox.documentation.spring.web.readers.operation.CachingOperationNameGenerator] [Catalina-utility-1] [springfox.documentation.spring.web.readers.operation.CachingOperationNameGenerator.startingWith(CachingOperationNameGenerator.java:40)] -- Generating unique operation named: homeUsingTRACE_1
2022-11-03 19:27:28.298 [INFO ] [org.springframework.web.servlet.FrameworkServlet] [Catalina-utility-1] [org.springframework.web.servlet.FrameworkServlet.initServletBean(FrameworkServlet.java:547)] -- Completed initialization in 4337 ms
2022-11-03 19:27:38.208 [INFO ] [com.joeun.joeunmall_pjm.controller.HomeController] [http-nio-8282-exec-24] [com.joeun.joeunmall_pjm.controller.HomeController.home(HomeController.java:14)] -- home
2022-11-03 19:27:39.230 [INFO ] [com.joeun.joeunmall_pjm.controller.HomeController] [http-nio-8282-exec-31] [com.joeun.joeunmall_pjm.controller.HomeController.home(HomeController.java:14)] -- home
2022-11-03 19:27:39.500 [INFO ] [com.joeun.joeunmall_pjm.controller.HomeController] [http-nio-8282-exec-22] [com.joeun.joeunmall_pjm.controller.HomeController.home(HomeController.java:14)] -- home
2022-11-03 19:27:39.717 [INFO ] [com.joeun.joeunmall_pjm.controller.HomeController] [http-nio-8282-exec-31] [com.joeun.joeunmall_pjm.controller.HomeController.home(HomeController.java:14)] -- home
2022-11-03 19:27:39.884 [INFO ] [com.joeun.joeunmall_pjm.controller.HomeController] [http-nio-8282-exec-22] [com.joeun.joeunmall_pjm.controller.HomeController.home(HomeController.java:14)] -- home
2022-11-03 19:27:43.461 [INFO ] [com.joeun.joeunmall_pjm.controller.HomeController] [http-nio-8282-exec-31] [com.joeun.joeunmall_pjm.controller.HomeController.home(HomeController.java:14)] -- home
2022-11-03 19:27:45.589 [INFO ] [com.joeun.joeunmall_pjm.controller.GraphDataRestController] [http-nio-8282-exec-22] [com.joeun.joeunmall_pjm.controller.GraphDataRestController.getGraphJsonVO(GraphDataRestController.java:119)] -- getGraphJsonList
2022-11-03 19:27:45.590 [INFO ] [com.joeun.joeunmall_pjm.controller.GraphDataRestController] [http-nio-8282-exec-22] [com.joeun.joeunmall_pjm.controller.GraphDataRestController.getGraphJsonVO(GraphDataRestController.java:120)] -- graphType: quantity
2022-11-03 19:27:49.276 [INFO ] [com.joeun.joeunmall_pjm.controller.GraphDataRestController] [http-nio-8282-exec-33] [com.joeun.joeunmall_pjm.controller.GraphDataRestController.getGraphJsonVO(GraphDataRestController.java:119)] -- getGraphJsonList
2022-11-03 19:27:49.277 [INFO ] [com.joeun.joeunmall_pjm.controller.GraphDataRestController] [http-nio-8282-exec-33] [com.joeun.joeunmall_pjm.controller.GraphDataRestController.getGraphJsonVO(GraphDataRestController.java:120)] -- graphType: ct-4
2022-11-03 19:27:58.990 [INFO ] [com.joeun.joeunmall_pjm.controller.GraphDataRestController] [http-nio-8282-exec-27] [com.joeun.joeunmall_pjm.controller.GraphDataRestController.getGraphJsonVO(GraphDataRestController.java:119)] -- getGraphJsonList
2022-11-03 19:27:58.990 [INFO ] [com.joeun.joeunmall_pjm.controller.GraphDataRestController] [http-nio-8282-exec-27] [com.joeun.joeunmall_pjm.controller.GraphDataRestController.getGraphJsonVO(GraphDataRestController.java:120)] -- graphType: price
2022-11-03 19:28:06.278 [INFO ] [com.joeun.joeunmall_pjm.controller.GraphDataRestController] [http-nio-8282-exec-32] [com.joeun.joeunmall_pjm.controller.GraphDataRestController.getGraphJsonVO(GraphDataRestController.java:119)] -- getGraphJsonList
2022-11-03 19:28:06.278 [INFO ] [com.joeun.joeunmall_pjm.controller.GraphDataRestController] [http-nio-8282-exec-32] [com.joeun.joeunmall_pjm.controller.GraphDataRestController.getGraphJsonVO(GraphDataRestController.java:120)] -- graphType: quantity
2022-11-03 19:28:06.278 [INFO ] [com.joeun.joeunmall_pjm.controller.HomeController] [http-nio-8282-exec-30] [com.joeun.joeunmall_pjm.controller.HomeController.home(HomeController.java:14)] -- home
2022-11-03 19:28:14.443 [INFO ] [com.joeun.joeunmall_pjm.controller.GraphDataRestController] [http-nio-8282-exec-28] [com.joeun.joeunmall_pjm.controller.GraphDataRestController.getGraphJsonVO(GraphDataRestController.java:119)] -- getGraphJsonList
2022-11-03 19:28:14.444 [INFO ] [com.joeun.joeunmall_pjm.controller.GraphDataRestController] [http-nio-8282-exec-28] [com.joeun.joeunmall_pjm.controller.GraphDataRestController.getGraphJsonVO(GraphDataRestController.java:120)] -- graphType: quantity
2022-11-03 19:28:20.519 [INFO ] [com.joeun.joeunmall_pjm.controller.GraphDataRestController] [http-nio-8282-exec-26] [com.joeun.joeunmall_pjm.controller.GraphDataRestController.getGraphJsonVO(GraphDataRestController.java:119)] -- getGraphJsonList
2022-11-03 19:28:20.519 [INFO ] [com.joeun.joeunmall_pjm.controller.GraphDataRestController] [http-nio-8282-exec-26] [com.joeun.joeunmall_pjm.controller.GraphDataRestController.getGraphJsonVO(GraphDataRestController.java:120)] -- graphType: price
2022-11-03 19:28:34.796 [INFO ] [com.joeun.joeunmall_pjm.controller.GraphDataRestController] [http-nio-8282-exec-35] [com.joeun.joeunmall_pjm.controller.GraphDataRestController.getGraphJsonVO(GraphDataRestController.java:119)] -- getGraphJsonList
2022-11-03 19:28:34.796 [INFO ] [com.joeun.joeunmall_pjm.controller.GraphDataRestController] [http-nio-8282-exec-35] [com.joeun.joeunmall_pjm.controller.GraphDataRestController.getGraphJsonVO(GraphDataRestController.java:120)] -- graphType: ct-1
2022-11-03 19:29:04.286 [INFO ] [com.joeun.joeunmall_pjm.controller.GraphDataRestController] [http-nio-8282-exec-36] [com.joeun.joeunmall_pjm.controller.GraphDataRestController.getGraphJsonVO(GraphDataRestController.java:119)] -- getGraphJsonList
2022-11-03 19:29:04.287 [INFO ] [com.joeun.joeunmall_pjm.controller.GraphDataRestController] [http-nio-8282-exec-36] [com.joeun.joeunmall_pjm.controller.GraphDataRestController.getGraphJsonVO(GraphDataRestController.java:120)] -- graphType: quantity
2022-11-03 19:29:10.961 [INFO ] [com.joeun.joeunmall_pjm.controller.GraphDataRestController] [http-nio-8282-exec-39] [com.joeun.joeunmall_pjm.controller.GraphDataRestController.getGraphJsonVO(GraphDataRestController.java:119)] -- getGraphJsonList
2022-11-03 19:29:10.963 [INFO ] [com.joeun.joeunmall_pjm.controller.GraphDataRestController] [http-nio-8282-exec-39] [com.joeun.joeunmall_pjm.controller.GraphDataRestController.getGraphJsonVO(GraphDataRestController.java:120)] -- graphType: ct-2
2022-11-03 19:30:18.382 [INFO ] [com.joeun.joeunmall_pjm.controller.GraphDataRestController] [http-nio-8282-exec-40] [com.joeun.joeunmall_pjm.controller.GraphDataRestController.getGraphJsonVO(GraphDataRestController.java:119)] -- getGraphJsonList
2022-11-03 19:30:18.383 [INFO ] [com.joeun.joeunmall_pjm.controller.GraphDataRestController] [http-nio-8282-exec-40] [com.joeun.joeunmall_pjm.controller.GraphDataRestController.getGraphJsonVO(GraphDataRestController.java:120)] -- graphType: ct-3
2022-11-03 19:40:06.906 [INFO ] [com.joeun.joeunmall_pjm.controller.HomeController] [http-nio-8282-exec-38] [com.joeun.joeunmall_pjm.controller.HomeController.home(HomeController.java:14)] -- home
2022-11-03 19:40:10.297 [INFO ] [com.joeun.joeunmall_pjm.controller.GraphDataRestController] [http-nio-8282-exec-34] [com.joeun.joeunmall_pjm.controller.GraphDataRestController.getGraphJsonVO(GraphDataRestController.java:119)] -- getGraphJsonList
2022-11-03 19:40:10.298 [INFO ] [com.joeun.joeunmall_pjm.controller.GraphDataRestController] [http-nio-8282-exec-34] [com.joeun.joeunmall_pjm.controller.GraphDataRestController.getGraphJsonVO(GraphDataRestController.java:120)] -- graphType: quantity
2022-11-03 19:40:12.281 [INFO ] [com.joeun.joeunmall_pjm.controller.GraphDataRestController] [http-nio-8282-exec-40] [com.joeun.joeunmall_pjm.controller.GraphDataRestController.getGraphJsonVO(GraphDataRestController.java:119)] -- getGraphJsonList
2022-11-03 19:40:12.281 [INFO ] [com.joeun.joeunmall_pjm.controller.GraphDataRestController] [http-nio-8282-exec-40] [com.joeun.joeunmall_pjm.controller.GraphDataRestController.getGraphJsonVO(GraphDataRestController.java:120)] -- graphType: price
2022-11-03 19:40:19.526 [INFO ] [com.joeun.joeunmall_pjm.controller.HomeController] [http-nio-8282-exec-41] [com.joeun.joeunmall_pjm.controller.HomeController.home(HomeController.java:14)] -- home
2022-11-03 19:40:20.865 [INFO ] [com.joeun.joeunmall_pjm.controller.GraphDataRestController] [http-nio-8282-exec-39] [com.joeun.joeunmall_pjm.controller.GraphDataRestController.getGraphJsonVO(GraphDataRestController.java:119)] -- getGraphJsonList
2022-11-03 19:40:20.866 [INFO ] [com.joeun.joeunmall_pjm.controller.GraphDataRestController] [http-nio-8282-exec-39] [com.joeun.joeunmall_pjm.controller.GraphDataRestController.getGraphJsonVO(GraphDataRestController.java:120)] -- graphType: quantity
2022-11-03 19:40:22.743 [INFO ] [com.joeun.joeunmall_pjm.controller.GraphDataRestController] [http-nio-8282-exec-33] [com.joeun.joeunmall_pjm.controller.GraphDataRestController.getGraphJsonVO(GraphDataRestController.java:119)] -- getGraphJsonList
2022-11-03 19:40:22.744 [INFO ] [com.joeun.joeunmall_pjm.controller.GraphDataRestController] [http-nio-8282-exec-33] [com.joeun.joeunmall_pjm.controller.GraphDataRestController.getGraphJsonVO(GraphDataRestController.java:120)] -- graphType: price
