2022-11-09 17:13:15.449 [INFO ] [org.springframework.web.servlet.FrameworkServlet] [http-nio-8282-exec-2] [org.springframework.web.servlet.FrameworkServlet.initServletBean(FrameworkServlet.java:525)] -- Initializing Servlet 'appServlet'
2022-11-09 17:13:15.716 [WARN ] [org.springframework.context.support.AbstractApplicationContext] [http-nio-8282-exec-2] [org.springframework.context.support.AbstractApplicationContext.refresh(AbstractApplicationContext.java:559)] -- Exception encountered during context initialization - cancelling refresh attempt: org.springframework.beans.factory.BeanCreationException: Error creating bean with name 'org.springframework.web.servlet.mvc.method.annotation.RequestMappingHandlerMapping': Invocation of init method failed; nested exception is java.lang.IllegalStateException: Ambiguous mapping. Cannot map 'demoController' method 
com.joeun.joeunmall.controller.DemoController#adminCustomerManage()
to {GET /admin/admin-customerManage.do}: There is already 'customerManageController' bean method
com.joeun.joeunmall.controller.CustomerManageController#adminCustomerManage(Model) mapped.
2022-11-09 17:13:15.717 [ERROR] [org.springframework.web.servlet.FrameworkServlet] [http-nio-8282-exec-2] [org.springframework.web.servlet.FrameworkServlet.initServletBean(FrameworkServlet.java:534)] -- Context initialization failed
org.springframework.beans.factory.BeanCreationException: Error creating bean with name 'org.springframework.web.servlet.mvc.method.annotation.RequestMappingHandlerMapping': Invocation of init method failed; nested exception is java.lang.IllegalStateException: Ambiguous mapping. Cannot map 'demoController' method 
com.joeun.joeunmall.controller.DemoController#adminCustomerManage()
to {GET /admin/admin-customerManage.do}: There is already 'customerManageController' bean method
com.joeun.joeunmall.controller.CustomerManageController#adminCustomerManage(Model) mapped.
	at org.springframework.beans.factory.support.AbstractAutowireCapableBeanFactory.initializeBean(AbstractAutowireCapableBeanFactory.java:1799) ~[spring-beans-5.2.22.RELEASE.jar:5.2.22.RELEASE]
	at org.springframework.beans.factory.support.AbstractAutowireCapableBeanFactory.doCreateBean(AbstractAutowireCapableBeanFactory.java:594) ~[spring-beans-5.2.22.RELEASE.jar:5.2.22.RELEASE]
	at org.springframework.beans.factory.support.AbstractAutowireCapableBeanFactory.createBean(AbstractAutowireCapableBeanFactory.java:516) ~[spring-beans-5.2.22.RELEASE.jar:5.2.22.RELEASE]
	at org.springframework.beans.factory.support.AbstractBeanFactory.lambda$doGetBean$0(AbstractBeanFactory.java:324) ~[spring-beans-5.2.22.RELEASE.jar:5.2.22.RELEASE]
	at org.springframework.beans.factory.support.DefaultSingletonBeanRegistry.getSingleton(DefaultSingletonBeanRegistry.java:234) ~[spring-beans-5.2.22.RELEASE.jar:5.2.22.RELEASE]
	at org.springframework.beans.factory.support.AbstractBeanFactory.doGetBean(AbstractBeanFactory.java:322) ~[spring-beans-5.2.22.RELEASE.jar:5.2.22.RELEASE]
	at org.springframework.beans.factory.support.AbstractBeanFactory.getBean(AbstractBeanFactory.java:202) ~[spring-beans-5.2.22.RELEASE.jar:5.2.22.RELEASE]
	at org.springframework.beans.factory.support.DefaultListableBeanFactory.preInstantiateSingletons(DefaultListableBeanFactory.java:897) ~[spring-beans-5.2.22.RELEASE.jar:5.2.22.RELEASE]
	at org.springframework.context.support.AbstractApplicationContext.finishBeanFactoryInitialization(AbstractApplicationContext.java:879) ~[spring-context-5.2.22.RELEASE.jar:5.2.22.RELEASE]
	at org.springframework.context.support.AbstractApplicationContext.refresh(AbstractApplicationContext.java:551) ~[spring-context-5.2.22.RELEASE.jar:5.2.22.RELEASE]
	at org.springframework.web.servlet.FrameworkServlet.configureAndRefreshWebApplicationContext(FrameworkServlet.java:702) ~[spring-webmvc-5.2.22.RELEASE.jar:5.2.22.RELEASE]
	at org.springframework.web.servlet.FrameworkServlet.createWebApplicationContext(FrameworkServlet.java:668) ~[spring-webmvc-5.2.22.RELEASE.jar:5.2.22.RELEASE]
	at org.springframework.web.servlet.FrameworkServlet.createWebApplicationContext(FrameworkServlet.java:716) ~[spring-webmvc-5.2.22.RELEASE.jar:5.2.22.RELEASE]
	at org.springframework.web.servlet.FrameworkServlet.initWebApplicationContext(FrameworkServlet.java:591) ~[spring-webmvc-5.2.22.RELEASE.jar:5.2.22.RELEASE]
	at org.springframework.web.servlet.FrameworkServlet.initServletBean(FrameworkServlet.java:530) [spring-webmvc-5.2.22.RELEASE.jar:5.2.22.RELEASE]
	at org.springframework.web.servlet.HttpServletBean.init(HttpServletBean.java:170) [spring-webmvc-5.2.22.RELEASE.jar:5.2.22.RELEASE]
	at javax.servlet.GenericServlet.init(GenericServlet.java:158) [servlet-api.jar:4.0.FR]
	at org.apache.catalina.core.StandardWrapper.initServlet(StandardWrapper.java:1164) [catalina.jar:9.0.68]
	at org.apache.catalina.core.StandardWrapper.loadServlet(StandardWrapper.java:1117) [catalina.jar:9.0.68]
	at org.apache.catalina.core.StandardWrapper.allocate(StandardWrapper.java:788) [catalina.jar:9.0.68]
	at org.apache.catalina.core.StandardWrapperValve.invoke(StandardWrapperValve.java:128) [catalina.jar:9.0.68]
	at org.apache.catalina.core.StandardContextValve.invoke(StandardContextValve.java:97) [catalina.jar:9.0.68]
	at org.apache.catalina.authenticator.AuthenticatorBase.invoke(AuthenticatorBase.java:541) [catalina.jar:9.0.68]
	at org.apache.catalina.core.StandardHostValve.invoke(StandardHostValve.java:135) [catalina.jar:9.0.68]
	at org.apache.catalina.valves.ErrorReportValve.invoke(ErrorReportValve.java:92) [catalina.jar:9.0.68]
	at org.apache.catalina.valves.AbstractAccessLogValve.invoke(AbstractAccessLogValve.java:687) [catalina.jar:9.0.68]
	at org.apache.catalina.core.StandardEngineValve.invoke(StandardEngineValve.java:78) [catalina.jar:9.0.68]
	at org.apache.catalina.connector.CoyoteAdapter.service(CoyoteAdapter.java:360) [catalina.jar:9.0.68]
	at org.apache.coyote.http11.Http11Processor.service(Http11Processor.java:399) [tomcat-coyote.jar:9.0.68]
	at org.apache.coyote.AbstractProcessorLight.process(AbstractProcessorLight.java:65) [tomcat-coyote.jar:9.0.68]
	at org.apache.coyote.AbstractProtocol$ConnectionHandler.process(AbstractProtocol.java:893) [tomcat-coyote.jar:9.0.68]
	at org.apache.tomcat.util.net.NioEndpoint$SocketProcessor.doRun(NioEndpoint.java:1789) [tomcat-coyote.jar:9.0.68]
	at org.apache.tomcat.util.net.SocketProcessorBase.run(SocketProcessorBase.java:49) [tomcat-coyote.jar:9.0.68]
	at org.apache.tomcat.util.threads.ThreadPoolExecutor.runWorker(ThreadPoolExecutor.java:1191) [tomcat-util.jar:9.0.68]
	at org.apache.tomcat.util.threads.ThreadPoolExecutor$Worker.run(ThreadPoolExecutor.java:659) [tomcat-util.jar:9.0.68]
	at org.apache.tomcat.util.threads.TaskThread$WrappingRunnable.run(TaskThread.java:61) [tomcat-util.jar:9.0.68]
	at java.lang.Thread.run(Thread.java:750) [?:1.8.0_332]
Caused by: java.lang.IllegalStateException: Ambiguous mapping. Cannot map 'demoController' method 
com.joeun.joeunmall.controller.DemoController#adminCustomerManage()
to {GET /admin/admin-customerManage.do}: There is already 'customerManageController' bean method
com.joeun.joeunmall.controller.CustomerManageController#adminCustomerManage(Model) mapped.
	at org.springframework.web.servlet.handler.AbstractHandlerMethodMapping$MappingRegistry.validateMethodMapping(AbstractHandlerMethodMapping.java:637) ~[spring-webmvc-5.2.22.RELEASE.jar:5.2.22.RELEASE]
	at org.springframework.web.servlet.handler.AbstractHandlerMethodMapping$MappingRegistry.register(AbstractHandlerMethodMapping.java:604) ~[spring-webmvc-5.2.22.RELEASE.jar:5.2.22.RELEASE]
	at org.springframework.web.servlet.handler.AbstractHandlerMethodMapping.registerHandlerMethod(AbstractHandlerMethodMapping.java:318) ~[spring-webmvc-5.2.22.RELEASE.jar:5.2.22.RELEASE]
	at org.springframework.web.servlet.mvc.method.annotation.RequestMappingHandlerMapping.registerHandlerMethod(RequestMappingHandlerMapping.java:378) ~[spring-webmvc-5.2.22.RELEASE.jar:5.2.22.RELEASE]
	at org.springframework.web.servlet.mvc.method.annotation.RequestMappingHandlerMapping.registerHandlerMethod(RequestMappingHandlerMapping.java:75) ~[spring-webmvc-5.2.22.RELEASE.jar:5.2.22.RELEASE]
	at org.springframework.web.servlet.handler.AbstractHandlerMethodMapping.lambda$detectHandlerMethods$1(AbstractHandlerMethodMapping.java:288) ~[spring-webmvc-5.2.22.RELEASE.jar:5.2.22.RELEASE]
	at java.util.LinkedHashMap.forEach(LinkedHashMap.java:684) ~[?:1.8.0_332]
	at org.springframework.web.servlet.handler.AbstractHandlerMethodMapping.detectHandlerMethods(AbstractHandlerMethodMapping.java:286) ~[spring-webmvc-5.2.22.RELEASE.jar:5.2.22.RELEASE]
	at org.springframework.web.servlet.handler.AbstractHandlerMethodMapping.processCandidateBean(AbstractHandlerMethodMapping.java:258) ~[spring-webmvc-5.2.22.RELEASE.jar:5.2.22.RELEASE]
	at org.springframework.web.servlet.handler.AbstractHandlerMethodMapping.initHandlerMethods(AbstractHandlerMethodMapping.java:217) ~[spring-webmvc-5.2.22.RELEASE.jar:5.2.22.RELEASE]
	at org.springframework.web.servlet.handler.AbstractHandlerMethodMapping.afterPropertiesSet(AbstractHandlerMethodMapping.java:205) ~[spring-webmvc-5.2.22.RELEASE.jar:5.2.22.RELEASE]
	at org.springframework.web.servlet.mvc.method.annotation.RequestMappingHandlerMapping.afterPropertiesSet(RequestMappingHandlerMapping.java:189) ~[spring-webmvc-5.2.22.RELEASE.jar:5.2.22.RELEASE]
	at org.springframework.beans.factory.support.AbstractAutowireCapableBeanFactory.invokeInitMethods(AbstractAutowireCapableBeanFactory.java:1858) ~[spring-beans-5.2.22.RELEASE.jar:5.2.22.RELEASE]
	at org.springframework.beans.factory.support.AbstractAutowireCapableBeanFactory.initializeBean(AbstractAutowireCapableBeanFactory.java:1795) ~[spring-beans-5.2.22.RELEASE.jar:5.2.22.RELEASE]
	... 36 more
2022-11-09 17:13:17.450 [INFO ] [org.springframework.web.servlet.FrameworkServlet] [http-nio-8282-exec-4] [org.springframework.web.servlet.FrameworkServlet.initServletBean(FrameworkServlet.java:525)] -- Initializing Servlet 'appServlet'
2022-11-09 17:13:17.589 [WARN ] [org.springframework.context.support.AbstractApplicationContext] [http-nio-8282-exec-4] [org.springframework.context.support.AbstractApplicationContext.refresh(AbstractApplicationContext.java:559)] -- Exception encountered during context initialization - cancelling refresh attempt: org.springframework.beans.factory.BeanCreationException: Error creating bean with name 'org.springframework.web.servlet.mvc.method.annotation.RequestMappingHandlerMapping': Invocation of init method failed; nested exception is java.lang.IllegalStateException: Ambiguous mapping. Cannot map 'demoController' method 
com.joeun.joeunmall.controller.DemoController#adminCustomerManage()
to {GET /admin/admin-customerManage.do}: There is already 'customerManageController' bean method
com.joeun.joeunmall.controller.CustomerManageController#adminCustomerManage(Model) mapped.
2022-11-09 17:13:17.589 [ERROR] [org.springframework.web.servlet.FrameworkServlet] [http-nio-8282-exec-4] [org.springframework.web.servlet.FrameworkServlet.initServletBean(FrameworkServlet.java:534)] -- Context initialization failed
org.springframework.beans.factory.BeanCreationException: Error creating bean with name 'org.springframework.web.servlet.mvc.method.annotation.RequestMappingHandlerMapping': Invocation of init method failed; nested exception is java.lang.IllegalStateException: Ambiguous mapping. Cannot map 'demoController' method 
com.joeun.joeunmall.controller.DemoController#adminCustomerManage()
to {GET /admin/admin-customerManage.do}: There is already 'customerManageController' bean method
com.joeun.joeunmall.controller.CustomerManageController#adminCustomerManage(Model) mapped.
	at org.springframework.beans.factory.support.AbstractAutowireCapableBeanFactory.initializeBean(AbstractAutowireCapableBeanFactory.java:1799) ~[spring-beans-5.2.22.RELEASE.jar:5.2.22.RELEASE]
	at org.springframework.beans.factory.support.AbstractAutowireCapableBeanFactory.doCreateBean(AbstractAutowireCapableBeanFactory.java:594) ~[spring-beans-5.2.22.RELEASE.jar:5.2.22.RELEASE]
	at org.springframework.beans.factory.support.AbstractAutowireCapableBeanFactory.createBean(AbstractAutowireCapableBeanFactory.java:516) ~[spring-beans-5.2.22.RELEASE.jar:5.2.22.RELEASE]
	at org.springframework.beans.factory.support.AbstractBeanFactory.lambda$doGetBean$0(AbstractBeanFactory.java:324) ~[spring-beans-5.2.22.RELEASE.jar:5.2.22.RELEASE]
	at org.springframework.beans.factory.support.DefaultSingletonBeanRegistry.getSingleton(DefaultSingletonBeanRegistry.java:234) ~[spring-beans-5.2.22.RELEASE.jar:5.2.22.RELEASE]
	at org.springframework.beans.factory.support.AbstractBeanFactory.doGetBean(AbstractBeanFactory.java:322) ~[spring-beans-5.2.22.RELEASE.jar:5.2.22.RELEASE]
	at org.springframework.beans.factory.support.AbstractBeanFactory.getBean(AbstractBeanFactory.java:202) ~[spring-beans-5.2.22.RELEASE.jar:5.2.22.RELEASE]
	at org.springframework.beans.factory.support.DefaultListableBeanFactory.preInstantiateSingletons(DefaultListableBeanFactory.java:897) ~[spring-beans-5.2.22.RELEASE.jar:5.2.22.RELEASE]
	at org.springframework.context.support.AbstractApplicationContext.finishBeanFactoryInitialization(AbstractApplicationContext.java:879) ~[spring-context-5.2.22.RELEASE.jar:5.2.22.RELEASE]
	at org.springframework.context.support.AbstractApplicationContext.refresh(AbstractApplicationContext.java:551) ~[spring-context-5.2.22.RELEASE.jar:5.2.22.RELEASE]
	at org.springframework.web.servlet.FrameworkServlet.configureAndRefreshWebApplicationContext(FrameworkServlet.java:702) ~[spring-webmvc-5.2.22.RELEASE.jar:5.2.22.RELEASE]
	at org.springframework.web.servlet.FrameworkServlet.createWebApplicationContext(FrameworkServlet.java:668) ~[spring-webmvc-5.2.22.RELEASE.jar:5.2.22.RELEASE]
	at org.springframework.web.servlet.FrameworkServlet.createWebApplicationContext(FrameworkServlet.java:716) ~[spring-webmvc-5.2.22.RELEASE.jar:5.2.22.RELEASE]
	at org.springframework.web.servlet.FrameworkServlet.initWebApplicationContext(FrameworkServlet.java:591) ~[spring-webmvc-5.2.22.RELEASE.jar:5.2.22.RELEASE]
	at org.springframework.web.servlet.FrameworkServlet.initServletBean(FrameworkServlet.java:530) [spring-webmvc-5.2.22.RELEASE.jar:5.2.22.RELEASE]
	at org.springframework.web.servlet.HttpServletBean.init(HttpServletBean.java:170) [spring-webmvc-5.2.22.RELEASE.jar:5.2.22.RELEASE]
	at javax.servlet.GenericServlet.init(GenericServlet.java:158) [servlet-api.jar:4.0.FR]
	at org.apache.catalina.core.StandardWrapper.initServlet(StandardWrapper.java:1164) [catalina.jar:9.0.68]
	at org.apache.catalina.core.StandardWrapper.loadServlet(StandardWrapper.java:1117) [catalina.jar:9.0.68]
	at org.apache.catalina.core.StandardWrapper.allocate(StandardWrapper.java:788) [catalina.jar:9.0.68]
	at org.apache.catalina.core.StandardWrapperValve.invoke(StandardWrapperValve.java:128) [catalina.jar:9.0.68]
	at org.apache.catalina.core.StandardContextValve.invoke(StandardContextValve.java:97) [catalina.jar:9.0.68]
	at org.apache.catalina.authenticator.AuthenticatorBase.invoke(AuthenticatorBase.java:541) [catalina.jar:9.0.68]
	at org.apache.catalina.core.StandardHostValve.invoke(StandardHostValve.java:135) [catalina.jar:9.0.68]
	at org.apache.catalina.valves.ErrorReportValve.invoke(ErrorReportValve.java:92) [catalina.jar:9.0.68]
	at org.apache.catalina.valves.AbstractAccessLogValve.invoke(AbstractAccessLogValve.java:687) [catalina.jar:9.0.68]
	at org.apache.catalina.core.StandardEngineValve.invoke(StandardEngineValve.java:78) [catalina.jar:9.0.68]
	at org.apache.catalina.connector.CoyoteAdapter.service(CoyoteAdapter.java:360) [catalina.jar:9.0.68]
	at org.apache.coyote.http11.Http11Processor.service(Http11Processor.java:399) [tomcat-coyote.jar:9.0.68]
	at org.apache.coyote.AbstractProcessorLight.process(AbstractProcessorLight.java:65) [tomcat-coyote.jar:9.0.68]
	at org.apache.coyote.AbstractProtocol$ConnectionHandler.process(AbstractProtocol.java:893) [tomcat-coyote.jar:9.0.68]
	at org.apache.tomcat.util.net.NioEndpoint$SocketProcessor.doRun(NioEndpoint.java:1789) [tomcat-coyote.jar:9.0.68]
	at org.apache.tomcat.util.net.SocketProcessorBase.run(SocketProcessorBase.java:49) [tomcat-coyote.jar:9.0.68]
	at org.apache.tomcat.util.threads.ThreadPoolExecutor.runWorker(ThreadPoolExecutor.java:1191) [tomcat-util.jar:9.0.68]
	at org.apache.tomcat.util.threads.ThreadPoolExecutor$Worker.run(ThreadPoolExecutor.java:659) [tomcat-util.jar:9.0.68]
	at org.apache.tomcat.util.threads.TaskThread$WrappingRunnable.run(TaskThread.java:61) [tomcat-util.jar:9.0.68]
	at java.lang.Thread.run(Thread.java:750) [?:1.8.0_332]
Caused by: java.lang.IllegalStateException: Ambiguous mapping. Cannot map 'demoController' method 
com.joeun.joeunmall.controller.DemoController#adminCustomerManage()
to {GET /admin/admin-customerManage.do}: There is already 'customerManageController' bean method
com.joeun.joeunmall.controller.CustomerManageController#adminCustomerManage(Model) mapped.
	at org.springframework.web.servlet.handler.AbstractHandlerMethodMapping$MappingRegistry.validateMethodMapping(AbstractHandlerMethodMapping.java:637) ~[spring-webmvc-5.2.22.RELEASE.jar:5.2.22.RELEASE]
	at org.springframework.web.servlet.handler.AbstractHandlerMethodMapping$MappingRegistry.register(AbstractHandlerMethodMapping.java:604) ~[spring-webmvc-5.2.22.RELEASE.jar:5.2.22.RELEASE]
	at org.springframework.web.servlet.handler.AbstractHandlerMethodMapping.registerHandlerMethod(AbstractHandlerMethodMapping.java:318) ~[spring-webmvc-5.2.22.RELEASE.jar:5.2.22.RELEASE]
	at org.springframework.web.servlet.mvc.method.annotation.RequestMappingHandlerMapping.registerHandlerMethod(RequestMappingHandlerMapping.java:378) ~[spring-webmvc-5.2.22.RELEASE.jar:5.2.22.RELEASE]
	at org.springframework.web.servlet.mvc.method.annotation.RequestMappingHandlerMapping.registerHandlerMethod(RequestMappingHandlerMapping.java:75) ~[spring-webmvc-5.2.22.RELEASE.jar:5.2.22.RELEASE]
	at org.springframework.web.servlet.handler.AbstractHandlerMethodMapping.lambda$detectHandlerMethods$1(AbstractHandlerMethodMapping.java:288) ~[spring-webmvc-5.2.22.RELEASE.jar:5.2.22.RELEASE]
	at java.util.LinkedHashMap.forEach(LinkedHashMap.java:684) ~[?:1.8.0_332]
	at org.springframework.web.servlet.handler.AbstractHandlerMethodMapping.detectHandlerMethods(AbstractHandlerMethodMapping.java:286) ~[spring-webmvc-5.2.22.RELEASE.jar:5.2.22.RELEASE]
	at org.springframework.web.servlet.handler.AbstractHandlerMethodMapping.processCandidateBean(AbstractHandlerMethodMapping.java:258) ~[spring-webmvc-5.2.22.RELEASE.jar:5.2.22.RELEASE]
	at org.springframework.web.servlet.handler.AbstractHandlerMethodMapping.initHandlerMethods(AbstractHandlerMethodMapping.java:217) ~[spring-webmvc-5.2.22.RELEASE.jar:5.2.22.RELEASE]
	at org.springframework.web.servlet.handler.AbstractHandlerMethodMapping.afterPropertiesSet(AbstractHandlerMethodMapping.java:205) ~[spring-webmvc-5.2.22.RELEASE.jar:5.2.22.RELEASE]
	at org.springframework.web.servlet.mvc.method.annotation.RequestMappingHandlerMapping.afterPropertiesSet(RequestMappingHandlerMapping.java:189) ~[spring-webmvc-5.2.22.RELEASE.jar:5.2.22.RELEASE]
	at org.springframework.beans.factory.support.AbstractAutowireCapableBeanFactory.invokeInitMethods(AbstractAutowireCapableBeanFactory.java:1858) ~[spring-beans-5.2.22.RELEASE.jar:5.2.22.RELEASE]
	at org.springframework.beans.factory.support.AbstractAutowireCapableBeanFactory.initializeBean(AbstractAutowireCapableBeanFactory.java:1795) ~[spring-beans-5.2.22.RELEASE.jar:5.2.22.RELEASE]
	... 36 more
2022-11-09 17:13:18.202 [INFO ] [org.springframework.web.servlet.FrameworkServlet] [http-nio-8282-exec-6] [org.springframework.web.servlet.FrameworkServlet.initServletBean(FrameworkServlet.java:525)] -- Initializing Servlet 'appServlet'
2022-11-09 17:13:18.327 [WARN ] [org.springframework.context.support.AbstractApplicationContext] [http-nio-8282-exec-6] [org.springframework.context.support.AbstractApplicationContext.refresh(AbstractApplicationContext.java:559)] -- Exception encountered during context initialization - cancelling refresh attempt: org.springframework.beans.factory.BeanCreationException: Error creating bean with name 'org.springframework.web.servlet.mvc.method.annotation.RequestMappingHandlerMapping': Invocation of init method failed; nested exception is java.lang.IllegalStateException: Ambiguous mapping. Cannot map 'demoController' method 
com.joeun.joeunmall.controller.DemoController#adminCustomerManage()
to {GET /admin/admin-customerManage.do}: There is already 'customerManageController' bean method
com.joeun.joeunmall.controller.CustomerManageController#adminCustomerManage(Model) mapped.
2022-11-09 17:13:18.328 [ERROR] [org.springframework.web.servlet.FrameworkServlet] [http-nio-8282-exec-6] [org.springframework.web.servlet.FrameworkServlet.initServletBean(FrameworkServlet.java:534)] -- Context initialization failed
org.springframework.beans.factory.BeanCreationException: Error creating bean with name 'org.springframework.web.servlet.mvc.method.annotation.RequestMappingHandlerMapping': Invocation of init method failed; nested exception is java.lang.IllegalStateException: Ambiguous mapping. Cannot map 'demoController' method 
com.joeun.joeunmall.controller.DemoController#adminCustomerManage()
to {GET /admin/admin-customerManage.do}: There is already 'customerManageController' bean method
com.joeun.joeunmall.controller.CustomerManageController#adminCustomerManage(Model) mapped.
	at org.springframework.beans.factory.support.AbstractAutowireCapableBeanFactory.initializeBean(AbstractAutowireCapableBeanFactory.java:1799) ~[spring-beans-5.2.22.RELEASE.jar:5.2.22.RELEASE]
	at org.springframework.beans.factory.support.AbstractAutowireCapableBeanFactory.doCreateBean(AbstractAutowireCapableBeanFactory.java:594) ~[spring-beans-5.2.22.RELEASE.jar:5.2.22.RELEASE]
	at org.springframework.beans.factory.support.AbstractAutowireCapableBeanFactory.createBean(AbstractAutowireCapableBeanFactory.java:516) ~[spring-beans-5.2.22.RELEASE.jar:5.2.22.RELEASE]
	at org.springframework.beans.factory.support.AbstractBeanFactory.lambda$doGetBean$0(AbstractBeanFactory.java:324) ~[spring-beans-5.2.22.RELEASE.jar:5.2.22.RELEASE]
	at org.springframework.beans.factory.support.DefaultSingletonBeanRegistry.getSingleton(DefaultSingletonBeanRegistry.java:234) ~[spring-beans-5.2.22.RELEASE.jar:5.2.22.RELEASE]
	at org.springframework.beans.factory.support.AbstractBeanFactory.doGetBean(AbstractBeanFactory.java:322) ~[spring-beans-5.2.22.RELEASE.jar:5.2.22.RELEASE]
	at org.springframework.beans.factory.support.AbstractBeanFactory.getBean(AbstractBeanFactory.java:202) ~[spring-beans-5.2.22.RELEASE.jar:5.2.22.RELEASE]
	at org.springframework.beans.factory.support.DefaultListableBeanFactory.preInstantiateSingletons(DefaultListableBeanFactory.java:897) ~[spring-beans-5.2.22.RELEASE.jar:5.2.22.RELEASE]
	at org.springframework.context.support.AbstractApplicationContext.finishBeanFactoryInitialization(AbstractApplicationContext.java:879) ~[spring-context-5.2.22.RELEASE.jar:5.2.22.RELEASE]
	at org.springframework.context.support.AbstractApplicationContext.refresh(AbstractApplicationContext.java:551) ~[spring-context-5.2.22.RELEASE.jar:5.2.22.RELEASE]
	at org.springframework.web.servlet.FrameworkServlet.configureAndRefreshWebApplicationContext(FrameworkServlet.java:702) ~[spring-webmvc-5.2.22.RELEASE.jar:5.2.22.RELEASE]
	at org.springframework.web.servlet.FrameworkServlet.createWebApplicationContext(FrameworkServlet.java:668) ~[spring-webmvc-5.2.22.RELEASE.jar:5.2.22.RELEASE]
	at org.springframework.web.servlet.FrameworkServlet.createWebApplicationContext(FrameworkServlet.java:716) ~[spring-webmvc-5.2.22.RELEASE.jar:5.2.22.RELEASE]
	at org.springframework.web.servlet.FrameworkServlet.initWebApplicationContext(FrameworkServlet.java:591) ~[spring-webmvc-5.2.22.RELEASE.jar:5.2.22.RELEASE]
	at org.springframework.web.servlet.FrameworkServlet.initServletBean(FrameworkServlet.java:530) [spring-webmvc-5.2.22.RELEASE.jar:5.2.22.RELEASE]
	at org.springframework.web.servlet.HttpServletBean.init(HttpServletBean.java:170) [spring-webmvc-5.2.22.RELEASE.jar:5.2.22.RELEASE]
	at javax.servlet.GenericServlet.init(GenericServlet.java:158) [servlet-api.jar:4.0.FR]
	at org.apache.catalina.core.StandardWrapper.initServlet(StandardWrapper.java:1164) [catalina.jar:9.0.68]
	at org.apache.catalina.core.StandardWrapper.loadServlet(StandardWrapper.java:1117) [catalina.jar:9.0.68]
	at org.apache.catalina.core.StandardWrapper.allocate(StandardWrapper.java:788) [catalina.jar:9.0.68]
	at org.apache.catalina.core.StandardWrapperValve.invoke(StandardWrapperValve.java:128) [catalina.jar:9.0.68]
	at org.apache.catalina.core.StandardContextValve.invoke(StandardContextValve.java:97) [catalina.jar:9.0.68]
	at org.apache.catalina.authenticator.AuthenticatorBase.invoke(AuthenticatorBase.java:541) [catalina.jar:9.0.68]
	at org.apache.catalina.core.StandardHostValve.invoke(StandardHostValve.java:135) [catalina.jar:9.0.68]
	at org.apache.catalina.valves.ErrorReportValve.invoke(ErrorReportValve.java:92) [catalina.jar:9.0.68]
	at org.apache.catalina.valves.AbstractAccessLogValve.invoke(AbstractAccessLogValve.java:687) [catalina.jar:9.0.68]
	at org.apache.catalina.core.StandardEngineValve.invoke(StandardEngineValve.java:78) [catalina.jar:9.0.68]
	at org.apache.catalina.connector.CoyoteAdapter.service(CoyoteAdapter.java:360) [catalina.jar:9.0.68]
	at org.apache.coyote.http11.Http11Processor.service(Http11Processor.java:399) [tomcat-coyote.jar:9.0.68]
	at org.apache.coyote.AbstractProcessorLight.process(AbstractProcessorLight.java:65) [tomcat-coyote.jar:9.0.68]
	at org.apache.coyote.AbstractProtocol$ConnectionHandler.process(AbstractProtocol.java:893) [tomcat-coyote.jar:9.0.68]
	at org.apache.tomcat.util.net.NioEndpoint$SocketProcessor.doRun(NioEndpoint.java:1789) [tomcat-coyote.jar:9.0.68]
	at org.apache.tomcat.util.net.SocketProcessorBase.run(SocketProcessorBase.java:49) [tomcat-coyote.jar:9.0.68]
	at org.apache.tomcat.util.threads.ThreadPoolExecutor.runWorker(ThreadPoolExecutor.java:1191) [tomcat-util.jar:9.0.68]
	at org.apache.tomcat.util.threads.ThreadPoolExecutor$Worker.run(ThreadPoolExecutor.java:659) [tomcat-util.jar:9.0.68]
	at org.apache.tomcat.util.threads.TaskThread$WrappingRunnable.run(TaskThread.java:61) [tomcat-util.jar:9.0.68]
	at java.lang.Thread.run(Thread.java:750) [?:1.8.0_332]
Caused by: java.lang.IllegalStateException: Ambiguous mapping. Cannot map 'demoController' method 
com.joeun.joeunmall.controller.DemoController#adminCustomerManage()
to {GET /admin/admin-customerManage.do}: There is already 'customerManageController' bean method
com.joeun.joeunmall.controller.CustomerManageController#adminCustomerManage(Model) mapped.
	at org.springframework.web.servlet.handler.AbstractHandlerMethodMapping$MappingRegistry.validateMethodMapping(AbstractHandlerMethodMapping.java:637) ~[spring-webmvc-5.2.22.RELEASE.jar:5.2.22.RELEASE]
	at org.springframework.web.servlet.handler.AbstractHandlerMethodMapping$MappingRegistry.register(AbstractHandlerMethodMapping.java:604) ~[spring-webmvc-5.2.22.RELEASE.jar:5.2.22.RELEASE]
	at org.springframework.web.servlet.handler.AbstractHandlerMethodMapping.registerHandlerMethod(AbstractHandlerMethodMapping.java:318) ~[spring-webmvc-5.2.22.RELEASE.jar:5.2.22.RELEASE]
	at org.springframework.web.servlet.mvc.method.annotation.RequestMappingHandlerMapping.registerHandlerMethod(RequestMappingHandlerMapping.java:378) ~[spring-webmvc-5.2.22.RELEASE.jar:5.2.22.RELEASE]
	at org.springframework.web.servlet.mvc.method.annotation.RequestMappingHandlerMapping.registerHandlerMethod(RequestMappingHandlerMapping.java:75) ~[spring-webmvc-5.2.22.RELEASE.jar:5.2.22.RELEASE]
	at org.springframework.web.servlet.handler.AbstractHandlerMethodMapping.lambda$detectHandlerMethods$1(AbstractHandlerMethodMapping.java:288) ~[spring-webmvc-5.2.22.RELEASE.jar:5.2.22.RELEASE]
	at java.util.LinkedHashMap.forEach(LinkedHashMap.java:684) ~[?:1.8.0_332]
	at org.springframework.web.servlet.handler.AbstractHandlerMethodMapping.detectHandlerMethods(AbstractHandlerMethodMapping.java:286) ~[spring-webmvc-5.2.22.RELEASE.jar:5.2.22.RELEASE]
	at org.springframework.web.servlet.handler.AbstractHandlerMethodMapping.processCandidateBean(AbstractHandlerMethodMapping.java:258) ~[spring-webmvc-5.2.22.RELEASE.jar:5.2.22.RELEASE]
	at org.springframework.web.servlet.handler.AbstractHandlerMethodMapping.initHandlerMethods(AbstractHandlerMethodMapping.java:217) ~[spring-webmvc-5.2.22.RELEASE.jar:5.2.22.RELEASE]
	at org.springframework.web.servlet.handler.AbstractHandlerMethodMapping.afterPropertiesSet(AbstractHandlerMethodMapping.java:205) ~[spring-webmvc-5.2.22.RELEASE.jar:5.2.22.RELEASE]
	at org.springframework.web.servlet.mvc.method.annotation.RequestMappingHandlerMapping.afterPropertiesSet(RequestMappingHandlerMapping.java:189) ~[spring-webmvc-5.2.22.RELEASE.jar:5.2.22.RELEASE]
	at org.springframework.beans.factory.support.AbstractAutowireCapableBeanFactory.invokeInitMethods(AbstractAutowireCapableBeanFactory.java:1858) ~[spring-beans-5.2.22.RELEASE.jar:5.2.22.RELEASE]
	at org.springframework.beans.factory.support.AbstractAutowireCapableBeanFactory.initializeBean(AbstractAutowireCapableBeanFactory.java:1795) ~[spring-beans-5.2.22.RELEASE.jar:5.2.22.RELEASE]
	... 36 more
2022-11-09 17:13:19.002 [INFO ] [org.springframework.web.servlet.FrameworkServlet] [http-nio-8282-exec-8] [org.springframework.web.servlet.FrameworkServlet.initServletBean(FrameworkServlet.java:525)] -- Initializing Servlet 'appServlet'
2022-11-09 17:13:19.124 [WARN ] [org.springframework.context.support.AbstractApplicationContext] [http-nio-8282-exec-8] [org.springframework.context.support.AbstractApplicationContext.refresh(AbstractApplicationContext.java:559)] -- Exception encountered during context initialization - cancelling refresh attempt: org.springframework.beans.factory.BeanCreationException: Error creating bean with name 'org.springframework.web.servlet.mvc.method.annotation.RequestMappingHandlerMapping': Invocation of init method failed; nested exception is java.lang.IllegalStateException: Ambiguous mapping. Cannot map 'demoController' method 
com.joeun.joeunmall.controller.DemoController#adminCustomerManage()
to {GET /admin/admin-customerManage.do}: There is already 'customerManageController' bean method
com.joeun.joeunmall.controller.CustomerManageController#adminCustomerManage(Model) mapped.
2022-11-09 17:13:19.124 [ERROR] [org.springframework.web.servlet.FrameworkServlet] [http-nio-8282-exec-8] [org.springframework.web.servlet.FrameworkServlet.initServletBean(FrameworkServlet.java:534)] -- Context initialization failed
org.springframework.beans.factory.BeanCreationException: Error creating bean with name 'org.springframework.web.servlet.mvc.method.annotation.RequestMappingHandlerMapping': Invocation of init method failed; nested exception is java.lang.IllegalStateException: Ambiguous mapping. Cannot map 'demoController' method 
com.joeun.joeunmall.controller.DemoController#adminCustomerManage()
to {GET /admin/admin-customerManage.do}: There is already 'customerManageController' bean method
com.joeun.joeunmall.controller.CustomerManageController#adminCustomerManage(Model) mapped.
	at org.springframework.beans.factory.support.AbstractAutowireCapableBeanFactory.initializeBean(AbstractAutowireCapableBeanFactory.java:1799) ~[spring-beans-5.2.22.RELEASE.jar:5.2.22.RELEASE]
	at org.springframework.beans.factory.support.AbstractAutowireCapableBeanFactory.doCreateBean(AbstractAutowireCapableBeanFactory.java:594) ~[spring-beans-5.2.22.RELEASE.jar:5.2.22.RELEASE]
	at org.springframework.beans.factory.support.AbstractAutowireCapableBeanFactory.createBean(AbstractAutowireCapableBeanFactory.java:516) ~[spring-beans-5.2.22.RELEASE.jar:5.2.22.RELEASE]
	at org.springframework.beans.factory.support.AbstractBeanFactory.lambda$doGetBean$0(AbstractBeanFactory.java:324) ~[spring-beans-5.2.22.RELEASE.jar:5.2.22.RELEASE]
	at org.springframework.beans.factory.support.DefaultSingletonBeanRegistry.getSingleton(DefaultSingletonBeanRegistry.java:234) ~[spring-beans-5.2.22.RELEASE.jar:5.2.22.RELEASE]
	at org.springframework.beans.factory.support.AbstractBeanFactory.doGetBean(AbstractBeanFactory.java:322) ~[spring-beans-5.2.22.RELEASE.jar:5.2.22.RELEASE]
	at org.springframework.beans.factory.support.AbstractBeanFactory.getBean(AbstractBeanFactory.java:202) ~[spring-beans-5.2.22.RELEASE.jar:5.2.22.RELEASE]
	at org.springframework.beans.factory.support.DefaultListableBeanFactory.preInstantiateSingletons(DefaultListableBeanFactory.java:897) ~[spring-beans-5.2.22.RELEASE.jar:5.2.22.RELEASE]
	at org.springframework.context.support.AbstractApplicationContext.finishBeanFactoryInitialization(AbstractApplicationContext.java:879) ~[spring-context-5.2.22.RELEASE.jar:5.2.22.RELEASE]
	at org.springframework.context.support.AbstractApplicationContext.refresh(AbstractApplicationContext.java:551) ~[spring-context-5.2.22.RELEASE.jar:5.2.22.RELEASE]
	at org.springframework.web.servlet.FrameworkServlet.configureAndRefreshWebApplicationContext(FrameworkServlet.java:702) ~[spring-webmvc-5.2.22.RELEASE.jar:5.2.22.RELEASE]
	at org.springframework.web.servlet.FrameworkServlet.createWebApplicationContext(FrameworkServlet.java:668) ~[spring-webmvc-5.2.22.RELEASE.jar:5.2.22.RELEASE]
	at org.springframework.web.servlet.FrameworkServlet.createWebApplicationContext(FrameworkServlet.java:716) ~[spring-webmvc-5.2.22.RELEASE.jar:5.2.22.RELEASE]
	at org.springframework.web.servlet.FrameworkServlet.initWebApplicationContext(FrameworkServlet.java:591) ~[spring-webmvc-5.2.22.RELEASE.jar:5.2.22.RELEASE]
	at org.springframework.web.servlet.FrameworkServlet.initServletBean(FrameworkServlet.java:530) [spring-webmvc-5.2.22.RELEASE.jar:5.2.22.RELEASE]
	at org.springframework.web.servlet.HttpServletBean.init(HttpServletBean.java:170) [spring-webmvc-5.2.22.RELEASE.jar:5.2.22.RELEASE]
	at javax.servlet.GenericServlet.init(GenericServlet.java:158) [servlet-api.jar:4.0.FR]
	at org.apache.catalina.core.StandardWrapper.initServlet(StandardWrapper.java:1164) [catalina.jar:9.0.68]
	at org.apache.catalina.core.StandardWrapper.loadServlet(StandardWrapper.java:1117) [catalina.jar:9.0.68]
	at org.apache.catalina.core.StandardWrapper.allocate(StandardWrapper.java:788) [catalina.jar:9.0.68]
	at org.apache.catalina.core.StandardWrapperValve.invoke(StandardWrapperValve.java:128) [catalina.jar:9.0.68]
	at org.apache.catalina.core.StandardContextValve.invoke(StandardContextValve.java:97) [catalina.jar:9.0.68]
	at org.apache.catalina.authenticator.AuthenticatorBase.invoke(AuthenticatorBase.java:541) [catalina.jar:9.0.68]
	at org.apache.catalina.core.StandardHostValve.invoke(StandardHostValve.java:135) [catalina.jar:9.0.68]
	at org.apache.catalina.valves.ErrorReportValve.invoke(ErrorReportValve.java:92) [catalina.jar:9.0.68]
	at org.apache.catalina.valves.AbstractAccessLogValve.invoke(AbstractAccessLogValve.java:687) [catalina.jar:9.0.68]
	at org.apache.catalina.core.StandardEngineValve.invoke(StandardEngineValve.java:78) [catalina.jar:9.0.68]
	at org.apache.catalina.connector.CoyoteAdapter.service(CoyoteAdapter.java:360) [catalina.jar:9.0.68]
	at org.apache.coyote.http11.Http11Processor.service(Http11Processor.java:399) [tomcat-coyote.jar:9.0.68]
	at org.apache.coyote.AbstractProcessorLight.process(AbstractProcessorLight.java:65) [tomcat-coyote.jar:9.0.68]
	at org.apache.coyote.AbstractProtocol$ConnectionHandler.process(AbstractProtocol.java:893) [tomcat-coyote.jar:9.0.68]
	at org.apache.tomcat.util.net.NioEndpoint$SocketProcessor.doRun(NioEndpoint.java:1789) [tomcat-coyote.jar:9.0.68]
	at org.apache.tomcat.util.net.SocketProcessorBase.run(SocketProcessorBase.java:49) [tomcat-coyote.jar:9.0.68]
	at org.apache.tomcat.util.threads.ThreadPoolExecutor.runWorker(ThreadPoolExecutor.java:1191) [tomcat-util.jar:9.0.68]
	at org.apache.tomcat.util.threads.ThreadPoolExecutor$Worker.run(ThreadPoolExecutor.java:659) [tomcat-util.jar:9.0.68]
	at org.apache.tomcat.util.threads.TaskThread$WrappingRunnable.run(TaskThread.java:61) [tomcat-util.jar:9.0.68]
	at java.lang.Thread.run(Thread.java:750) [?:1.8.0_332]
Caused by: java.lang.IllegalStateException: Ambiguous mapping. Cannot map 'demoController' method 
com.joeun.joeunmall.controller.DemoController#adminCustomerManage()
to {GET /admin/admin-customerManage.do}: There is already 'customerManageController' bean method
com.joeun.joeunmall.controller.CustomerManageController#adminCustomerManage(Model) mapped.
	at org.springframework.web.servlet.handler.AbstractHandlerMethodMapping$MappingRegistry.validateMethodMapping(AbstractHandlerMethodMapping.java:637) ~[spring-webmvc-5.2.22.RELEASE.jar:5.2.22.RELEASE]
	at org.springframework.web.servlet.handler.AbstractHandlerMethodMapping$MappingRegistry.register(AbstractHandlerMethodMapping.java:604) ~[spring-webmvc-5.2.22.RELEASE.jar:5.2.22.RELEASE]
	at org.springframework.web.servlet.handler.AbstractHandlerMethodMapping.registerHandlerMethod(AbstractHandlerMethodMapping.java:318) ~[spring-webmvc-5.2.22.RELEASE.jar:5.2.22.RELEASE]
	at org.springframework.web.servlet.mvc.method.annotation.RequestMappingHandlerMapping.registerHandlerMethod(RequestMappingHandlerMapping.java:378) ~[spring-webmvc-5.2.22.RELEASE.jar:5.2.22.RELEASE]
	at org.springframework.web.servlet.mvc.method.annotation.RequestMappingHandlerMapping.registerHandlerMethod(RequestMappingHandlerMapping.java:75) ~[spring-webmvc-5.2.22.RELEASE.jar:5.2.22.RELEASE]
	at org.springframework.web.servlet.handler.AbstractHandlerMethodMapping.lambda$detectHandlerMethods$1(AbstractHandlerMethodMapping.java:288) ~[spring-webmvc-5.2.22.RELEASE.jar:5.2.22.RELEASE]
	at java.util.LinkedHashMap.forEach(LinkedHashMap.java:684) ~[?:1.8.0_332]
	at org.springframework.web.servlet.handler.AbstractHandlerMethodMapping.detectHandlerMethods(AbstractHandlerMethodMapping.java:286) ~[spring-webmvc-5.2.22.RELEASE.jar:5.2.22.RELEASE]
	at org.springframework.web.servlet.handler.AbstractHandlerMethodMapping.processCandidateBean(AbstractHandlerMethodMapping.java:258) ~[spring-webmvc-5.2.22.RELEASE.jar:5.2.22.RELEASE]
	at org.springframework.web.servlet.handler.AbstractHandlerMethodMapping.initHandlerMethods(AbstractHandlerMethodMapping.java:217) ~[spring-webmvc-5.2.22.RELEASE.jar:5.2.22.RELEASE]
	at org.springframework.web.servlet.handler.AbstractHandlerMethodMapping.afterPropertiesSet(AbstractHandlerMethodMapping.java:205) ~[spring-webmvc-5.2.22.RELEASE.jar:5.2.22.RELEASE]
	at org.springframework.web.servlet.mvc.method.annotation.RequestMappingHandlerMapping.afterPropertiesSet(RequestMappingHandlerMapping.java:189) ~[spring-webmvc-5.2.22.RELEASE.jar:5.2.22.RELEASE]
	at org.springframework.beans.factory.support.AbstractAutowireCapableBeanFactory.invokeInitMethods(AbstractAutowireCapableBeanFactory.java:1858) ~[spring-beans-5.2.22.RELEASE.jar:5.2.22.RELEASE]
	at org.springframework.beans.factory.support.AbstractAutowireCapableBeanFactory.initializeBean(AbstractAutowireCapableBeanFactory.java:1795) ~[spring-beans-5.2.22.RELEASE.jar:5.2.22.RELEASE]
	... 36 more
2022-11-09 17:14:58.055 [INFO ] [org.springframework.web.context.ContextLoader] [main] [org.springframework.web.context.ContextLoader.initWebApplicationContext(ContextLoader.java:271)] -- Root WebApplicationContext: initialization started
2022-11-09 17:14:58.702 [INFO ] [com.zaxxer.hikari.HikariDataSource] [main] [com.zaxxer.hikari.HikariDataSource.<init>(HikariDataSource.java:80)] -- HikariPool-1 - Starting...
2022-11-09 17:14:59.032 [INFO ] [net.sf.log4jdbc.log.slf4j.Slf4jSpyLogDelegator] [main] [net.sf.log4jdbc.log.slf4j.Slf4jSpyLogDelegator.connectionOpened(Slf4jSpyLogDelegator.java:541)] -- 1. Connection opened
2022-11-09 17:14:59.032 [INFO ] [net.sf.log4jdbc.log.slf4j.Slf4jSpyLogDelegator] [main] [net.sf.log4jdbc.log.slf4j.Slf4jSpyLogDelegator.methodReturned(Slf4jSpyLogDelegator.java:175)] -- 1. Connection.new Connection returned 
2022-11-09 17:14:59.033 [INFO ] [com.zaxxer.hikari.pool.PoolBase] [main] [com.zaxxer.hikari.pool.PoolBase.getAndSetNetworkTimeout(PoolBase.java:541)] -- HikariPool-1 - Driver does not support get/set network timeout for connections. (net.sf.log4jdbc.sql.jdbcapi.ConnectionSpy.getNetworkTimeout()I)
2022-11-09 17:14:59.033 [INFO ] [net.sf.log4jdbc.log.slf4j.Slf4jSpyLogDelegator] [main] [net.sf.log4jdbc.log.slf4j.Slf4jSpyLogDelegator.methodReturned(Slf4jSpyLogDelegator.java:175)] -- 1. Connection.isReadOnly() returned false
2022-11-09 17:14:59.033 [INFO ] [net.sf.log4jdbc.log.slf4j.Slf4jSpyLogDelegator] [main] [net.sf.log4jdbc.log.slf4j.Slf4jSpyLogDelegator.methodReturned(Slf4jSpyLogDelegator.java:175)] -- 1. Connection.getAutoCommit() returned true
2022-11-09 17:14:59.036 [INFO ] [net.sf.log4jdbc.log.slf4j.Slf4jSpyLogDelegator] [main] [net.sf.log4jdbc.log.slf4j.Slf4jSpyLogDelegator.methodReturned(Slf4jSpyLogDelegator.java:175)] -- 1. Connection.isValid(1) returned true
2022-11-09 17:14:59.036 [INFO ] [net.sf.log4jdbc.log.slf4j.Slf4jSpyLogDelegator] [main] [net.sf.log4jdbc.log.slf4j.Slf4jSpyLogDelegator.methodReturned(Slf4jSpyLogDelegator.java:175)] -- 1. Connection.getTransactionIsolation() returned 2
2022-11-09 17:14:59.040 [INFO ] [com.zaxxer.hikari.HikariDataSource] [main] [com.zaxxer.hikari.HikariDataSource.<init>(HikariDataSource.java:82)] -- HikariPool-1 - Start completed.
2022-11-09 17:14:59.165 [INFO ] [net.sf.log4jdbc.log.slf4j.Slf4jSpyLogDelegator] [HikariPool-1 connection adder] [net.sf.log4jdbc.log.slf4j.Slf4jSpyLogDelegator.connectionOpened(Slf4jSpyLogDelegator.java:541)] -- 2. Connection opened
2022-11-09 17:14:59.166 [INFO ] [net.sf.log4jdbc.log.slf4j.Slf4jSpyLogDelegator] [HikariPool-1 connection adder] [net.sf.log4jdbc.log.slf4j.Slf4jSpyLogDelegator.methodReturned(Slf4jSpyLogDelegator.java:175)] -- 2. Connection.new Connection returned 
2022-11-09 17:14:59.166 [INFO ] [net.sf.log4jdbc.log.slf4j.Slf4jSpyLogDelegator] [HikariPool-1 connection adder] [net.sf.log4jdbc.log.slf4j.Slf4jSpyLogDelegator.methodReturned(Slf4jSpyLogDelegator.java:175)] -- 2. Connection.isReadOnly() returned false
2022-11-09 17:14:59.166 [INFO ] [net.sf.log4jdbc.log.slf4j.Slf4jSpyLogDelegator] [HikariPool-1 connection adder] [net.sf.log4jdbc.log.slf4j.Slf4jSpyLogDelegator.methodReturned(Slf4jSpyLogDelegator.java:175)] -- 2. Connection.getAutoCommit() returned true
2022-11-09 17:14:59.179 [INFO ] [net.sf.log4jdbc.log.slf4j.Slf4jSpyLogDelegator] [HikariPool-1 connection adder] [net.sf.log4jdbc.log.slf4j.Slf4jSpyLogDelegator.connectionOpened(Slf4jSpyLogDelegator.java:541)] -- 3. Connection opened
2022-11-09 17:14:59.179 [INFO ] [net.sf.log4jdbc.log.slf4j.Slf4jSpyLogDelegator] [HikariPool-1 connection adder] [net.sf.log4jdbc.log.slf4j.Slf4jSpyLogDelegator.methodReturned(Slf4jSpyLogDelegator.java:175)] -- 3. Connection.new Connection returned 
2022-11-09 17:14:59.179 [INFO ] [net.sf.log4jdbc.log.slf4j.Slf4jSpyLogDelegator] [HikariPool-1 connection adder] [net.sf.log4jdbc.log.slf4j.Slf4jSpyLogDelegator.methodReturned(Slf4jSpyLogDelegator.java:175)] -- 3. Connection.isReadOnly() returned false
2022-11-09 17:14:59.179 [INFO ] [net.sf.log4jdbc.log.slf4j.Slf4jSpyLogDelegator] [HikariPool-1 connection adder] [net.sf.log4jdbc.log.slf4j.Slf4jSpyLogDelegator.methodReturned(Slf4jSpyLogDelegator.java:175)] -- 3. Connection.getAutoCommit() returned true
2022-11-09 17:14:59.192 [INFO ] [net.sf.log4jdbc.log.slf4j.Slf4jSpyLogDelegator] [HikariPool-1 connection adder] [net.sf.log4jdbc.log.slf4j.Slf4jSpyLogDelegator.connectionOpened(Slf4jSpyLogDelegator.java:541)] -- 4. Connection opened
2022-11-09 17:14:59.192 [INFO ] [net.sf.log4jdbc.log.slf4j.Slf4jSpyLogDelegator] [HikariPool-1 connection adder] [net.sf.log4jdbc.log.slf4j.Slf4jSpyLogDelegator.methodReturned(Slf4jSpyLogDelegator.java:175)] -- 4. Connection.new Connection returned 
2022-11-09 17:14:59.192 [INFO ] [net.sf.log4jdbc.log.slf4j.Slf4jSpyLogDelegator] [HikariPool-1 connection adder] [net.sf.log4jdbc.log.slf4j.Slf4jSpyLogDelegator.methodReturned(Slf4jSpyLogDelegator.java:175)] -- 4. Connection.isReadOnly() returned false
2022-11-09 17:14:59.192 [INFO ] [net.sf.log4jdbc.log.slf4j.Slf4jSpyLogDelegator] [HikariPool-1 connection adder] [net.sf.log4jdbc.log.slf4j.Slf4jSpyLogDelegator.methodReturned(Slf4jSpyLogDelegator.java:175)] -- 4. Connection.getAutoCommit() returned true
2022-11-09 17:14:59.204 [INFO ] [net.sf.log4jdbc.log.slf4j.Slf4jSpyLogDelegator] [HikariPool-1 connection adder] [net.sf.log4jdbc.log.slf4j.Slf4jSpyLogDelegator.connectionOpened(Slf4jSpyLogDelegator.java:541)] -- 5. Connection opened
2022-11-09 17:14:59.205 [INFO ] [net.sf.log4jdbc.log.slf4j.Slf4jSpyLogDelegator] [HikariPool-1 connection adder] [net.sf.log4jdbc.log.slf4j.Slf4jSpyLogDelegator.methodReturned(Slf4jSpyLogDelegator.java:175)] -- 5. Connection.new Connection returned 
2022-11-09 17:14:59.205 [INFO ] [net.sf.log4jdbc.log.slf4j.Slf4jSpyLogDelegator] [HikariPool-1 connection adder] [net.sf.log4jdbc.log.slf4j.Slf4jSpyLogDelegator.methodReturned(Slf4jSpyLogDelegator.java:175)] -- 5. Connection.isReadOnly() returned false
2022-11-09 17:14:59.205 [INFO ] [net.sf.log4jdbc.log.slf4j.Slf4jSpyLogDelegator] [HikariPool-1 connection adder] [net.sf.log4jdbc.log.slf4j.Slf4jSpyLogDelegator.methodReturned(Slf4jSpyLogDelegator.java:175)] -- 5. Connection.getAutoCommit() returned true
2022-11-09 17:14:59.217 [INFO ] [net.sf.log4jdbc.log.slf4j.Slf4jSpyLogDelegator] [HikariPool-1 connection adder] [net.sf.log4jdbc.log.slf4j.Slf4jSpyLogDelegator.connectionOpened(Slf4jSpyLogDelegator.java:541)] -- 6. Connection opened
2022-11-09 17:14:59.217 [INFO ] [net.sf.log4jdbc.log.slf4j.Slf4jSpyLogDelegator] [HikariPool-1 connection adder] [net.sf.log4jdbc.log.slf4j.Slf4jSpyLogDelegator.methodReturned(Slf4jSpyLogDelegator.java:175)] -- 6. Connection.new Connection returned 
2022-11-09 17:14:59.218 [INFO ] [net.sf.log4jdbc.log.slf4j.Slf4jSpyLogDelegator] [HikariPool-1 connection adder] [net.sf.log4jdbc.log.slf4j.Slf4jSpyLogDelegator.methodReturned(Slf4jSpyLogDelegator.java:175)] -- 6. Connection.isReadOnly() returned false
2022-11-09 17:14:59.218 [INFO ] [net.sf.log4jdbc.log.slf4j.Slf4jSpyLogDelegator] [HikariPool-1 connection adder] [net.sf.log4jdbc.log.slf4j.Slf4jSpyLogDelegator.methodReturned(Slf4jSpyLogDelegator.java:175)] -- 6. Connection.getAutoCommit() returned true
2022-11-09 17:14:59.229 [INFO ] [net.sf.log4jdbc.log.slf4j.Slf4jSpyLogDelegator] [HikariPool-1 connection adder] [net.sf.log4jdbc.log.slf4j.Slf4jSpyLogDelegator.connectionOpened(Slf4jSpyLogDelegator.java:541)] -- 7. Connection opened
2022-11-09 17:14:59.230 [INFO ] [net.sf.log4jdbc.log.slf4j.Slf4jSpyLogDelegator] [HikariPool-1 connection adder] [net.sf.log4jdbc.log.slf4j.Slf4jSpyLogDelegator.methodReturned(Slf4jSpyLogDelegator.java:175)] -- 7. Connection.new Connection returned 
2022-11-09 17:14:59.230 [INFO ] [net.sf.log4jdbc.log.slf4j.Slf4jSpyLogDelegator] [HikariPool-1 connection adder] [net.sf.log4jdbc.log.slf4j.Slf4jSpyLogDelegator.methodReturned(Slf4jSpyLogDelegator.java:175)] -- 7. Connection.isReadOnly() returned false
2022-11-09 17:14:59.230 [INFO ] [net.sf.log4jdbc.log.slf4j.Slf4jSpyLogDelegator] [HikariPool-1 connection adder] [net.sf.log4jdbc.log.slf4j.Slf4jSpyLogDelegator.methodReturned(Slf4jSpyLogDelegator.java:175)] -- 7. Connection.getAutoCommit() returned true
2022-11-09 17:14:59.242 [INFO ] [net.sf.log4jdbc.log.slf4j.Slf4jSpyLogDelegator] [HikariPool-1 connection adder] [net.sf.log4jdbc.log.slf4j.Slf4jSpyLogDelegator.connectionOpened(Slf4jSpyLogDelegator.java:541)] -- 8. Connection opened
2022-11-09 17:14:59.242 [INFO ] [net.sf.log4jdbc.log.slf4j.Slf4jSpyLogDelegator] [HikariPool-1 connection adder] [net.sf.log4jdbc.log.slf4j.Slf4jSpyLogDelegator.methodReturned(Slf4jSpyLogDelegator.java:175)] -- 8. Connection.new Connection returned 
2022-11-09 17:14:59.242 [INFO ] [net.sf.log4jdbc.log.slf4j.Slf4jSpyLogDelegator] [HikariPool-1 connection adder] [net.sf.log4jdbc.log.slf4j.Slf4jSpyLogDelegator.methodReturned(Slf4jSpyLogDelegator.java:175)] -- 8. Connection.isReadOnly() returned false
2022-11-09 17:14:59.242 [INFO ] [net.sf.log4jdbc.log.slf4j.Slf4jSpyLogDelegator] [HikariPool-1 connection adder] [net.sf.log4jdbc.log.slf4j.Slf4jSpyLogDelegator.methodReturned(Slf4jSpyLogDelegator.java:175)] -- 8. Connection.getAutoCommit() returned true
2022-11-09 17:14:59.253 [INFO ] [net.sf.log4jdbc.log.slf4j.Slf4jSpyLogDelegator] [HikariPool-1 connection adder] [net.sf.log4jdbc.log.slf4j.Slf4jSpyLogDelegator.connectionOpened(Slf4jSpyLogDelegator.java:541)] -- 9. Connection opened
2022-11-09 17:14:59.253 [INFO ] [net.sf.log4jdbc.log.slf4j.Slf4jSpyLogDelegator] [HikariPool-1 connection adder] [net.sf.log4jdbc.log.slf4j.Slf4jSpyLogDelegator.methodReturned(Slf4jSpyLogDelegator.java:175)] -- 9. Connection.new Connection returned 
2022-11-09 17:14:59.253 [INFO ] [net.sf.log4jdbc.log.slf4j.Slf4jSpyLogDelegator] [HikariPool-1 connection adder] [net.sf.log4jdbc.log.slf4j.Slf4jSpyLogDelegator.methodReturned(Slf4jSpyLogDelegator.java:175)] -- 9. Connection.isReadOnly() returned false
2022-11-09 17:14:59.253 [INFO ] [net.sf.log4jdbc.log.slf4j.Slf4jSpyLogDelegator] [HikariPool-1 connection adder] [net.sf.log4jdbc.log.slf4j.Slf4jSpyLogDelegator.methodReturned(Slf4jSpyLogDelegator.java:175)] -- 9. Connection.getAutoCommit() returned true
2022-11-09 17:14:59.265 [INFO ] [net.sf.log4jdbc.log.slf4j.Slf4jSpyLogDelegator] [HikariPool-1 connection adder] [net.sf.log4jdbc.log.slf4j.Slf4jSpyLogDelegator.connectionOpened(Slf4jSpyLogDelegator.java:541)] -- 10. Connection opened
2022-11-09 17:14:59.265 [INFO ] [net.sf.log4jdbc.log.slf4j.Slf4jSpyLogDelegator] [HikariPool-1 connection adder] [net.sf.log4jdbc.log.slf4j.Slf4jSpyLogDelegator.methodReturned(Slf4jSpyLogDelegator.java:175)] -- 10. Connection.new Connection returned 
2022-11-09 17:14:59.265 [INFO ] [net.sf.log4jdbc.log.slf4j.Slf4jSpyLogDelegator] [HikariPool-1 connection adder] [net.sf.log4jdbc.log.slf4j.Slf4jSpyLogDelegator.methodReturned(Slf4jSpyLogDelegator.java:175)] -- 10. Connection.isReadOnly() returned false
2022-11-09 17:14:59.265 [INFO ] [net.sf.log4jdbc.log.slf4j.Slf4jSpyLogDelegator] [HikariPool-1 connection adder] [net.sf.log4jdbc.log.slf4j.Slf4jSpyLogDelegator.methodReturned(Slf4jSpyLogDelegator.java:175)] -- 10. Connection.getAutoCommit() returned true
2022-11-09 17:14:59.265 [WARN ] [org.mybatis.logging.Logger] [main] [org.mybatis.logging.Logger.warn(Logger.java:44)] -- Property 'mapperLocations' was specified but matching resources are not found.
2022-11-09 17:14:59.327 [INFO ] [org.springframework.web.context.ContextLoader] [main] [org.springframework.web.context.ContextLoader.initWebApplicationContext(ContextLoader.java:307)] -- Root WebApplicationContext initialized in 1264 ms
2022-11-09 17:14:59.369 [INFO ] [org.springframework.web.servlet.FrameworkServlet] [main] [org.springframework.web.servlet.FrameworkServlet.initServletBean(FrameworkServlet.java:525)] -- Initializing Servlet 'appServlet'
2022-11-09 17:15:00.350 [INFO ] [org.hibernate.validator.internal.util.Version] [main] [org.hibernate.validator.internal.util.Version.<clinit>(Version.java:21)] -- HV000001: Hibernate Validator 6.2.0.Final
2022-11-09 17:15:01.734 [INFO ] [springfox.documentation.spring.web.PropertySourcedRequestMappingHandlerMapping] [main] [springfox.documentation.spring.web.PropertySourcedRequestMappingHandlerMapping.initHandlerMethods(PropertySourcedRequestMappingHandlerMapping.java:69)] -- Mapped URL path [/v2/api-docs] onto method [springfox.documentation.swagger2.web.Swagger2Controller#getDocumentation(String, HttpServletRequest)]
2022-11-09 17:15:01.744 [INFO ] [springfox.documentation.spring.web.plugins.DocumentationPluginsBootstrapper] [main] [springfox.documentation.spring.web.plugins.DocumentationPluginsBootstrapper.start(DocumentationPluginsBootstrapper.java:160)] -- Context refreshed
2022-11-09 17:15:01.794 [INFO ] [springfox.documentation.spring.web.plugins.DocumentationPluginsBootstrapper] [main] [springfox.documentation.spring.web.plugins.DocumentationPluginsBootstrapper.start(DocumentationPluginsBootstrapper.java:163)] -- Found 1 custom documentation plugin(s)
2022-11-09 17:15:01.872 [INFO ] [springfox.documentation.spring.web.scanners.ApiListingReferenceScanner] [main] [springfox.documentation.spring.web.scanners.ApiListingReferenceScanner.scan(ApiListingReferenceScanner.java:41)] -- Scanning for api listing references
2022-11-09 17:15:02.194 [INFO ] [springfox.documentation.spring.web.readers.operation.CachingOperationNameGenerator] [main] [springfox.documentation.spring.web.readers.operation.CachingOperationNameGenerator.startingWith(CachingOperationNameGenerator.java:40)] -- Generating unique operation named: demoUsingGET_1
2022-11-09 17:15:02.260 [INFO ] [springfox.documentation.spring.web.readers.operation.CachingOperationNameGenerator] [main] [springfox.documentation.spring.web.readers.operation.CachingOperationNameGenerator.startingWith(CachingOperationNameGenerator.java:40)] -- Generating unique operation named: homeUsingGET_1
2022-11-09 17:15:02.261 [INFO ] [springfox.documentation.spring.web.readers.operation.CachingOperationNameGenerator] [main] [springfox.documentation.spring.web.readers.operation.CachingOperationNameGenerator.startingWith(CachingOperationNameGenerator.java:40)] -- Generating unique operation named: homeUsingHEAD_1
2022-11-09 17:15:02.261 [INFO ] [springfox.documentation.spring.web.readers.operation.CachingOperationNameGenerator] [main] [springfox.documentation.spring.web.readers.operation.CachingOperationNameGenerator.startingWith(CachingOperationNameGenerator.java:40)] -- Generating unique operation named: homeUsingPOST_1
2022-11-09 17:15:02.262 [INFO ] [springfox.documentation.spring.web.readers.operation.CachingOperationNameGenerator] [main] [springfox.documentation.spring.web.readers.operation.CachingOperationNameGenerator.startingWith(CachingOperationNameGenerator.java:40)] -- Generating unique operation named: homeUsingPUT_1
2022-11-09 17:15:02.263 [INFO ] [springfox.documentation.spring.web.readers.operation.CachingOperationNameGenerator] [main] [springfox.documentation.spring.web.readers.operation.CachingOperationNameGenerator.startingWith(CachingOperationNameGenerator.java:40)] -- Generating unique operation named: homeUsingPATCH_1
2022-11-09 17:15:02.264 [INFO ] [springfox.documentation.spring.web.readers.operation.CachingOperationNameGenerator] [main] [springfox.documentation.spring.web.readers.operation.CachingOperationNameGenerator.startingWith(CachingOperationNameGenerator.java:40)] -- Generating unique operation named: homeUsingDELETE_1
2022-11-09 17:15:02.264 [INFO ] [springfox.documentation.spring.web.readers.operation.CachingOperationNameGenerator] [main] [springfox.documentation.spring.web.readers.operation.CachingOperationNameGenerator.startingWith(CachingOperationNameGenerator.java:40)] -- Generating unique operation named: homeUsingOPTIONS_1
2022-11-09 17:15:02.265 [INFO ] [springfox.documentation.spring.web.readers.operation.CachingOperationNameGenerator] [main] [springfox.documentation.spring.web.readers.operation.CachingOperationNameGenerator.startingWith(CachingOperationNameGenerator.java:40)] -- Generating unique operation named: homeUsingTRACE_1
2022-11-09 17:15:02.267 [INFO ] [springfox.documentation.spring.web.readers.operation.CachingOperationNameGenerator] [main] [springfox.documentation.spring.web.readers.operation.CachingOperationNameGenerator.startingWith(CachingOperationNameGenerator.java:40)] -- Generating unique operation named: demoUsingGET_2
2022-11-09 17:15:02.272 [INFO ] [springfox.documentation.spring.web.readers.operation.CachingOperationNameGenerator] [main] [springfox.documentation.spring.web.readers.operation.CachingOperationNameGenerator.startingWith(CachingOperationNameGenerator.java:40)] -- Generating unique operation named: demoUsingGET_3
2022-11-09 17:15:02.275 [INFO ] [springfox.documentation.spring.web.readers.operation.CachingOperationNameGenerator] [main] [springfox.documentation.spring.web.readers.operation.CachingOperationNameGenerator.startingWith(CachingOperationNameGenerator.java:40)] -- Generating unique operation named: demoUsingGET_4
2022-11-09 17:15:02.278 [INFO ] [springfox.documentation.spring.web.readers.operation.CachingOperationNameGenerator] [main] [springfox.documentation.spring.web.readers.operation.CachingOperationNameGenerator.startingWith(CachingOperationNameGenerator.java:40)] -- Generating unique operation named: demoUsingGET_5
2022-11-09 17:15:02.307 [INFO ] [org.springframework.web.servlet.FrameworkServlet] [main] [org.springframework.web.servlet.FrameworkServlet.initServletBean(FrameworkServlet.java:547)] -- Completed initialization in 2938 ms
2022-11-09 17:15:02.935 [INFO ] [com.joeun.joeunmall.controller.DemoController] [http-nio-8282-exec-1] [com.joeun.joeunmall.controller.DemoController.demo(DemoController.java:45)] -- demo
2022-11-09 17:15:02.953 [INFO ] [com.joeun.joeunmall.controller.DemoController] [http-nio-8282-exec-4] [com.joeun.joeunmall.controller.DemoController.adminLogin(DemoController.java:66)] -- admin-login
2022-11-09 17:15:21.224 [INFO ] [com.joeun.joeunmall.controller.DemoController] [http-nio-8282-exec-5] [com.joeun.joeunmall.controller.DemoController.adminLoginProc(DemoController.java:83)] -- &
2022-11-09 17:15:21.229 [INFO ] [com.joeun.joeunmall.controller.DemoController] [http-nio-8282-exec-6] [com.joeun.joeunmall.controller.DemoController.mypage(DemoController.java:54)] -- mypage
2022-11-09 17:15:23.141 [INFO ] [com.joeun.joeunmall.interceptor.AdminInterceptor] [http-nio-8282-exec-7] [com.joeun.joeunmall.interceptor.AdminInterceptor.preHandle(AdminInterceptor.java:50)] --  
2022-11-09 17:15:23.141 [INFO ] [com.joeun.joeunmall.interceptor.AdminInterceptor] [http-nio-8282-exec-7] [com.joeun.joeunmall.interceptor.AdminInterceptor.preHandle(AdminInterceptor.java:70)] -- 
2022-11-09 17:15:23.141 [INFO ] [com.joeun.joeunmall.controller.OrderManageController] [http-nio-8282-exec-7] [com.joeun.joeunmall.controller.OrderManageController.adminOrderManage(OrderManageController.java:40)] -- admin-orderManage
2022-11-09 17:15:24.620 [WARN ] [org.springframework.web.servlet.DispatcherServlet] [http-nio-8282-exec-9] [org.springframework.web.servlet.DispatcherServlet.noHandlerFound(DispatcherServlet.java:1254)] -- No mapping for GET /joeunmall/admin/admin-orderStats.html
2022-11-09 17:15:26.042 [INFO ] [com.joeun.joeunmall.controller.DemoController] [http-nio-8282-exec-2] [com.joeun.joeunmall.controller.DemoController.demo(DemoController.java:45)] -- demo
2022-11-09 17:15:26.046 [INFO ] [com.joeun.joeunmall.controller.DemoController] [http-nio-8282-exec-1] [com.joeun.joeunmall.controller.DemoController.adminLogin(DemoController.java:66)] -- admin-login
2022-11-09 17:15:36.999 [INFO ] [com.joeun.joeunmall.controller.DemoController] [http-nio-8282-exec-4] [com.joeun.joeunmall.controller.DemoController.adminLoginProc(DemoController.java:83)] -- &
2022-11-09 17:15:37.003 [INFO ] [com.joeun.joeunmall.controller.DemoController] [http-nio-8282-exec-3] [com.joeun.joeunmall.controller.DemoController.mypage(DemoController.java:54)] -- mypage
2022-11-09 17:15:40.242 [INFO ] [com.joeun.joeunmall.controller.DemoController] [http-nio-8282-exec-5] [com.joeun.joeunmall.controller.DemoController.logoutMainGET(DemoController.java:106)] -- 
2022-11-09 17:15:40.247 [INFO ] [com.joeun.joeunmall.controller.DemoController] [http-nio-8282-exec-6] [com.joeun.joeunmall.controller.DemoController.adminLogin(DemoController.java:66)] -- admin-login
2022-11-09 17:16:06.379 [INFO ] [com.joeun.joeunmall.controller.DemoController] [http-nio-8282-exec-8] [com.joeun.joeunmall.controller.DemoController.adminLoginProc(DemoController.java:83)] -- &
2022-11-09 17:16:06.382 [INFO ] [com.joeun.joeunmall.controller.DemoController] [http-nio-8282-exec-9] [com.joeun.joeunmall.controller.DemoController.mypage(DemoController.java:54)] -- mypage
2022-11-09 17:16:08.073 [INFO ] [com.joeun.joeunmall.interceptor.AdminInterceptor] [http-nio-8282-exec-10] [com.joeun.joeunmall.interceptor.AdminInterceptor.preHandle(AdminInterceptor.java:50)] --  
2022-11-09 17:16:08.073 [INFO ] [com.joeun.joeunmall.interceptor.AdminInterceptor] [http-nio-8282-exec-10] [com.joeun.joeunmall.interceptor.AdminInterceptor.preHandle(AdminInterceptor.java:70)] -- 
2022-11-09 17:16:08.074 [INFO ] [com.joeun.joeunmall.controller.OrderManageController] [http-nio-8282-exec-10] [com.joeun.joeunmall.controller.OrderManageController.adminOrderManage(OrderManageController.java:40)] -- admin-orderManage
2022-11-09 17:17:04.746 [INFO ] [com.joeun.joeunmall.controller.OrderManageController] [http-nio-8282-exec-1] [com.joeun.joeunmall.controller.OrderManageController.demo(OrderManageController.java:32)] -- demo
2022-11-09 17:17:04.759 [INFO ] [com.joeun.joeunmall.interceptor.AdminInterceptor] [http-nio-8282-exec-4] [com.joeun.joeunmall.interceptor.AdminInterceptor.preHandle(AdminInterceptor.java:50)] --  
2022-11-09 17:17:04.760 [INFO ] [com.joeun.joeunmall.interceptor.AdminInterceptor] [http-nio-8282-exec-4] [com.joeun.joeunmall.interceptor.AdminInterceptor.preHandle(AdminInterceptor.java:70)] -- 
2022-11-09 17:17:04.760 [INFO ] [com.joeun.joeunmall.controller.OrderManageController] [http-nio-8282-exec-4] [com.joeun.joeunmall.controller.OrderManageController.adminOrderManage(OrderManageController.java:40)] -- admin-orderManage
2022-11-09 17:17:21.334 [INFO ] [com.joeun.joeunmall.interceptor.AdminInterceptor] [http-nio-8282-exec-3] [com.joeun.joeunmall.interceptor.AdminInterceptor.preHandle(AdminInterceptor.java:50)] --  
2022-11-09 17:17:21.334 [INFO ] [com.joeun.joeunmall.interceptor.AdminInterceptor] [http-nio-8282-exec-3] [com.joeun.joeunmall.interceptor.AdminInterceptor.preHandle(AdminInterceptor.java:70)] -- 
2022-11-09 17:17:21.334 [INFO ] [com.joeun.joeunmall.controller.OrderManageController] [http-nio-8282-exec-3] [com.joeun.joeunmall.controller.OrderManageController.adminOrderManage(OrderManageController.java:40)] -- admin-orderManage
2022-11-09 17:17:22.370 [INFO ] [com.joeun.joeunmall.interceptor.AdminInterceptor] [http-nio-8282-exec-5] [com.joeun.joeunmall.interceptor.AdminInterceptor.preHandle(AdminInterceptor.java:50)] --  
2022-11-09 17:17:22.370 [INFO ] [com.joeun.joeunmall.interceptor.AdminInterceptor] [http-nio-8282-exec-5] [com.joeun.joeunmall.interceptor.AdminInterceptor.preHandle(AdminInterceptor.java:70)] -- 
2022-11-09 17:17:22.371 [INFO ] [com.joeun.joeunmall.controller.OrderStatsController] [http-nio-8282-exec-5] [com.joeun.joeunmall.controller.OrderStatsController.adminOrderStats(OrderStatsController.java:37)] -- admin-orderStats
2022-11-09 17:17:22.526 [WARN ] [org.springframework.web.servlet.DispatcherServlet] [http-nio-8282-exec-6] [org.springframework.web.servlet.DispatcherServlet.noHandlerFound(DispatcherServlet.java:1254)] -- No mapping for GET /joeunmall/admin/js/jquery-3.6.1.min.js
2022-11-09 17:17:22.546 [WARN ] [org.springframework.web.servlet.DispatcherServlet] [http-nio-8282-exec-7] [org.springframework.web.servlet.DispatcherServlet.noHandlerFound(DispatcherServlet.java:1254)] -- No mapping for GET /joeunmall/admin/js/admin-orderStats.js
2022-11-09 17:17:22.546 [WARN ] [org.springframework.web.servlet.DispatcherServlet] [http-nio-8282-exec-8] [org.springframework.web.servlet.DispatcherServlet.noHandlerFound(DispatcherServlet.java:1254)] -- No mapping for GET /joeunmall/admin/js/admin-orderTable.js
2022-11-09 17:17:22.562 [WARN ] [org.springframework.web.servlet.DispatcherServlet] [http-nio-8282-exec-9] [org.springframework.web.servlet.DispatcherServlet.noHandlerFound(DispatcherServlet.java:1254)] -- No mapping for GET /joeunmall/admin/images/icon/icon_sort.png
2022-11-09 17:17:45.957 [INFO ] [com.joeun.joeunmall.interceptor.AdminInterceptor] [http-nio-8282-exec-4] [com.joeun.joeunmall.interceptor.AdminInterceptor.preHandle(AdminInterceptor.java:50)] --  
2022-11-09 17:17:45.958 [INFO ] [com.joeun.joeunmall.interceptor.AdminInterceptor] [http-nio-8282-exec-4] [com.joeun.joeunmall.interceptor.AdminInterceptor.preHandle(AdminInterceptor.java:70)] -- 
2022-11-09 17:17:45.958 [INFO ] [com.joeun.joeunmall.controller.OrderStatsController] [http-nio-8282-exec-4] [com.joeun.joeunmall.controller.OrderStatsController.adminOrderStats(OrderStatsController.java:37)] -- admin-orderStats
2022-11-09 17:17:45.986 [WARN ] [org.springframework.web.servlet.DispatcherServlet] [http-nio-8282-exec-3] [org.springframework.web.servlet.DispatcherServlet.noHandlerFound(DispatcherServlet.java:1254)] -- No mapping for GET /joeunmall/admin/js/jquery-3.6.1.min.js
2022-11-09 17:17:45.993 [WARN ] [org.springframework.web.servlet.DispatcherServlet] [http-nio-8282-exec-5] [org.springframework.web.servlet.DispatcherServlet.noHandlerFound(DispatcherServlet.java:1254)] -- No mapping for GET /joeunmall/admin/js/admin-orderStats.js
2022-11-09 17:17:46.000 [WARN ] [org.springframework.web.servlet.DispatcherServlet] [http-nio-8282-exec-6] [org.springframework.web.servlet.DispatcherServlet.noHandlerFound(DispatcherServlet.java:1254)] -- No mapping for GET /joeunmall/admin/js/admin-orderTable.js
2022-11-09 17:17:46.019 [WARN ] [org.springframework.web.servlet.DispatcherServlet] [http-nio-8282-exec-8] [org.springframework.web.servlet.DispatcherServlet.noHandlerFound(DispatcherServlet.java:1254)] -- No mapping for GET /joeunmall/admin/images/icon/icon_sort.png
2022-11-09 17:17:46.881 [WARN ] [org.springframework.web.servlet.DispatcherServlet] [http-nio-8282-exec-7] [org.springframework.web.servlet.DispatcherServlet.noHandlerFound(DispatcherServlet.java:1254)] -- No mapping for GET /joeunmall/admin/admin-orderManage.html
2022-11-09 17:17:48.618 [INFO ] [com.joeun.joeunmall.controller.DemoController] [http-nio-8282-exec-1] [com.joeun.joeunmall.controller.DemoController.demo(DemoController.java:45)] -- demo
2022-11-09 17:17:48.621 [INFO ] [com.joeun.joeunmall.controller.DemoController] [http-nio-8282-exec-10] [com.joeun.joeunmall.controller.DemoController.adminLogin(DemoController.java:66)] -- admin-login
2022-11-09 17:17:57.035 [INFO ] [com.joeun.joeunmall.interceptor.AdminInterceptor] [http-nio-8282-exec-4] [com.joeun.joeunmall.interceptor.AdminInterceptor.preHandle(AdminInterceptor.java:50)] --  
2022-11-09 17:17:57.036 [INFO ] [com.joeun.joeunmall.interceptor.AdminInterceptor] [http-nio-8282-exec-4] [com.joeun.joeunmall.interceptor.AdminInterceptor.preHandle(AdminInterceptor.java:70)] -- 
2022-11-09 17:17:57.036 [INFO ] [com.joeun.joeunmall.controller.OrderManageController] [http-nio-8282-exec-4] [com.joeun.joeunmall.controller.OrderManageController.adminOrderManage(OrderManageController.java:40)] -- admin-orderManage
2022-11-09 17:17:58.546 [INFO ] [com.joeun.joeunmall.interceptor.AdminInterceptor] [http-nio-8282-exec-3] [com.joeun.joeunmall.interceptor.AdminInterceptor.preHandle(AdminInterceptor.java:50)] --  
2022-11-09 17:17:58.546 [INFO ] [com.joeun.joeunmall.interceptor.AdminInterceptor] [http-nio-8282-exec-3] [com.joeun.joeunmall.interceptor.AdminInterceptor.preHandle(AdminInterceptor.java:70)] -- 
2022-11-09 17:17:58.546 [INFO ] [com.joeun.joeunmall.controller.OrderStatsController] [http-nio-8282-exec-3] [com.joeun.joeunmall.controller.OrderStatsController.adminOrderStats(OrderStatsController.java:37)] -- admin-orderStats
2022-11-09 17:17:58.568 [WARN ] [org.springframework.web.servlet.DispatcherServlet] [http-nio-8282-exec-5] [org.springframework.web.servlet.DispatcherServlet.noHandlerFound(DispatcherServlet.java:1254)] -- No mapping for GET /joeunmall/admin/js/jquery-3.6.1.min.js
2022-11-09 17:17:58.569 [WARN ] [org.springframework.web.servlet.DispatcherServlet] [http-nio-8282-exec-8] [org.springframework.web.servlet.DispatcherServlet.noHandlerFound(DispatcherServlet.java:1254)] -- No mapping for GET /joeunmall/admin/js/admin-orderTable.js
2022-11-09 17:17:58.570 [WARN ] [org.springframework.web.servlet.DispatcherServlet] [http-nio-8282-exec-6] [org.springframework.web.servlet.DispatcherServlet.noHandlerFound(DispatcherServlet.java:1254)] -- No mapping for GET /joeunmall/admin/js/admin-orderStats.js
2022-11-09 17:17:58.596 [WARN ] [org.springframework.web.servlet.DispatcherServlet] [http-nio-8282-exec-7] [org.springframework.web.servlet.DispatcherServlet.noHandlerFound(DispatcherServlet.java:1254)] -- No mapping for GET /joeunmall/admin/images/icon/icon_sort.png
2022-11-09 17:18:00.395 [WARN ] [org.springframework.web.servlet.DispatcherServlet] [http-nio-8282-exec-9] [org.springframework.web.servlet.DispatcherServlet.noHandlerFound(DispatcherServlet.java:1254)] -- No mapping for GET /joeunmall/admin/admin-productManage.html
2022-11-09 17:18:02.243 [INFO ] [com.joeun.joeunmall.controller.DemoController] [http-nio-8282-exec-10] [com.joeun.joeunmall.controller.DemoController.demo(DemoController.java:45)] -- demo
2022-11-09 17:18:02.248 [INFO ] [com.joeun.joeunmall.controller.DemoController] [http-nio-8282-exec-2] [com.joeun.joeunmall.controller.DemoController.adminLogin(DemoController.java:66)] -- admin-login
2022-11-09 17:21:19.827 [INFO ] [com.joeun.joeunmall.interceptor.AdminInterceptor] [http-nio-8282-exec-8] [com.joeun.joeunmall.interceptor.AdminInterceptor.preHandle(AdminInterceptor.java:50)] --  
2022-11-09 17:21:19.827 [INFO ] [com.joeun.joeunmall.interceptor.AdminInterceptor] [http-nio-8282-exec-8] [com.joeun.joeunmall.interceptor.AdminInterceptor.preHandle(AdminInterceptor.java:70)] -- 
2022-11-09 17:21:19.828 [INFO ] [com.joeun.joeunmall.controller.OrderStatsController] [http-nio-8282-exec-8] [com.joeun.joeunmall.controller.OrderStatsController.adminOrderStats(OrderStatsController.java:37)] -- admin-orderStats
2022-11-09 17:21:19.863 [WARN ] [org.springframework.web.servlet.DispatcherServlet] [http-nio-8282-exec-6] [org.springframework.web.servlet.DispatcherServlet.noHandlerFound(DispatcherServlet.java:1254)] -- No mapping for GET /joeunmall/admin/js/jquery-3.6.1.min.js
2022-11-09 17:21:19.872 [WARN ] [org.springframework.web.servlet.DispatcherServlet] [http-nio-8282-exec-7] [org.springframework.web.servlet.DispatcherServlet.noHandlerFound(DispatcherServlet.java:1254)] -- No mapping for GET /joeunmall/admin/js/admin-orderStats.js
2022-11-09 17:21:19.873 [WARN ] [org.springframework.web.servlet.DispatcherServlet] [http-nio-8282-exec-9] [org.springframework.web.servlet.DispatcherServlet.noHandlerFound(DispatcherServlet.java:1254)] -- No mapping for GET /joeunmall/admin/js/admin-orderTable.js
2022-11-09 17:21:19.888 [WARN ] [org.springframework.web.servlet.DispatcherServlet] [http-nio-8282-exec-1] [org.springframework.web.servlet.DispatcherServlet.noHandlerFound(DispatcherServlet.java:1254)] -- No mapping for GET /joeunmall/admin/images/icon/icon_sort.png
2022-11-09 17:21:21.169 [WARN ] [org.springframework.web.servlet.DispatcherServlet] [http-nio-8282-exec-10] [org.springframework.web.servlet.DispatcherServlet.noHandlerFound(DispatcherServlet.java:1254)] -- No mapping for GET /joeunmall/admin/admin-productManage.html
2022-11-09 17:21:22.560 [INFO ] [com.joeun.joeunmall.controller.DemoController] [http-nio-8282-exec-3] [com.joeun.joeunmall.controller.DemoController.demo(DemoController.java:45)] -- demo
2022-11-09 17:21:22.564 [INFO ] [com.joeun.joeunmall.controller.DemoController] [http-nio-8282-exec-4] [com.joeun.joeunmall.controller.DemoController.adminLogin(DemoController.java:66)] -- admin-login
