2022-11-04 20:03:34.559 [INFO ] [com.joeun.joeunmall_pjm.controller.GraphDataRestController] [http-nio-8282-exec-184] [com.joeun.joeunmall_pjm.controller.GraphDataRestController.getGraphJsonVO(GraphDataRestController.java:148)] -- getGraphJsonList
2022-11-04 20:03:34.600 [INFO ] [com.joeun.joeunmall_pjm.controller.GraphDataRestController] [http-nio-8282-exec-184] [com.joeun.joeunmall_pjm.controller.GraphDataRestController.getGraphJsonVO(GraphDataRestController.java:149)] -- graphType: price
2022-11-04 20:03:34.601 [INFO ] [com.joeun.joeunmall_pjm.controller.GraphDataRestController] [http-nio-8282-exec-184] [com.joeun.joeunmall_pjm.controller.GraphDataRestController.getGraphJsonVO(GraphDataRestController.java:150)] -- sellPeriod: allPeriod
2022-11-04 20:03:34.601 [INFO ] [com.joeun.joeunmall_pjm.controller.GraphDataRestController] [http-nio-8282-exec-184] [com.joeun.joeunmall_pjm.controller.GraphDataRestController.getGraphJsonVO(GraphDataRestController.java:151)] -- clothType: ct-all
2022-11-04 20:03:34.602 [INFO ] [com.joeun.joeunmall_pjm.controller.GraphDataRestController] [http-nio-8282-exec-184] [com.joeun.joeunmall_pjm.controller.GraphDataRestController.getGraphJsonVO(GraphDataRestController.java:179)] -- getGraphJsonList
2022-11-04 20:03:35.417 [INFO ] [com.joeun.joeunmall_pjm.controller.GraphDataRestController] [http-nio-8282-exec-191] [com.joeun.joeunmall_pjm.controller.GraphDataRestController.getGraphJsonVO(GraphDataRestController.java:148)] -- getGraphJsonList
2022-11-04 20:03:35.418 [INFO ] [com.joeun.joeunmall_pjm.controller.GraphDataRestController] [http-nio-8282-exec-191] [com.joeun.joeunmall_pjm.controller.GraphDataRestController.getGraphJsonVO(GraphDataRestController.java:149)] -- graphType: quantity
2022-11-04 20:03:35.418 [INFO ] [com.joeun.joeunmall_pjm.controller.GraphDataRestController] [http-nio-8282-exec-191] [com.joeun.joeunmall_pjm.controller.GraphDataRestController.getGraphJsonVO(GraphDataRestController.java:150)] -- sellPeriod: allPeriod
2022-11-04 20:03:35.418 [INFO ] [com.joeun.joeunmall_pjm.controller.GraphDataRestController] [http-nio-8282-exec-191] [com.joeun.joeunmall_pjm.controller.GraphDataRestController.getGraphJsonVO(GraphDataRestController.java:151)] -- clothType: ct-all
2022-11-04 20:03:35.418 [INFO ] [com.joeun.joeunmall_pjm.controller.GraphDataRestController] [http-nio-8282-exec-191] [com.joeun.joeunmall_pjm.controller.GraphDataRestController.getGraphJsonVO(GraphDataRestController.java:179)] -- getGraphJsonList
2022-11-04 20:03:35.931 [INFO ] [com.joeun.joeunmall_pjm.controller.GraphDataRestController] [http-nio-8282-exec-192] [com.joeun.joeunmall_pjm.controller.GraphDataRestController.getGraphJsonVO(GraphDataRestController.java:148)] -- getGraphJsonList
2022-11-04 20:03:35.932 [INFO ] [com.joeun.joeunmall_pjm.controller.GraphDataRestController] [http-nio-8282-exec-192] [com.joeun.joeunmall_pjm.controller.GraphDataRestController.getGraphJsonVO(GraphDataRestController.java:149)] -- graphType: price
2022-11-04 20:03:35.932 [INFO ] [com.joeun.joeunmall_pjm.controller.GraphDataRestController] [http-nio-8282-exec-192] [com.joeun.joeunmall_pjm.controller.GraphDataRestController.getGraphJsonVO(GraphDataRestController.java:150)] -- sellPeriod: allPeriod
2022-11-04 20:03:35.933 [INFO ] [com.joeun.joeunmall_pjm.controller.GraphDataRestController] [http-nio-8282-exec-192] [com.joeun.joeunmall_pjm.controller.GraphDataRestController.getGraphJsonVO(GraphDataRestController.java:151)] -- clothType: ct-all
2022-11-04 20:03:35.933 [INFO ] [com.joeun.joeunmall_pjm.controller.GraphDataRestController] [http-nio-8282-exec-192] [com.joeun.joeunmall_pjm.controller.GraphDataRestController.getGraphJsonVO(GraphDataRestController.java:179)] -- getGraphJsonList
2022-11-04 20:03:54.114 [INFO ] [com.joeun.joeunmall_pjm.controller.HomeController] [http-nio-8282-exec-185] [com.joeun.joeunmall_pjm.controller.HomeController.home(HomeController.java:14)] -- home
2022-11-04 20:03:54.999 [INFO ] [com.joeun.joeunmall_pjm.controller.GraphDataRestController] [http-nio-8282-exec-192] [com.joeun.joeunmall_pjm.controller.GraphDataRestController.getGraphJsonVO(GraphDataRestController.java:148)] -- getGraphJsonList
2022-11-04 20:03:55.000 [INFO ] [com.joeun.joeunmall_pjm.controller.GraphDataRestController] [http-nio-8282-exec-192] [com.joeun.joeunmall_pjm.controller.GraphDataRestController.getGraphJsonVO(GraphDataRestController.java:149)] -- graphType: quantity
2022-11-04 20:03:55.000 [INFO ] [com.joeun.joeunmall_pjm.controller.GraphDataRestController] [http-nio-8282-exec-192] [com.joeun.joeunmall_pjm.controller.GraphDataRestController.getGraphJsonVO(GraphDataRestController.java:150)] -- sellPeriod: allPeriod
2022-11-04 20:03:55.001 [INFO ] [com.joeun.joeunmall_pjm.controller.GraphDataRestController] [http-nio-8282-exec-192] [com.joeun.joeunmall_pjm.controller.GraphDataRestController.getGraphJsonVO(GraphDataRestController.java:151)] -- clothType: ct-all
2022-11-04 20:03:55.001 [INFO ] [com.joeun.joeunmall_pjm.controller.GraphDataRestController] [http-nio-8282-exec-192] [com.joeun.joeunmall_pjm.controller.GraphDataRestController.getGraphJsonVO(GraphDataRestController.java:179)] -- getGraphJsonList
2022-11-04 20:03:55.811 [INFO ] [com.joeun.joeunmall_pjm.controller.GraphDataRestController] [http-nio-8282-exec-188] [com.joeun.joeunmall_pjm.controller.GraphDataRestController.getGraphJsonVO(GraphDataRestController.java:148)] -- getGraphJsonList
2022-11-04 20:03:55.811 [INFO ] [com.joeun.joeunmall_pjm.controller.GraphDataRestController] [http-nio-8282-exec-188] [com.joeun.joeunmall_pjm.controller.GraphDataRestController.getGraphJsonVO(GraphDataRestController.java:149)] -- graphType: price
2022-11-04 20:03:55.811 [INFO ] [com.joeun.joeunmall_pjm.controller.GraphDataRestController] [http-nio-8282-exec-188] [com.joeun.joeunmall_pjm.controller.GraphDataRestController.getGraphJsonVO(GraphDataRestController.java:150)] -- sellPeriod: allPeriod
2022-11-04 20:03:55.811 [INFO ] [com.joeun.joeunmall_pjm.controller.GraphDataRestController] [http-nio-8282-exec-188] [com.joeun.joeunmall_pjm.controller.GraphDataRestController.getGraphJsonVO(GraphDataRestController.java:151)] -- clothType: ct-all
2022-11-04 20:03:55.811 [INFO ] [com.joeun.joeunmall_pjm.controller.GraphDataRestController] [http-nio-8282-exec-188] [com.joeun.joeunmall_pjm.controller.GraphDataRestController.getGraphJsonVO(GraphDataRestController.java:179)] -- getGraphJsonList
2022-11-04 20:03:56.872 [INFO ] [com.joeun.joeunmall_pjm.controller.GraphDataRestController] [http-nio-8282-exec-190] [com.joeun.joeunmall_pjm.controller.GraphDataRestController.getGraphJsonVO(GraphDataRestController.java:148)] -- getGraphJsonList
2022-11-04 20:03:56.872 [INFO ] [com.joeun.joeunmall_pjm.controller.GraphDataRestController] [http-nio-8282-exec-190] [com.joeun.joeunmall_pjm.controller.GraphDataRestController.getGraphJsonVO(GraphDataRestController.java:149)] -- graphType: quantity
2022-11-04 20:03:56.872 [INFO ] [com.joeun.joeunmall_pjm.controller.GraphDataRestController] [http-nio-8282-exec-190] [com.joeun.joeunmall_pjm.controller.GraphDataRestController.getGraphJsonVO(GraphDataRestController.java:150)] -- sellPeriod: allPeriod
2022-11-04 20:03:56.873 [INFO ] [com.joeun.joeunmall_pjm.controller.GraphDataRestController] [http-nio-8282-exec-190] [com.joeun.joeunmall_pjm.controller.GraphDataRestController.getGraphJsonVO(GraphDataRestController.java:151)] -- clothType: ct-all
2022-11-04 20:03:56.873 [INFO ] [com.joeun.joeunmall_pjm.controller.GraphDataRestController] [http-nio-8282-exec-190] [com.joeun.joeunmall_pjm.controller.GraphDataRestController.getGraphJsonVO(GraphDataRestController.java:179)] -- getGraphJsonList
2022-11-04 20:03:59.255 [INFO ] [com.joeun.joeunmall_pjm.controller.GraphDataRestController] [http-nio-8282-exec-183] [com.joeun.joeunmall_pjm.controller.GraphDataRestController.getGraphJsonVO(GraphDataRestController.java:148)] -- getGraphJsonList
2022-11-04 20:03:59.256 [INFO ] [com.joeun.joeunmall_pjm.controller.GraphDataRestController] [http-nio-8282-exec-183] [com.joeun.joeunmall_pjm.controller.GraphDataRestController.getGraphJsonVO(GraphDataRestController.java:149)] -- graphType: price
2022-11-04 20:03:59.256 [INFO ] [com.joeun.joeunmall_pjm.controller.GraphDataRestController] [http-nio-8282-exec-183] [com.joeun.joeunmall_pjm.controller.GraphDataRestController.getGraphJsonVO(GraphDataRestController.java:150)] -- sellPeriod: allPeriod
2022-11-04 20:03:59.257 [INFO ] [com.joeun.joeunmall_pjm.controller.GraphDataRestController] [http-nio-8282-exec-183] [com.joeun.joeunmall_pjm.controller.GraphDataRestController.getGraphJsonVO(GraphDataRestController.java:151)] -- clothType: ct-all
2022-11-04 20:03:59.257 [INFO ] [com.joeun.joeunmall_pjm.controller.GraphDataRestController] [http-nio-8282-exec-183] [com.joeun.joeunmall_pjm.controller.GraphDataRestController.getGraphJsonVO(GraphDataRestController.java:179)] -- getGraphJsonList
2022-11-04 20:03:59.840 [INFO ] [com.joeun.joeunmall_pjm.controller.GraphDataRestController] [http-nio-8282-exec-191] [com.joeun.joeunmall_pjm.controller.GraphDataRestController.getGraphJsonVO(GraphDataRestController.java:148)] -- getGraphJsonList
2022-11-04 20:03:59.840 [INFO ] [com.joeun.joeunmall_pjm.controller.GraphDataRestController] [http-nio-8282-exec-191] [com.joeun.joeunmall_pjm.controller.GraphDataRestController.getGraphJsonVO(GraphDataRestController.java:149)] -- graphType: quantity
2022-11-04 20:03:59.840 [INFO ] [com.joeun.joeunmall_pjm.controller.GraphDataRestController] [http-nio-8282-exec-191] [com.joeun.joeunmall_pjm.controller.GraphDataRestController.getGraphJsonVO(GraphDataRestController.java:150)] -- sellPeriod: allPeriod
2022-11-04 20:03:59.841 [INFO ] [com.joeun.joeunmall_pjm.controller.GraphDataRestController] [http-nio-8282-exec-191] [com.joeun.joeunmall_pjm.controller.GraphDataRestController.getGraphJsonVO(GraphDataRestController.java:151)] -- clothType: ct-all
2022-11-04 20:03:59.841 [INFO ] [com.joeun.joeunmall_pjm.controller.GraphDataRestController] [http-nio-8282-exec-191] [com.joeun.joeunmall_pjm.controller.GraphDataRestController.getGraphJsonVO(GraphDataRestController.java:179)] -- getGraphJsonList
2022-11-04 20:04:32.835 [INFO ] [com.joeun.joeunmall_pjm.controller.GraphDataRestController] [http-nio-8282-exec-192] [com.joeun.joeunmall_pjm.controller.GraphDataRestController.getGraphJsonVO(GraphDataRestController.java:148)] -- getGraphJsonList
2022-11-04 20:04:32.837 [INFO ] [com.joeun.joeunmall_pjm.controller.GraphDataRestController] [http-nio-8282-exec-192] [com.joeun.joeunmall_pjm.controller.GraphDataRestController.getGraphJsonVO(GraphDataRestController.java:149)] -- graphType: price
2022-11-04 20:04:32.839 [INFO ] [com.joeun.joeunmall_pjm.controller.GraphDataRestController] [http-nio-8282-exec-192] [com.joeun.joeunmall_pjm.controller.GraphDataRestController.getGraphJsonVO(GraphDataRestController.java:150)] -- sellPeriod: allPeriod
2022-11-04 20:04:32.840 [INFO ] [com.joeun.joeunmall_pjm.controller.GraphDataRestController] [http-nio-8282-exec-192] [com.joeun.joeunmall_pjm.controller.GraphDataRestController.getGraphJsonVO(GraphDataRestController.java:151)] -- clothType: ct-2
2022-11-04 20:04:32.840 [INFO ] [com.joeun.joeunmall_pjm.controller.GraphDataRestController] [http-nio-8282-exec-192] [com.joeun.joeunmall_pjm.controller.GraphDataRestController.getGraphJsonVO(GraphDataRestController.java:183)] -- getGraphJsonList
2022-11-04 20:04:33.576 [INFO ] [com.joeun.joeunmall_pjm.controller.GraphDataRestController] [http-nio-8282-exec-188] [com.joeun.joeunmall_pjm.controller.GraphDataRestController.getGraphJsonVO(GraphDataRestController.java:148)] -- getGraphJsonList
2022-11-04 20:04:33.577 [INFO ] [com.joeun.joeunmall_pjm.controller.GraphDataRestController] [http-nio-8282-exec-188] [com.joeun.joeunmall_pjm.controller.GraphDataRestController.getGraphJsonVO(GraphDataRestController.java:149)] -- graphType: quantity
2022-11-04 20:04:33.577 [INFO ] [com.joeun.joeunmall_pjm.controller.GraphDataRestController] [http-nio-8282-exec-188] [com.joeun.joeunmall_pjm.controller.GraphDataRestController.getGraphJsonVO(GraphDataRestController.java:150)] -- sellPeriod: allPeriod
2022-11-04 20:04:33.577 [INFO ] [com.joeun.joeunmall_pjm.controller.GraphDataRestController] [http-nio-8282-exec-188] [com.joeun.joeunmall_pjm.controller.GraphDataRestController.getGraphJsonVO(GraphDataRestController.java:151)] -- clothType: ct-2
2022-11-04 20:04:33.577 [INFO ] [com.joeun.joeunmall_pjm.controller.GraphDataRestController] [http-nio-8282-exec-188] [com.joeun.joeunmall_pjm.controller.GraphDataRestController.getGraphJsonVO(GraphDataRestController.java:183)] -- getGraphJsonList
2022-11-04 20:04:36.349 [INFO ] [com.joeun.joeunmall_pjm.controller.GraphDataRestController] [http-nio-8282-exec-185] [com.joeun.joeunmall_pjm.controller.GraphDataRestController.getGraphJsonVO(GraphDataRestController.java:148)] -- getGraphJsonList
2022-11-04 20:04:36.350 [INFO ] [com.joeun.joeunmall_pjm.controller.GraphDataRestController] [http-nio-8282-exec-185] [com.joeun.joeunmall_pjm.controller.GraphDataRestController.getGraphJsonVO(GraphDataRestController.java:149)] -- graphType: price
2022-11-04 20:04:36.350 [INFO ] [com.joeun.joeunmall_pjm.controller.GraphDataRestController] [http-nio-8282-exec-185] [com.joeun.joeunmall_pjm.controller.GraphDataRestController.getGraphJsonVO(GraphDataRestController.java:150)] -- sellPeriod: 2207
2022-11-04 20:04:36.352 [INFO ] [com.joeun.joeunmall_pjm.controller.GraphDataRestController] [http-nio-8282-exec-185] [com.joeun.joeunmall_pjm.controller.GraphDataRestController.getGraphJsonVO(GraphDataRestController.java:151)] -- clothType: ct-all
2022-11-04 20:04:36.353 [INFO ] [com.joeun.joeunmall_pjm.controller.GraphDataRestController] [http-nio-8282-exec-185] [com.joeun.joeunmall_pjm.controller.GraphDataRestController.getGraphJsonVO(GraphDataRestController.java:179)] -- getGraphJsonList
2022-11-04 20:04:36.981 [INFO ] [com.joeun.joeunmall_pjm.controller.GraphDataRestController] [http-nio-8282-exec-187] [com.joeun.joeunmall_pjm.controller.GraphDataRestController.getGraphJsonVO(GraphDataRestController.java:148)] -- getGraphJsonList
2022-11-04 20:04:36.981 [INFO ] [com.joeun.joeunmall_pjm.controller.GraphDataRestController] [http-nio-8282-exec-187] [com.joeun.joeunmall_pjm.controller.GraphDataRestController.getGraphJsonVO(GraphDataRestController.java:149)] -- graphType: quantity
2022-11-04 20:04:36.981 [INFO ] [com.joeun.joeunmall_pjm.controller.GraphDataRestController] [http-nio-8282-exec-187] [com.joeun.joeunmall_pjm.controller.GraphDataRestController.getGraphJsonVO(GraphDataRestController.java:150)] -- sellPeriod: 2207
2022-11-04 20:04:36.982 [INFO ] [com.joeun.joeunmall_pjm.controller.GraphDataRestController] [http-nio-8282-exec-187] [com.joeun.joeunmall_pjm.controller.GraphDataRestController.getGraphJsonVO(GraphDataRestController.java:151)] -- clothType: ct-all
2022-11-04 20:04:36.983 [INFO ] [com.joeun.joeunmall_pjm.controller.GraphDataRestController] [http-nio-8282-exec-187] [com.joeun.joeunmall_pjm.controller.GraphDataRestController.getGraphJsonVO(GraphDataRestController.java:179)] -- getGraphJsonList
2022-11-04 20:04:38.306 [INFO ] [com.joeun.joeunmall_pjm.controller.GraphDataRestController] [http-nio-8282-exec-186] [com.joeun.joeunmall_pjm.controller.GraphDataRestController.getGraphJsonVO(GraphDataRestController.java:148)] -- getGraphJsonList
2022-11-04 20:04:38.306 [INFO ] [com.joeun.joeunmall_pjm.controller.GraphDataRestController] [http-nio-8282-exec-186] [com.joeun.joeunmall_pjm.controller.GraphDataRestController.getGraphJsonVO(GraphDataRestController.java:149)] -- graphType: price
2022-11-04 20:04:38.307 [INFO ] [com.joeun.joeunmall_pjm.controller.GraphDataRestController] [http-nio-8282-exec-186] [com.joeun.joeunmall_pjm.controller.GraphDataRestController.getGraphJsonVO(GraphDataRestController.java:150)] -- sellPeriod: 2207
2022-11-04 20:04:38.307 [INFO ] [com.joeun.joeunmall_pjm.controller.GraphDataRestController] [http-nio-8282-exec-186] [com.joeun.joeunmall_pjm.controller.GraphDataRestController.getGraphJsonVO(GraphDataRestController.java:151)] -- clothType: ct-all
2022-11-04 20:04:38.307 [INFO ] [com.joeun.joeunmall_pjm.controller.GraphDataRestController] [http-nio-8282-exec-186] [com.joeun.joeunmall_pjm.controller.GraphDataRestController.getGraphJsonVO(GraphDataRestController.java:179)] -- getGraphJsonList
2022-11-04 20:05:01.200 [INFO ] [com.joeun.joeunmall_pjm.controller.GraphDataRestController] [http-nio-8282-exec-183] [com.joeun.joeunmall_pjm.controller.GraphDataRestController.getGraphJsonVO(GraphDataRestController.java:148)] -- getGraphJsonList
2022-11-04 20:05:01.200 [INFO ] [com.joeun.joeunmall_pjm.controller.GraphDataRestController] [http-nio-8282-exec-183] [com.joeun.joeunmall_pjm.controller.GraphDataRestController.getGraphJsonVO(GraphDataRestController.java:149)] -- graphType: quantity
2022-11-04 20:05:01.201 [INFO ] [com.joeun.joeunmall_pjm.controller.GraphDataRestController] [http-nio-8282-exec-183] [com.joeun.joeunmall_pjm.controller.GraphDataRestController.getGraphJsonVO(GraphDataRestController.java:150)] -- sellPeriod: 2207
2022-11-04 20:05:01.201 [INFO ] [com.joeun.joeunmall_pjm.controller.GraphDataRestController] [http-nio-8282-exec-183] [com.joeun.joeunmall_pjm.controller.GraphDataRestController.getGraphJsonVO(GraphDataRestController.java:151)] -- clothType: ct-all
2022-11-04 20:05:01.201 [INFO ] [com.joeun.joeunmall_pjm.controller.GraphDataRestController] [http-nio-8282-exec-183] [com.joeun.joeunmall_pjm.controller.GraphDataRestController.getGraphJsonVO(GraphDataRestController.java:179)] -- getGraphJsonList
2022-11-04 20:05:04.159 [INFO ] [com.joeun.joeunmall_pjm.controller.GraphDataRestController] [http-nio-8282-exec-191] [com.joeun.joeunmall_pjm.controller.GraphDataRestController.getGraphJsonVO(GraphDataRestController.java:148)] -- getGraphJsonList
2022-11-04 20:05:04.160 [INFO ] [com.joeun.joeunmall_pjm.controller.GraphDataRestController] [http-nio-8282-exec-191] [com.joeun.joeunmall_pjm.controller.GraphDataRestController.getGraphJsonVO(GraphDataRestController.java:149)] -- graphType: price
2022-11-04 20:05:04.160 [INFO ] [com.joeun.joeunmall_pjm.controller.GraphDataRestController] [http-nio-8282-exec-191] [com.joeun.joeunmall_pjm.controller.GraphDataRestController.getGraphJsonVO(GraphDataRestController.java:150)] -- sellPeriod: allPeriod
2022-11-04 20:05:04.161 [INFO ] [com.joeun.joeunmall_pjm.controller.GraphDataRestController] [http-nio-8282-exec-191] [com.joeun.joeunmall_pjm.controller.GraphDataRestController.getGraphJsonVO(GraphDataRestController.java:151)] -- clothType: ct-all
2022-11-04 20:05:04.161 [INFO ] [com.joeun.joeunmall_pjm.controller.GraphDataRestController] [http-nio-8282-exec-191] [com.joeun.joeunmall_pjm.controller.GraphDataRestController.getGraphJsonVO(GraphDataRestController.java:179)] -- getGraphJsonList
2022-11-04 20:05:42.291 [INFO ] [com.joeun.joeunmall_pjm.controller.HomeController] [http-nio-8282-exec-192] [com.joeun.joeunmall_pjm.controller.HomeController.home(HomeController.java:14)] -- home
2022-11-04 20:05:43.400 [INFO ] [com.joeun.joeunmall_pjm.controller.GraphDataRestController] [http-nio-8282-exec-190] [com.joeun.joeunmall_pjm.controller.GraphDataRestController.getGraphJsonVO(GraphDataRestController.java:148)] -- getGraphJsonList
2022-11-04 20:05:43.400 [INFO ] [com.joeun.joeunmall_pjm.controller.GraphDataRestController] [http-nio-8282-exec-190] [com.joeun.joeunmall_pjm.controller.GraphDataRestController.getGraphJsonVO(GraphDataRestController.java:149)] -- graphType: quantity
2022-11-04 20:05:43.401 [INFO ] [com.joeun.joeunmall_pjm.controller.GraphDataRestController] [http-nio-8282-exec-190] [com.joeun.joeunmall_pjm.controller.GraphDataRestController.getGraphJsonVO(GraphDataRestController.java:150)] -- sellPeriod: allPeriod
2022-11-04 20:05:43.401 [INFO ] [com.joeun.joeunmall_pjm.controller.GraphDataRestController] [http-nio-8282-exec-190] [com.joeun.joeunmall_pjm.controller.GraphDataRestController.getGraphJsonVO(GraphDataRestController.java:151)] -- clothType: ct-all
2022-11-04 20:05:43.402 [INFO ] [com.joeun.joeunmall_pjm.controller.GraphDataRestController] [http-nio-8282-exec-190] [com.joeun.joeunmall_pjm.controller.GraphDataRestController.getGraphJsonVO(GraphDataRestController.java:179)] -- getGraphJsonList
2022-11-04 20:05:43.852 [INFO ] [com.joeun.joeunmall_pjm.controller.GraphDataRestController] [http-nio-8282-exec-183] [com.joeun.joeunmall_pjm.controller.GraphDataRestController.getGraphJsonVO(GraphDataRestController.java:148)] -- getGraphJsonList
2022-11-04 20:05:43.852 [INFO ] [com.joeun.joeunmall_pjm.controller.GraphDataRestController] [http-nio-8282-exec-183] [com.joeun.joeunmall_pjm.controller.GraphDataRestController.getGraphJsonVO(GraphDataRestController.java:149)] -- graphType: price
2022-11-04 20:05:43.853 [INFO ] [com.joeun.joeunmall_pjm.controller.GraphDataRestController] [http-nio-8282-exec-183] [com.joeun.joeunmall_pjm.controller.GraphDataRestController.getGraphJsonVO(GraphDataRestController.java:150)] -- sellPeriod: allPeriod
2022-11-04 20:05:43.853 [INFO ] [com.joeun.joeunmall_pjm.controller.GraphDataRestController] [http-nio-8282-exec-183] [com.joeun.joeunmall_pjm.controller.GraphDataRestController.getGraphJsonVO(GraphDataRestController.java:151)] -- clothType: ct-all
2022-11-04 20:05:43.853 [INFO ] [com.joeun.joeunmall_pjm.controller.GraphDataRestController] [http-nio-8282-exec-183] [com.joeun.joeunmall_pjm.controller.GraphDataRestController.getGraphJsonVO(GraphDataRestController.java:179)] -- getGraphJsonList
2022-11-04 20:05:46.951 [INFO ] [com.joeun.joeunmall_pjm.controller.GraphDataRestController] [http-nio-8282-exec-187] [com.joeun.joeunmall_pjm.controller.GraphDataRestController.getGraphJsonVO(GraphDataRestController.java:148)] -- getGraphJsonList
2022-11-04 20:05:46.951 [INFO ] [com.joeun.joeunmall_pjm.controller.GraphDataRestController] [http-nio-8282-exec-187] [com.joeun.joeunmall_pjm.controller.GraphDataRestController.getGraphJsonVO(GraphDataRestController.java:149)] -- graphType: quantity
2022-11-04 20:05:46.951 [INFO ] [com.joeun.joeunmall_pjm.controller.GraphDataRestController] [http-nio-8282-exec-187] [com.joeun.joeunmall_pjm.controller.GraphDataRestController.getGraphJsonVO(GraphDataRestController.java:150)] -- sellPeriod: allPeriod
2022-11-04 20:05:46.952 [INFO ] [com.joeun.joeunmall_pjm.controller.GraphDataRestController] [http-nio-8282-exec-187] [com.joeun.joeunmall_pjm.controller.GraphDataRestController.getGraphJsonVO(GraphDataRestController.java:151)] -- clothType: ct-all
2022-11-04 20:05:46.952 [INFO ] [com.joeun.joeunmall_pjm.controller.GraphDataRestController] [http-nio-8282-exec-187] [com.joeun.joeunmall_pjm.controller.GraphDataRestController.getGraphJsonVO(GraphDataRestController.java:179)] -- getGraphJsonList
2022-11-04 20:05:47.632 [INFO ] [com.joeun.joeunmall_pjm.controller.GraphDataRestController] [http-nio-8282-exec-186] [com.joeun.joeunmall_pjm.controller.GraphDataRestController.getGraphJsonVO(GraphDataRestController.java:148)] -- getGraphJsonList
2022-11-04 20:05:47.633 [INFO ] [com.joeun.joeunmall_pjm.controller.GraphDataRestController] [http-nio-8282-exec-186] [com.joeun.joeunmall_pjm.controller.GraphDataRestController.getGraphJsonVO(GraphDataRestController.java:149)] -- graphType: price
2022-11-04 20:05:47.633 [INFO ] [com.joeun.joeunmall_pjm.controller.GraphDataRestController] [http-nio-8282-exec-186] [com.joeun.joeunmall_pjm.controller.GraphDataRestController.getGraphJsonVO(GraphDataRestController.java:150)] -- sellPeriod: allPeriod
2022-11-04 20:05:47.634 [INFO ] [com.joeun.joeunmall_pjm.controller.GraphDataRestController] [http-nio-8282-exec-186] [com.joeun.joeunmall_pjm.controller.GraphDataRestController.getGraphJsonVO(GraphDataRestController.java:151)] -- clothType: ct-all
2022-11-04 20:05:47.637 [INFO ] [com.joeun.joeunmall_pjm.controller.GraphDataRestController] [http-nio-8282-exec-186] [com.joeun.joeunmall_pjm.controller.GraphDataRestController.getGraphJsonVO(GraphDataRestController.java:179)] -- getGraphJsonList
2022-11-04 20:05:49.171 [INFO ] [com.joeun.joeunmall_pjm.controller.GraphDataRestController] [http-nio-8282-exec-185] [com.joeun.joeunmall_pjm.controller.GraphDataRestController.getGraphJsonVO(GraphDataRestController.java:148)] -- getGraphJsonList
2022-11-04 20:05:49.172 [INFO ] [com.joeun.joeunmall_pjm.controller.GraphDataRestController] [http-nio-8282-exec-185] [com.joeun.joeunmall_pjm.controller.GraphDataRestController.getGraphJsonVO(GraphDataRestController.java:149)] -- graphType: quantity
2022-11-04 20:05:49.175 [INFO ] [com.joeun.joeunmall_pjm.controller.GraphDataRestController] [http-nio-8282-exec-185] [com.joeun.joeunmall_pjm.controller.GraphDataRestController.getGraphJsonVO(GraphDataRestController.java:150)] -- sellPeriod: 2209
2022-11-04 20:05:49.178 [INFO ] [com.joeun.joeunmall_pjm.controller.GraphDataRestController] [http-nio-8282-exec-185] [com.joeun.joeunmall_pjm.controller.GraphDataRestController.getGraphJsonVO(GraphDataRestController.java:151)] -- clothType: ct-all
2022-11-04 20:05:49.179 [INFO ] [com.joeun.joeunmall_pjm.controller.GraphDataRestController] [http-nio-8282-exec-185] [com.joeun.joeunmall_pjm.controller.GraphDataRestController.getGraphJsonVO(GraphDataRestController.java:179)] -- getGraphJsonList
2022-11-04 20:05:50.581 [INFO ] [com.joeun.joeunmall_pjm.controller.GraphDataRestController] [http-nio-8282-exec-190] [com.joeun.joeunmall_pjm.controller.GraphDataRestController.getGraphJsonVO(GraphDataRestController.java:148)] -- getGraphJsonList
2022-11-04 20:05:50.581 [INFO ] [com.joeun.joeunmall_pjm.controller.GraphDataRestController] [http-nio-8282-exec-190] [com.joeun.joeunmall_pjm.controller.GraphDataRestController.getGraphJsonVO(GraphDataRestController.java:149)] -- graphType: price
2022-11-04 20:05:50.581 [INFO ] [com.joeun.joeunmall_pjm.controller.GraphDataRestController] [http-nio-8282-exec-190] [com.joeun.joeunmall_pjm.controller.GraphDataRestController.getGraphJsonVO(GraphDataRestController.java:150)] -- sellPeriod: 2209
2022-11-04 20:05:50.582 [INFO ] [com.joeun.joeunmall_pjm.controller.GraphDataRestController] [http-nio-8282-exec-190] [com.joeun.joeunmall_pjm.controller.GraphDataRestController.getGraphJsonVO(GraphDataRestController.java:151)] -- clothType: ct-all
2022-11-04 20:05:50.582 [INFO ] [com.joeun.joeunmall_pjm.controller.GraphDataRestController] [http-nio-8282-exec-190] [com.joeun.joeunmall_pjm.controller.GraphDataRestController.getGraphJsonVO(GraphDataRestController.java:179)] -- getGraphJsonList
2022-11-04 20:06:25.477 [INFO ] [com.joeun.joeunmall_pjm.controller.HomeController] [http-nio-8282-exec-191] [com.joeun.joeunmall_pjm.controller.HomeController.home(HomeController.java:14)] -- home
2022-11-04 20:06:27.391 [INFO ] [com.joeun.joeunmall_pjm.controller.GraphDataRestController] [http-nio-8282-exec-192] [com.joeun.joeunmall_pjm.controller.GraphDataRestController.getGraphJsonVO(GraphDataRestController.java:148)] -- getGraphJsonList
2022-11-04 20:06:27.391 [INFO ] [com.joeun.joeunmall_pjm.controller.GraphDataRestController] [http-nio-8282-exec-192] [com.joeun.joeunmall_pjm.controller.GraphDataRestController.getGraphJsonVO(GraphDataRestController.java:149)] -- graphType: quantity
2022-11-04 20:06:27.392 [INFO ] [com.joeun.joeunmall_pjm.controller.GraphDataRestController] [http-nio-8282-exec-192] [com.joeun.joeunmall_pjm.controller.GraphDataRestController.getGraphJsonVO(GraphDataRestController.java:150)] -- sellPeriod: 2208
2022-11-04 20:06:27.392 [INFO ] [com.joeun.joeunmall_pjm.controller.GraphDataRestController] [http-nio-8282-exec-192] [com.joeun.joeunmall_pjm.controller.GraphDataRestController.getGraphJsonVO(GraphDataRestController.java:151)] -- clothType: ct-all
2022-11-04 20:06:27.392 [INFO ] [com.joeun.joeunmall_pjm.controller.GraphDataRestController] [http-nio-8282-exec-192] [com.joeun.joeunmall_pjm.controller.GraphDataRestController.getGraphJsonVO(GraphDataRestController.java:179)] -- getGraphJsonList
2022-11-04 20:06:28.138 [INFO ] [com.joeun.joeunmall_pjm.controller.GraphDataRestController] [http-nio-8282-exec-187] [com.joeun.joeunmall_pjm.controller.GraphDataRestController.getGraphJsonVO(GraphDataRestController.java:148)] -- getGraphJsonList
2022-11-04 20:06:28.139 [INFO ] [com.joeun.joeunmall_pjm.controller.GraphDataRestController] [http-nio-8282-exec-187] [com.joeun.joeunmall_pjm.controller.GraphDataRestController.getGraphJsonVO(GraphDataRestController.java:149)] -- graphType: price
2022-11-04 20:06:28.139 [INFO ] [com.joeun.joeunmall_pjm.controller.GraphDataRestController] [http-nio-8282-exec-187] [com.joeun.joeunmall_pjm.controller.GraphDataRestController.getGraphJsonVO(GraphDataRestController.java:150)] -- sellPeriod: 2208
2022-11-04 20:06:28.140 [INFO ] [com.joeun.joeunmall_pjm.controller.GraphDataRestController] [http-nio-8282-exec-187] [com.joeun.joeunmall_pjm.controller.GraphDataRestController.getGraphJsonVO(GraphDataRestController.java:151)] -- clothType: ct-all
2022-11-04 20:06:28.140 [INFO ] [com.joeun.joeunmall_pjm.controller.GraphDataRestController] [http-nio-8282-exec-187] [com.joeun.joeunmall_pjm.controller.GraphDataRestController.getGraphJsonVO(GraphDataRestController.java:179)] -- getGraphJsonList
2022-11-04 20:06:31.188 [INFO ] [com.joeun.joeunmall_pjm.controller.GraphDataRestController] [http-nio-8282-exec-189] [com.joeun.joeunmall_pjm.controller.GraphDataRestController.getGraphJsonVO(GraphDataRestController.java:148)] -- getGraphJsonList
2022-11-04 20:06:31.188 [INFO ] [com.joeun.joeunmall_pjm.controller.GraphDataRestController] [http-nio-8282-exec-189] [com.joeun.joeunmall_pjm.controller.GraphDataRestController.getGraphJsonVO(GraphDataRestController.java:149)] -- graphType: quantity
2022-11-04 20:06:31.188 [INFO ] [com.joeun.joeunmall_pjm.controller.GraphDataRestController] [http-nio-8282-exec-189] [com.joeun.joeunmall_pjm.controller.GraphDataRestController.getGraphJsonVO(GraphDataRestController.java:150)] -- sellPeriod: 2208
2022-11-04 20:06:31.189 [INFO ] [com.joeun.joeunmall_pjm.controller.GraphDataRestController] [http-nio-8282-exec-189] [com.joeun.joeunmall_pjm.controller.GraphDataRestController.getGraphJsonVO(GraphDataRestController.java:151)] -- clothType: ct-all
2022-11-04 20:06:31.189 [INFO ] [com.joeun.joeunmall_pjm.controller.GraphDataRestController] [http-nio-8282-exec-189] [com.joeun.joeunmall_pjm.controller.GraphDataRestController.getGraphJsonVO(GraphDataRestController.java:179)] -- getGraphJsonList
2022-11-04 20:06:33.319 [INFO ] [com.joeun.joeunmall_pjm.controller.GraphDataRestController] [http-nio-8282-exec-188] [com.joeun.joeunmall_pjm.controller.GraphDataRestController.getGraphJsonVO(GraphDataRestController.java:148)] -- getGraphJsonList
2022-11-04 20:06:33.320 [INFO ] [com.joeun.joeunmall_pjm.controller.GraphDataRestController] [http-nio-8282-exec-188] [com.joeun.joeunmall_pjm.controller.GraphDataRestController.getGraphJsonVO(GraphDataRestController.java:149)] -- graphType: price
2022-11-04 20:06:33.320 [INFO ] [com.joeun.joeunmall_pjm.controller.GraphDataRestController] [http-nio-8282-exec-188] [com.joeun.joeunmall_pjm.controller.GraphDataRestController.getGraphJsonVO(GraphDataRestController.java:150)] -- sellPeriod: 2208
2022-11-04 20:06:33.320 [INFO ] [com.joeun.joeunmall_pjm.controller.GraphDataRestController] [http-nio-8282-exec-188] [com.joeun.joeunmall_pjm.controller.GraphDataRestController.getGraphJsonVO(GraphDataRestController.java:151)] -- clothType: ct-all
2022-11-04 20:06:33.321 [INFO ] [com.joeun.joeunmall_pjm.controller.GraphDataRestController] [http-nio-8282-exec-188] [com.joeun.joeunmall_pjm.controller.GraphDataRestController.getGraphJsonVO(GraphDataRestController.java:179)] -- getGraphJsonList
2022-11-04 20:06:36.102 [INFO ] [com.joeun.joeunmall_pjm.controller.GraphDataRestController] [http-nio-8282-exec-185] [com.joeun.joeunmall_pjm.controller.GraphDataRestController.getGraphJsonVO(GraphDataRestController.java:148)] -- getGraphJsonList
2022-11-04 20:06:36.103 [INFO ] [com.joeun.joeunmall_pjm.controller.GraphDataRestController] [http-nio-8282-exec-185] [com.joeun.joeunmall_pjm.controller.GraphDataRestController.getGraphJsonVO(GraphDataRestController.java:149)] -- graphType: quantity
2022-11-04 20:06:36.103 [INFO ] [com.joeun.joeunmall_pjm.controller.GraphDataRestController] [http-nio-8282-exec-185] [com.joeun.joeunmall_pjm.controller.GraphDataRestController.getGraphJsonVO(GraphDataRestController.java:150)] -- sellPeriod: 2206
2022-11-04 20:06:36.103 [INFO ] [com.joeun.joeunmall_pjm.controller.GraphDataRestController] [http-nio-8282-exec-185] [com.joeun.joeunmall_pjm.controller.GraphDataRestController.getGraphJsonVO(GraphDataRestController.java:151)] -- clothType: ct-all
2022-11-04 20:06:36.104 [INFO ] [com.joeun.joeunmall_pjm.controller.GraphDataRestController] [http-nio-8282-exec-185] [com.joeun.joeunmall_pjm.controller.GraphDataRestController.getGraphJsonVO(GraphDataRestController.java:179)] -- getGraphJsonList
2022-11-04 20:06:36.664 [INFO ] [com.joeun.joeunmall_pjm.controller.GraphDataRestController] [http-nio-8282-exec-183] [com.joeun.joeunmall_pjm.controller.GraphDataRestController.getGraphJsonVO(GraphDataRestController.java:148)] -- getGraphJsonList
2022-11-04 20:06:36.665 [INFO ] [com.joeun.joeunmall_pjm.controller.GraphDataRestController] [http-nio-8282-exec-183] [com.joeun.joeunmall_pjm.controller.GraphDataRestController.getGraphJsonVO(GraphDataRestController.java:149)] -- graphType: price
2022-11-04 20:06:36.665 [INFO ] [com.joeun.joeunmall_pjm.controller.GraphDataRestController] [http-nio-8282-exec-183] [com.joeun.joeunmall_pjm.controller.GraphDataRestController.getGraphJsonVO(GraphDataRestController.java:150)] -- sellPeriod: 2206
2022-11-04 20:06:36.667 [INFO ] [com.joeun.joeunmall_pjm.controller.GraphDataRestController] [http-nio-8282-exec-183] [com.joeun.joeunmall_pjm.controller.GraphDataRestController.getGraphJsonVO(GraphDataRestController.java:151)] -- clothType: ct-all
2022-11-04 20:06:36.668 [INFO ] [com.joeun.joeunmall_pjm.controller.GraphDataRestController] [http-nio-8282-exec-183] [com.joeun.joeunmall_pjm.controller.GraphDataRestController.getGraphJsonVO(GraphDataRestController.java:179)] -- getGraphJsonList
2022-11-04 20:06:48.910 [INFO ] [com.joeun.joeunmall_pjm.controller.GraphDataRestController] [http-nio-8282-exec-184] [com.joeun.joeunmall_pjm.controller.GraphDataRestController.getGraphJsonVO(GraphDataRestController.java:148)] -- getGraphJsonList
2022-11-04 20:06:48.910 [INFO ] [com.joeun.joeunmall_pjm.controller.GraphDataRestController] [http-nio-8282-exec-184] [com.joeun.joeunmall_pjm.controller.GraphDataRestController.getGraphJsonVO(GraphDataRestController.java:149)] -- graphType: quantity
2022-11-04 20:06:48.911 [INFO ] [com.joeun.joeunmall_pjm.controller.GraphDataRestController] [http-nio-8282-exec-184] [com.joeun.joeunmall_pjm.controller.GraphDataRestController.getGraphJsonVO(GraphDataRestController.java:150)] -- sellPeriod: 2209
2022-11-04 20:06:48.911 [INFO ] [com.joeun.joeunmall_pjm.controller.GraphDataRestController] [http-nio-8282-exec-184] [com.joeun.joeunmall_pjm.controller.GraphDataRestController.getGraphJsonVO(GraphDataRestController.java:151)] -- clothType: ct-1
2022-11-04 20:06:48.911 [INFO ] [com.joeun.joeunmall_pjm.controller.GraphDataRestController] [http-nio-8282-exec-184] [com.joeun.joeunmall_pjm.controller.GraphDataRestController.getGraphJsonVO(GraphDataRestController.java:183)] -- getGraphJsonList
2022-11-04 20:06:49.731 [INFO ] [com.joeun.joeunmall_pjm.controller.GraphDataRestController] [http-nio-8282-exec-186] [com.joeun.joeunmall_pjm.controller.GraphDataRestController.getGraphJsonVO(GraphDataRestController.java:148)] -- getGraphJsonList
2022-11-04 20:06:49.732 [INFO ] [com.joeun.joeunmall_pjm.controller.GraphDataRestController] [http-nio-8282-exec-186] [com.joeun.joeunmall_pjm.controller.GraphDataRestController.getGraphJsonVO(GraphDataRestController.java:149)] -- graphType: price
2022-11-04 20:06:49.732 [INFO ] [com.joeun.joeunmall_pjm.controller.GraphDataRestController] [http-nio-8282-exec-186] [com.joeun.joeunmall_pjm.controller.GraphDataRestController.getGraphJsonVO(GraphDataRestController.java:150)] -- sellPeriod: 2209
2022-11-04 20:06:49.733 [INFO ] [com.joeun.joeunmall_pjm.controller.GraphDataRestController] [http-nio-8282-exec-186] [com.joeun.joeunmall_pjm.controller.GraphDataRestController.getGraphJsonVO(GraphDataRestController.java:151)] -- clothType: ct-1
2022-11-04 20:06:49.735 [INFO ] [com.joeun.joeunmall_pjm.controller.GraphDataRestController] [http-nio-8282-exec-186] [com.joeun.joeunmall_pjm.controller.GraphDataRestController.getGraphJsonVO(GraphDataRestController.java:183)] -- getGraphJsonList
2022-11-04 20:07:11.075 [INFO ] [com.joeun.joeunmall_pjm.controller.GraphDataRestController] [http-nio-8282-exec-187] [com.joeun.joeunmall_pjm.controller.GraphDataRestController.getGraphJsonVO(GraphDataRestController.java:148)] -- getGraphJsonList
2022-11-04 20:07:11.076 [INFO ] [com.joeun.joeunmall_pjm.controller.GraphDataRestController] [http-nio-8282-exec-187] [com.joeun.joeunmall_pjm.controller.GraphDataRestController.getGraphJsonVO(GraphDataRestController.java:149)] -- graphType: quantity
2022-11-04 20:07:11.076 [INFO ] [com.joeun.joeunmall_pjm.controller.GraphDataRestController] [http-nio-8282-exec-187] [com.joeun.joeunmall_pjm.controller.GraphDataRestController.getGraphJsonVO(GraphDataRestController.java:150)] -- sellPeriod: 2209
2022-11-04 20:07:11.077 [INFO ] [com.joeun.joeunmall_pjm.controller.GraphDataRestController] [http-nio-8282-exec-187] [com.joeun.joeunmall_pjm.controller.GraphDataRestController.getGraphJsonVO(GraphDataRestController.java:151)] -- clothType: ct-all
2022-11-04 20:07:11.077 [INFO ] [com.joeun.joeunmall_pjm.controller.GraphDataRestController] [http-nio-8282-exec-187] [com.joeun.joeunmall_pjm.controller.GraphDataRestController.getGraphJsonVO(GraphDataRestController.java:179)] -- getGraphJsonList
2022-11-04 20:07:22.222 [INFO ] [com.joeun.joeunmall_pjm.controller.GraphDataRestController] [http-nio-8282-exec-189] [com.joeun.joeunmall_pjm.controller.GraphDataRestController.getGraphJsonVO(GraphDataRestController.java:148)] -- getGraphJsonList
2022-11-04 20:07:22.222 [INFO ] [com.joeun.joeunmall_pjm.controller.GraphDataRestController] [http-nio-8282-exec-189] [com.joeun.joeunmall_pjm.controller.GraphDataRestController.getGraphJsonVO(GraphDataRestController.java:149)] -- graphType: price
2022-11-04 20:07:22.222 [INFO ] [com.joeun.joeunmall_pjm.controller.GraphDataRestController] [http-nio-8282-exec-189] [com.joeun.joeunmall_pjm.controller.GraphDataRestController.getGraphJsonVO(GraphDataRestController.java:150)] -- sellPeriod: 2209
2022-11-04 20:07:22.222 [INFO ] [com.joeun.joeunmall_pjm.controller.GraphDataRestController] [http-nio-8282-exec-189] [com.joeun.joeunmall_pjm.controller.GraphDataRestController.getGraphJsonVO(GraphDataRestController.java:151)] -- clothType: ct-1
2022-11-04 20:07:22.223 [INFO ] [com.joeun.joeunmall_pjm.controller.GraphDataRestController] [http-nio-8282-exec-189] [com.joeun.joeunmall_pjm.controller.GraphDataRestController.getGraphJsonVO(GraphDataRestController.java:183)] -- getGraphJsonList
2022-11-04 20:07:25.748 [INFO ] [com.joeun.joeunmall_pjm.controller.GraphDataRestController] [http-nio-8282-exec-188] [com.joeun.joeunmall_pjm.controller.GraphDataRestController.getGraphJsonVO(GraphDataRestController.java:148)] -- getGraphJsonList
2022-11-04 20:07:25.748 [INFO ] [com.joeun.joeunmall_pjm.controller.GraphDataRestController] [http-nio-8282-exec-188] [com.joeun.joeunmall_pjm.controller.GraphDataRestController.getGraphJsonVO(GraphDataRestController.java:149)] -- graphType: quantity
2022-11-04 20:07:25.749 [INFO ] [com.joeun.joeunmall_pjm.controller.GraphDataRestController] [http-nio-8282-exec-188] [com.joeun.joeunmall_pjm.controller.GraphDataRestController.getGraphJsonVO(GraphDataRestController.java:150)] -- sellPeriod: 2209
2022-11-04 20:07:25.749 [INFO ] [com.joeun.joeunmall_pjm.controller.GraphDataRestController] [http-nio-8282-exec-188] [com.joeun.joeunmall_pjm.controller.GraphDataRestController.getGraphJsonVO(GraphDataRestController.java:151)] -- clothType: ct-1
2022-11-04 20:07:25.749 [INFO ] [com.joeun.joeunmall_pjm.controller.GraphDataRestController] [http-nio-8282-exec-188] [com.joeun.joeunmall_pjm.controller.GraphDataRestController.getGraphJsonVO(GraphDataRestController.java:183)] -- getGraphJsonList
2022-11-04 20:07:27.019 [INFO ] [com.joeun.joeunmall_pjm.controller.GraphDataRestController] [http-nio-8282-exec-185] [com.joeun.joeunmall_pjm.controller.GraphDataRestController.getGraphJsonVO(GraphDataRestController.java:148)] -- getGraphJsonList
2022-11-04 20:07:27.020 [INFO ] [com.joeun.joeunmall_pjm.controller.GraphDataRestController] [http-nio-8282-exec-185] [com.joeun.joeunmall_pjm.controller.GraphDataRestController.getGraphJsonVO(GraphDataRestController.java:149)] -- graphType: price
2022-11-04 20:07:27.020 [INFO ] [com.joeun.joeunmall_pjm.controller.GraphDataRestController] [http-nio-8282-exec-185] [com.joeun.joeunmall_pjm.controller.GraphDataRestController.getGraphJsonVO(GraphDataRestController.java:150)] -- sellPeriod: 2207
2022-11-04 20:07:27.021 [INFO ] [com.joeun.joeunmall_pjm.controller.GraphDataRestController] [http-nio-8282-exec-185] [com.joeun.joeunmall_pjm.controller.GraphDataRestController.getGraphJsonVO(GraphDataRestController.java:151)] -- clothType: ct-1
2022-11-04 20:07:27.022 [INFO ] [com.joeun.joeunmall_pjm.controller.GraphDataRestController] [http-nio-8282-exec-185] [com.joeun.joeunmall_pjm.controller.GraphDataRestController.getGraphJsonVO(GraphDataRestController.java:183)] -- getGraphJsonList
2022-11-04 20:07:27.588 [INFO ] [com.joeun.joeunmall_pjm.controller.GraphDataRestController] [http-nio-8282-exec-190] [com.joeun.joeunmall_pjm.controller.GraphDataRestController.getGraphJsonVO(GraphDataRestController.java:148)] -- getGraphJsonList
2022-11-04 20:07:27.589 [INFO ] [com.joeun.joeunmall_pjm.controller.GraphDataRestController] [http-nio-8282-exec-190] [com.joeun.joeunmall_pjm.controller.GraphDataRestController.getGraphJsonVO(GraphDataRestController.java:149)] -- graphType: quantity
2022-11-04 20:07:27.590 [INFO ] [com.joeun.joeunmall_pjm.controller.GraphDataRestController] [http-nio-8282-exec-190] [com.joeun.joeunmall_pjm.controller.GraphDataRestController.getGraphJsonVO(GraphDataRestController.java:150)] -- sellPeriod: 2207
2022-11-04 20:07:27.590 [INFO ] [com.joeun.joeunmall_pjm.controller.GraphDataRestController] [http-nio-8282-exec-190] [com.joeun.joeunmall_pjm.controller.GraphDataRestController.getGraphJsonVO(GraphDataRestController.java:151)] -- clothType: ct-1
2022-11-04 20:07:27.591 [INFO ] [com.joeun.joeunmall_pjm.controller.GraphDataRestController] [http-nio-8282-exec-190] [com.joeun.joeunmall_pjm.controller.GraphDataRestController.getGraphJsonVO(GraphDataRestController.java:183)] -- getGraphJsonList
2022-11-04 20:07:29.447 [INFO ] [com.joeun.joeunmall_pjm.controller.GraphDataRestController] [http-nio-8282-exec-183] [com.joeun.joeunmall_pjm.controller.GraphDataRestController.getGraphJsonVO(GraphDataRestController.java:148)] -- getGraphJsonList
2022-11-04 20:07:29.447 [INFO ] [com.joeun.joeunmall_pjm.controller.GraphDataRestController] [http-nio-8282-exec-183] [com.joeun.joeunmall_pjm.controller.GraphDataRestController.getGraphJsonVO(GraphDataRestController.java:149)] -- graphType: price
2022-11-04 20:07:29.448 [INFO ] [com.joeun.joeunmall_pjm.controller.GraphDataRestController] [http-nio-8282-exec-183] [com.joeun.joeunmall_pjm.controller.GraphDataRestController.getGraphJsonVO(GraphDataRestController.java:150)] -- sellPeriod: 2208
2022-11-04 20:07:29.448 [INFO ] [com.joeun.joeunmall_pjm.controller.GraphDataRestController] [http-nio-8282-exec-183] [com.joeun.joeunmall_pjm.controller.GraphDataRestController.getGraphJsonVO(GraphDataRestController.java:151)] -- clothType: ct-all
2022-11-04 20:07:29.451 [INFO ] [com.joeun.joeunmall_pjm.controller.GraphDataRestController] [http-nio-8282-exec-183] [com.joeun.joeunmall_pjm.controller.GraphDataRestController.getGraphJsonVO(GraphDataRestController.java:179)] -- getGraphJsonList
2022-11-04 20:07:30.530 [INFO ] [com.joeun.joeunmall_pjm.controller.GraphDataRestController] [http-nio-8282-exec-191] [com.joeun.joeunmall_pjm.controller.GraphDataRestController.getGraphJsonVO(GraphDataRestController.java:148)] -- getGraphJsonList
2022-11-04 20:07:30.531 [INFO ] [com.joeun.joeunmall_pjm.controller.GraphDataRestController] [http-nio-8282-exec-191] [com.joeun.joeunmall_pjm.controller.GraphDataRestController.getGraphJsonVO(GraphDataRestController.java:149)] -- graphType: quantity
2022-11-04 20:07:30.531 [INFO ] [com.joeun.joeunmall_pjm.controller.GraphDataRestController] [http-nio-8282-exec-191] [com.joeun.joeunmall_pjm.controller.GraphDataRestController.getGraphJsonVO(GraphDataRestController.java:150)] -- sellPeriod: 2208
2022-11-04 20:07:30.531 [INFO ] [com.joeun.joeunmall_pjm.controller.GraphDataRestController] [http-nio-8282-exec-191] [com.joeun.joeunmall_pjm.controller.GraphDataRestController.getGraphJsonVO(GraphDataRestController.java:151)] -- clothType: ct-all
2022-11-04 20:07:30.531 [INFO ] [com.joeun.joeunmall_pjm.controller.GraphDataRestController] [http-nio-8282-exec-191] [com.joeun.joeunmall_pjm.controller.GraphDataRestController.getGraphJsonVO(GraphDataRestController.java:179)] -- getGraphJsonList
2022-11-04 20:07:32.468 [INFO ] [com.joeun.joeunmall_pjm.controller.GraphDataRestController] [http-nio-8282-exec-184] [com.joeun.joeunmall_pjm.controller.GraphDataRestController.getGraphJsonVO(GraphDataRestController.java:148)] -- getGraphJsonList
2022-11-04 20:07:32.469 [INFO ] [com.joeun.joeunmall_pjm.controller.GraphDataRestController] [http-nio-8282-exec-184] [com.joeun.joeunmall_pjm.controller.GraphDataRestController.getGraphJsonVO(GraphDataRestController.java:149)] -- graphType: price
2022-11-04 20:07:32.469 [INFO ] [com.joeun.joeunmall_pjm.controller.GraphDataRestController] [http-nio-8282-exec-184] [com.joeun.joeunmall_pjm.controller.GraphDataRestController.getGraphJsonVO(GraphDataRestController.java:150)] -- sellPeriod: 2208
2022-11-04 20:07:32.469 [INFO ] [com.joeun.joeunmall_pjm.controller.GraphDataRestController] [http-nio-8282-exec-184] [com.joeun.joeunmall_pjm.controller.GraphDataRestController.getGraphJsonVO(GraphDataRestController.java:151)] -- clothType: ct-all
2022-11-04 20:07:32.469 [INFO ] [com.joeun.joeunmall_pjm.controller.GraphDataRestController] [http-nio-8282-exec-184] [com.joeun.joeunmall_pjm.controller.GraphDataRestController.getGraphJsonVO(GraphDataRestController.java:179)] -- getGraphJsonList
2022-11-04 20:07:36.093 [INFO ] [com.joeun.joeunmall_pjm.controller.GraphDataRestController] [http-nio-8282-exec-186] [com.joeun.joeunmall_pjm.controller.GraphDataRestController.getGraphJsonVO(GraphDataRestController.java:148)] -- getGraphJsonList
2022-11-04 20:07:36.094 [INFO ] [com.joeun.joeunmall_pjm.controller.GraphDataRestController] [http-nio-8282-exec-186] [com.joeun.joeunmall_pjm.controller.GraphDataRestController.getGraphJsonVO(GraphDataRestController.java:149)] -- graphType: quantity
2022-11-04 20:07:36.094 [INFO ] [com.joeun.joeunmall_pjm.controller.GraphDataRestController] [http-nio-8282-exec-186] [com.joeun.joeunmall_pjm.controller.GraphDataRestController.getGraphJsonVO(GraphDataRestController.java:150)] -- sellPeriod: 2207
2022-11-04 20:07:36.095 [INFO ] [com.joeun.joeunmall_pjm.controller.GraphDataRestController] [http-nio-8282-exec-186] [com.joeun.joeunmall_pjm.controller.GraphDataRestController.getGraphJsonVO(GraphDataRestController.java:151)] -- clothType: ct-all
2022-11-04 20:07:36.095 [INFO ] [com.joeun.joeunmall_pjm.controller.GraphDataRestController] [http-nio-8282-exec-186] [com.joeun.joeunmall_pjm.controller.GraphDataRestController.getGraphJsonVO(GraphDataRestController.java:179)] -- getGraphJsonList
2022-11-04 20:07:38.929 [INFO ] [com.joeun.joeunmall_pjm.controller.GraphDataRestController] [http-nio-8282-exec-192] [com.joeun.joeunmall_pjm.controller.GraphDataRestController.getGraphJsonVO(GraphDataRestController.java:148)] -- getGraphJsonList
2022-11-04 20:07:38.930 [INFO ] [com.joeun.joeunmall_pjm.controller.GraphDataRestController] [http-nio-8282-exec-192] [com.joeun.joeunmall_pjm.controller.GraphDataRestController.getGraphJsonVO(GraphDataRestController.java:149)] -- graphType: price
2022-11-04 20:07:38.932 [INFO ] [com.joeun.joeunmall_pjm.controller.GraphDataRestController] [http-nio-8282-exec-192] [com.joeun.joeunmall_pjm.controller.GraphDataRestController.getGraphJsonVO(GraphDataRestController.java:150)] -- sellPeriod: 2206
2022-11-04 20:07:38.932 [INFO ] [com.joeun.joeunmall_pjm.controller.GraphDataRestController] [http-nio-8282-exec-192] [com.joeun.joeunmall_pjm.controller.GraphDataRestController.getGraphJsonVO(GraphDataRestController.java:151)] -- clothType: ct-all
2022-11-04 20:07:38.932 [INFO ] [com.joeun.joeunmall_pjm.controller.GraphDataRestController] [http-nio-8282-exec-192] [com.joeun.joeunmall_pjm.controller.GraphDataRestController.getGraphJsonVO(GraphDataRestController.java:179)] -- getGraphJsonList
