2022-11-04 23:53:21.855 [INFO ] [com.joeun.joeunmall_pjm.controller.GraphDataRestController] [http-nio-8282-exec-7] [com.joeun.joeunmall_pjm.controller.GraphDataRestController.getGraphJsonVO(GraphDataRestController.java:179)] -- getGraphJsonList
2022-11-04 23:53:23.792 [INFO ] [com.joeun.joeunmall_pjm.controller.GraphDataRestController] [http-nio-8282-exec-1] [com.joeun.joeunmall_pjm.controller.GraphDataRestController.getGraphJsonVO(GraphDataRestController.java:148)] -- getGraphJsonList
2022-11-04 23:53:23.792 [INFO ] [com.joeun.joeunmall_pjm.controller.GraphDataRestController] [http-nio-8282-exec-1] [com.joeun.joeunmall_pjm.controller.GraphDataRestController.getGraphJsonVO(GraphDataRestController.java:149)] -- graphType: quantity
2022-11-04 23:53:23.793 [INFO ] [com.joeun.joeunmall_pjm.controller.GraphDataRestController] [http-nio-8282-exec-1] [com.joeun.joeunmall_pjm.controller.GraphDataRestController.getGraphJsonVO(GraphDataRestController.java:150)] -- sellPeriod: allPeriod
2022-11-04 23:53:23.793 [INFO ] [com.joeun.joeunmall_pjm.controller.GraphDataRestController] [http-nio-8282-exec-1] [com.joeun.joeunmall_pjm.controller.GraphDataRestController.getGraphJsonVO(GraphDataRestController.java:151)] -- clothType: ct-all
2022-11-04 23:53:23.793 [INFO ] [com.joeun.joeunmall_pjm.controller.GraphDataRestController] [http-nio-8282-exec-1] [com.joeun.joeunmall_pjm.controller.GraphDataRestController.getGraphJsonVO(GraphDataRestController.java:179)] -- getGraphJsonList
2022-11-04 23:53:24.346 [INFO ] [com.joeun.joeunmall_pjm.controller.GraphDataRestController] [http-nio-8282-exec-2] [com.joeun.joeunmall_pjm.controller.GraphDataRestController.getGraphJsonVO(GraphDataRestController.java:148)] -- getGraphJsonList
2022-11-04 23:53:24.346 [INFO ] [com.joeun.joeunmall_pjm.controller.GraphDataRestController] [http-nio-8282-exec-2] [com.joeun.joeunmall_pjm.controller.GraphDataRestController.getGraphJsonVO(GraphDataRestController.java:149)] -- graphType: price
2022-11-04 23:53:24.346 [INFO ] [com.joeun.joeunmall_pjm.controller.GraphDataRestController] [http-nio-8282-exec-2] [com.joeun.joeunmall_pjm.controller.GraphDataRestController.getGraphJsonVO(GraphDataRestController.java:150)] -- sellPeriod: allPeriod
2022-11-04 23:53:24.346 [INFO ] [com.joeun.joeunmall_pjm.controller.GraphDataRestController] [http-nio-8282-exec-2] [com.joeun.joeunmall_pjm.controller.GraphDataRestController.getGraphJsonVO(GraphDataRestController.java:151)] -- clothType: ct-all
2022-11-04 23:53:24.346 [INFO ] [com.joeun.joeunmall_pjm.controller.GraphDataRestController] [http-nio-8282-exec-2] [com.joeun.joeunmall_pjm.controller.GraphDataRestController.getGraphJsonVO(GraphDataRestController.java:179)] -- getGraphJsonList
2022-11-04 23:53:24.871 [INFO ] [com.joeun.joeunmall_pjm.controller.GraphDataRestController] [http-nio-8282-exec-9] [com.joeun.joeunmall_pjm.controller.GraphDataRestController.getGraphJsonVO(GraphDataRestController.java:148)] -- getGraphJsonList
2022-11-04 23:53:24.871 [INFO ] [com.joeun.joeunmall_pjm.controller.GraphDataRestController] [http-nio-8282-exec-9] [com.joeun.joeunmall_pjm.controller.GraphDataRestController.getGraphJsonVO(GraphDataRestController.java:149)] -- graphType: quantity
2022-11-04 23:53:24.871 [INFO ] [com.joeun.joeunmall_pjm.controller.GraphDataRestController] [http-nio-8282-exec-9] [com.joeun.joeunmall_pjm.controller.GraphDataRestController.getGraphJsonVO(GraphDataRestController.java:150)] -- sellPeriod: allPeriod
2022-11-04 23:53:24.871 [INFO ] [com.joeun.joeunmall_pjm.controller.GraphDataRestController] [http-nio-8282-exec-9] [com.joeun.joeunmall_pjm.controller.GraphDataRestController.getGraphJsonVO(GraphDataRestController.java:151)] -- clothType: ct-all
2022-11-04 23:53:24.871 [INFO ] [com.joeun.joeunmall_pjm.controller.GraphDataRestController] [http-nio-8282-exec-9] [com.joeun.joeunmall_pjm.controller.GraphDataRestController.getGraphJsonVO(GraphDataRestController.java:179)] -- getGraphJsonList
2022-11-04 23:53:25.433 [INFO ] [com.joeun.joeunmall_pjm.controller.GraphDataRestController] [http-nio-8282-exec-4] [com.joeun.joeunmall_pjm.controller.GraphDataRestController.getGraphJsonVO(GraphDataRestController.java:148)] -- getGraphJsonList
2022-11-04 23:53:25.433 [INFO ] [com.joeun.joeunmall_pjm.controller.GraphDataRestController] [http-nio-8282-exec-4] [com.joeun.joeunmall_pjm.controller.GraphDataRestController.getGraphJsonVO(GraphDataRestController.java:149)] -- graphType: price
2022-11-04 23:53:25.433 [INFO ] [com.joeun.joeunmall_pjm.controller.GraphDataRestController] [http-nio-8282-exec-4] [com.joeun.joeunmall_pjm.controller.GraphDataRestController.getGraphJsonVO(GraphDataRestController.java:150)] -- sellPeriod: allPeriod
2022-11-04 23:53:25.433 [INFO ] [com.joeun.joeunmall_pjm.controller.GraphDataRestController] [http-nio-8282-exec-4] [com.joeun.joeunmall_pjm.controller.GraphDataRestController.getGraphJsonVO(GraphDataRestController.java:151)] -- clothType: ct-all
2022-11-04 23:53:25.433 [INFO ] [com.joeun.joeunmall_pjm.controller.GraphDataRestController] [http-nio-8282-exec-4] [com.joeun.joeunmall_pjm.controller.GraphDataRestController.getGraphJsonVO(GraphDataRestController.java:179)] -- getGraphJsonList
2022-11-04 23:53:26.620 [INFO ] [com.joeun.joeunmall_pjm.controller.GraphDataRestController] [http-nio-8282-exec-5] [com.joeun.joeunmall_pjm.controller.GraphDataRestController.getGraphJsonVO(GraphDataRestController.java:148)] -- getGraphJsonList
2022-11-04 23:53:26.620 [INFO ] [com.joeun.joeunmall_pjm.controller.GraphDataRestController] [http-nio-8282-exec-5] [com.joeun.joeunmall_pjm.controller.GraphDataRestController.getGraphJsonVO(GraphDataRestController.java:149)] -- graphType: quantity
2022-11-04 23:53:26.620 [INFO ] [com.joeun.joeunmall_pjm.controller.GraphDataRestController] [http-nio-8282-exec-5] [com.joeun.joeunmall_pjm.controller.GraphDataRestController.getGraphJsonVO(GraphDataRestController.java:150)] -- sellPeriod: allPeriod
2022-11-04 23:53:26.620 [INFO ] [com.joeun.joeunmall_pjm.controller.GraphDataRestController] [http-nio-8282-exec-5] [com.joeun.joeunmall_pjm.controller.GraphDataRestController.getGraphJsonVO(GraphDataRestController.java:151)] -- clothType: ct-all
2022-11-04 23:53:26.620 [INFO ] [com.joeun.joeunmall_pjm.controller.GraphDataRestController] [http-nio-8282-exec-5] [com.joeun.joeunmall_pjm.controller.GraphDataRestController.getGraphJsonVO(GraphDataRestController.java:179)] -- getGraphJsonList
2022-11-04 23:53:29.394 [INFO ] [com.joeun.joeunmall_pjm.controller.GraphDataRestController] [http-nio-8282-exec-8] [com.joeun.joeunmall_pjm.controller.GraphDataRestController.getGraphJsonVO(GraphDataRestController.java:148)] -- getGraphJsonList
2022-11-04 23:53:29.395 [INFO ] [com.joeun.joeunmall_pjm.controller.GraphDataRestController] [http-nio-8282-exec-8] [com.joeun.joeunmall_pjm.controller.GraphDataRestController.getGraphJsonVO(GraphDataRestController.java:149)] -- graphType: price
2022-11-04 23:53:29.395 [INFO ] [com.joeun.joeunmall_pjm.controller.GraphDataRestController] [http-nio-8282-exec-8] [com.joeun.joeunmall_pjm.controller.GraphDataRestController.getGraphJsonVO(GraphDataRestController.java:150)] -- sellPeriod: allPeriod
2022-11-04 23:53:29.395 [INFO ] [com.joeun.joeunmall_pjm.controller.GraphDataRestController] [http-nio-8282-exec-8] [com.joeun.joeunmall_pjm.controller.GraphDataRestController.getGraphJsonVO(GraphDataRestController.java:151)] -- clothType: ct-all
2022-11-04 23:53:29.395 [INFO ] [com.joeun.joeunmall_pjm.controller.GraphDataRestController] [http-nio-8282-exec-8] [com.joeun.joeunmall_pjm.controller.GraphDataRestController.getGraphJsonVO(GraphDataRestController.java:179)] -- getGraphJsonList
2022-11-04 23:53:31.647 [INFO ] [com.joeun.joeunmall_pjm.controller.GraphDataRestController] [http-nio-8282-exec-10] [com.joeun.joeunmall_pjm.controller.GraphDataRestController.getGraphJsonVO(GraphDataRestController.java:148)] -- getGraphJsonList
2022-11-04 23:53:31.647 [INFO ] [com.joeun.joeunmall_pjm.controller.GraphDataRestController] [http-nio-8282-exec-10] [com.joeun.joeunmall_pjm.controller.GraphDataRestController.getGraphJsonVO(GraphDataRestController.java:149)] -- graphType: quantity
2022-11-04 23:53:31.647 [INFO ] [com.joeun.joeunmall_pjm.controller.GraphDataRestController] [http-nio-8282-exec-10] [com.joeun.joeunmall_pjm.controller.GraphDataRestController.getGraphJsonVO(GraphDataRestController.java:150)] -- sellPeriod: 2209
2022-11-04 23:53:31.647 [INFO ] [com.joeun.joeunmall_pjm.controller.GraphDataRestController] [http-nio-8282-exec-10] [com.joeun.joeunmall_pjm.controller.GraphDataRestController.getGraphJsonVO(GraphDataRestController.java:151)] -- clothType: ct-all
2022-11-04 23:53:31.647 [INFO ] [com.joeun.joeunmall_pjm.controller.GraphDataRestController] [http-nio-8282-exec-10] [com.joeun.joeunmall_pjm.controller.GraphDataRestController.getGraphJsonVO(GraphDataRestController.java:179)] -- getGraphJsonList
2022-11-04 23:53:32.663 [INFO ] [com.joeun.joeunmall_pjm.controller.GraphDataRestController] [http-nio-8282-exec-6] [com.joeun.joeunmall_pjm.controller.GraphDataRestController.getGraphJsonVO(GraphDataRestController.java:148)] -- getGraphJsonList
2022-11-04 23:53:32.663 [INFO ] [com.joeun.joeunmall_pjm.controller.GraphDataRestController] [http-nio-8282-exec-6] [com.joeun.joeunmall_pjm.controller.GraphDataRestController.getGraphJsonVO(GraphDataRestController.java:149)] -- graphType: price
2022-11-04 23:53:32.663 [INFO ] [com.joeun.joeunmall_pjm.controller.GraphDataRestController] [http-nio-8282-exec-6] [com.joeun.joeunmall_pjm.controller.GraphDataRestController.getGraphJsonVO(GraphDataRestController.java:150)] -- sellPeriod: 2209
2022-11-04 23:53:32.664 [INFO ] [com.joeun.joeunmall_pjm.controller.GraphDataRestController] [http-nio-8282-exec-6] [com.joeun.joeunmall_pjm.controller.GraphDataRestController.getGraphJsonVO(GraphDataRestController.java:151)] -- clothType: ct-all
2022-11-04 23:53:32.664 [INFO ] [com.joeun.joeunmall_pjm.controller.GraphDataRestController] [http-nio-8282-exec-6] [com.joeun.joeunmall_pjm.controller.GraphDataRestController.getGraphJsonVO(GraphDataRestController.java:179)] -- getGraphJsonList
2022-11-04 23:53:33.863 [INFO ] [com.joeun.joeunmall_pjm.controller.GraphDataRestController] [http-nio-8282-exec-3] [com.joeun.joeunmall_pjm.controller.GraphDataRestController.getGraphJsonVO(GraphDataRestController.java:148)] -- getGraphJsonList
2022-11-04 23:53:33.863 [INFO ] [com.joeun.joeunmall_pjm.controller.GraphDataRestController] [http-nio-8282-exec-3] [com.joeun.joeunmall_pjm.controller.GraphDataRestController.getGraphJsonVO(GraphDataRestController.java:149)] -- graphType: quantity
2022-11-04 23:53:33.863 [INFO ] [com.joeun.joeunmall_pjm.controller.GraphDataRestController] [http-nio-8282-exec-3] [com.joeun.joeunmall_pjm.controller.GraphDataRestController.getGraphJsonVO(GraphDataRestController.java:150)] -- sellPeriod: 2209
2022-11-04 23:53:33.863 [INFO ] [com.joeun.joeunmall_pjm.controller.GraphDataRestController] [http-nio-8282-exec-3] [com.joeun.joeunmall_pjm.controller.GraphDataRestController.getGraphJsonVO(GraphDataRestController.java:151)] -- clothType: ct-all
2022-11-04 23:53:33.863 [INFO ] [com.joeun.joeunmall_pjm.controller.GraphDataRestController] [http-nio-8282-exec-3] [com.joeun.joeunmall_pjm.controller.GraphDataRestController.getGraphJsonVO(GraphDataRestController.java:179)] -- getGraphJsonList
2022-11-04 23:53:36.617 [INFO ] [com.joeun.joeunmall_pjm.controller.GraphDataRestController] [http-nio-8282-exec-7] [com.joeun.joeunmall_pjm.controller.GraphDataRestController.getGraphJsonVO(GraphDataRestController.java:148)] -- getGraphJsonList
2022-11-04 23:53:36.617 [INFO ] [com.joeun.joeunmall_pjm.controller.GraphDataRestController] [http-nio-8282-exec-7] [com.joeun.joeunmall_pjm.controller.GraphDataRestController.getGraphJsonVO(GraphDataRestController.java:149)] -- graphType: price
2022-11-04 23:53:36.618 [INFO ] [com.joeun.joeunmall_pjm.controller.GraphDataRestController] [http-nio-8282-exec-7] [com.joeun.joeunmall_pjm.controller.GraphDataRestController.getGraphJsonVO(GraphDataRestController.java:150)] -- sellPeriod: 2209
2022-11-04 23:53:36.618 [INFO ] [com.joeun.joeunmall_pjm.controller.GraphDataRestController] [http-nio-8282-exec-7] [com.joeun.joeunmall_pjm.controller.GraphDataRestController.getGraphJsonVO(GraphDataRestController.java:151)] -- clothType: ct-all
2022-11-04 23:53:36.618 [INFO ] [com.joeun.joeunmall_pjm.controller.GraphDataRestController] [http-nio-8282-exec-7] [com.joeun.joeunmall_pjm.controller.GraphDataRestController.getGraphJsonVO(GraphDataRestController.java:179)] -- getGraphJsonList
2022-11-04 23:53:39.098 [INFO ] [com.joeun.joeunmall_pjm.controller.GraphDataRestController] [http-nio-8282-exec-9] [com.joeun.joeunmall_pjm.controller.GraphDataRestController.getGraphJsonVO(GraphDataRestController.java:148)] -- getGraphJsonList
2022-11-04 23:53:39.098 [INFO ] [com.joeun.joeunmall_pjm.controller.GraphDataRestController] [http-nio-8282-exec-9] [com.joeun.joeunmall_pjm.controller.GraphDataRestController.getGraphJsonVO(GraphDataRestController.java:149)] -- graphType: quantity
2022-11-04 23:53:39.098 [INFO ] [com.joeun.joeunmall_pjm.controller.GraphDataRestController] [http-nio-8282-exec-9] [com.joeun.joeunmall_pjm.controller.GraphDataRestController.getGraphJsonVO(GraphDataRestController.java:150)] -- sellPeriod: 2209
2022-11-04 23:53:39.099 [INFO ] [com.joeun.joeunmall_pjm.controller.GraphDataRestController] [http-nio-8282-exec-9] [com.joeun.joeunmall_pjm.controller.GraphDataRestController.getGraphJsonVO(GraphDataRestController.java:151)] -- clothType: ct-1
2022-11-04 23:53:39.099 [INFO ] [com.joeun.joeunmall_pjm.controller.GraphDataRestController] [http-nio-8282-exec-9] [com.joeun.joeunmall_pjm.controller.GraphDataRestController.getGraphJsonVO(GraphDataRestController.java:183)] -- getGraphJsonList
2022-11-04 23:53:39.644 [INFO ] [com.joeun.joeunmall_pjm.controller.GraphDataRestController] [http-nio-8282-exec-4] [com.joeun.joeunmall_pjm.controller.GraphDataRestController.getGraphJsonVO(GraphDataRestController.java:148)] -- getGraphJsonList
2022-11-04 23:53:39.644 [INFO ] [com.joeun.joeunmall_pjm.controller.GraphDataRestController] [http-nio-8282-exec-4] [com.joeun.joeunmall_pjm.controller.GraphDataRestController.getGraphJsonVO(GraphDataRestController.java:149)] -- graphType: price
2022-11-04 23:53:39.644 [INFO ] [com.joeun.joeunmall_pjm.controller.GraphDataRestController] [http-nio-8282-exec-4] [com.joeun.joeunmall_pjm.controller.GraphDataRestController.getGraphJsonVO(GraphDataRestController.java:150)] -- sellPeriod: 2209
2022-11-04 23:53:39.644 [INFO ] [com.joeun.joeunmall_pjm.controller.GraphDataRestController] [http-nio-8282-exec-4] [com.joeun.joeunmall_pjm.controller.GraphDataRestController.getGraphJsonVO(GraphDataRestController.java:151)] -- clothType: ct-1
2022-11-04 23:53:39.644 [INFO ] [com.joeun.joeunmall_pjm.controller.GraphDataRestController] [http-nio-8282-exec-4] [com.joeun.joeunmall_pjm.controller.GraphDataRestController.getGraphJsonVO(GraphDataRestController.java:183)] -- getGraphJsonList
2022-11-04 23:53:40.160 [INFO ] [com.joeun.joeunmall_pjm.controller.GraphDataRestController] [http-nio-8282-exec-6] [com.joeun.joeunmall_pjm.controller.GraphDataRestController.getGraphJsonVO(GraphDataRestController.java:148)] -- getGraphJsonList
2022-11-04 23:53:40.160 [INFO ] [com.joeun.joeunmall_pjm.controller.GraphDataRestController] [http-nio-8282-exec-6] [com.joeun.joeunmall_pjm.controller.GraphDataRestController.getGraphJsonVO(GraphDataRestController.java:149)] -- graphType: quantity
2022-11-04 23:53:40.160 [INFO ] [com.joeun.joeunmall_pjm.controller.GraphDataRestController] [http-nio-8282-exec-6] [com.joeun.joeunmall_pjm.controller.GraphDataRestController.getGraphJsonVO(GraphDataRestController.java:150)] -- sellPeriod: 2209
2022-11-04 23:53:40.160 [INFO ] [com.joeun.joeunmall_pjm.controller.GraphDataRestController] [http-nio-8282-exec-6] [com.joeun.joeunmall_pjm.controller.GraphDataRestController.getGraphJsonVO(GraphDataRestController.java:151)] -- clothType: ct-1
2022-11-04 23:53:40.160 [INFO ] [com.joeun.joeunmall_pjm.controller.GraphDataRestController] [http-nio-8282-exec-6] [com.joeun.joeunmall_pjm.controller.GraphDataRestController.getGraphJsonVO(GraphDataRestController.java:183)] -- getGraphJsonList
2022-11-04 23:53:42.672 [INFO ] [com.joeun.joeunmall_pjm.controller.GraphDataRestController] [http-nio-8282-exec-3] [com.joeun.joeunmall_pjm.controller.GraphDataRestController.getGraphJsonVO(GraphDataRestController.java:148)] -- getGraphJsonList
2022-11-04 23:53:42.672 [INFO ] [com.joeun.joeunmall_pjm.controller.GraphDataRestController] [http-nio-8282-exec-3] [com.joeun.joeunmall_pjm.controller.GraphDataRestController.getGraphJsonVO(GraphDataRestController.java:149)] -- graphType: price
2022-11-04 23:53:42.672 [INFO ] [com.joeun.joeunmall_pjm.controller.GraphDataRestController] [http-nio-8282-exec-3] [com.joeun.joeunmall_pjm.controller.GraphDataRestController.getGraphJsonVO(GraphDataRestController.java:150)] -- sellPeriod: 2209
2022-11-04 23:53:42.672 [INFO ] [com.joeun.joeunmall_pjm.controller.GraphDataRestController] [http-nio-8282-exec-3] [com.joeun.joeunmall_pjm.controller.GraphDataRestController.getGraphJsonVO(GraphDataRestController.java:151)] -- clothType: ct-3
2022-11-04 23:53:42.672 [INFO ] [com.joeun.joeunmall_pjm.controller.GraphDataRestController] [http-nio-8282-exec-3] [com.joeun.joeunmall_pjm.controller.GraphDataRestController.getGraphJsonVO(GraphDataRestController.java:183)] -- getGraphJsonList
2022-11-04 23:53:43.792 [INFO ] [com.joeun.joeunmall_pjm.controller.GraphDataRestController] [http-nio-8282-exec-7] [com.joeun.joeunmall_pjm.controller.GraphDataRestController.getGraphJsonVO(GraphDataRestController.java:148)] -- getGraphJsonList
2022-11-04 23:53:43.792 [INFO ] [com.joeun.joeunmall_pjm.controller.GraphDataRestController] [http-nio-8282-exec-7] [com.joeun.joeunmall_pjm.controller.GraphDataRestController.getGraphJsonVO(GraphDataRestController.java:149)] -- graphType: quantity
2022-11-04 23:53:43.792 [INFO ] [com.joeun.joeunmall_pjm.controller.GraphDataRestController] [http-nio-8282-exec-7] [com.joeun.joeunmall_pjm.controller.GraphDataRestController.getGraphJsonVO(GraphDataRestController.java:150)] -- sellPeriod: 2209
2022-11-04 23:53:43.792 [INFO ] [com.joeun.joeunmall_pjm.controller.GraphDataRestController] [http-nio-8282-exec-7] [com.joeun.joeunmall_pjm.controller.GraphDataRestController.getGraphJsonVO(GraphDataRestController.java:151)] -- clothType: ct-3
2022-11-04 23:53:43.792 [INFO ] [com.joeun.joeunmall_pjm.controller.GraphDataRestController] [http-nio-8282-exec-7] [com.joeun.joeunmall_pjm.controller.GraphDataRestController.getGraphJsonVO(GraphDataRestController.java:183)] -- getGraphJsonList
2022-11-04 23:53:49.107 [INFO ] [com.joeun.joeunmall_pjm.controller.GraphDataRestController] [http-nio-8282-exec-2] [com.joeun.joeunmall_pjm.controller.GraphDataRestController.getGraphJsonVO(GraphDataRestController.java:148)] -- getGraphJsonList
2022-11-04 23:53:49.107 [INFO ] [com.joeun.joeunmall_pjm.controller.GraphDataRestController] [http-nio-8282-exec-2] [com.joeun.joeunmall_pjm.controller.GraphDataRestController.getGraphJsonVO(GraphDataRestController.java:149)] -- graphType: price
2022-11-04 23:53:49.107 [INFO ] [com.joeun.joeunmall_pjm.controller.GraphDataRestController] [http-nio-8282-exec-2] [com.joeun.joeunmall_pjm.controller.GraphDataRestController.getGraphJsonVO(GraphDataRestController.java:150)] -- sellPeriod: allPeriod
2022-11-04 23:53:49.107 [INFO ] [com.joeun.joeunmall_pjm.controller.GraphDataRestController] [http-nio-8282-exec-2] [com.joeun.joeunmall_pjm.controller.GraphDataRestController.getGraphJsonVO(GraphDataRestController.java:151)] -- clothType: ct-all
2022-11-04 23:53:49.107 [INFO ] [com.joeun.joeunmall_pjm.controller.GraphDataRestController] [http-nio-8282-exec-2] [com.joeun.joeunmall_pjm.controller.GraphDataRestController.getGraphJsonVO(GraphDataRestController.java:179)] -- getGraphJsonList
2022-11-04 23:54:00.391 [INFO ] [com.joeun.joeunmall_pjm.controller.HomeController] [http-nio-8282-exec-9] [com.joeun.joeunmall_pjm.controller.HomeController.home(HomeController.java:14)] -- home
2022-11-04 23:54:00.531 [INFO ] [com.joeun.joeunmall_pjm.controller.HomeController] [http-nio-8282-exec-4] [com.joeun.joeunmall_pjm.controller.HomeController.home(HomeController.java:14)] -- home
2022-11-04 23:54:00.641 [INFO ] [com.joeun.joeunmall_pjm.controller.HomeController] [http-nio-8282-exec-3] [com.joeun.joeunmall_pjm.controller.HomeController.home(HomeController.java:14)] -- home
2022-11-04 23:54:00.752 [INFO ] [com.joeun.joeunmall_pjm.controller.HomeController] [http-nio-8282-exec-4] [com.joeun.joeunmall_pjm.controller.HomeController.home(HomeController.java:14)] -- home
2022-11-04 23:54:00.866 [INFO ] [com.joeun.joeunmall_pjm.controller.HomeController] [http-nio-8282-exec-3] [com.joeun.joeunmall_pjm.controller.HomeController.home(HomeController.java:14)] -- home
2022-11-04 23:54:00.964 [INFO ] [com.joeun.joeunmall_pjm.controller.HomeController] [http-nio-8282-exec-4] [com.joeun.joeunmall_pjm.controller.HomeController.home(HomeController.java:14)] -- home
2022-11-04 23:54:01.314 [INFO ] [com.joeun.joeunmall_pjm.controller.GraphDataRestController] [http-nio-8282-exec-3] [com.joeun.joeunmall_pjm.controller.GraphDataRestController.getGraphJsonVO(GraphDataRestController.java:148)] -- getGraphJsonList
2022-11-04 23:54:01.314 [INFO ] [com.joeun.joeunmall_pjm.controller.GraphDataRestController] [http-nio-8282-exec-3] [com.joeun.joeunmall_pjm.controller.GraphDataRestController.getGraphJsonVO(GraphDataRestController.java:149)] -- graphType: quantity
2022-11-04 23:54:01.314 [INFO ] [com.joeun.joeunmall_pjm.controller.GraphDataRestController] [http-nio-8282-exec-3] [com.joeun.joeunmall_pjm.controller.GraphDataRestController.getGraphJsonVO(GraphDataRestController.java:150)] -- sellPeriod: allPeriod
2022-11-04 23:54:01.314 [INFO ] [com.joeun.joeunmall_pjm.controller.GraphDataRestController] [http-nio-8282-exec-3] [com.joeun.joeunmall_pjm.controller.GraphDataRestController.getGraphJsonVO(GraphDataRestController.java:151)] -- clothType: ct-all
2022-11-04 23:54:01.314 [INFO ] [com.joeun.joeunmall_pjm.controller.GraphDataRestController] [http-nio-8282-exec-3] [com.joeun.joeunmall_pjm.controller.GraphDataRestController.getGraphJsonVO(GraphDataRestController.java:179)] -- getGraphJsonList
2022-11-04 23:54:01.832 [INFO ] [com.joeun.joeunmall_pjm.controller.GraphDataRestController] [http-nio-8282-exec-6] [com.joeun.joeunmall_pjm.controller.GraphDataRestController.getGraphJsonVO(GraphDataRestController.java:148)] -- getGraphJsonList
2022-11-04 23:54:01.832 [INFO ] [com.joeun.joeunmall_pjm.controller.GraphDataRestController] [http-nio-8282-exec-6] [com.joeun.joeunmall_pjm.controller.GraphDataRestController.getGraphJsonVO(GraphDataRestController.java:149)] -- graphType: price
2022-11-04 23:54:01.832 [INFO ] [com.joeun.joeunmall_pjm.controller.GraphDataRestController] [http-nio-8282-exec-6] [com.joeun.joeunmall_pjm.controller.GraphDataRestController.getGraphJsonVO(GraphDataRestController.java:150)] -- sellPeriod: allPeriod
2022-11-04 23:54:01.832 [INFO ] [com.joeun.joeunmall_pjm.controller.GraphDataRestController] [http-nio-8282-exec-6] [com.joeun.joeunmall_pjm.controller.GraphDataRestController.getGraphJsonVO(GraphDataRestController.java:151)] -- clothType: ct-all
2022-11-04 23:54:01.832 [INFO ] [com.joeun.joeunmall_pjm.controller.GraphDataRestController] [http-nio-8282-exec-6] [com.joeun.joeunmall_pjm.controller.GraphDataRestController.getGraphJsonVO(GraphDataRestController.java:179)] -- getGraphJsonList
2022-11-04 23:54:02.247 [INFO ] [com.joeun.joeunmall_pjm.controller.GraphDataRestController] [http-nio-8282-exec-8] [com.joeun.joeunmall_pjm.controller.GraphDataRestController.getGraphJsonVO(GraphDataRestController.java:148)] -- getGraphJsonList
2022-11-04 23:54:02.247 [INFO ] [com.joeun.joeunmall_pjm.controller.GraphDataRestController] [http-nio-8282-exec-8] [com.joeun.joeunmall_pjm.controller.GraphDataRestController.getGraphJsonVO(GraphDataRestController.java:149)] -- graphType: quantity
2022-11-04 23:54:02.247 [INFO ] [com.joeun.joeunmall_pjm.controller.GraphDataRestController] [http-nio-8282-exec-8] [com.joeun.joeunmall_pjm.controller.GraphDataRestController.getGraphJsonVO(GraphDataRestController.java:150)] -- sellPeriod: allPeriod
2022-11-04 23:54:02.247 [INFO ] [com.joeun.joeunmall_pjm.controller.GraphDataRestController] [http-nio-8282-exec-8] [com.joeun.joeunmall_pjm.controller.GraphDataRestController.getGraphJsonVO(GraphDataRestController.java:151)] -- clothType: ct-all
2022-11-04 23:54:02.247 [INFO ] [com.joeun.joeunmall_pjm.controller.GraphDataRestController] [http-nio-8282-exec-8] [com.joeun.joeunmall_pjm.controller.GraphDataRestController.getGraphJsonVO(GraphDataRestController.java:179)] -- getGraphJsonList
2022-11-04 23:54:04.265 [INFO ] [com.joeun.joeunmall_pjm.controller.GraphDataRestController] [http-nio-8282-exec-1] [com.joeun.joeunmall_pjm.controller.GraphDataRestController.getGraphJsonVO(GraphDataRestController.java:148)] -- getGraphJsonList
2022-11-04 23:54:04.265 [INFO ] [com.joeun.joeunmall_pjm.controller.GraphDataRestController] [http-nio-8282-exec-1] [com.joeun.joeunmall_pjm.controller.GraphDataRestController.getGraphJsonVO(GraphDataRestController.java:149)] -- graphType: price
2022-11-04 23:54:04.265 [INFO ] [com.joeun.joeunmall_pjm.controller.GraphDataRestController] [http-nio-8282-exec-1] [com.joeun.joeunmall_pjm.controller.GraphDataRestController.getGraphJsonVO(GraphDataRestController.java:150)] -- sellPeriod: allPeriod
2022-11-04 23:54:04.265 [INFO ] [com.joeun.joeunmall_pjm.controller.GraphDataRestController] [http-nio-8282-exec-1] [com.joeun.joeunmall_pjm.controller.GraphDataRestController.getGraphJsonVO(GraphDataRestController.java:151)] -- clothType: ct-all
2022-11-04 23:54:04.265 [INFO ] [com.joeun.joeunmall_pjm.controller.GraphDataRestController] [http-nio-8282-exec-1] [com.joeun.joeunmall_pjm.controller.GraphDataRestController.getGraphJsonVO(GraphDataRestController.java:179)] -- getGraphJsonList
2022-11-04 23:54:11.663 [INFO ] [com.joeun.joeunmall_pjm.controller.GraphDataRestController] [http-nio-8282-exec-10] [com.joeun.joeunmall_pjm.controller.GraphDataRestController.getGraphJsonVO(GraphDataRestController.java:148)] -- getGraphJsonList
2022-11-04 23:54:11.663 [INFO ] [com.joeun.joeunmall_pjm.controller.GraphDataRestController] [http-nio-8282-exec-10] [com.joeun.joeunmall_pjm.controller.GraphDataRestController.getGraphJsonVO(GraphDataRestController.java:149)] -- graphType: quantity
2022-11-04 23:54:11.663 [INFO ] [com.joeun.joeunmall_pjm.controller.GraphDataRestController] [http-nio-8282-exec-10] [com.joeun.joeunmall_pjm.controller.GraphDataRestController.getGraphJsonVO(GraphDataRestController.java:150)] -- sellPeriod: 2208
2022-11-04 23:54:11.664 [INFO ] [com.joeun.joeunmall_pjm.controller.GraphDataRestController] [http-nio-8282-exec-10] [com.joeun.joeunmall_pjm.controller.GraphDataRestController.getGraphJsonVO(GraphDataRestController.java:151)] -- clothType: ct-all
2022-11-04 23:54:11.664 [INFO ] [com.joeun.joeunmall_pjm.controller.GraphDataRestController] [http-nio-8282-exec-10] [com.joeun.joeunmall_pjm.controller.GraphDataRestController.getGraphJsonVO(GraphDataRestController.java:179)] -- getGraphJsonList
2022-11-04 23:54:12.184 [INFO ] [com.joeun.joeunmall_pjm.controller.GraphDataRestController] [http-nio-8282-exec-4] [com.joeun.joeunmall_pjm.controller.GraphDataRestController.getGraphJsonVO(GraphDataRestController.java:148)] -- getGraphJsonList
2022-11-04 23:54:12.184 [INFO ] [com.joeun.joeunmall_pjm.controller.GraphDataRestController] [http-nio-8282-exec-4] [com.joeun.joeunmall_pjm.controller.GraphDataRestController.getGraphJsonVO(GraphDataRestController.java:149)] -- graphType: price
2022-11-04 23:54:12.184 [INFO ] [com.joeun.joeunmall_pjm.controller.GraphDataRestController] [http-nio-8282-exec-4] [com.joeun.joeunmall_pjm.controller.GraphDataRestController.getGraphJsonVO(GraphDataRestController.java:150)] -- sellPeriod: 2208
2022-11-04 23:54:12.185 [INFO ] [com.joeun.joeunmall_pjm.controller.GraphDataRestController] [http-nio-8282-exec-4] [com.joeun.joeunmall_pjm.controller.GraphDataRestController.getGraphJsonVO(GraphDataRestController.java:151)] -- clothType: ct-all
2022-11-04 23:54:12.185 [INFO ] [com.joeun.joeunmall_pjm.controller.GraphDataRestController] [http-nio-8282-exec-4] [com.joeun.joeunmall_pjm.controller.GraphDataRestController.getGraphJsonVO(GraphDataRestController.java:179)] -- getGraphJsonList
2022-11-04 23:54:23.894 [INFO ] [com.joeun.joeunmall_pjm.controller.GraphDataRestController] [http-nio-8282-exec-6] [com.joeun.joeunmall_pjm.controller.GraphDataRestController.getGraphJsonVO(GraphDataRestController.java:148)] -- getGraphJsonList
2022-11-04 23:54:23.894 [INFO ] [com.joeun.joeunmall_pjm.controller.GraphDataRestController] [http-nio-8282-exec-6] [com.joeun.joeunmall_pjm.controller.GraphDataRestController.getGraphJsonVO(GraphDataRestController.java:149)] -- graphType: quantity
2022-11-04 23:54:23.894 [INFO ] [com.joeun.joeunmall_pjm.controller.GraphDataRestController] [http-nio-8282-exec-6] [com.joeun.joeunmall_pjm.controller.GraphDataRestController.getGraphJsonVO(GraphDataRestController.java:150)] -- sellPeriod: 2208
2022-11-04 23:54:23.894 [INFO ] [com.joeun.joeunmall_pjm.controller.GraphDataRestController] [http-nio-8282-exec-6] [com.joeun.joeunmall_pjm.controller.GraphDataRestController.getGraphJsonVO(GraphDataRestController.java:151)] -- clothType: ct-all
2022-11-04 23:54:23.894 [INFO ] [com.joeun.joeunmall_pjm.controller.GraphDataRestController] [http-nio-8282-exec-6] [com.joeun.joeunmall_pjm.controller.GraphDataRestController.getGraphJsonVO(GraphDataRestController.java:179)] -- getGraphJsonList
2022-11-04 23:54:25.401 [INFO ] [com.joeun.joeunmall_pjm.controller.GraphDataRestController] [http-nio-8282-exec-8] [com.joeun.joeunmall_pjm.controller.GraphDataRestController.getGraphJsonVO(GraphDataRestController.java:148)] -- getGraphJsonList
2022-11-04 23:54:25.401 [INFO ] [com.joeun.joeunmall_pjm.controller.GraphDataRestController] [http-nio-8282-exec-8] [com.joeun.joeunmall_pjm.controller.GraphDataRestController.getGraphJsonVO(GraphDataRestController.java:149)] -- graphType: price
2022-11-04 23:54:25.401 [INFO ] [com.joeun.joeunmall_pjm.controller.GraphDataRestController] [http-nio-8282-exec-8] [com.joeun.joeunmall_pjm.controller.GraphDataRestController.getGraphJsonVO(GraphDataRestController.java:150)] -- sellPeriod: 2208
2022-11-04 23:54:25.402 [INFO ] [com.joeun.joeunmall_pjm.controller.GraphDataRestController] [http-nio-8282-exec-8] [com.joeun.joeunmall_pjm.controller.GraphDataRestController.getGraphJsonVO(GraphDataRestController.java:151)] -- clothType: ct-all
2022-11-04 23:54:25.402 [INFO ] [com.joeun.joeunmall_pjm.controller.GraphDataRestController] [http-nio-8282-exec-8] [com.joeun.joeunmall_pjm.controller.GraphDataRestController.getGraphJsonVO(GraphDataRestController.java:179)] -- getGraphJsonList
2022-11-04 23:54:27.176 [INFO ] [com.joeun.joeunmall_pjm.controller.GraphDataRestController] [http-nio-8282-exec-1] [com.joeun.joeunmall_pjm.controller.GraphDataRestController.getGraphJsonVO(GraphDataRestController.java:148)] -- getGraphJsonList
2022-11-04 23:54:27.176 [INFO ] [com.joeun.joeunmall_pjm.controller.GraphDataRestController] [http-nio-8282-exec-1] [com.joeun.joeunmall_pjm.controller.GraphDataRestController.getGraphJsonVO(GraphDataRestController.java:149)] -- graphType: quantity
2022-11-04 23:54:27.176 [INFO ] [com.joeun.joeunmall_pjm.controller.GraphDataRestController] [http-nio-8282-exec-1] [com.joeun.joeunmall_pjm.controller.GraphDataRestController.getGraphJsonVO(GraphDataRestController.java:150)] -- sellPeriod: 2208
2022-11-04 23:54:27.176 [INFO ] [com.joeun.joeunmall_pjm.controller.GraphDataRestController] [http-nio-8282-exec-1] [com.joeun.joeunmall_pjm.controller.GraphDataRestController.getGraphJsonVO(GraphDataRestController.java:151)] -- clothType: ct-2
2022-11-04 23:54:27.176 [INFO ] [com.joeun.joeunmall_pjm.controller.GraphDataRestController] [http-nio-8282-exec-1] [com.joeun.joeunmall_pjm.controller.GraphDataRestController.getGraphJsonVO(GraphDataRestController.java:183)] -- getGraphJsonList
2022-11-04 23:54:27.775 [INFO ] [com.joeun.joeunmall_pjm.controller.GraphDataRestController] [http-nio-8282-exec-10] [com.joeun.joeunmall_pjm.controller.GraphDataRestController.getGraphJsonVO(GraphDataRestController.java:148)] -- getGraphJsonList
2022-11-04 23:54:27.776 [INFO ] [com.joeun.joeunmall_pjm.controller.GraphDataRestController] [http-nio-8282-exec-10] [com.joeun.joeunmall_pjm.controller.GraphDataRestController.getGraphJsonVO(GraphDataRestController.java:149)] -- graphType: price
2022-11-04 23:54:27.776 [INFO ] [com.joeun.joeunmall_pjm.controller.GraphDataRestController] [http-nio-8282-exec-10] [com.joeun.joeunmall_pjm.controller.GraphDataRestController.getGraphJsonVO(GraphDataRestController.java:150)] -- sellPeriod: 2208
2022-11-04 23:54:27.776 [INFO ] [com.joeun.joeunmall_pjm.controller.GraphDataRestController] [http-nio-8282-exec-10] [com.joeun.joeunmall_pjm.controller.GraphDataRestController.getGraphJsonVO(GraphDataRestController.java:151)] -- clothType: ct-2
2022-11-04 23:54:27.776 [INFO ] [com.joeun.joeunmall_pjm.controller.GraphDataRestController] [http-nio-8282-exec-10] [com.joeun.joeunmall_pjm.controller.GraphDataRestController.getGraphJsonVO(GraphDataRestController.java:183)] -- getGraphJsonList
2022-11-04 23:54:28.442 [INFO ] [com.joeun.joeunmall_pjm.controller.GraphDataRestController] [http-nio-8282-exec-4] [com.joeun.joeunmall_pjm.controller.GraphDataRestController.getGraphJsonVO(GraphDataRestController.java:148)] -- getGraphJsonList
2022-11-04 23:54:28.442 [INFO ] [com.joeun.joeunmall_pjm.controller.GraphDataRestController] [http-nio-8282-exec-4] [com.joeun.joeunmall_pjm.controller.GraphDataRestController.getGraphJsonVO(GraphDataRestController.java:149)] -- graphType: quantity
2022-11-04 23:54:28.442 [INFO ] [com.joeun.joeunmall_pjm.controller.GraphDataRestController] [http-nio-8282-exec-4] [com.joeun.joeunmall_pjm.controller.GraphDataRestController.getGraphJsonVO(GraphDataRestController.java:150)] -- sellPeriod: 2208
2022-11-04 23:54:28.442 [INFO ] [com.joeun.joeunmall_pjm.controller.GraphDataRestController] [http-nio-8282-exec-4] [com.joeun.joeunmall_pjm.controller.GraphDataRestController.getGraphJsonVO(GraphDataRestController.java:151)] -- clothType: ct-2
2022-11-04 23:54:28.442 [INFO ] [com.joeun.joeunmall_pjm.controller.GraphDataRestController] [http-nio-8282-exec-4] [com.joeun.joeunmall_pjm.controller.GraphDataRestController.getGraphJsonVO(GraphDataRestController.java:183)] -- getGraphJsonList
2022-11-04 23:54:34.723 [INFO ] [com.joeun.joeunmall_pjm.controller.GraphDataRestController] [http-nio-8282-exec-5] [com.joeun.joeunmall_pjm.controller.GraphDataRestController.getGraphJsonVO(GraphDataRestController.java:148)] -- getGraphJsonList
2022-11-04 23:54:34.723 [INFO ] [com.joeun.joeunmall_pjm.controller.GraphDataRestController] [http-nio-8282-exec-5] [com.joeun.joeunmall_pjm.controller.GraphDataRestController.getGraphJsonVO(GraphDataRestController.java:149)] -- graphType: price
2022-11-04 23:54:34.723 [INFO ] [com.joeun.joeunmall_pjm.controller.GraphDataRestController] [http-nio-8282-exec-5] [com.joeun.joeunmall_pjm.controller.GraphDataRestController.getGraphJsonVO(GraphDataRestController.java:150)] -- sellPeriod: 2206
2022-11-04 23:54:34.723 [INFO ] [com.joeun.joeunmall_pjm.controller.GraphDataRestController] [http-nio-8282-exec-5] [com.joeun.joeunmall_pjm.controller.GraphDataRestController.getGraphJsonVO(GraphDataRestController.java:151)] -- clothType: ct-2
2022-11-04 23:54:34.723 [INFO ] [com.joeun.joeunmall_pjm.controller.GraphDataRestController] [http-nio-8282-exec-5] [com.joeun.joeunmall_pjm.controller.GraphDataRestController.getGraphJsonVO(GraphDataRestController.java:183)] -- getGraphJsonList
2022-11-04 23:54:35.426 [INFO ] [com.joeun.joeunmall_pjm.controller.GraphDataRestController] [http-nio-8282-exec-7] [com.joeun.joeunmall_pjm.controller.GraphDataRestController.getGraphJsonVO(GraphDataRestController.java:148)] -- getGraphJsonList
2022-11-04 23:54:35.426 [INFO ] [com.joeun.joeunmall_pjm.controller.GraphDataRestController] [http-nio-8282-exec-7] [com.joeun.joeunmall_pjm.controller.GraphDataRestController.getGraphJsonVO(GraphDataRestController.java:149)] -- graphType: quantity
2022-11-04 23:54:35.427 [INFO ] [com.joeun.joeunmall_pjm.controller.GraphDataRestController] [http-nio-8282-exec-7] [com.joeun.joeunmall_pjm.controller.GraphDataRestController.getGraphJsonVO(GraphDataRestController.java:150)] -- sellPeriod: 2206
2022-11-04 23:54:35.427 [INFO ] [com.joeun.joeunmall_pjm.controller.GraphDataRestController] [http-nio-8282-exec-7] [com.joeun.joeunmall_pjm.controller.GraphDataRestController.getGraphJsonVO(GraphDataRestController.java:151)] -- clothType: ct-2
2022-11-04 23:54:35.427 [INFO ] [com.joeun.joeunmall_pjm.controller.GraphDataRestController] [http-nio-8282-exec-7] [com.joeun.joeunmall_pjm.controller.GraphDataRestController.getGraphJsonVO(GraphDataRestController.java:183)] -- getGraphJsonList
2022-11-04 23:54:39.146 [INFO ] [com.joeun.joeunmall_pjm.controller.GraphDataRestController] [http-nio-8282-exec-2] [com.joeun.joeunmall_pjm.controller.GraphDataRestController.getGraphJsonVO(GraphDataRestController.java:148)] -- getGraphJsonList
2022-11-04 23:54:39.146 [INFO ] [com.joeun.joeunmall_pjm.controller.GraphDataRestController] [http-nio-8282-exec-2] [com.joeun.joeunmall_pjm.controller.GraphDataRestController.getGraphJsonVO(GraphDataRestController.java:149)] -- graphType: price
2022-11-04 23:54:39.146 [INFO ] [com.joeun.joeunmall_pjm.controller.GraphDataRestController] [http-nio-8282-exec-2] [com.joeun.joeunmall_pjm.controller.GraphDataRestController.getGraphJsonVO(GraphDataRestController.java:150)] -- sellPeriod: 2206
2022-11-04 23:54:39.146 [INFO ] [com.joeun.joeunmall_pjm.controller.GraphDataRestController] [http-nio-8282-exec-2] [com.joeun.joeunmall_pjm.controller.GraphDataRestController.getGraphJsonVO(GraphDataRestController.java:151)] -- clothType: ct-2
2022-11-04 23:54:39.146 [INFO ] [com.joeun.joeunmall_pjm.controller.GraphDataRestController] [http-nio-8282-exec-2] [com.joeun.joeunmall_pjm.controller.GraphDataRestController.getGraphJsonVO(GraphDataRestController.java:183)] -- getGraphJsonList
2022-11-04 23:54:40.984 [INFO ] [com.joeun.joeunmall_pjm.controller.GraphDataRestController] [http-nio-8282-exec-9] [com.joeun.joeunmall_pjm.controller.GraphDataRestController.getGraphJsonVO(GraphDataRestController.java:148)] -- getGraphJsonList
2022-11-04 23:54:40.984 [INFO ] [com.joeun.joeunmall_pjm.controller.GraphDataRestController] [http-nio-8282-exec-9] [com.joeun.joeunmall_pjm.controller.GraphDataRestController.getGraphJsonVO(GraphDataRestController.java:149)] -- graphType: quantity
2022-11-04 23:54:40.984 [INFO ] [com.joeun.joeunmall_pjm.controller.GraphDataRestController] [http-nio-8282-exec-9] [com.joeun.joeunmall_pjm.controller.GraphDataRestController.getGraphJsonVO(GraphDataRestController.java:150)] -- sellPeriod: 2206
2022-11-04 23:54:40.984 [INFO ] [com.joeun.joeunmall_pjm.controller.GraphDataRestController] [http-nio-8282-exec-9] [com.joeun.joeunmall_pjm.controller.GraphDataRestController.getGraphJsonVO(GraphDataRestController.java:151)] -- clothType: ct-2
2022-11-04 23:54:40.984 [INFO ] [com.joeun.joeunmall_pjm.controller.GraphDataRestController] [http-nio-8282-exec-9] [com.joeun.joeunmall_pjm.controller.GraphDataRestController.getGraphJsonVO(GraphDataRestController.java:183)] -- getGraphJsonList
2022-11-04 23:54:42.295 [INFO ] [com.joeun.joeunmall_pjm.controller.GraphDataRestController] [http-nio-8282-exec-3] [com.joeun.joeunmall_pjm.controller.GraphDataRestController.getGraphJsonVO(GraphDataRestController.java:148)] -- getGraphJsonList
2022-11-04 23:54:42.295 [INFO ] [com.joeun.joeunmall_pjm.controller.GraphDataRestController] [http-nio-8282-exec-3] [com.joeun.joeunmall_pjm.controller.GraphDataRestController.getGraphJsonVO(GraphDataRestController.java:149)] -- graphType: price
2022-11-04 23:54:42.295 [INFO ] [com.joeun.joeunmall_pjm.controller.GraphDataRestController] [http-nio-8282-exec-3] [com.joeun.joeunmall_pjm.controller.GraphDataRestController.getGraphJsonVO(GraphDataRestController.java:150)] -- sellPeriod: 2206
2022-11-04 23:54:42.295 [INFO ] [com.joeun.joeunmall_pjm.controller.GraphDataRestController] [http-nio-8282-exec-3] [com.joeun.joeunmall_pjm.controller.GraphDataRestController.getGraphJsonVO(GraphDataRestController.java:151)] -- clothType: ct-2
2022-11-04 23:54:42.295 [INFO ] [com.joeun.joeunmall_pjm.controller.GraphDataRestController] [http-nio-8282-exec-3] [com.joeun.joeunmall_pjm.controller.GraphDataRestController.getGraphJsonVO(GraphDataRestController.java:183)] -- getGraphJsonList
2022-11-04 23:54:42.749 [INFO ] [com.joeun.joeunmall_pjm.controller.GraphDataRestController] [http-nio-8282-exec-6] [com.joeun.joeunmall_pjm.controller.GraphDataRestController.getGraphJsonVO(GraphDataRestController.java:148)] -- getGraphJsonList
2022-11-04 23:54:42.749 [INFO ] [com.joeun.joeunmall_pjm.controller.GraphDataRestController] [http-nio-8282-exec-6] [com.joeun.joeunmall_pjm.controller.GraphDataRestController.getGraphJsonVO(GraphDataRestController.java:149)] -- graphType: quantity
2022-11-04 23:54:42.749 [INFO ] [com.joeun.joeunmall_pjm.controller.GraphDataRestController] [http-nio-8282-exec-6] [com.joeun.joeunmall_pjm.controller.GraphDataRestController.getGraphJsonVO(GraphDataRestController.java:150)] -- sellPeriod: 2206
2022-11-04 23:54:42.749 [INFO ] [com.joeun.joeunmall_pjm.controller.GraphDataRestController] [http-nio-8282-exec-6] [com.joeun.joeunmall_pjm.controller.GraphDataRestController.getGraphJsonVO(GraphDataRestController.java:151)] -- clothType: ct-2
2022-11-04 23:54:42.749 [INFO ] [com.joeun.joeunmall_pjm.controller.GraphDataRestController] [http-nio-8282-exec-6] [com.joeun.joeunmall_pjm.controller.GraphDataRestController.getGraphJsonVO(GraphDataRestController.java:183)] -- getGraphJsonList
2022-11-04 23:54:44.690 [INFO ] [com.joeun.joeunmall_pjm.controller.GraphDataRestController] [http-nio-8282-exec-8] [com.joeun.joeunmall_pjm.controller.GraphDataRestController.getGraphJsonVO(GraphDataRestController.java:148)] -- getGraphJsonList
2022-11-04 23:54:44.691 [INFO ] [com.joeun.joeunmall_pjm.controller.GraphDataRestController] [http-nio-8282-exec-8] [com.joeun.joeunmall_pjm.controller.GraphDataRestController.getGraphJsonVO(GraphDataRestController.java:149)] -- graphType: price
2022-11-04 23:54:44.691 [INFO ] [com.joeun.joeunmall_pjm.controller.GraphDataRestController] [http-nio-8282-exec-8] [com.joeun.joeunmall_pjm.controller.GraphDataRestController.getGraphJsonVO(GraphDataRestController.java:150)] -- sellPeriod: allPeriod
2022-11-04 23:54:44.691 [INFO ] [com.joeun.joeunmall_pjm.controller.GraphDataRestController] [http-nio-8282-exec-8] [com.joeun.joeunmall_pjm.controller.GraphDataRestController.getGraphJsonVO(GraphDataRestController.java:151)] -- clothType: ct-2
2022-11-04 23:54:44.691 [INFO ] [com.joeun.joeunmall_pjm.controller.GraphDataRestController] [http-nio-8282-exec-8] [com.joeun.joeunmall_pjm.controller.GraphDataRestController.getGraphJsonVO(GraphDataRestController.java:183)] -- getGraphJsonList
2022-11-04 23:54:45.138 [INFO ] [com.joeun.joeunmall_pjm.controller.GraphDataRestController] [http-nio-8282-exec-1] [com.joeun.joeunmall_pjm.controller.GraphDataRestController.getGraphJsonVO(GraphDataRestController.java:148)] -- getGraphJsonList
2022-11-04 23:54:45.139 [INFO ] [com.joeun.joeunmall_pjm.controller.GraphDataRestController] [http-nio-8282-exec-1] [com.joeun.joeunmall_pjm.controller.GraphDataRestController.getGraphJsonVO(GraphDataRestController.java:149)] -- graphType: quantity
2022-11-04 23:54:45.139 [INFO ] [com.joeun.joeunmall_pjm.controller.GraphDataRestController] [http-nio-8282-exec-1] [com.joeun.joeunmall_pjm.controller.GraphDataRestController.getGraphJsonVO(GraphDataRestController.java:150)] -- sellPeriod: allPeriod
2022-11-04 23:54:45.139 [INFO ] [com.joeun.joeunmall_pjm.controller.GraphDataRestController] [http-nio-8282-exec-1] [com.joeun.joeunmall_pjm.controller.GraphDataRestController.getGraphJsonVO(GraphDataRestController.java:151)] -- clothType: ct-2
2022-11-04 23:54:45.139 [INFO ] [com.joeun.joeunmall_pjm.controller.GraphDataRestController] [http-nio-8282-exec-1] [com.joeun.joeunmall_pjm.controller.GraphDataRestController.getGraphJsonVO(GraphDataRestController.java:183)] -- getGraphJsonList
2022-11-04 23:54:48.516 [INFO ] [com.joeun.joeunmall_pjm.controller.GraphDataRestController] [http-nio-8282-exec-10] [com.joeun.joeunmall_pjm.controller.GraphDataRestController.getGraphJsonVO(GraphDataRestController.java:148)] -- getGraphJsonList
2022-11-04 23:54:48.516 [INFO ] [com.joeun.joeunmall_pjm.controller.GraphDataRestController] [http-nio-8282-exec-10] [com.joeun.joeunmall_pjm.controller.GraphDataRestController.getGraphJsonVO(GraphDataRestController.java:149)] -- graphType: price
2022-11-04 23:54:48.516 [INFO ] [com.joeun.joeunmall_pjm.controller.GraphDataRestController] [http-nio-8282-exec-10] [com.joeun.joeunmall_pjm.controller.GraphDataRestController.getGraphJsonVO(GraphDataRestController.java:150)] -- sellPeriod: allPeriod
2022-11-04 23:54:48.517 [INFO ] [com.joeun.joeunmall_pjm.controller.GraphDataRestController] [http-nio-8282-exec-10] [com.joeun.joeunmall_pjm.controller.GraphDataRestController.getGraphJsonVO(GraphDataRestController.java:151)] -- clothType: ct-all
2022-11-04 23:54:48.517 [INFO ] [com.joeun.joeunmall_pjm.controller.GraphDataRestController] [http-nio-8282-exec-10] [com.joeun.joeunmall_pjm.controller.GraphDataRestController.getGraphJsonVO(GraphDataRestController.java:179)] -- getGraphJsonList
2022-11-04 23:54:48.991 [INFO ] [com.joeun.joeunmall_pjm.controller.GraphDataRestController] [http-nio-8282-exec-4] [com.joeun.joeunmall_pjm.controller.GraphDataRestController.getGraphJsonVO(GraphDataRestController.java:148)] -- getGraphJsonList
2022-11-04 23:54:48.991 [INFO ] [com.joeun.joeunmall_pjm.controller.GraphDataRestController] [http-nio-8282-exec-4] [com.joeun.joeunmall_pjm.controller.GraphDataRestController.getGraphJsonVO(GraphDataRestController.java:149)] -- graphType: quantity
2022-11-04 23:54:48.992 [INFO ] [com.joeun.joeunmall_pjm.controller.GraphDataRestController] [http-nio-8282-exec-4] [com.joeun.joeunmall_pjm.controller.GraphDataRestController.getGraphJsonVO(GraphDataRestController.java:150)] -- sellPeriod: allPeriod
2022-11-04 23:54:48.992 [INFO ] [com.joeun.joeunmall_pjm.controller.GraphDataRestController] [http-nio-8282-exec-4] [com.joeun.joeunmall_pjm.controller.GraphDataRestController.getGraphJsonVO(GraphDataRestController.java:151)] -- clothType: ct-all
2022-11-04 23:54:48.992 [INFO ] [com.joeun.joeunmall_pjm.controller.GraphDataRestController] [http-nio-8282-exec-4] [com.joeun.joeunmall_pjm.controller.GraphDataRestController.getGraphJsonVO(GraphDataRestController.java:179)] -- getGraphJsonList
2022-11-04 23:55:15.590 [INFO ] [com.joeun.joeunmall_pjm.controller.HomeController] [http-nio-8282-exec-7] [com.joeun.joeunmall_pjm.controller.HomeController.home(HomeController.java:14)] -- home
2022-11-04 23:55:15.740 [INFO ] [com.joeun.joeunmall_pjm.controller.HomeController] [http-nio-8282-exec-9] [com.joeun.joeunmall_pjm.controller.HomeController.home(HomeController.java:14)] -- home
2022-11-04 23:55:15.865 [INFO ] [com.joeun.joeunmall_pjm.controller.HomeController] [http-nio-8282-exec-2] [com.joeun.joeunmall_pjm.controller.HomeController.home(HomeController.java:14)] -- home
2022-11-04 23:55:15.948 [INFO ] [com.joeun.joeunmall_pjm.controller.HomeController] [http-nio-8282-exec-9] [com.joeun.joeunmall_pjm.controller.HomeController.home(HomeController.java:14)] -- home
2022-11-04 23:55:16.440 [INFO ] [com.joeun.joeunmall_pjm.controller.GraphDataRestController] [http-nio-8282-exec-2] [com.joeun.joeunmall_pjm.controller.GraphDataRestController.getGraphJsonVO(GraphDataRestController.java:148)] -- getGraphJsonList
2022-11-04 23:55:16.440 [INFO ] [com.joeun.joeunmall_pjm.controller.GraphDataRestController] [http-nio-8282-exec-2] [com.joeun.joeunmall_pjm.controller.GraphDataRestController.getGraphJsonVO(GraphDataRestController.java:149)] -- graphType: quantity
2022-11-04 23:55:16.440 [INFO ] [com.joeun.joeunmall_pjm.controller.GraphDataRestController] [http-nio-8282-exec-2] [com.joeun.joeunmall_pjm.controller.GraphDataRestController.getGraphJsonVO(GraphDataRestController.java:150)] -- sellPeriod: allPeriod
2022-11-04 23:55:16.440 [INFO ] [com.joeun.joeunmall_pjm.controller.GraphDataRestController] [http-nio-8282-exec-2] [com.joeun.joeunmall_pjm.controller.GraphDataRestController.getGraphJsonVO(GraphDataRestController.java:151)] -- clothType: ct-all
2022-11-04 23:55:16.440 [INFO ] [com.joeun.joeunmall_pjm.controller.GraphDataRestController] [http-nio-8282-exec-2] [com.joeun.joeunmall_pjm.controller.GraphDataRestController.getGraphJsonVO(GraphDataRestController.java:179)] -- getGraphJsonList
2022-11-04 23:55:17.525 [INFO ] [com.joeun.joeunmall_pjm.controller.GraphDataRestController] [http-nio-8282-exec-8] [com.joeun.joeunmall_pjm.controller.GraphDataRestController.getGraphJsonVO(GraphDataRestController.java:148)] -- getGraphJsonList
2022-11-04 23:55:17.526 [INFO ] [com.joeun.joeunmall_pjm.controller.GraphDataRestController] [http-nio-8282-exec-8] [com.joeun.joeunmall_pjm.controller.GraphDataRestController.getGraphJsonVO(GraphDataRestController.java:149)] -- graphType: price
2022-11-04 23:55:17.526 [INFO ] [com.joeun.joeunmall_pjm.controller.GraphDataRestController] [http-nio-8282-exec-8] [com.joeun.joeunmall_pjm.controller.GraphDataRestController.getGraphJsonVO(GraphDataRestController.java:150)] -- sellPeriod: allPeriod
2022-11-04 23:55:17.526 [INFO ] [com.joeun.joeunmall_pjm.controller.GraphDataRestController] [http-nio-8282-exec-8] [com.joeun.joeunmall_pjm.controller.GraphDataRestController.getGraphJsonVO(GraphDataRestController.java:151)] -- clothType: ct-all
2022-11-04 23:55:17.526 [INFO ] [com.joeun.joeunmall_pjm.controller.GraphDataRestController] [http-nio-8282-exec-8] [com.joeun.joeunmall_pjm.controller.GraphDataRestController.getGraphJsonVO(GraphDataRestController.java:179)] -- getGraphJsonList
2022-11-04 23:55:17.914 [INFO ] [com.joeun.joeunmall_pjm.controller.GraphDataRestController] [http-nio-8282-exec-1] [com.joeun.joeunmall_pjm.controller.GraphDataRestController.getGraphJsonVO(GraphDataRestController.java:148)] -- getGraphJsonList
2022-11-04 23:55:17.914 [INFO ] [com.joeun.joeunmall_pjm.controller.GraphDataRestController] [http-nio-8282-exec-1] [com.joeun.joeunmall_pjm.controller.GraphDataRestController.getGraphJsonVO(GraphDataRestController.java:149)] -- graphType: quantity
2022-11-04 23:55:17.914 [INFO ] [com.joeun.joeunmall_pjm.controller.GraphDataRestController] [http-nio-8282-exec-1] [com.joeun.joeunmall_pjm.controller.GraphDataRestController.getGraphJsonVO(GraphDataRestController.java:150)] -- sellPeriod: allPeriod
2022-11-04 23:55:17.914 [INFO ] [com.joeun.joeunmall_pjm.controller.GraphDataRestController] [http-nio-8282-exec-1] [com.joeun.joeunmall_pjm.controller.GraphDataRestController.getGraphJsonVO(GraphDataRestController.java:151)] -- clothType: ct-all
2022-11-04 23:55:17.914 [INFO ] [com.joeun.joeunmall_pjm.controller.GraphDataRestController] [http-nio-8282-exec-1] [com.joeun.joeunmall_pjm.controller.GraphDataRestController.getGraphJsonVO(GraphDataRestController.java:179)] -- getGraphJsonList
2022-11-04 23:55:18.280 [INFO ] [com.joeun.joeunmall_pjm.controller.GraphDataRestController] [http-nio-8282-exec-6] [com.joeun.joeunmall_pjm.controller.GraphDataRestController.getGraphJsonVO(GraphDataRestController.java:148)] -- getGraphJsonList
2022-11-04 23:55:18.280 [INFO ] [com.joeun.joeunmall_pjm.controller.GraphDataRestController] [http-nio-8282-exec-6] [com.joeun.joeunmall_pjm.controller.GraphDataRestController.getGraphJsonVO(GraphDataRestController.java:149)] -- graphType: price
2022-11-04 23:55:18.280 [INFO ] [com.joeun.joeunmall_pjm.controller.GraphDataRestController] [http-nio-8282-exec-6] [com.joeun.joeunmall_pjm.controller.GraphDataRestController.getGraphJsonVO(GraphDataRestController.java:150)] -- sellPeriod: allPeriod
2022-11-04 23:55:18.280 [INFO ] [com.joeun.joeunmall_pjm.controller.GraphDataRestController] [http-nio-8282-exec-6] [com.joeun.joeunmall_pjm.controller.GraphDataRestController.getGraphJsonVO(GraphDataRestController.java:151)] -- clothType: ct-all
2022-11-04 23:55:18.280 [INFO ] [com.joeun.joeunmall_pjm.controller.GraphDataRestController] [http-nio-8282-exec-6] [com.joeun.joeunmall_pjm.controller.GraphDataRestController.getGraphJsonVO(GraphDataRestController.java:179)] -- getGraphJsonList
2022-11-04 23:55:18.618 [INFO ] [com.joeun.joeunmall_pjm.controller.GraphDataRestController] [http-nio-8282-exec-5] [com.joeun.joeunmall_pjm.controller.GraphDataRestController.getGraphJsonVO(GraphDataRestController.java:148)] -- getGraphJsonList
2022-11-04 23:55:18.618 [INFO ] [com.joeun.joeunmall_pjm.controller.GraphDataRestController] [http-nio-8282-exec-5] [com.joeun.joeunmall_pjm.controller.GraphDataRestController.getGraphJsonVO(GraphDataRestController.java:149)] -- graphType: quantity
2022-11-04 23:55:18.618 [INFO ] [com.joeun.joeunmall_pjm.controller.GraphDataRestController] [http-nio-8282-exec-5] [com.joeun.joeunmall_pjm.controller.GraphDataRestController.getGraphJsonVO(GraphDataRestController.java:150)] -- sellPeriod: allPeriod
2022-11-04 23:55:18.618 [INFO ] [com.joeun.joeunmall_pjm.controller.GraphDataRestController] [http-nio-8282-exec-5] [com.joeun.joeunmall_pjm.controller.GraphDataRestController.getGraphJsonVO(GraphDataRestController.java:151)] -- clothType: ct-all
2022-11-04 23:55:18.618 [INFO ] [com.joeun.joeunmall_pjm.controller.GraphDataRestController] [http-nio-8282-exec-5] [com.joeun.joeunmall_pjm.controller.GraphDataRestController.getGraphJsonVO(GraphDataRestController.java:179)] -- getGraphJsonList
2022-11-04 23:55:18.937 [INFO ] [com.joeun.joeunmall_pjm.controller.GraphDataRestController] [http-nio-8282-exec-9] [com.joeun.joeunmall_pjm.controller.GraphDataRestController.getGraphJsonVO(GraphDataRestController.java:148)] -- getGraphJsonList
2022-11-04 23:55:18.937 [INFO ] [com.joeun.joeunmall_pjm.controller.GraphDataRestController] [http-nio-8282-exec-9] [com.joeun.joeunmall_pjm.controller.GraphDataRestController.getGraphJsonVO(GraphDataRestController.java:149)] -- graphType: price
2022-11-04 23:55:18.937 [INFO ] [com.joeun.joeunmall_pjm.controller.GraphDataRestController] [http-nio-8282-exec-9] [com.joeun.joeunmall_pjm.controller.GraphDataRestController.getGraphJsonVO(GraphDataRestController.java:150)] -- sellPeriod: allPeriod
2022-11-04 23:55:18.937 [INFO ] [com.joeun.joeunmall_pjm.controller.GraphDataRestController] [http-nio-8282-exec-9] [com.joeun.joeunmall_pjm.controller.GraphDataRestController.getGraphJsonVO(GraphDataRestController.java:151)] -- clothType: ct-all
2022-11-04 23:55:18.937 [INFO ] [com.joeun.joeunmall_pjm.controller.GraphDataRestController] [http-nio-8282-exec-9] [com.joeun.joeunmall_pjm.controller.GraphDataRestController.getGraphJsonVO(GraphDataRestController.java:179)] -- getGraphJsonList
2022-11-04 23:55:19.455 [INFO ] [com.joeun.joeunmall_pjm.controller.GraphDataRestController] [http-nio-8282-exec-3] [com.joeun.joeunmall_pjm.controller.GraphDataRestController.getGraphJsonVO(GraphDataRestController.java:148)] -- getGraphJsonList
2022-11-04 23:55:19.455 [INFO ] [com.joeun.joeunmall_pjm.controller.GraphDataRestController] [http-nio-8282-exec-3] [com.joeun.joeunmall_pjm.controller.GraphDataRestController.getGraphJsonVO(GraphDataRestController.java:149)] -- graphType: quantity
2022-11-04 23:55:19.455 [INFO ] [com.joeun.joeunmall_pjm.controller.GraphDataRestController] [http-nio-8282-exec-3] [com.joeun.joeunmall_pjm.controller.GraphDataRestController.getGraphJsonVO(GraphDataRestController.java:150)] -- sellPeriod: allPeriod
2022-11-04 23:55:19.455 [INFO ] [com.joeun.joeunmall_pjm.controller.GraphDataRestController] [http-nio-8282-exec-3] [com.joeun.joeunmall_pjm.controller.GraphDataRestController.getGraphJsonVO(GraphDataRestController.java:151)] -- clothType: ct-all
2022-11-04 23:55:19.455 [INFO ] [com.joeun.joeunmall_pjm.controller.GraphDataRestController] [http-nio-8282-exec-3] [com.joeun.joeunmall_pjm.controller.GraphDataRestController.getGraphJsonVO(GraphDataRestController.java:179)] -- getGraphJsonList
2022-11-04 23:55:20.004 [INFO ] [com.joeun.joeunmall_pjm.controller.GraphDataRestController] [http-nio-8282-exec-7] [com.joeun.joeunmall_pjm.controller.GraphDataRestController.getGraphJsonVO(GraphDataRestController.java:148)] -- getGraphJsonList
2022-11-04 23:55:20.004 [INFO ] [com.joeun.joeunmall_pjm.controller.GraphDataRestController] [http-nio-8282-exec-7] [com.joeun.joeunmall_pjm.controller.GraphDataRestController.getGraphJsonVO(GraphDataRestController.java:149)] -- graphType: price
2022-11-04 23:55:20.004 [INFO ] [com.joeun.joeunmall_pjm.controller.GraphDataRestController] [http-nio-8282-exec-7] [com.joeun.joeunmall_pjm.controller.GraphDataRestController.getGraphJsonVO(GraphDataRestController.java:150)] -- sellPeriod: allPeriod
2022-11-04 23:55:20.005 [INFO ] [com.joeun.joeunmall_pjm.controller.GraphDataRestController] [http-nio-8282-exec-7] [com.joeun.joeunmall_pjm.controller.GraphDataRestController.getGraphJsonVO(GraphDataRestController.java:151)] -- clothType: ct-all
2022-11-04 23:55:20.005 [INFO ] [com.joeun.joeunmall_pjm.controller.GraphDataRestController] [http-nio-8282-exec-7] [com.joeun.joeunmall_pjm.controller.GraphDataRestController.getGraphJsonVO(GraphDataRestController.java:179)] -- getGraphJsonList
2022-11-04 23:55:33.515 [INFO ] [com.joeun.joeunmall_pjm.controller.HomeController] [http-nio-8282-exec-10] [com.joeun.joeunmall_pjm.controller.HomeController.home(HomeController.java:14)] -- home
2022-11-04 23:55:33.666 [INFO ] [com.joeun.joeunmall_pjm.controller.HomeController] [http-nio-8282-exec-6] [com.joeun.joeunmall_pjm.controller.HomeController.home(HomeController.java:14)] -- home
2022-11-04 23:55:33.812 [INFO ] [com.joeun.joeunmall_pjm.controller.HomeController] [http-nio-8282-exec-10] [com.joeun.joeunmall_pjm.controller.HomeController.home(HomeController.java:14)] -- home
2022-11-04 23:55:33.937 [INFO ] [com.joeun.joeunmall_pjm.controller.HomeController] [http-nio-8282-exec-6] [com.joeun.joeunmall_pjm.controller.HomeController.home(HomeController.java:14)] -- home
2022-11-04 23:55:34.050 [INFO ] [com.joeun.joeunmall_pjm.controller.HomeController] [http-nio-8282-exec-10] [com.joeun.joeunmall_pjm.controller.HomeController.home(HomeController.java:14)] -- home
2022-11-04 23:55:34.182 [INFO ] [com.joeun.joeunmall_pjm.controller.HomeController] [http-nio-8282-exec-6] [com.joeun.joeunmall_pjm.controller.HomeController.home(HomeController.java:14)] -- home
2022-11-04 23:55:34.311 [INFO ] [com.joeun.joeunmall_pjm.controller.HomeController] [http-nio-8282-exec-10] [com.joeun.joeunmall_pjm.controller.HomeController.home(HomeController.java:14)] -- home
2022-11-04 23:55:34.436 [INFO ] [com.joeun.joeunmall_pjm.controller.HomeController] [http-nio-8282-exec-6] [com.joeun.joeunmall_pjm.controller.HomeController.home(HomeController.java:14)] -- home
2022-11-04 23:55:35.162 [INFO ] [com.joeun.joeunmall_pjm.controller.GraphDataRestController] [http-nio-8282-exec-10] [com.joeun.joeunmall_pjm.controller.GraphDataRestController.getGraphJsonVO(GraphDataRestController.java:148)] -- getGraphJsonList
2022-11-04 23:55:35.162 [INFO ] [com.joeun.joeunmall_pjm.controller.GraphDataRestController] [http-nio-8282-exec-10] [com.joeun.joeunmall_pjm.controller.GraphDataRestController.getGraphJsonVO(GraphDataRestController.java:149)] -- graphType: quantity
2022-11-04 23:55:35.162 [INFO ] [com.joeun.joeunmall_pjm.controller.GraphDataRestController] [http-nio-8282-exec-10] [com.joeun.joeunmall_pjm.controller.GraphDataRestController.getGraphJsonVO(GraphDataRestController.java:150)] -- sellPeriod: allPeriod
2022-11-04 23:55:35.162 [INFO ] [com.joeun.joeunmall_pjm.controller.GraphDataRestController] [http-nio-8282-exec-10] [com.joeun.joeunmall_pjm.controller.GraphDataRestController.getGraphJsonVO(GraphDataRestController.java:151)] -- clothType: ct-all
2022-11-04 23:55:35.162 [INFO ] [com.joeun.joeunmall_pjm.controller.GraphDataRestController] [http-nio-8282-exec-10] [com.joeun.joeunmall_pjm.controller.GraphDataRestController.getGraphJsonVO(GraphDataRestController.java:179)] -- getGraphJsonList
2022-11-04 23:55:35.656 [INFO ] [com.joeun.joeunmall_pjm.controller.GraphDataRestController] [http-nio-8282-exec-2] [com.joeun.joeunmall_pjm.controller.GraphDataRestController.getGraphJsonVO(GraphDataRestController.java:148)] -- getGraphJsonList
2022-11-04 23:55:35.657 [INFO ] [com.joeun.joeunmall_pjm.controller.GraphDataRestController] [http-nio-8282-exec-2] [com.joeun.joeunmall_pjm.controller.GraphDataRestController.getGraphJsonVO(GraphDataRestController.java:149)] -- graphType: price
2022-11-04 23:55:35.657 [INFO ] [com.joeun.joeunmall_pjm.controller.GraphDataRestController] [http-nio-8282-exec-2] [com.joeun.joeunmall_pjm.controller.GraphDataRestController.getGraphJsonVO(GraphDataRestController.java:150)] -- sellPeriod: allPeriod
2022-11-04 23:55:35.657 [INFO ] [com.joeun.joeunmall_pjm.controller.GraphDataRestController] [http-nio-8282-exec-2] [com.joeun.joeunmall_pjm.controller.GraphDataRestController.getGraphJsonVO(GraphDataRestController.java:151)] -- clothType: ct-all
2022-11-04 23:55:35.657 [INFO ] [com.joeun.joeunmall_pjm.controller.GraphDataRestController] [http-nio-8282-exec-2] [com.joeun.joeunmall_pjm.controller.GraphDataRestController.getGraphJsonVO(GraphDataRestController.java:179)] -- getGraphJsonList
2022-11-04 23:55:36.061 [INFO ] [com.joeun.joeunmall_pjm.controller.GraphDataRestController] [http-nio-8282-exec-4] [com.joeun.joeunmall_pjm.controller.GraphDataRestController.getGraphJsonVO(GraphDataRestController.java:148)] -- getGraphJsonList
2022-11-04 23:55:36.061 [INFO ] [com.joeun.joeunmall_pjm.controller.GraphDataRestController] [http-nio-8282-exec-4] [com.joeun.joeunmall_pjm.controller.GraphDataRestController.getGraphJsonVO(GraphDataRestController.java:149)] -- graphType: quantity
2022-11-04 23:55:36.061 [INFO ] [com.joeun.joeunmall_pjm.controller.GraphDataRestController] [http-nio-8282-exec-4] [com.joeun.joeunmall_pjm.controller.GraphDataRestController.getGraphJsonVO(GraphDataRestController.java:150)] -- sellPeriod: allPeriod
2022-11-04 23:55:36.061 [INFO ] [com.joeun.joeunmall_pjm.controller.GraphDataRestController] [http-nio-8282-exec-4] [com.joeun.joeunmall_pjm.controller.GraphDataRestController.getGraphJsonVO(GraphDataRestController.java:151)] -- clothType: ct-all
2022-11-04 23:55:36.061 [INFO ] [com.joeun.joeunmall_pjm.controller.GraphDataRestController] [http-nio-8282-exec-4] [com.joeun.joeunmall_pjm.controller.GraphDataRestController.getGraphJsonVO(GraphDataRestController.java:179)] -- getGraphJsonList
2022-11-04 23:55:36.386 [INFO ] [com.joeun.joeunmall_pjm.controller.GraphDataRestController] [http-nio-8282-exec-6] [com.joeun.joeunmall_pjm.controller.GraphDataRestController.getGraphJsonVO(GraphDataRestController.java:148)] -- getGraphJsonList
2022-11-04 23:55:36.386 [INFO ] [com.joeun.joeunmall_pjm.controller.GraphDataRestController] [http-nio-8282-exec-6] [com.joeun.joeunmall_pjm.controller.GraphDataRestController.getGraphJsonVO(GraphDataRestController.java:149)] -- graphType: price
2022-11-04 23:55:36.386 [INFO ] [com.joeun.joeunmall_pjm.controller.GraphDataRestController] [http-nio-8282-exec-6] [com.joeun.joeunmall_pjm.controller.GraphDataRestController.getGraphJsonVO(GraphDataRestController.java:150)] -- sellPeriod: allPeriod
2022-11-04 23:55:36.386 [INFO ] [com.joeun.joeunmall_pjm.controller.GraphDataRestController] [http-nio-8282-exec-6] [com.joeun.joeunmall_pjm.controller.GraphDataRestController.getGraphJsonVO(GraphDataRestController.java:151)] -- clothType: ct-all
2022-11-04 23:55:36.386 [INFO ] [com.joeun.joeunmall_pjm.controller.GraphDataRestController] [http-nio-8282-exec-6] [com.joeun.joeunmall_pjm.controller.GraphDataRestController.getGraphJsonVO(GraphDataRestController.java:179)] -- getGraphJsonList
2022-11-04 23:55:36.814 [INFO ] [com.joeun.joeunmall_pjm.controller.GraphDataRestController] [http-nio-8282-exec-9] [com.joeun.joeunmall_pjm.controller.GraphDataRestController.getGraphJsonVO(GraphDataRestController.java:148)] -- getGraphJsonList
2022-11-04 23:55:36.814 [INFO ] [com.joeun.joeunmall_pjm.controller.GraphDataRestController] [http-nio-8282-exec-9] [com.joeun.joeunmall_pjm.controller.GraphDataRestController.getGraphJsonVO(GraphDataRestController.java:149)] -- graphType: quantity
2022-11-04 23:55:36.815 [INFO ] [com.joeun.joeunmall_pjm.controller.GraphDataRestController] [http-nio-8282-exec-9] [com.joeun.joeunmall_pjm.controller.GraphDataRestController.getGraphJsonVO(GraphDataRestController.java:150)] -- sellPeriod: allPeriod
2022-11-04 23:55:36.815 [INFO ] [com.joeun.joeunmall_pjm.controller.GraphDataRestController] [http-nio-8282-exec-9] [com.joeun.joeunmall_pjm.controller.GraphDataRestController.getGraphJsonVO(GraphDataRestController.java:151)] -- clothType: ct-all
2022-11-04 23:55:36.815 [INFO ] [com.joeun.joeunmall_pjm.controller.GraphDataRestController] [http-nio-8282-exec-9] [com.joeun.joeunmall_pjm.controller.GraphDataRestController.getGraphJsonVO(GraphDataRestController.java:179)] -- getGraphJsonList
2022-11-04 23:55:37.189 [INFO ] [com.joeun.joeunmall_pjm.controller.GraphDataRestController] [http-nio-8282-exec-5] [com.joeun.joeunmall_pjm.controller.GraphDataRestController.getGraphJsonVO(GraphDataRestController.java:148)] -- getGraphJsonList
2022-11-04 23:55:37.189 [INFO ] [com.joeun.joeunmall_pjm.controller.GraphDataRestController] [http-nio-8282-exec-5] [com.joeun.joeunmall_pjm.controller.GraphDataRestController.getGraphJsonVO(GraphDataRestController.java:149)] -- graphType: price
2022-11-04 23:55:37.189 [INFO ] [com.joeun.joeunmall_pjm.controller.GraphDataRestController] [http-nio-8282-exec-5] [com.joeun.joeunmall_pjm.controller.GraphDataRestController.getGraphJsonVO(GraphDataRestController.java:150)] -- sellPeriod: allPeriod
2022-11-04 23:55:37.189 [INFO ] [com.joeun.joeunmall_pjm.controller.GraphDataRestController] [http-nio-8282-exec-5] [com.joeun.joeunmall_pjm.controller.GraphDataRestController.getGraphJsonVO(GraphDataRestController.java:151)] -- clothType: ct-all
2022-11-04 23:55:37.189 [INFO ] [com.joeun.joeunmall_pjm.controller.GraphDataRestController] [http-nio-8282-exec-5] [com.joeun.joeunmall_pjm.controller.GraphDataRestController.getGraphJsonVO(GraphDataRestController.java:179)] -- getGraphJsonList
2022-11-04 23:55:37.785 [INFO ] [com.joeun.joeunmall_pjm.controller.GraphDataRestController] [http-nio-8282-exec-7] [com.joeun.joeunmall_pjm.controller.GraphDataRestController.getGraphJsonVO(GraphDataRestController.java:148)] -- getGraphJsonList
2022-11-04 23:55:37.785 [INFO ] [com.joeun.joeunmall_pjm.controller.GraphDataRestController] [http-nio-8282-exec-7] [com.joeun.joeunmall_pjm.controller.GraphDataRestController.getGraphJsonVO(GraphDataRestController.java:149)] -- graphType: quantity
2022-11-04 23:55:37.785 [INFO ] [com.joeun.joeunmall_pjm.controller.GraphDataRestController] [http-nio-8282-exec-7] [com.joeun.joeunmall_pjm.controller.GraphDataRestController.getGraphJsonVO(GraphDataRestController.java:150)] -- sellPeriod: allPeriod
2022-11-04 23:55:37.785 [INFO ] [com.joeun.joeunmall_pjm.controller.GraphDataRestController] [http-nio-8282-exec-7] [com.joeun.joeunmall_pjm.controller.GraphDataRestController.getGraphJsonVO(GraphDataRestController.java:151)] -- clothType: ct-all
2022-11-04 23:55:37.785 [INFO ] [com.joeun.joeunmall_pjm.controller.GraphDataRestController] [http-nio-8282-exec-7] [com.joeun.joeunmall_pjm.controller.GraphDataRestController.getGraphJsonVO(GraphDataRestController.java:179)] -- getGraphJsonList
2022-11-04 23:55:42.087 [INFO ] [com.joeun.joeunmall_pjm.controller.HomeController] [http-nio-8282-exec-2] [com.joeun.joeunmall_pjm.controller.HomeController.home(HomeController.java:14)] -- home
2022-11-04 23:55:43.245 [INFO ] [com.joeun.joeunmall_pjm.controller.GraphDataRestController] [http-nio-8282-exec-5] [com.joeun.joeunmall_pjm.controller.GraphDataRestController.getGraphJsonVO(GraphDataRestController.java:148)] -- getGraphJsonList
2022-11-04 23:55:43.245 [INFO ] [com.joeun.joeunmall_pjm.controller.GraphDataRestController] [http-nio-8282-exec-5] [com.joeun.joeunmall_pjm.controller.GraphDataRestController.getGraphJsonVO(GraphDataRestController.java:149)] -- graphType: quantity
2022-11-04 23:55:43.246 [INFO ] [com.joeun.joeunmall_pjm.controller.GraphDataRestController] [http-nio-8282-exec-5] [com.joeun.joeunmall_pjm.controller.GraphDataRestController.getGraphJsonVO(GraphDataRestController.java:150)] -- sellPeriod: allPeriod
2022-11-04 23:55:43.246 [INFO ] [com.joeun.joeunmall_pjm.controller.GraphDataRestController] [http-nio-8282-exec-5] [com.joeun.joeunmall_pjm.controller.GraphDataRestController.getGraphJsonVO(GraphDataRestController.java:151)] -- clothType: ct-all
2022-11-04 23:55:43.246 [INFO ] [com.joeun.joeunmall_pjm.controller.GraphDataRestController] [http-nio-8282-exec-5] [com.joeun.joeunmall_pjm.controller.GraphDataRestController.getGraphJsonVO(GraphDataRestController.java:179)] -- getGraphJsonList
2022-11-04 23:55:43.832 [INFO ] [com.joeun.joeunmall_pjm.controller.GraphDataRestController] [http-nio-8282-exec-10] [com.joeun.joeunmall_pjm.controller.GraphDataRestController.getGraphJsonVO(GraphDataRestController.java:148)] -- getGraphJsonList
2022-11-04 23:55:43.832 [INFO ] [com.joeun.joeunmall_pjm.controller.GraphDataRestController] [http-nio-8282-exec-10] [com.joeun.joeunmall_pjm.controller.GraphDataRestController.getGraphJsonVO(GraphDataRestController.java:149)] -- graphType: price
2022-11-04 23:55:43.832 [INFO ] [com.joeun.joeunmall_pjm.controller.GraphDataRestController] [http-nio-8282-exec-10] [com.joeun.joeunmall_pjm.controller.GraphDataRestController.getGraphJsonVO(GraphDataRestController.java:150)] -- sellPeriod: allPeriod
2022-11-04 23:55:43.832 [INFO ] [com.joeun.joeunmall_pjm.controller.GraphDataRestController] [http-nio-8282-exec-10] [com.joeun.joeunmall_pjm.controller.GraphDataRestController.getGraphJsonVO(GraphDataRestController.java:151)] -- clothType: ct-all
2022-11-04 23:55:43.833 [INFO ] [com.joeun.joeunmall_pjm.controller.GraphDataRestController] [http-nio-8282-exec-10] [com.joeun.joeunmall_pjm.controller.GraphDataRestController.getGraphJsonVO(GraphDataRestController.java:179)] -- getGraphJsonList
2022-11-04 23:55:45.312 [INFO ] [com.joeun.joeunmall_pjm.controller.GraphDataRestController] [http-nio-8282-exec-1] [com.joeun.joeunmall_pjm.controller.GraphDataRestController.getGraphJsonVO(GraphDataRestController.java:148)] -- getGraphJsonList
2022-11-04 23:55:45.312 [INFO ] [com.joeun.joeunmall_pjm.controller.GraphDataRestController] [http-nio-8282-exec-1] [com.joeun.joeunmall_pjm.controller.GraphDataRestController.getGraphJsonVO(GraphDataRestController.java:149)] -- graphType: quantity
2022-11-04 23:55:45.312 [INFO ] [com.joeun.joeunmall_pjm.controller.GraphDataRestController] [http-nio-8282-exec-1] [com.joeun.joeunmall_pjm.controller.GraphDataRestController.getGraphJsonVO(GraphDataRestController.java:150)] -- sellPeriod: 2209
2022-11-04 23:55:45.312 [INFO ] [com.joeun.joeunmall_pjm.controller.GraphDataRestController] [http-nio-8282-exec-1] [com.joeun.joeunmall_pjm.controller.GraphDataRestController.getGraphJsonVO(GraphDataRestController.java:151)] -- clothType: ct-all
2022-11-04 23:55:45.312 [INFO ] [com.joeun.joeunmall_pjm.controller.GraphDataRestController] [http-nio-8282-exec-1] [com.joeun.joeunmall_pjm.controller.GraphDataRestController.getGraphJsonVO(GraphDataRestController.java:179)] -- getGraphJsonList
2022-11-04 23:55:45.877 [INFO ] [com.joeun.joeunmall_pjm.controller.GraphDataRestController] [http-nio-8282-exec-2] [com.joeun.joeunmall_pjm.controller.GraphDataRestController.getGraphJsonVO(GraphDataRestController.java:148)] -- getGraphJsonList
2022-11-04 23:55:45.878 [INFO ] [com.joeun.joeunmall_pjm.controller.GraphDataRestController] [http-nio-8282-exec-2] [com.joeun.joeunmall_pjm.controller.GraphDataRestController.getGraphJsonVO(GraphDataRestController.java:149)] -- graphType: price
2022-11-04 23:55:45.878 [INFO ] [com.joeun.joeunmall_pjm.controller.GraphDataRestController] [http-nio-8282-exec-2] [com.joeun.joeunmall_pjm.controller.GraphDataRestController.getGraphJsonVO(GraphDataRestController.java:150)] -- sellPeriod: 2209
2022-11-04 23:55:45.878 [INFO ] [com.joeun.joeunmall_pjm.controller.GraphDataRestController] [http-nio-8282-exec-2] [com.joeun.joeunmall_pjm.controller.GraphDataRestController.getGraphJsonVO(GraphDataRestController.java:151)] -- clothType: ct-all
2022-11-04 23:55:45.878 [INFO ] [com.joeun.joeunmall_pjm.controller.GraphDataRestController] [http-nio-8282-exec-2] [com.joeun.joeunmall_pjm.controller.GraphDataRestController.getGraphJsonVO(GraphDataRestController.java:179)] -- getGraphJsonList
2022-11-04 23:56:06.795 [INFO ] [com.joeun.joeunmall_pjm.controller.GraphDataRestController] [http-nio-8282-exec-5] [com.joeun.joeunmall_pjm.controller.GraphDataRestController.getGraphJsonVO(GraphDataRestController.java:148)] -- getGraphJsonList
2022-11-04 23:56:06.795 [INFO ] [com.joeun.joeunmall_pjm.controller.GraphDataRestController] [http-nio-8282-exec-5] [com.joeun.joeunmall_pjm.controller.GraphDataRestController.getGraphJsonVO(GraphDataRestController.java:149)] -- graphType: quantity
2022-11-04 23:56:06.795 [INFO ] [com.joeun.joeunmall_pjm.controller.GraphDataRestController] [http-nio-8282-exec-5] [com.joeun.joeunmall_pjm.controller.GraphDataRestController.getGraphJsonVO(GraphDataRestController.java:150)] -- sellPeriod: 2209
2022-11-04 23:56:06.795 [INFO ] [com.joeun.joeunmall_pjm.controller.GraphDataRestController] [http-nio-8282-exec-5] [com.joeun.joeunmall_pjm.controller.GraphDataRestController.getGraphJsonVO(GraphDataRestController.java:151)] -- clothType: ct-all
2022-11-04 23:56:06.795 [INFO ] [com.joeun.joeunmall_pjm.controller.GraphDataRestController] [http-nio-8282-exec-5] [com.joeun.joeunmall_pjm.controller.GraphDataRestController.getGraphJsonVO(GraphDataRestController.java:179)] -- getGraphJsonList
2022-11-04 23:56:35.606 [INFO ] [com.joeun.joeunmall_pjm.controller.HomeController] [http-nio-8282-exec-1] [com.joeun.joeunmall_pjm.controller.HomeController.home(HomeController.java:14)] -- home
2022-11-04 23:56:36.092 [INFO ] [com.joeun.joeunmall_pjm.controller.HomeController] [http-nio-8282-exec-9] [com.joeun.joeunmall_pjm.controller.HomeController.home(HomeController.java:14)] -- home
2022-11-04 23:56:36.261 [INFO ] [com.joeun.joeunmall_pjm.controller.HomeController] [http-nio-8282-exec-6] [com.joeun.joeunmall_pjm.controller.HomeController.home(HomeController.java:14)] -- home
2022-11-04 23:56:36.411 [INFO ] [com.joeun.joeunmall_pjm.controller.HomeController] [http-nio-8282-exec-1] [com.joeun.joeunmall_pjm.controller.HomeController.home(HomeController.java:14)] -- home
2022-11-04 23:56:36.528 [INFO ] [com.joeun.joeunmall_pjm.controller.HomeController] [http-nio-8282-exec-3] [com.joeun.joeunmall_pjm.controller.HomeController.home(HomeController.java:14)] -- home
2022-11-04 23:56:36.645 [INFO ] [com.joeun.joeunmall_pjm.controller.HomeController] [http-nio-8282-exec-6] [com.joeun.joeunmall_pjm.controller.HomeController.home(HomeController.java:14)] -- home
2022-11-04 23:56:36.770 [INFO ] [com.joeun.joeunmall_pjm.controller.HomeController] [http-nio-8282-exec-1] [com.joeun.joeunmall_pjm.controller.HomeController.home(HomeController.java:14)] -- home
2022-11-04 23:56:41.102 [INFO ] [com.joeun.joeunmall_pjm.controller.GraphDataRestController] [http-nio-8282-exec-2] [com.joeun.joeunmall_pjm.controller.GraphDataRestController.getGraphJsonVO(GraphDataRestController.java:148)] -- getGraphJsonList
2022-11-04 23:56:41.102 [INFO ] [com.joeun.joeunmall_pjm.controller.GraphDataRestController] [http-nio-8282-exec-2] [com.joeun.joeunmall_pjm.controller.GraphDataRestController.getGraphJsonVO(GraphDataRestController.java:149)] -- graphType: quantity
2022-11-04 23:56:41.102 [INFO ] [com.joeun.joeunmall_pjm.controller.GraphDataRestController] [http-nio-8282-exec-2] [com.joeun.joeunmall_pjm.controller.GraphDataRestController.getGraphJsonVO(GraphDataRestController.java:150)] -- sellPeriod: 2208
2022-11-04 23:56:41.102 [INFO ] [com.joeun.joeunmall_pjm.controller.GraphDataRestController] [http-nio-8282-exec-2] [com.joeun.joeunmall_pjm.controller.GraphDataRestController.getGraphJsonVO(GraphDataRestController.java:151)] -- clothType: ct-all
2022-11-04 23:56:41.102 [INFO ] [com.joeun.joeunmall_pjm.controller.GraphDataRestController] [http-nio-8282-exec-2] [com.joeun.joeunmall_pjm.controller.GraphDataRestController.getGraphJsonVO(GraphDataRestController.java:179)] -- getGraphJsonList
2022-11-04 23:56:41.701 [INFO ] [com.joeun.joeunmall_pjm.controller.GraphDataRestController] [http-nio-8282-exec-9] [com.joeun.joeunmall_pjm.controller.GraphDataRestController.getGraphJsonVO(GraphDataRestController.java:148)] -- getGraphJsonList
2022-11-04 23:56:41.701 [INFO ] [com.joeun.joeunmall_pjm.controller.GraphDataRestController] [http-nio-8282-exec-9] [com.joeun.joeunmall_pjm.controller.GraphDataRestController.getGraphJsonVO(GraphDataRestController.java:149)] -- graphType: price
2022-11-04 23:56:41.701 [INFO ] [com.joeun.joeunmall_pjm.controller.GraphDataRestController] [http-nio-8282-exec-9] [com.joeun.joeunmall_pjm.controller.GraphDataRestController.getGraphJsonVO(GraphDataRestController.java:150)] -- sellPeriod: 2208
2022-11-04 23:56:41.701 [INFO ] [com.joeun.joeunmall_pjm.controller.GraphDataRestController] [http-nio-8282-exec-9] [com.joeun.joeunmall_pjm.controller.GraphDataRestController.getGraphJsonVO(GraphDataRestController.java:151)] -- clothType: ct-all
2022-11-04 23:56:41.701 [INFO ] [com.joeun.joeunmall_pjm.controller.GraphDataRestController] [http-nio-8282-exec-9] [com.joeun.joeunmall_pjm.controller.GraphDataRestController.getGraphJsonVO(GraphDataRestController.java:179)] -- getGraphJsonList
2022-11-04 23:56:44.521 [INFO ] [com.joeun.joeunmall_pjm.controller.GraphDataRestController] [http-nio-8282-exec-6] [com.joeun.joeunmall_pjm.controller.GraphDataRestController.getGraphJsonVO(GraphDataRestController.java:148)] -- getGraphJsonList
2022-11-04 23:56:44.521 [INFO ] [com.joeun.joeunmall_pjm.controller.GraphDataRestController] [http-nio-8282-exec-6] [com.joeun.joeunmall_pjm.controller.GraphDataRestController.getGraphJsonVO(GraphDataRestController.java:149)] -- graphType: quantity
2022-11-04 23:56:44.521 [INFO ] [com.joeun.joeunmall_pjm.controller.GraphDataRestController] [http-nio-8282-exec-6] [com.joeun.joeunmall_pjm.controller.GraphDataRestController.getGraphJsonVO(GraphDataRestController.java:150)] -- sellPeriod: 2209
2022-11-04 23:56:44.521 [INFO ] [com.joeun.joeunmall_pjm.controller.GraphDataRestController] [http-nio-8282-exec-6] [com.joeun.joeunmall_pjm.controller.GraphDataRestController.getGraphJsonVO(GraphDataRestController.java:151)] -- clothType: ct-all
2022-11-04 23:56:44.521 [INFO ] [com.joeun.joeunmall_pjm.controller.GraphDataRestController] [http-nio-8282-exec-6] [com.joeun.joeunmall_pjm.controller.GraphDataRestController.getGraphJsonVO(GraphDataRestController.java:179)] -- getGraphJsonList
2022-11-04 23:56:45.059 [INFO ] [com.joeun.joeunmall_pjm.controller.GraphDataRestController] [http-nio-8282-exec-5] [com.joeun.joeunmall_pjm.controller.GraphDataRestController.getGraphJsonVO(GraphDataRestController.java:148)] -- getGraphJsonList
2022-11-04 23:56:45.059 [INFO ] [com.joeun.joeunmall_pjm.controller.GraphDataRestController] [http-nio-8282-exec-5] [com.joeun.joeunmall_pjm.controller.GraphDataRestController.getGraphJsonVO(GraphDataRestController.java:149)] -- graphType: price
2022-11-04 23:56:45.059 [INFO ] [com.joeun.joeunmall_pjm.controller.GraphDataRestController] [http-nio-8282-exec-5] [com.joeun.joeunmall_pjm.controller.GraphDataRestController.getGraphJsonVO(GraphDataRestController.java:150)] -- sellPeriod: 2209
2022-11-04 23:56:45.059 [INFO ] [com.joeun.joeunmall_pjm.controller.GraphDataRestController] [http-nio-8282-exec-5] [com.joeun.joeunmall_pjm.controller.GraphDataRestController.getGraphJsonVO(GraphDataRestController.java:151)] -- clothType: ct-all
2022-11-04 23:56:45.059 [INFO ] [com.joeun.joeunmall_pjm.controller.GraphDataRestController] [http-nio-8282-exec-5] [com.joeun.joeunmall_pjm.controller.GraphDataRestController.getGraphJsonVO(GraphDataRestController.java:179)] -- getGraphJsonList
2022-11-04 23:56:46.653 [INFO ] [com.joeun.joeunmall_pjm.controller.GraphDataRestController] [http-nio-8282-exec-10] [com.joeun.joeunmall_pjm.controller.GraphDataRestController.getGraphJsonVO(GraphDataRestController.java:148)] -- getGraphJsonList
2022-11-04 23:56:46.653 [INFO ] [com.joeun.joeunmall_pjm.controller.GraphDataRestController] [http-nio-8282-exec-10] [com.joeun.joeunmall_pjm.controller.GraphDataRestController.getGraphJsonVO(GraphDataRestController.java:149)] -- graphType: quantity
2022-11-04 23:56:46.653 [INFO ] [com.joeun.joeunmall_pjm.controller.GraphDataRestController] [http-nio-8282-exec-10] [com.joeun.joeunmall_pjm.controller.GraphDataRestController.getGraphJsonVO(GraphDataRestController.java:150)] -- sellPeriod: 2206
2022-11-04 23:56:46.653 [INFO ] [com.joeun.joeunmall_pjm.controller.GraphDataRestController] [http-nio-8282-exec-10] [com.joeun.joeunmall_pjm.controller.GraphDataRestController.getGraphJsonVO(GraphDataRestController.java:151)] -- clothType: ct-all
2022-11-04 23:56:46.653 [INFO ] [com.joeun.joeunmall_pjm.controller.GraphDataRestController] [http-nio-8282-exec-10] [com.joeun.joeunmall_pjm.controller.GraphDataRestController.getGraphJsonVO(GraphDataRestController.java:179)] -- getGraphJsonList
2022-11-04 23:56:47.541 [INFO ] [com.joeun.joeunmall_pjm.controller.GraphDataRestController] [http-nio-8282-exec-7] [com.joeun.joeunmall_pjm.controller.GraphDataRestController.getGraphJsonVO(GraphDataRestController.java:148)] -- getGraphJsonList
2022-11-04 23:56:47.541 [INFO ] [com.joeun.joeunmall_pjm.controller.GraphDataRestController] [http-nio-8282-exec-7] [com.joeun.joeunmall_pjm.controller.GraphDataRestController.getGraphJsonVO(GraphDataRestController.java:149)] -- graphType: price
2022-11-04 23:56:47.541 [INFO ] [com.joeun.joeunmall_pjm.controller.GraphDataRestController] [http-nio-8282-exec-7] [com.joeun.joeunmall_pjm.controller.GraphDataRestController.getGraphJsonVO(GraphDataRestController.java:150)] -- sellPeriod: 2206
2022-11-04 23:56:47.541 [INFO ] [com.joeun.joeunmall_pjm.controller.GraphDataRestController] [http-nio-8282-exec-7] [com.joeun.joeunmall_pjm.controller.GraphDataRestController.getGraphJsonVO(GraphDataRestController.java:151)] -- clothType: ct-all
2022-11-04 23:56:47.541 [INFO ] [com.joeun.joeunmall_pjm.controller.GraphDataRestController] [http-nio-8282-exec-7] [com.joeun.joeunmall_pjm.controller.GraphDataRestController.getGraphJsonVO(GraphDataRestController.java:179)] -- getGraphJsonList
2022-11-04 23:56:58.033 [INFO ] [com.joeun.joeunmall_pjm.controller.GraphDataRestController] [http-nio-8282-exec-3] [com.joeun.joeunmall_pjm.controller.GraphDataRestController.getGraphJsonVO(GraphDataRestController.java:148)] -- getGraphJsonList
2022-11-04 23:56:58.033 [INFO ] [com.joeun.joeunmall_pjm.controller.GraphDataRestController] [http-nio-8282-exec-3] [com.joeun.joeunmall_pjm.controller.GraphDataRestController.getGraphJsonVO(GraphDataRestController.java:149)] -- graphType: quantity
2022-11-04 23:56:58.033 [INFO ] [com.joeun.joeunmall_pjm.controller.GraphDataRestController] [http-nio-8282-exec-3] [com.joeun.joeunmall_pjm.controller.GraphDataRestController.getGraphJsonVO(GraphDataRestController.java:150)] -- sellPeriod: 2206
2022-11-04 23:56:58.033 [INFO ] [com.joeun.joeunmall_pjm.controller.GraphDataRestController] [http-nio-8282-exec-3] [com.joeun.joeunmall_pjm.controller.GraphDataRestController.getGraphJsonVO(GraphDataRestController.java:151)] -- clothType: ct-1
2022-11-04 23:56:58.033 [INFO ] [com.joeun.joeunmall_pjm.controller.GraphDataRestController] [http-nio-8282-exec-3] [com.joeun.joeunmall_pjm.controller.GraphDataRestController.getGraphJsonVO(GraphDataRestController.java:183)] -- getGraphJsonList
2022-11-04 23:56:58.585 [INFO ] [com.joeun.joeunmall_pjm.controller.GraphDataRestController] [http-nio-8282-exec-4] [com.joeun.joeunmall_pjm.controller.GraphDataRestController.getGraphJsonVO(GraphDataRestController.java:148)] -- getGraphJsonList
2022-11-04 23:56:58.586 [INFO ] [com.joeun.joeunmall_pjm.controller.GraphDataRestController] [http-nio-8282-exec-4] [com.joeun.joeunmall_pjm.controller.GraphDataRestController.getGraphJsonVO(GraphDataRestController.java:149)] -- graphType: price
2022-11-04 23:56:58.586 [INFO ] [com.joeun.joeunmall_pjm.controller.GraphDataRestController] [http-nio-8282-exec-4] [com.joeun.joeunmall_pjm.controller.GraphDataRestController.getGraphJsonVO(GraphDataRestController.java:150)] -- sellPeriod: 2206
2022-11-04 23:56:58.586 [INFO ] [com.joeun.joeunmall_pjm.controller.GraphDataRestController] [http-nio-8282-exec-4] [com.joeun.joeunmall_pjm.controller.GraphDataRestController.getGraphJsonVO(GraphDataRestController.java:151)] -- clothType: ct-1
2022-11-04 23:56:58.586 [INFO ] [com.joeun.joeunmall_pjm.controller.GraphDataRestController] [http-nio-8282-exec-4] [com.joeun.joeunmall_pjm.controller.GraphDataRestController.getGraphJsonVO(GraphDataRestController.java:183)] -- getGraphJsonList
2022-11-04 23:57:04.335 [INFO ] [com.joeun.joeunmall_pjm.controller.GraphDataRestController] [http-nio-8282-exec-8] [com.joeun.joeunmall_pjm.controller.GraphDataRestController.getGraphJsonVO(GraphDataRestController.java:148)] -- getGraphJsonList
2022-11-04 23:57:04.335 [INFO ] [com.joeun.joeunmall_pjm.controller.GraphDataRestController] [http-nio-8282-exec-8] [com.joeun.joeunmall_pjm.controller.GraphDataRestController.getGraphJsonVO(GraphDataRestController.java:149)] -- graphType: quantity
2022-11-04 23:57:04.335 [INFO ] [com.joeun.joeunmall_pjm.controller.GraphDataRestController] [http-nio-8282-exec-8] [com.joeun.joeunmall_pjm.controller.GraphDataRestController.getGraphJsonVO(GraphDataRestController.java:150)] -- sellPeriod: allPeriod
2022-11-04 23:57:04.335 [INFO ] [com.joeun.joeunmall_pjm.controller.GraphDataRestController] [http-nio-8282-exec-8] [com.joeun.joeunmall_pjm.controller.GraphDataRestController.getGraphJsonVO(GraphDataRestController.java:151)] -- clothType: ct-1
2022-11-04 23:57:04.335 [INFO ] [com.joeun.joeunmall_pjm.controller.GraphDataRestController] [http-nio-8282-exec-8] [com.joeun.joeunmall_pjm.controller.GraphDataRestController.getGraphJsonVO(GraphDataRestController.java:183)] -- getGraphJsonList
2022-11-04 23:57:04.921 [INFO ] [com.joeun.joeunmall_pjm.controller.GraphDataRestController] [http-nio-8282-exec-1] [com.joeun.joeunmall_pjm.controller.GraphDataRestController.getGraphJsonVO(GraphDataRestController.java:148)] -- getGraphJsonList
2022-11-04 23:57:04.921 [INFO ] [com.joeun.joeunmall_pjm.controller.GraphDataRestController] [http-nio-8282-exec-1] [com.joeun.joeunmall_pjm.controller.GraphDataRestController.getGraphJsonVO(GraphDataRestController.java:149)] -- graphType: price
2022-11-04 23:57:04.921 [INFO ] [com.joeun.joeunmall_pjm.controller.GraphDataRestController] [http-nio-8282-exec-1] [com.joeun.joeunmall_pjm.controller.GraphDataRestController.getGraphJsonVO(GraphDataRestController.java:150)] -- sellPeriod: allPeriod
2022-11-04 23:57:04.922 [INFO ] [com.joeun.joeunmall_pjm.controller.GraphDataRestController] [http-nio-8282-exec-1] [com.joeun.joeunmall_pjm.controller.GraphDataRestController.getGraphJsonVO(GraphDataRestController.java:151)] -- clothType: ct-1
2022-11-04 23:57:04.922 [INFO ] [com.joeun.joeunmall_pjm.controller.GraphDataRestController] [http-nio-8282-exec-1] [com.joeun.joeunmall_pjm.controller.GraphDataRestController.getGraphJsonVO(GraphDataRestController.java:183)] -- getGraphJsonList
2022-11-04 23:57:06.562 [INFO ] [com.joeun.joeunmall_pjm.controller.GraphDataRestController] [http-nio-8282-exec-2] [com.joeun.joeunmall_pjm.controller.GraphDataRestController.getGraphJsonVO(GraphDataRestController.java:148)] -- getGraphJsonList
2022-11-04 23:57:06.562 [INFO ] [com.joeun.joeunmall_pjm.controller.GraphDataRestController] [http-nio-8282-exec-2] [com.joeun.joeunmall_pjm.controller.GraphDataRestController.getGraphJsonVO(GraphDataRestController.java:149)] -- graphType: quantity
2022-11-04 23:57:06.562 [INFO ] [com.joeun.joeunmall_pjm.controller.GraphDataRestController] [http-nio-8282-exec-2] [com.joeun.joeunmall_pjm.controller.GraphDataRestController.getGraphJsonVO(GraphDataRestController.java:150)] -- sellPeriod: allPeriod
2022-11-04 23:57:06.562 [INFO ] [com.joeun.joeunmall_pjm.controller.GraphDataRestController] [http-nio-8282-exec-2] [com.joeun.joeunmall_pjm.controller.GraphDataRestController.getGraphJsonVO(GraphDataRestController.java:151)] -- clothType: ct-3
2022-11-04 23:57:06.562 [INFO ] [com.joeun.joeunmall_pjm.controller.GraphDataRestController] [http-nio-8282-exec-2] [com.joeun.joeunmall_pjm.controller.GraphDataRestController.getGraphJsonVO(GraphDataRestController.java:183)] -- getGraphJsonList
2022-11-04 23:57:06.941 [INFO ] [com.joeun.joeunmall_pjm.controller.GraphDataRestController] [http-nio-8282-exec-9] [com.joeun.joeunmall_pjm.controller.GraphDataRestController.getGraphJsonVO(GraphDataRestController.java:148)] -- getGraphJsonList
2022-11-04 23:57:06.941 [INFO ] [com.joeun.joeunmall_pjm.controller.GraphDataRestController] [http-nio-8282-exec-9] [com.joeun.joeunmall_pjm.controller.GraphDataRestController.getGraphJsonVO(GraphDataRestController.java:149)] -- graphType: price
2022-11-04 23:57:06.941 [INFO ] [com.joeun.joeunmall_pjm.controller.GraphDataRestController] [http-nio-8282-exec-9] [com.joeun.joeunmall_pjm.controller.GraphDataRestController.getGraphJsonVO(GraphDataRestController.java:150)] -- sellPeriod: allPeriod
2022-11-04 23:57:06.941 [INFO ] [com.joeun.joeunmall_pjm.controller.GraphDataRestController] [http-nio-8282-exec-9] [com.joeun.joeunmall_pjm.controller.GraphDataRestController.getGraphJsonVO(GraphDataRestController.java:151)] -- clothType: ct-3
2022-11-04 23:57:06.941 [INFO ] [com.joeun.joeunmall_pjm.controller.GraphDataRestController] [http-nio-8282-exec-9] [com.joeun.joeunmall_pjm.controller.GraphDataRestController.getGraphJsonVO(GraphDataRestController.java:183)] -- getGraphJsonList
2022-11-04 23:57:09.386 [INFO ] [com.joeun.joeunmall_pjm.controller.GraphDataRestController] [http-nio-8282-exec-6] [com.joeun.joeunmall_pjm.controller.GraphDataRestController.getGraphJsonVO(GraphDataRestController.java:148)] -- getGraphJsonList
2022-11-04 23:57:09.386 [INFO ] [com.joeun.joeunmall_pjm.controller.GraphDataRestController] [http-nio-8282-exec-6] [com.joeun.joeunmall_pjm.controller.GraphDataRestController.getGraphJsonVO(GraphDataRestController.java:149)] -- graphType: quantity
2022-11-04 23:57:09.386 [INFO ] [com.joeun.joeunmall_pjm.controller.GraphDataRestController] [http-nio-8282-exec-6] [com.joeun.joeunmall_pjm.controller.GraphDataRestController.getGraphJsonVO(GraphDataRestController.java:150)] -- sellPeriod: allPeriod
2022-11-04 23:57:09.386 [INFO ] [com.joeun.joeunmall_pjm.controller.GraphDataRestController] [http-nio-8282-exec-6] [com.joeun.joeunmall_pjm.controller.GraphDataRestController.getGraphJsonVO(GraphDataRestController.java:151)] -- clothType: ct-all
2022-11-04 23:57:09.386 [INFO ] [com.joeun.joeunmall_pjm.controller.GraphDataRestController] [http-nio-8282-exec-6] [com.joeun.joeunmall_pjm.controller.GraphDataRestController.getGraphJsonVO(GraphDataRestController.java:179)] -- getGraphJsonList
2022-11-04 23:57:09.847 [INFO ] [com.joeun.joeunmall_pjm.controller.GraphDataRestController] [http-nio-8282-exec-5] [com.joeun.joeunmall_pjm.controller.GraphDataRestController.getGraphJsonVO(GraphDataRestController.java:148)] -- getGraphJsonList
2022-11-04 23:57:09.847 [INFO ] [com.joeun.joeunmall_pjm.controller.GraphDataRestController] [http-nio-8282-exec-5] [com.joeun.joeunmall_pjm.controller.GraphDataRestController.getGraphJsonVO(GraphDataRestController.java:149)] -- graphType: price
2022-11-04 23:57:09.847 [INFO ] [com.joeun.joeunmall_pjm.controller.GraphDataRestController] [http-nio-8282-exec-5] [com.joeun.joeunmall_pjm.controller.GraphDataRestController.getGraphJsonVO(GraphDataRestController.java:150)] -- sellPeriod: allPeriod
2022-11-04 23:57:09.847 [INFO ] [com.joeun.joeunmall_pjm.controller.GraphDataRestController] [http-nio-8282-exec-5] [com.joeun.joeunmall_pjm.controller.GraphDataRestController.getGraphJsonVO(GraphDataRestController.java:151)] -- clothType: ct-all
2022-11-04 23:57:09.848 [INFO ] [com.joeun.joeunmall_pjm.controller.GraphDataRestController] [http-nio-8282-exec-5] [com.joeun.joeunmall_pjm.controller.GraphDataRestController.getGraphJsonVO(GraphDataRestController.java:179)] -- getGraphJsonList
2022-11-04 23:57:11.539 [INFO ] [com.joeun.joeunmall_pjm.controller.GraphDataRestController] [http-nio-8282-exec-10] [com.joeun.joeunmall_pjm.controller.GraphDataRestController.getGraphJsonVO(GraphDataRestController.java:148)] -- getGraphJsonList
2022-11-04 23:57:11.539 [INFO ] [com.joeun.joeunmall_pjm.controller.GraphDataRestController] [http-nio-8282-exec-10] [com.joeun.joeunmall_pjm.controller.GraphDataRestController.getGraphJsonVO(GraphDataRestController.java:149)] -- graphType: quantity
2022-11-04 23:57:11.539 [INFO ] [com.joeun.joeunmall_pjm.controller.GraphDataRestController] [http-nio-8282-exec-10] [com.joeun.joeunmall_pjm.controller.GraphDataRestController.getGraphJsonVO(GraphDataRestController.java:150)] -- sellPeriod: 2208
2022-11-04 23:57:11.539 [INFO ] [com.joeun.joeunmall_pjm.controller.GraphDataRestController] [http-nio-8282-exec-10] [com.joeun.joeunmall_pjm.controller.GraphDataRestController.getGraphJsonVO(GraphDataRestController.java:151)] -- clothType: ct-all
2022-11-04 23:57:11.539 [INFO ] [com.joeun.joeunmall_pjm.controller.GraphDataRestController] [http-nio-8282-exec-10] [com.joeun.joeunmall_pjm.controller.GraphDataRestController.getGraphJsonVO(GraphDataRestController.java:179)] -- getGraphJsonList
2022-11-04 23:57:11.989 [INFO ] [com.joeun.joeunmall_pjm.controller.GraphDataRestController] [http-nio-8282-exec-7] [com.joeun.joeunmall_pjm.controller.GraphDataRestController.getGraphJsonVO(GraphDataRestController.java:148)] -- getGraphJsonList
2022-11-04 23:57:11.990 [INFO ] [com.joeun.joeunmall_pjm.controller.GraphDataRestController] [http-nio-8282-exec-7] [com.joeun.joeunmall_pjm.controller.GraphDataRestController.getGraphJsonVO(GraphDataRestController.java:149)] -- graphType: price
2022-11-04 23:57:11.990 [INFO ] [com.joeun.joeunmall_pjm.controller.GraphDataRestController] [http-nio-8282-exec-7] [com.joeun.joeunmall_pjm.controller.GraphDataRestController.getGraphJsonVO(GraphDataRestController.java:150)] -- sellPeriod: 2208
2022-11-04 23:57:11.990 [INFO ] [com.joeun.joeunmall_pjm.controller.GraphDataRestController] [http-nio-8282-exec-7] [com.joeun.joeunmall_pjm.controller.GraphDataRestController.getGraphJsonVO(GraphDataRestController.java:151)] -- clothType: ct-all
2022-11-04 23:57:11.990 [INFO ] [com.joeun.joeunmall_pjm.controller.GraphDataRestController] [http-nio-8282-exec-7] [com.joeun.joeunmall_pjm.controller.GraphDataRestController.getGraphJsonVO(GraphDataRestController.java:179)] -- getGraphJsonList
2022-11-04 23:57:14.558 [INFO ] [com.joeun.joeunmall_pjm.controller.GraphDataRestController] [http-nio-8282-exec-3] [com.joeun.joeunmall_pjm.controller.GraphDataRestController.getGraphJsonVO(GraphDataRestController.java:148)] -- getGraphJsonList
2022-11-04 23:57:14.558 [INFO ] [com.joeun.joeunmall_pjm.controller.GraphDataRestController] [http-nio-8282-exec-3] [com.joeun.joeunmall_pjm.controller.GraphDataRestController.getGraphJsonVO(GraphDataRestController.java:149)] -- graphType: quantity
2022-11-04 23:57:14.558 [INFO ] [com.joeun.joeunmall_pjm.controller.GraphDataRestController] [http-nio-8282-exec-3] [com.joeun.joeunmall_pjm.controller.GraphDataRestController.getGraphJsonVO(GraphDataRestController.java:150)] -- sellPeriod: 2209
2022-11-04 23:57:14.558 [INFO ] [com.joeun.joeunmall_pjm.controller.GraphDataRestController] [http-nio-8282-exec-3] [com.joeun.joeunmall_pjm.controller.GraphDataRestController.getGraphJsonVO(GraphDataRestController.java:151)] -- clothType: ct-all
2022-11-04 23:57:14.559 [INFO ] [com.joeun.joeunmall_pjm.controller.GraphDataRestController] [http-nio-8282-exec-3] [com.joeun.joeunmall_pjm.controller.GraphDataRestController.getGraphJsonVO(GraphDataRestController.java:179)] -- getGraphJsonList
2022-11-04 23:57:16.612 [INFO ] [com.joeun.joeunmall_pjm.controller.GraphDataRestController] [http-nio-8282-exec-4] [com.joeun.joeunmall_pjm.controller.GraphDataRestController.getGraphJsonVO(GraphDataRestController.java:148)] -- getGraphJsonList
2022-11-04 23:57:16.613 [INFO ] [com.joeun.joeunmall_pjm.controller.GraphDataRestController] [http-nio-8282-exec-4] [com.joeun.joeunmall_pjm.controller.GraphDataRestController.getGraphJsonVO(GraphDataRestController.java:149)] -- graphType: price
2022-11-04 23:57:16.613 [INFO ] [com.joeun.joeunmall_pjm.controller.GraphDataRestController] [http-nio-8282-exec-4] [com.joeun.joeunmall_pjm.controller.GraphDataRestController.getGraphJsonVO(GraphDataRestController.java:150)] -- sellPeriod: 2206
2022-11-04 23:57:16.613 [INFO ] [com.joeun.joeunmall_pjm.controller.GraphDataRestController] [http-nio-8282-exec-4] [com.joeun.joeunmall_pjm.controller.GraphDataRestController.getGraphJsonVO(GraphDataRestController.java:151)] -- clothType: ct-all
2022-11-04 23:57:16.613 [INFO ] [com.joeun.joeunmall_pjm.controller.GraphDataRestController] [http-nio-8282-exec-4] [com.joeun.joeunmall_pjm.controller.GraphDataRestController.getGraphJsonVO(GraphDataRestController.java:179)] -- getGraphJsonList
2022-11-04 23:57:17.378 [INFO ] [com.joeun.joeunmall_pjm.controller.GraphDataRestController] [http-nio-8282-exec-8] [com.joeun.joeunmall_pjm.controller.GraphDataRestController.getGraphJsonVO(GraphDataRestController.java:148)] -- getGraphJsonList
2022-11-04 23:57:17.379 [INFO ] [com.joeun.joeunmall_pjm.controller.GraphDataRestController] [http-nio-8282-exec-8] [com.joeun.joeunmall_pjm.controller.GraphDataRestController.getGraphJsonVO(GraphDataRestController.java:149)] -- graphType: quantity
2022-11-04 23:57:17.379 [INFO ] [com.joeun.joeunmall_pjm.controller.GraphDataRestController] [http-nio-8282-exec-8] [com.joeun.joeunmall_pjm.controller.GraphDataRestController.getGraphJsonVO(GraphDataRestController.java:150)] -- sellPeriod: 2206
2022-11-04 23:57:17.379 [INFO ] [com.joeun.joeunmall_pjm.controller.GraphDataRestController] [http-nio-8282-exec-8] [com.joeun.joeunmall_pjm.controller.GraphDataRestController.getGraphJsonVO(GraphDataRestController.java:151)] -- clothType: ct-all
2022-11-04 23:57:17.379 [INFO ] [com.joeun.joeunmall_pjm.controller.GraphDataRestController] [http-nio-8282-exec-8] [com.joeun.joeunmall_pjm.controller.GraphDataRestController.getGraphJsonVO(GraphDataRestController.java:179)] -- getGraphJsonList
