2022-10-27 16:36:25.161 [INFO ] [net.sf.log4jdbc.log.slf4j.Slf4jSpyLogDelegator] [HikariPool-1 connection adder] [net.sf.log4jdbc.log.slf4j.Slf4jSpyLogDelegator.methodReturned(Slf4jSpyLogDelegator.java:175)] -- 2. Connection.isReadOnly() returned false
2022-10-27 16:36:25.176 [INFO ] [net.sf.log4jdbc.log.slf4j.Slf4jSpyLogDelegator] [HikariPool-1 connection adder] [net.sf.log4jdbc.log.slf4j.Slf4jSpyLogDelegator.methodReturned(Slf4jSpyLogDelegator.java:175)] -- 2. Connection.getAutoCommit() returned true
2022-10-27 16:36:25.200 [INFO ] [net.sf.log4jdbc.log.slf4j.Slf4jSpyLogDelegator] [HikariPool-1 connection adder] [net.sf.log4jdbc.log.slf4j.Slf4jSpyLogDelegator.connectionOpened(Slf4jSpyLogDelegator.java:541)] -- 3. Connection opened
2022-10-27 16:36:25.203 [INFO ] [net.sf.log4jdbc.log.slf4j.Slf4jSpyLogDelegator] [HikariPool-1 connection adder] [net.sf.log4jdbc.log.slf4j.Slf4jSpyLogDelegator.methodReturned(Slf4jSpyLogDelegator.java:175)] -- 3. Connection.new Connection returned 
2022-10-27 16:36:25.204 [INFO ] [net.sf.log4jdbc.log.slf4j.Slf4jSpyLogDelegator] [HikariPool-1 connection adder] [net.sf.log4jdbc.log.slf4j.Slf4jSpyLogDelegator.methodReturned(Slf4jSpyLogDelegator.java:175)] -- 3. Connection.isReadOnly() returned false
2022-10-27 16:36:25.204 [INFO ] [net.sf.log4jdbc.log.slf4j.Slf4jSpyLogDelegator] [HikariPool-1 connection adder] [net.sf.log4jdbc.log.slf4j.Slf4jSpyLogDelegator.methodReturned(Slf4jSpyLogDelegator.java:175)] -- 3. Connection.getAutoCommit() returned true
2022-10-27 16:36:25.223 [INFO ] [net.sf.log4jdbc.log.slf4j.Slf4jSpyLogDelegator] [HikariPool-1 connection adder] [net.sf.log4jdbc.log.slf4j.Slf4jSpyLogDelegator.connectionOpened(Slf4jSpyLogDelegator.java:541)] -- 4. Connection opened
2022-10-27 16:36:25.224 [INFO ] [net.sf.log4jdbc.log.slf4j.Slf4jSpyLogDelegator] [HikariPool-1 connection adder] [net.sf.log4jdbc.log.slf4j.Slf4jSpyLogDelegator.methodReturned(Slf4jSpyLogDelegator.java:175)] -- 4. Connection.new Connection returned 
2022-10-27 16:36:25.224 [INFO ] [net.sf.log4jdbc.log.slf4j.Slf4jSpyLogDelegator] [HikariPool-1 connection adder] [net.sf.log4jdbc.log.slf4j.Slf4jSpyLogDelegator.methodReturned(Slf4jSpyLogDelegator.java:175)] -- 4. Connection.isReadOnly() returned false
2022-10-27 16:36:25.224 [INFO ] [net.sf.log4jdbc.log.slf4j.Slf4jSpyLogDelegator] [HikariPool-1 connection adder] [net.sf.log4jdbc.log.slf4j.Slf4jSpyLogDelegator.methodReturned(Slf4jSpyLogDelegator.java:175)] -- 4. Connection.getAutoCommit() returned true
2022-10-27 16:36:25.249 [INFO ] [net.sf.log4jdbc.log.slf4j.Slf4jSpyLogDelegator] [HikariPool-1 connection adder] [net.sf.log4jdbc.log.slf4j.Slf4jSpyLogDelegator.connectionOpened(Slf4jSpyLogDelegator.java:541)] -- 5. Connection opened
2022-10-27 16:36:25.250 [INFO ] [net.sf.log4jdbc.log.slf4j.Slf4jSpyLogDelegator] [HikariPool-1 connection adder] [net.sf.log4jdbc.log.slf4j.Slf4jSpyLogDelegator.methodReturned(Slf4jSpyLogDelegator.java:175)] -- 5. Connection.new Connection returned 
2022-10-27 16:36:25.250 [INFO ] [net.sf.log4jdbc.log.slf4j.Slf4jSpyLogDelegator] [HikariPool-1 connection adder] [net.sf.log4jdbc.log.slf4j.Slf4jSpyLogDelegator.methodReturned(Slf4jSpyLogDelegator.java:175)] -- 5. Connection.isReadOnly() returned false
2022-10-27 16:36:25.250 [INFO ] [net.sf.log4jdbc.log.slf4j.Slf4jSpyLogDelegator] [HikariPool-1 connection adder] [net.sf.log4jdbc.log.slf4j.Slf4jSpyLogDelegator.methodReturned(Slf4jSpyLogDelegator.java:175)] -- 5. Connection.getAutoCommit() returned true
2022-10-27 16:36:25.272 [INFO ] [net.sf.log4jdbc.log.slf4j.Slf4jSpyLogDelegator] [HikariPool-1 connection adder] [net.sf.log4jdbc.log.slf4j.Slf4jSpyLogDelegator.connectionOpened(Slf4jSpyLogDelegator.java:541)] -- 6. Connection opened
2022-10-27 16:36:25.272 [INFO ] [net.sf.log4jdbc.log.slf4j.Slf4jSpyLogDelegator] [HikariPool-1 connection adder] [net.sf.log4jdbc.log.slf4j.Slf4jSpyLogDelegator.methodReturned(Slf4jSpyLogDelegator.java:175)] -- 6. Connection.new Connection returned 
2022-10-27 16:36:25.273 [INFO ] [net.sf.log4jdbc.log.slf4j.Slf4jSpyLogDelegator] [HikariPool-1 connection adder] [net.sf.log4jdbc.log.slf4j.Slf4jSpyLogDelegator.methodReturned(Slf4jSpyLogDelegator.java:175)] -- 6. Connection.isReadOnly() returned false
2022-10-27 16:36:25.273 [INFO ] [net.sf.log4jdbc.log.slf4j.Slf4jSpyLogDelegator] [HikariPool-1 connection adder] [net.sf.log4jdbc.log.slf4j.Slf4jSpyLogDelegator.methodReturned(Slf4jSpyLogDelegator.java:175)] -- 6. Connection.getAutoCommit() returned true
2022-10-27 16:36:25.307 [INFO ] [net.sf.log4jdbc.log.slf4j.Slf4jSpyLogDelegator] [HikariPool-1 connection adder] [net.sf.log4jdbc.log.slf4j.Slf4jSpyLogDelegator.connectionOpened(Slf4jSpyLogDelegator.java:541)] -- 7. Connection opened
2022-10-27 16:36:25.308 [INFO ] [net.sf.log4jdbc.log.slf4j.Slf4jSpyLogDelegator] [HikariPool-1 connection adder] [net.sf.log4jdbc.log.slf4j.Slf4jSpyLogDelegator.methodReturned(Slf4jSpyLogDelegator.java:175)] -- 7. Connection.new Connection returned 
2022-10-27 16:36:25.308 [INFO ] [net.sf.log4jdbc.log.slf4j.Slf4jSpyLogDelegator] [HikariPool-1 connection adder] [net.sf.log4jdbc.log.slf4j.Slf4jSpyLogDelegator.methodReturned(Slf4jSpyLogDelegator.java:175)] -- 7. Connection.isReadOnly() returned false
2022-10-27 16:36:25.308 [INFO ] [net.sf.log4jdbc.log.slf4j.Slf4jSpyLogDelegator] [HikariPool-1 connection adder] [net.sf.log4jdbc.log.slf4j.Slf4jSpyLogDelegator.methodReturned(Slf4jSpyLogDelegator.java:175)] -- 7. Connection.getAutoCommit() returned true
2022-10-27 16:36:25.331 [INFO ] [net.sf.log4jdbc.log.slf4j.Slf4jSpyLogDelegator] [HikariPool-1 connection adder] [net.sf.log4jdbc.log.slf4j.Slf4jSpyLogDelegator.connectionOpened(Slf4jSpyLogDelegator.java:541)] -- 8. Connection opened
2022-10-27 16:36:25.331 [INFO ] [net.sf.log4jdbc.log.slf4j.Slf4jSpyLogDelegator] [HikariPool-1 connection adder] [net.sf.log4jdbc.log.slf4j.Slf4jSpyLogDelegator.methodReturned(Slf4jSpyLogDelegator.java:175)] -- 8. Connection.new Connection returned 
2022-10-27 16:36:25.332 [INFO ] [net.sf.log4jdbc.log.slf4j.Slf4jSpyLogDelegator] [HikariPool-1 connection adder] [net.sf.log4jdbc.log.slf4j.Slf4jSpyLogDelegator.methodReturned(Slf4jSpyLogDelegator.java:175)] -- 8. Connection.isReadOnly() returned false
2022-10-27 16:36:25.332 [INFO ] [net.sf.log4jdbc.log.slf4j.Slf4jSpyLogDelegator] [HikariPool-1 connection adder] [net.sf.log4jdbc.log.slf4j.Slf4jSpyLogDelegator.methodReturned(Slf4jSpyLogDelegator.java:175)] -- 8. Connection.getAutoCommit() returned true
2022-10-27 16:36:25.350 [INFO ] [net.sf.log4jdbc.log.slf4j.Slf4jSpyLogDelegator] [HikariPool-1 connection adder] [net.sf.log4jdbc.log.slf4j.Slf4jSpyLogDelegator.connectionOpened(Slf4jSpyLogDelegator.java:541)] -- 9. Connection opened
2022-10-27 16:36:25.351 [INFO ] [net.sf.log4jdbc.log.slf4j.Slf4jSpyLogDelegator] [HikariPool-1 connection adder] [net.sf.log4jdbc.log.slf4j.Slf4jSpyLogDelegator.methodReturned(Slf4jSpyLogDelegator.java:175)] -- 9. Connection.new Connection returned 
2022-10-27 16:36:25.351 [INFO ] [net.sf.log4jdbc.log.slf4j.Slf4jSpyLogDelegator] [HikariPool-1 connection adder] [net.sf.log4jdbc.log.slf4j.Slf4jSpyLogDelegator.methodReturned(Slf4jSpyLogDelegator.java:175)] -- 9. Connection.isReadOnly() returned false
2022-10-27 16:36:25.351 [INFO ] [net.sf.log4jdbc.log.slf4j.Slf4jSpyLogDelegator] [HikariPool-1 connection adder] [net.sf.log4jdbc.log.slf4j.Slf4jSpyLogDelegator.methodReturned(Slf4jSpyLogDelegator.java:175)] -- 9. Connection.getAutoCommit() returned true
2022-10-27 16:36:25.387 [INFO ] [net.sf.log4jdbc.log.slf4j.Slf4jSpyLogDelegator] [HikariPool-1 connection adder] [net.sf.log4jdbc.log.slf4j.Slf4jSpyLogDelegator.connectionOpened(Slf4jSpyLogDelegator.java:541)] -- 10. Connection opened
2022-10-27 16:36:25.388 [INFO ] [net.sf.log4jdbc.log.slf4j.Slf4jSpyLogDelegator] [HikariPool-1 connection adder] [net.sf.log4jdbc.log.slf4j.Slf4jSpyLogDelegator.methodReturned(Slf4jSpyLogDelegator.java:175)] -- 10. Connection.new Connection returned 
2022-10-27 16:36:25.388 [INFO ] [net.sf.log4jdbc.log.slf4j.Slf4jSpyLogDelegator] [HikariPool-1 connection adder] [net.sf.log4jdbc.log.slf4j.Slf4jSpyLogDelegator.methodReturned(Slf4jSpyLogDelegator.java:175)] -- 10. Connection.isReadOnly() returned false
2022-10-27 16:36:25.389 [INFO ] [net.sf.log4jdbc.log.slf4j.Slf4jSpyLogDelegator] [HikariPool-1 connection adder] [net.sf.log4jdbc.log.slf4j.Slf4jSpyLogDelegator.methodReturned(Slf4jSpyLogDelegator.java:175)] -- 10. Connection.getAutoCommit() returned true
2022-10-27 16:36:25.475 [WARN ] [org.mybatis.logging.Logger] [main] [org.mybatis.logging.Logger.warn(Logger.java:44)] -- Property 'mapperLocations' was specified but matching resources are not found.
2022-10-27 16:36:26.203 [INFO ] [org.springframework.security.web.DefaultSecurityFilterChain] [main] [org.springframework.security.web.DefaultSecurityFilterChain.<init>(DefaultSecurityFilterChain.java:43)] -- Creating filter chain: any request, [org.springframework.security.web.context.SecurityContextPersistenceFilter@7f897aea, org.springframework.security.web.context.request.async.WebAsyncManagerIntegrationFilter@6120a7bf, org.springframework.security.web.header.HeaderWriterFilter@788a710a, org.springframework.security.web.csrf.CsrfFilter@30bb788c, org.springframework.security.web.authentication.logout.LogoutFilter@4510a5b, org.springframework.security.web.authentication.UsernamePasswordAuthenticationFilter@60a85831, org.springframework.security.web.authentication.ui.DefaultLoginPageGeneratingFilter@4b81770f, org.springframework.security.web.authentication.ui.DefaultLogoutPageGeneratingFilter@201519eb, org.springframework.security.web.authentication.www.BasicAuthenticationFilter@2c1adc60, org.springframework.security.web.savedrequest.RequestCacheAwareFilter@e517002, org.springframework.security.web.servletapi.SecurityContextHolderAwareRequestFilter@4e2857c8, org.springframework.security.web.authentication.AnonymousAuthenticationFilter@46fad5a7, org.springframework.security.web.session.SessionManagementFilter@3c79e8c4, org.springframework.security.web.access.ExceptionTranslationFilter@39ad4e29, org.springframework.security.web.access.intercept.FilterSecurityInterceptor@35b7d8c3]
2022-10-27 16:36:26.249 [INFO ] [org.springframework.security.config.http.DefaultFilterChainValidator] [main] [org.springframework.security.config.http.DefaultFilterChainValidator.checkLoginPageIsntProtected(DefaultFilterChainValidator.java:154)] -- Checking whether login URL '/login' is accessible with your configuration
2022-10-27 16:36:26.357 [INFO ] [org.springframework.web.context.ContextLoader] [main] [org.springframework.web.context.ContextLoader.initWebApplicationContext(ContextLoader.java:307)] -- Root WebApplicationContext initialized in 3175 ms
2022-10-27 16:36:26.447 [INFO ] [org.springframework.web.servlet.FrameworkServlet] [main] [org.springframework.web.servlet.FrameworkServlet.initServletBean(FrameworkServlet.java:525)] -- Initializing Servlet 'appServlet'
2022-10-27 16:36:26.955 [INFO ] [org.springframework.security.config.SecurityNamespaceHandler] [main] [org.springframework.security.config.SecurityNamespaceHandler.<init>(SecurityNamespaceHandler.java:78)] -- Spring Security 'config' module version is 5.2.15.RELEASE
2022-10-27 16:36:26.964 [INFO ] [org.springframework.security.config.http.AuthenticationConfigBuilder] [main] [org.springframework.security.config.http.AuthenticationConfigBuilder.createLoginPageFilterIfNeeded(AuthenticationConfigBuilder.java:542)] -- No login page configured. The default internal one will be used. Use the 'login-page' attribute to set the URL of the login page.
2022-10-27 16:36:26.965 [INFO ] [org.springframework.security.config.http.HttpSecurityBeanDefinitionParser] [main] [org.springframework.security.config.http.HttpSecurityBeanDefinitionParser.checkFilterChainOrder(HttpSecurityBeanDefinitionParser.java:307)] -- Checking sorted filter chain: [Root bean: class [org.springframework.security.web.context.SecurityContextPersistenceFilter]; scope=; abstract=false; lazyInit=null; autowireMode=0; dependencyCheck=0; autowireCandidate=true; primary=false; factoryBeanName=null; factoryMethodName=null; initMethodName=null; destroyMethodName=null, order = 200, Root bean: class [org.springframework.security.web.context.request.async.WebAsyncManagerIntegrationFilter]; scope=; abstract=false; lazyInit=null; autowireMode=0; dependencyCheck=0; autowireCandidate=true; primary=false; factoryBeanName=null; factoryMethodName=null; initMethodName=null; destroyMethodName=null, order = 400, Root bean: class [org.springframework.security.web.header.HeaderWriterFilter]; scope=; abstract=false; lazyInit=null; autowireMode=0; dependencyCheck=0; autowireCandidate=true; primary=false; factoryBeanName=null; factoryMethodName=null; initMethodName=null; destroyMethodName=null, order = 500, Root bean: class [org.springframework.security.web.csrf.CsrfFilter]; scope=; abstract=false; lazyInit=null; autowireMode=0; dependencyCheck=0; autowireCandidate=true; primary=false; factoryBeanName=null; factoryMethodName=null; initMethodName=null; destroyMethodName=null, order = 700, Root bean: class [org.springframework.security.web.authentication.logout.LogoutFilter]; scope=; abstract=false; lazyInit=null; autowireMode=0; dependencyCheck=0; autowireCandidate=true; primary=false; factoryBeanName=null; factoryMethodName=null; initMethodName=null; destroyMethodName=null, order = 800, <org.springframework.security.web.authentication.UsernamePasswordAuthenticationFilter#0>, order = 1200, Root bean: class [org.springframework.security.web.authentication.ui.DefaultLoginPageGeneratingFilter]; scope=; abstract=false; lazyInit=null; autowireMode=0; dependencyCheck=0; autowireCandidate=true; primary=false; factoryBeanName=null; factoryMethodName=null; initMethodName=null; destroyMethodName=null, order = 1400, Root bean: class [org.springframework.security.web.authentication.ui.DefaultLogoutPageGeneratingFilter]; scope=; abstract=false; lazyInit=null; autowireMode=0; dependencyCheck=0; autowireCandidate=true; primary=false; factoryBeanName=null; factoryMethodName=null; initMethodName=null; destroyMethodName=null, order = 1500, Root bean: class [org.springframework.security.web.authentication.www.BasicAuthenticationFilter]; scope=; abstract=false; lazyInit=null; autowireMode=0; dependencyCheck=0; autowireCandidate=true; primary=false; factoryBeanName=null; factoryMethodName=null; initMethodName=null; destroyMethodName=null, order = 1800, Root bean: class [org.springframework.security.web.savedrequest.RequestCacheAwareFilter]; scope=; abstract=false; lazyInit=null; autowireMode=0; dependencyCheck=0; autowireCandidate=true; primary=false; factoryBeanName=null; factoryMethodName=null; initMethodName=null; destroyMethodName=null, order = 1900, Root bean: class [null]; scope=; abstract=false; lazyInit=null; autowireMode=0; dependencyCheck=0; autowireCandidate=true; primary=false; factoryBeanName=org.springframework.security.config.http.HttpConfigurationBuilder$SecurityContextHolderAwareRequestFilterBeanFactory#0; factoryMethodName=getBean; initMethodName=null; destroyMethodName=null, order = 2000, Root bean: class [org.springframework.security.web.authentication.AnonymousAuthenticationFilter]; scope=; abstract=false; lazyInit=null; autowireMode=0; dependencyCheck=0; autowireCandidate=true; primary=false; factoryBeanName=null; factoryMethodName=null; initMethodName=null; destroyMethodName=null, order = 2300, Root bean: class [org.springframework.security.web.session.SessionManagementFilter]; scope=; abstract=false; lazyInit=null; autowireMode=0; dependencyCheck=0; autowireCandidate=true; primary=false; factoryBeanName=null; factoryMethodName=null; initMethodName=null; destroyMethodName=null, order = 2400, Root bean: class [org.springframework.security.web.access.ExceptionTranslationFilter]; scope=; abstract=false; lazyInit=null; autowireMode=0; dependencyCheck=0; autowireCandidate=true; primary=false; factoryBeanName=null; factoryMethodName=null; initMethodName=null; destroyMethodName=null, order = 2500, <org.springframework.security.web.access.intercept.FilterSecurityInterceptor#0>, order = 2600]
2022-10-27 16:36:28.722 [INFO ] [org.hibernate.validator.internal.util.Version] [main] [org.hibernate.validator.internal.util.Version.<clinit>(Version.java:21)] -- HV000001: Hibernate Validator 6.2.0.Final
2022-10-27 16:36:30.738 [WARN ] [org.springframework.context.support.AbstractApplicationContext] [main] [org.springframework.context.support.AbstractApplicationContext.refresh(AbstractApplicationContext.java:559)] -- Exception encountered during context initialization - cancelling refresh attempt: org.springframework.beans.factory.BeanCreationException: Error creating bean with name 'inquiryTBLDummy' defined in file [C:\joeunmall-teamproject\workspace_project\.metadata\.plugins\org.eclipse.wst.server.core\tmp0\wtpwebapps\joeun_mall\WEB-INF\classes\com\joeun\joeunmall\service\InquiryTBLDummy.class]: Instantiation of bean failed; nested exception is org.springframework.beans.BeanInstantiationException: Failed to instantiate [com.joeun.joeunmall.service.InquiryTBLDummy]: Constructor threw exception; nested exception is java.lang.Error: Unresolved compilation problems: 
	Syntax error on token "inquiryVO", VariableDeclaratorId expected after this token
	Syntax error on token "=", delete this token
	Syntax error, insert ";" to complete FieldDeclaration
	Syntax error, insert "}" to complete ClassBody

2022-10-27 16:36:30.747 [ERROR] [org.springframework.web.servlet.FrameworkServlet] [main] [org.springframework.web.servlet.FrameworkServlet.initServletBean(FrameworkServlet.java:534)] -- Context initialization failed
org.springframework.beans.factory.BeanCreationException: Error creating bean with name 'inquiryTBLDummy' defined in file [C:\joeunmall-teamproject\workspace_project\.metadata\.plugins\org.eclipse.wst.server.core\tmp0\wtpwebapps\joeun_mall\WEB-INF\classes\com\joeun\joeunmall\service\InquiryTBLDummy.class]: Instantiation of bean failed; nested exception is org.springframework.beans.BeanInstantiationException: Failed to instantiate [com.joeun.joeunmall.service.InquiryTBLDummy]: Constructor threw exception; nested exception is java.lang.Error: Unresolved compilation problems: 
	Syntax error on token "inquiryVO", VariableDeclaratorId expected after this token
	Syntax error on token "=", delete this token
	Syntax error, insert ";" to complete FieldDeclaration
	Syntax error, insert "}" to complete ClassBody

	at org.springframework.beans.factory.support.AbstractAutowireCapableBeanFactory.instantiateBean(AbstractAutowireCapableBeanFactory.java:1323) ~[spring-beans-5.2.22.RELEASE.jar:5.2.22.RELEASE]
	at org.springframework.beans.factory.support.AbstractAutowireCapableBeanFactory.createBeanInstance(AbstractAutowireCapableBeanFactory.java:1218) ~[spring-beans-5.2.22.RELEASE.jar:5.2.22.RELEASE]
	at org.springframework.beans.factory.support.AbstractAutowireCapableBeanFactory.doCreateBean(AbstractAutowireCapableBeanFactory.java:556) ~[spring-beans-5.2.22.RELEASE.jar:5.2.22.RELEASE]
	at org.springframework.beans.factory.support.AbstractAutowireCapableBeanFactory.createBean(AbstractAutowireCapableBeanFactory.java:516) ~[spring-beans-5.2.22.RELEASE.jar:5.2.22.RELEASE]
	at org.springframework.beans.factory.support.AbstractBeanFactory.lambda$doGetBean$0(AbstractBeanFactory.java:324) ~[spring-beans-5.2.22.RELEASE.jar:5.2.22.RELEASE]
	at org.springframework.beans.factory.support.DefaultSingletonBeanRegistry.getSingleton(DefaultSingletonBeanRegistry.java:234) ~[spring-beans-5.2.22.RELEASE.jar:5.2.22.RELEASE]
	at org.springframework.beans.factory.support.AbstractBeanFactory.doGetBean(AbstractBeanFactory.java:322) ~[spring-beans-5.2.22.RELEASE.jar:5.2.22.RELEASE]
	at org.springframework.beans.factory.support.AbstractBeanFactory.getBean(AbstractBeanFactory.java:202) ~[spring-beans-5.2.22.RELEASE.jar:5.2.22.RELEASE]
	at org.springframework.beans.factory.support.DefaultListableBeanFactory.preInstantiateSingletons(DefaultListableBeanFactory.java:897) ~[spring-beans-5.2.22.RELEASE.jar:5.2.22.RELEASE]
	at org.springframework.context.support.AbstractApplicationContext.finishBeanFactoryInitialization(AbstractApplicationContext.java:879) ~[spring-context-5.2.22.RELEASE.jar:5.2.22.RELEASE]
	at org.springframework.context.support.AbstractApplicationContext.refresh(AbstractApplicationContext.java:551) ~[spring-context-5.2.22.RELEASE.jar:5.2.22.RELEASE]
	at org.springframework.web.servlet.FrameworkServlet.configureAndRefreshWebApplicationContext(FrameworkServlet.java:702) ~[spring-webmvc-5.2.22.RELEASE.jar:5.2.22.RELEASE]
	at org.springframework.web.servlet.FrameworkServlet.createWebApplicationContext(FrameworkServlet.java:668) ~[spring-webmvc-5.2.22.RELEASE.jar:5.2.22.RELEASE]
	at org.springframework.web.servlet.FrameworkServlet.createWebApplicationContext(FrameworkServlet.java:716) ~[spring-webmvc-5.2.22.RELEASE.jar:5.2.22.RELEASE]
	at org.springframework.web.servlet.FrameworkServlet.initWebApplicationContext(FrameworkServlet.java:591) ~[spring-webmvc-5.2.22.RELEASE.jar:5.2.22.RELEASE]
	at org.springframework.web.servlet.FrameworkServlet.initServletBean(FrameworkServlet.java:530) [spring-webmvc-5.2.22.RELEASE.jar:5.2.22.RELEASE]
	at org.springframework.web.servlet.HttpServletBean.init(HttpServletBean.java:170) [spring-webmvc-5.2.22.RELEASE.jar:5.2.22.RELEASE]
	at javax.servlet.GenericServlet.init(GenericServlet.java:158) [servlet-api.jar:4.0.FR]
	at org.apache.catalina.core.StandardWrapper.initServlet(StandardWrapper.java:1164) [catalina.jar:9.0.68]
	at org.apache.catalina.core.StandardWrapper.loadServlet(StandardWrapper.java:1117) [catalina.jar:9.0.68]
	at org.apache.catalina.core.StandardWrapper.load(StandardWrapper.java:1010) [catalina.jar:9.0.68]
	at org.apache.catalina.core.StandardContext.loadOnStartup(StandardContext.java:4958) [catalina.jar:9.0.68]
	at org.apache.catalina.core.StandardContext.startInternal(StandardContext.java:5265) [catalina.jar:9.0.68]
	at org.apache.catalina.util.LifecycleBase.start(LifecycleBase.java:183) [catalina.jar:9.0.68]
	at org.apache.catalina.core.ContainerBase$StartChild.call(ContainerBase.java:1396) [catalina.jar:9.0.68]
	at org.apache.catalina.core.ContainerBase$StartChild.call(ContainerBase.java:1386) [catalina.jar:9.0.68]
	at java.util.concurrent.FutureTask.run(FutureTask.java:266) [?:1.8.0_332]
	at org.apache.tomcat.util.threads.InlineExecutorService.execute(InlineExecutorService.java:75) [tomcat-util.jar:9.0.68]
	at java.util.concurrent.AbstractExecutorService.submit(AbstractExecutorService.java:134) [?:1.8.0_332]
	at org.apache.catalina.core.ContainerBase.startInternal(ContainerBase.java:919) [catalina.jar:9.0.68]
	at org.apache.catalina.core.StandardHost.startInternal(StandardHost.java:835) [catalina.jar:9.0.68]
	at org.apache.catalina.util.LifecycleBase.start(LifecycleBase.java:183) [catalina.jar:9.0.68]
	at org.apache.catalina.core.ContainerBase$StartChild.call(ContainerBase.java:1396) [catalina.jar:9.0.68]
	at org.apache.catalina.core.ContainerBase$StartChild.call(ContainerBase.java:1386) [catalina.jar:9.0.68]
	at java.util.concurrent.FutureTask.run(FutureTask.java:266) [?:1.8.0_332]
	at org.apache.tomcat.util.threads.InlineExecutorService.execute(InlineExecutorService.java:75) [tomcat-util.jar:9.0.68]
	at java.util.concurrent.AbstractExecutorService.submit(AbstractExecutorService.java:134) [?:1.8.0_332]
	at org.apache.catalina.core.ContainerBase.startInternal(ContainerBase.java:919) [catalina.jar:9.0.68]
	at org.apache.catalina.core.StandardEngine.startInternal(StandardEngine.java:265) [catalina.jar:9.0.68]
	at org.apache.catalina.util.LifecycleBase.start(LifecycleBase.java:183) [catalina.jar:9.0.68]
	at org.apache.catalina.core.StandardService.startInternal(StandardService.java:432) [catalina.jar:9.0.68]
	at org.apache.catalina.util.LifecycleBase.start(LifecycleBase.java:183) [catalina.jar:9.0.68]
	at org.apache.catalina.core.StandardServer.startInternal(StandardServer.java:930) [catalina.jar:9.0.68]
	at org.apache.catalina.util.LifecycleBase.start(LifecycleBase.java:183) [catalina.jar:9.0.68]
	at org.apache.catalina.startup.Catalina.start(Catalina.java:772) [catalina.jar:9.0.68]
	at sun.reflect.NativeMethodAccessorImpl.invoke0(Native Method) ~[?:1.8.0_332]
	at sun.reflect.NativeMethodAccessorImpl.invoke(NativeMethodAccessorImpl.java:62) ~[?:1.8.0_332]
	at sun.reflect.DelegatingMethodAccessorImpl.invoke(DelegatingMethodAccessorImpl.java:43) ~[?:1.8.0_332]
	at java.lang.reflect.Method.invoke(Method.java:498) ~[?:1.8.0_332]
	at org.apache.catalina.startup.Bootstrap.start(Bootstrap.java:345) [bootstrap.jar:9.0.68]
	at org.apache.catalina.startup.Bootstrap.main(Bootstrap.java:476) [bootstrap.jar:9.0.68]
Caused by: org.springframework.beans.BeanInstantiationException: Failed to instantiate [com.joeun.joeunmall.service.InquiryTBLDummy]: Constructor threw exception; nested exception is java.lang.Error: Unresolved compilation problems: 
	Syntax error on token "inquiryVO", VariableDeclaratorId expected after this token
	Syntax error on token "=", delete this token
	Syntax error, insert ";" to complete FieldDeclaration
	Syntax error, insert "}" to complete ClassBody

	at org.springframework.beans.BeanUtils.instantiateClass(BeanUtils.java:220) ~[spring-beans-5.2.22.RELEASE.jar:5.2.22.RELEASE]
	at org.springframework.beans.factory.support.SimpleInstantiationStrategy.instantiate(SimpleInstantiationStrategy.java:87) ~[spring-beans-5.2.22.RELEASE.jar:5.2.22.RELEASE]
	at org.springframework.beans.factory.support.AbstractAutowireCapableBeanFactory.instantiateBean(AbstractAutowireCapableBeanFactory.java:1315) ~[spring-beans-5.2.22.RELEASE.jar:5.2.22.RELEASE]
	... 50 more
Caused by: java.lang.Error: Unresolved compilation problems: 
	Syntax error on token "inquiryVO", VariableDeclaratorId expected after this token
	Syntax error on token "=", delete this token
	Syntax error, insert ";" to complete FieldDeclaration
	Syntax error, insert "}" to complete ClassBody

	at com.joeun.joeunmall.service.InquiryTBLDummy.<init>(InquiryTBLDummy.java:57) ~[classes/:?]
	at sun.reflect.NativeConstructorAccessorImpl.newInstance0(Native Method) ~[?:1.8.0_332]
	at sun.reflect.NativeConstructorAccessorImpl.newInstance(NativeConstructorAccessorImpl.java:62) ~[?:1.8.0_332]
	at sun.reflect.DelegatingConstructorAccessorImpl.newInstance(DelegatingConstructorAccessorImpl.java:45) ~[?:1.8.0_332]
	at java.lang.reflect.Constructor.newInstance(Constructor.java:423) ~[?:1.8.0_332]
	at org.springframework.beans.BeanUtils.instantiateClass(BeanUtils.java:207) ~[spring-beans-5.2.22.RELEASE.jar:5.2.22.RELEASE]
	at org.springframework.beans.factory.support.SimpleInstantiationStrategy.instantiate(SimpleInstantiationStrategy.java:87) ~[spring-beans-5.2.22.RELEASE.jar:5.2.22.RELEASE]
	at org.springframework.beans.factory.support.AbstractAutowireCapableBeanFactory.instantiateBean(AbstractAutowireCapableBeanFactory.java:1315) ~[spring-beans-5.2.22.RELEASE.jar:5.2.22.RELEASE]
	... 50 more
2022-10-27 16:36:49.139 [INFO ] [com.zaxxer.hikari.HikariDataSource] [main] [com.zaxxer.hikari.HikariDataSource.close(HikariDataSource.java:350)] -- HikariPool-1 - Shutdown initiated...
2022-10-27 16:36:49.144 [INFO ] [net.sf.log4jdbc.log.slf4j.Slf4jSpyLogDelegator] [HikariPool-1 connection closer] [net.sf.log4jdbc.log.slf4j.Slf4jSpyLogDelegator.connectionClosed(Slf4jSpyLogDelegator.java:568)] -- 1. Connection closed
2022-10-27 16:36:49.144 [INFO ] [net.sf.log4jdbc.log.slf4j.Slf4jSpyLogDelegator] [HikariPool-1 connection closer] [net.sf.log4jdbc.log.slf4j.Slf4jSpyLogDelegator.methodReturned(Slf4jSpyLogDelegator.java:175)] -- 1. Connection.close() returned 
2022-10-27 16:36:49.146 [INFO ] [net.sf.log4jdbc.log.slf4j.Slf4jSpyLogDelegator] [HikariPool-1 connection closer] [net.sf.log4jdbc.log.slf4j.Slf4jSpyLogDelegator.connectionClosed(Slf4jSpyLogDelegator.java:568)] -- 2. Connection closed
2022-10-27 16:36:49.146 [INFO ] [net.sf.log4jdbc.log.slf4j.Slf4jSpyLogDelegator] [HikariPool-1 connection closer] [net.sf.log4jdbc.log.slf4j.Slf4jSpyLogDelegator.methodReturned(Slf4jSpyLogDelegator.java:175)] -- 2. Connection.close() returned 
2022-10-27 16:36:49.147 [INFO ] [net.sf.log4jdbc.log.slf4j.Slf4jSpyLogDelegator] [HikariPool-1 connection closer] [net.sf.log4jdbc.log.slf4j.Slf4jSpyLogDelegator.connectionClosed(Slf4jSpyLogDelegator.java:568)] -- 3. Connection closed
2022-10-27 16:36:49.148 [INFO ] [net.sf.log4jdbc.log.slf4j.Slf4jSpyLogDelegator] [HikariPool-1 connection closer] [net.sf.log4jdbc.log.slf4j.Slf4jSpyLogDelegator.methodReturned(Slf4jSpyLogDelegator.java:175)] -- 3. Connection.close() returned 
2022-10-27 16:36:49.150 [INFO ] [net.sf.log4jdbc.log.slf4j.Slf4jSpyLogDelegator] [HikariPool-1 connection closer] [net.sf.log4jdbc.log.slf4j.Slf4jSpyLogDelegator.connectionClosed(Slf4jSpyLogDelegator.java:568)] -- 4. Connection closed
2022-10-27 16:36:49.150 [INFO ] [net.sf.log4jdbc.log.slf4j.Slf4jSpyLogDelegator] [HikariPool-1 connection closer] [net.sf.log4jdbc.log.slf4j.Slf4jSpyLogDelegator.methodReturned(Slf4jSpyLogDelegator.java:175)] -- 4. Connection.close() returned 
2022-10-27 16:36:49.153 [INFO ] [net.sf.log4jdbc.log.slf4j.Slf4jSpyLogDelegator] [HikariPool-1 connection closer] [net.sf.log4jdbc.log.slf4j.Slf4jSpyLogDelegator.connectionClosed(Slf4jSpyLogDelegator.java:568)] -- 5. Connection closed
2022-10-27 16:36:49.153 [INFO ] [net.sf.log4jdbc.log.slf4j.Slf4jSpyLogDelegator] [HikariPool-1 connection closer] [net.sf.log4jdbc.log.slf4j.Slf4jSpyLogDelegator.methodReturned(Slf4jSpyLogDelegator.java:175)] -- 5. Connection.close() returned 
2022-10-27 16:36:49.155 [INFO ] [net.sf.log4jdbc.log.slf4j.Slf4jSpyLogDelegator] [HikariPool-1 connection closer] [net.sf.log4jdbc.log.slf4j.Slf4jSpyLogDelegator.connectionClosed(Slf4jSpyLogDelegator.java:568)] -- 6. Connection closed
2022-10-27 16:36:49.156 [INFO ] [net.sf.log4jdbc.log.slf4j.Slf4jSpyLogDelegator] [HikariPool-1 connection closer] [net.sf.log4jdbc.log.slf4j.Slf4jSpyLogDelegator.methodReturned(Slf4jSpyLogDelegator.java:175)] -- 6. Connection.close() returned 
2022-10-27 16:36:49.158 [INFO ] [net.sf.log4jdbc.log.slf4j.Slf4jSpyLogDelegator] [HikariPool-1 connection closer] [net.sf.log4jdbc.log.slf4j.Slf4jSpyLogDelegator.connectionClosed(Slf4jSpyLogDelegator.java:568)] -- 7. Connection closed
2022-10-27 16:36:49.158 [INFO ] [net.sf.log4jdbc.log.slf4j.Slf4jSpyLogDelegator] [HikariPool-1 connection closer] [net.sf.log4jdbc.log.slf4j.Slf4jSpyLogDelegator.methodReturned(Slf4jSpyLogDelegator.java:175)] -- 7. Connection.close() returned 
2022-10-27 16:36:49.162 [INFO ] [net.sf.log4jdbc.log.slf4j.Slf4jSpyLogDelegator] [HikariPool-1 connection closer] [net.sf.log4jdbc.log.slf4j.Slf4jSpyLogDelegator.connectionClosed(Slf4jSpyLogDelegator.java:568)] -- 8. Connection closed
2022-10-27 16:36:49.162 [INFO ] [net.sf.log4jdbc.log.slf4j.Slf4jSpyLogDelegator] [HikariPool-1 connection closer] [net.sf.log4jdbc.log.slf4j.Slf4jSpyLogDelegator.methodReturned(Slf4jSpyLogDelegator.java:175)] -- 8. Connection.close() returned 
2022-10-27 16:36:49.167 [INFO ] [net.sf.log4jdbc.log.slf4j.Slf4jSpyLogDelegator] [HikariPool-1 connection closer] [net.sf.log4jdbc.log.slf4j.Slf4jSpyLogDelegator.connectionClosed(Slf4jSpyLogDelegator.java:568)] -- 9. Connection closed
2022-10-27 16:36:49.167 [INFO ] [net.sf.log4jdbc.log.slf4j.Slf4jSpyLogDelegator] [HikariPool-1 connection closer] [net.sf.log4jdbc.log.slf4j.Slf4jSpyLogDelegator.methodReturned(Slf4jSpyLogDelegator.java:175)] -- 9. Connection.close() returned 
2022-10-27 16:36:49.172 [INFO ] [net.sf.log4jdbc.log.slf4j.Slf4jSpyLogDelegator] [HikariPool-1 connection closer] [net.sf.log4jdbc.log.slf4j.Slf4jSpyLogDelegator.connectionClosed(Slf4jSpyLogDelegator.java:568)] -- 10. Connection closed
2022-10-27 16:36:49.172 [INFO ] [net.sf.log4jdbc.log.slf4j.Slf4jSpyLogDelegator] [HikariPool-1 connection closer] [net.sf.log4jdbc.log.slf4j.Slf4jSpyLogDelegator.methodReturned(Slf4jSpyLogDelegator.java:175)] -- 10. Connection.close() returned 
2022-10-27 16:36:49.176 [INFO ] [com.zaxxer.hikari.HikariDataSource] [main] [com.zaxxer.hikari.HikariDataSource.close(HikariDataSource.java:352)] -- HikariPool-1 - Shutdown completed.
2022-10-27 18:33:51.484 [INFO ] [org.springframework.web.context.ContextLoader] [main] [org.springframework.web.context.ContextLoader.initWebApplicationContext(ContextLoader.java:271)] -- Root WebApplicationContext: initialization started
2022-10-27 18:33:51.883 [INFO ] [org.springframework.security.core.SpringSecurityCoreVersion] [main] [org.springframework.security.core.SpringSecurityCoreVersion.performVersionChecks(SpringSecurityCoreVersion.java:82)] -- You are running with Spring Security Core 5.2.15.RELEASE
2022-10-27 18:33:51.894 [INFO ] [org.springframework.security.config.SecurityNamespaceHandler] [main] [org.springframework.security.config.SecurityNamespaceHandler.<init>(SecurityNamespaceHandler.java:78)] -- Spring Security 'config' module version is 5.2.15.RELEASE
2022-10-27 18:33:52.117 [INFO ] [org.springframework.security.config.http.AuthenticationConfigBuilder] [main] [org.springframework.security.config.http.AuthenticationConfigBuilder.createLoginPageFilterIfNeeded(AuthenticationConfigBuilder.java:542)] -- No login page configured. The default internal one will be used. Use the 'login-page' attribute to set the URL of the login page.
2022-10-27 18:33:52.134 [INFO ] [org.springframework.security.config.http.HttpSecurityBeanDefinitionParser] [main] [org.springframework.security.config.http.HttpSecurityBeanDefinitionParser.checkFilterChainOrder(HttpSecurityBeanDefinitionParser.java:307)] -- Checking sorted filter chain: [Root bean: class [org.springframework.security.web.context.SecurityContextPersistenceFilter]; scope=; abstract=false; lazyInit=null; autowireMode=0; dependencyCheck=0; autowireCandidate=true; primary=false; factoryBeanName=null; factoryMethodName=null; initMethodName=null; destroyMethodName=null, order = 200, Root bean: class [org.springframework.security.web.context.request.async.WebAsyncManagerIntegrationFilter]; scope=; abstract=false; lazyInit=null; autowireMode=0; dependencyCheck=0; autowireCandidate=true; primary=false; factoryBeanName=null; factoryMethodName=null; initMethodName=null; destroyMethodName=null, order = 400, Root bean: class [org.springframework.security.web.header.HeaderWriterFilter]; scope=; abstract=false; lazyInit=null; autowireMode=0; dependencyCheck=0; autowireCandidate=true; primary=false; factoryBeanName=null; factoryMethodName=null; initMethodName=null; destroyMethodName=null, order = 500, Root bean: class [org.springframework.security.web.csrf.CsrfFilter]; scope=; abstract=false; lazyInit=null; autowireMode=0; dependencyCheck=0; autowireCandidate=true; primary=false; factoryBeanName=null; factoryMethodName=null; initMethodName=null; destroyMethodName=null, order = 700, Root bean: class [org.springframework.security.web.authentication.logout.LogoutFilter]; scope=; abstract=false; lazyInit=null; autowireMode=0; dependencyCheck=0; autowireCandidate=true; primary=false; factoryBeanName=null; factoryMethodName=null; initMethodName=null; destroyMethodName=null, order = 800, <org.springframework.security.web.authentication.UsernamePasswordAuthenticationFilter#0>, order = 1200, Root bean: class [org.springframework.security.web.authentication.ui.DefaultLoginPageGeneratingFilter]; scope=; abstract=false; lazyInit=null; autowireMode=0; dependencyCheck=0; autowireCandidate=true; primary=false; factoryBeanName=null; factoryMethodName=null; initMethodName=null; destroyMethodName=null, order = 1400, Root bean: class [org.springframework.security.web.authentication.ui.DefaultLogoutPageGeneratingFilter]; scope=; abstract=false; lazyInit=null; autowireMode=0; dependencyCheck=0; autowireCandidate=true; primary=false; factoryBeanName=null; factoryMethodName=null; initMethodName=null; destroyMethodName=null, order = 1500, Root bean: class [org.springframework.security.web.authentication.www.BasicAuthenticationFilter]; scope=; abstract=false; lazyInit=null; autowireMode=0; dependencyCheck=0; autowireCandidate=true; primary=false; factoryBeanName=null; factoryMethodName=null; initMethodName=null; destroyMethodName=null, order = 1800, Root bean: class [org.springframework.security.web.savedrequest.RequestCacheAwareFilter]; scope=; abstract=false; lazyInit=null; autowireMode=0; dependencyCheck=0; autowireCandidate=true; primary=false; factoryBeanName=null; factoryMethodName=null; initMethodName=null; destroyMethodName=null, order = 1900, Root bean: class [null]; scope=; abstract=false; lazyInit=null; autowireMode=0; dependencyCheck=0; autowireCandidate=true; primary=false; factoryBeanName=org.springframework.security.config.http.HttpConfigurationBuilder$SecurityContextHolderAwareRequestFilterBeanFactory#0; factoryMethodName=getBean; initMethodName=null; destroyMethodName=null, order = 2000, Root bean: class [org.springframework.security.web.authentication.AnonymousAuthenticationFilter]; scope=; abstract=false; lazyInit=null; autowireMode=0; dependencyCheck=0; autowireCandidate=true; primary=false; factoryBeanName=null; factoryMethodName=null; initMethodName=null; destroyMethodName=null, order = 2300, Root bean: class [org.springframework.security.web.session.SessionManagementFilter]; scope=; abstract=false; lazyInit=null; autowireMode=0; dependencyCheck=0; autowireCandidate=true; primary=false; factoryBeanName=null; factoryMethodName=null; initMethodName=null; destroyMethodName=null, order = 2400, Root bean: class [org.springframework.security.web.access.ExceptionTranslationFilter]; scope=; abstract=false; lazyInit=null; autowireMode=0; dependencyCheck=0; autowireCandidate=true; primary=false; factoryBeanName=null; factoryMethodName=null; initMethodName=null; destroyMethodName=null, order = 2500, <org.springframework.security.web.access.intercept.FilterSecurityInterceptor#0>, order = 2600]
2022-10-27 18:33:52.791 [INFO ] [com.zaxxer.hikari.HikariDataSource] [main] [com.zaxxer.hikari.HikariDataSource.<init>(HikariDataSource.java:80)] -- HikariPool-1 - Starting...
2022-10-27 18:33:53.264 [INFO ] [net.sf.log4jdbc.log.slf4j.Slf4jSpyLogDelegator] [main] [net.sf.log4jdbc.log.slf4j.Slf4jSpyLogDelegator.connectionOpened(Slf4jSpyLogDelegator.java:541)] -- 1. Connection opened
2022-10-27 18:33:53.265 [INFO ] [net.sf.log4jdbc.log.slf4j.Slf4jSpyLogDelegator] [main] [net.sf.log4jdbc.log.slf4j.Slf4jSpyLogDelegator.methodReturned(Slf4jSpyLogDelegator.java:175)] -- 1. Connection.new Connection returned 
2022-10-27 18:33:53.265 [INFO ] [com.zaxxer.hikari.pool.PoolBase] [main] [com.zaxxer.hikari.pool.PoolBase.getAndSetNetworkTimeout(PoolBase.java:541)] -- HikariPool-1 - Driver does not support get/set network timeout for connections. (net.sf.log4jdbc.sql.jdbcapi.ConnectionSpy.getNetworkTimeout()I)
2022-10-27 18:33:53.265 [INFO ] [net.sf.log4jdbc.log.slf4j.Slf4jSpyLogDelegator] [main] [net.sf.log4jdbc.log.slf4j.Slf4jSpyLogDelegator.methodReturned(Slf4jSpyLogDelegator.java:175)] -- 1. Connection.isReadOnly() returned false
2022-10-27 18:33:53.266 [INFO ] [net.sf.log4jdbc.log.slf4j.Slf4jSpyLogDelegator] [main] [net.sf.log4jdbc.log.slf4j.Slf4jSpyLogDelegator.methodReturned(Slf4jSpyLogDelegator.java:175)] -- 1. Connection.getAutoCommit() returned true
2022-10-27 18:33:53.270 [INFO ] [net.sf.log4jdbc.log.slf4j.Slf4jSpyLogDelegator] [main] [net.sf.log4jdbc.log.slf4j.Slf4jSpyLogDelegator.methodReturned(Slf4jSpyLogDelegator.java:175)] -- 1. Connection.isValid(1) returned true
2022-10-27 18:33:53.271 [INFO ] [net.sf.log4jdbc.log.slf4j.Slf4jSpyLogDelegator] [main] [net.sf.log4jdbc.log.slf4j.Slf4jSpyLogDelegator.methodReturned(Slf4jSpyLogDelegator.java:175)] -- 1. Connection.getTransactionIsolation() returned 2
2022-10-27 18:33:53.277 [INFO ] [com.zaxxer.hikari.HikariDataSource] [main] [com.zaxxer.hikari.HikariDataSource.<init>(HikariDataSource.java:82)] -- HikariPool-1 - Start completed.
2022-10-27 18:33:53.409 [INFO ] [net.sf.log4jdbc.log.slf4j.Slf4jSpyLogDelegator] [HikariPool-1 connection adder] [net.sf.log4jdbc.log.slf4j.Slf4jSpyLogDelegator.connectionOpened(Slf4jSpyLogDelegator.java:541)] -- 2. Connection opened
2022-10-27 18:33:53.411 [INFO ] [net.sf.log4jdbc.log.slf4j.Slf4jSpyLogDelegator] [HikariPool-1 connection adder] [net.sf.log4jdbc.log.slf4j.Slf4jSpyLogDelegator.methodReturned(Slf4jSpyLogDelegator.java:175)] -- 2. Connection.new Connection returned 
2022-10-27 18:33:53.411 [INFO ] [net.sf.log4jdbc.log.slf4j.Slf4jSpyLogDelegator] [HikariPool-1 connection adder] [net.sf.log4jdbc.log.slf4j.Slf4jSpyLogDelegator.methodReturned(Slf4jSpyLogDelegator.java:175)] -- 2. Connection.isReadOnly() returned false
2022-10-27 18:33:53.412 [INFO ] [net.sf.log4jdbc.log.slf4j.Slf4jSpyLogDelegator] [HikariPool-1 connection adder] [net.sf.log4jdbc.log.slf4j.Slf4jSpyLogDelegator.methodReturned(Slf4jSpyLogDelegator.java:175)] -- 2. Connection.getAutoCommit() returned true
2022-10-27 18:33:53.434 [INFO ] [net.sf.log4jdbc.log.slf4j.Slf4jSpyLogDelegator] [HikariPool-1 connection adder] [net.sf.log4jdbc.log.slf4j.Slf4jSpyLogDelegator.connectionOpened(Slf4jSpyLogDelegator.java:541)] -- 3. Connection opened
2022-10-27 18:33:53.434 [INFO ] [net.sf.log4jdbc.log.slf4j.Slf4jSpyLogDelegator] [HikariPool-1 connection adder] [net.sf.log4jdbc.log.slf4j.Slf4jSpyLogDelegator.methodReturned(Slf4jSpyLogDelegator.java:175)] -- 3. Connection.new Connection returned 
2022-10-27 18:33:53.435 [INFO ] [net.sf.log4jdbc.log.slf4j.Slf4jSpyLogDelegator] [HikariPool-1 connection adder] [net.sf.log4jdbc.log.slf4j.Slf4jSpyLogDelegator.methodReturned(Slf4jSpyLogDelegator.java:175)] -- 3. Connection.isReadOnly() returned false
2022-10-27 18:33:53.435 [INFO ] [net.sf.log4jdbc.log.slf4j.Slf4jSpyLogDelegator] [HikariPool-1 connection adder] [net.sf.log4jdbc.log.slf4j.Slf4jSpyLogDelegator.methodReturned(Slf4jSpyLogDelegator.java:175)] -- 3. Connection.getAutoCommit() returned true
2022-10-27 18:33:53.455 [INFO ] [net.sf.log4jdbc.log.slf4j.Slf4jSpyLogDelegator] [HikariPool-1 connection adder] [net.sf.log4jdbc.log.slf4j.Slf4jSpyLogDelegator.connectionOpened(Slf4jSpyLogDelegator.java:541)] -- 4. Connection opened
2022-10-27 18:33:53.456 [INFO ] [net.sf.log4jdbc.log.slf4j.Slf4jSpyLogDelegator] [HikariPool-1 connection adder] [net.sf.log4jdbc.log.slf4j.Slf4jSpyLogDelegator.methodReturned(Slf4jSpyLogDelegator.java:175)] -- 4. Connection.new Connection returned 
2022-10-27 18:33:53.456 [INFO ] [net.sf.log4jdbc.log.slf4j.Slf4jSpyLogDelegator] [HikariPool-1 connection adder] [net.sf.log4jdbc.log.slf4j.Slf4jSpyLogDelegator.methodReturned(Slf4jSpyLogDelegator.java:175)] -- 4. Connection.isReadOnly() returned false
2022-10-27 18:33:53.456 [INFO ] [net.sf.log4jdbc.log.slf4j.Slf4jSpyLogDelegator] [HikariPool-1 connection adder] [net.sf.log4jdbc.log.slf4j.Slf4jSpyLogDelegator.methodReturned(Slf4jSpyLogDelegator.java:175)] -- 4. Connection.getAutoCommit() returned true
2022-10-27 18:33:53.485 [INFO ] [net.sf.log4jdbc.log.slf4j.Slf4jSpyLogDelegator] [HikariPool-1 connection adder] [net.sf.log4jdbc.log.slf4j.Slf4jSpyLogDelegator.connectionOpened(Slf4jSpyLogDelegator.java:541)] -- 5. Connection opened
2022-10-27 18:33:53.486 [INFO ] [net.sf.log4jdbc.log.slf4j.Slf4jSpyLogDelegator] [HikariPool-1 connection adder] [net.sf.log4jdbc.log.slf4j.Slf4jSpyLogDelegator.methodReturned(Slf4jSpyLogDelegator.java:175)] -- 5. Connection.new Connection returned 
2022-10-27 18:33:53.486 [INFO ] [net.sf.log4jdbc.log.slf4j.Slf4jSpyLogDelegator] [HikariPool-1 connection adder] [net.sf.log4jdbc.log.slf4j.Slf4jSpyLogDelegator.methodReturned(Slf4jSpyLogDelegator.java:175)] -- 5. Connection.isReadOnly() returned false
2022-10-27 18:33:53.486 [INFO ] [net.sf.log4jdbc.log.slf4j.Slf4jSpyLogDelegator] [HikariPool-1 connection adder] [net.sf.log4jdbc.log.slf4j.Slf4jSpyLogDelegator.methodReturned(Slf4jSpyLogDelegator.java:175)] -- 5. Connection.getAutoCommit() returned true
2022-10-27 18:33:53.514 [INFO ] [net.sf.log4jdbc.log.slf4j.Slf4jSpyLogDelegator] [HikariPool-1 connection adder] [net.sf.log4jdbc.log.slf4j.Slf4jSpyLogDelegator.connectionOpened(Slf4jSpyLogDelegator.java:541)] -- 6. Connection opened
2022-10-27 18:33:53.514 [INFO ] [net.sf.log4jdbc.log.slf4j.Slf4jSpyLogDelegator] [HikariPool-1 connection adder] [net.sf.log4jdbc.log.slf4j.Slf4jSpyLogDelegator.methodReturned(Slf4jSpyLogDelegator.java:175)] -- 6. Connection.new Connection returned 
2022-10-27 18:33:53.514 [INFO ] [net.sf.log4jdbc.log.slf4j.Slf4jSpyLogDelegator] [HikariPool-1 connection adder] [net.sf.log4jdbc.log.slf4j.Slf4jSpyLogDelegator.methodReturned(Slf4jSpyLogDelegator.java:175)] -- 6. Connection.isReadOnly() returned false
2022-10-27 18:33:53.515 [INFO ] [net.sf.log4jdbc.log.slf4j.Slf4jSpyLogDelegator] [HikariPool-1 connection adder] [net.sf.log4jdbc.log.slf4j.Slf4jSpyLogDelegator.methodReturned(Slf4jSpyLogDelegator.java:175)] -- 6. Connection.getAutoCommit() returned true
2022-10-27 18:33:53.536 [INFO ] [net.sf.log4jdbc.log.slf4j.Slf4jSpyLogDelegator] [HikariPool-1 connection adder] [net.sf.log4jdbc.log.slf4j.Slf4jSpyLogDelegator.connectionOpened(Slf4jSpyLogDelegator.java:541)] -- 7. Connection opened
2022-10-27 18:33:53.536 [INFO ] [net.sf.log4jdbc.log.slf4j.Slf4jSpyLogDelegator] [HikariPool-1 connection adder] [net.sf.log4jdbc.log.slf4j.Slf4jSpyLogDelegator.methodReturned(Slf4jSpyLogDelegator.java:175)] -- 7. Connection.new Connection returned 
2022-10-27 18:33:53.537 [INFO ] [net.sf.log4jdbc.log.slf4j.Slf4jSpyLogDelegator] [HikariPool-1 connection adder] [net.sf.log4jdbc.log.slf4j.Slf4jSpyLogDelegator.methodReturned(Slf4jSpyLogDelegator.java:175)] -- 7. Connection.isReadOnly() returned false
2022-10-27 18:33:53.537 [INFO ] [net.sf.log4jdbc.log.slf4j.Slf4jSpyLogDelegator] [HikariPool-1 connection adder] [net.sf.log4jdbc.log.slf4j.Slf4jSpyLogDelegator.methodReturned(Slf4jSpyLogDelegator.java:175)] -- 7. Connection.getAutoCommit() returned true
2022-10-27 18:33:53.564 [INFO ] [net.sf.log4jdbc.log.slf4j.Slf4jSpyLogDelegator] [HikariPool-1 connection adder] [net.sf.log4jdbc.log.slf4j.Slf4jSpyLogDelegator.connectionOpened(Slf4jSpyLogDelegator.java:541)] -- 8. Connection opened
2022-10-27 18:33:53.564 [INFO ] [net.sf.log4jdbc.log.slf4j.Slf4jSpyLogDelegator] [HikariPool-1 connection adder] [net.sf.log4jdbc.log.slf4j.Slf4jSpyLogDelegator.methodReturned(Slf4jSpyLogDelegator.java:175)] -- 8. Connection.new Connection returned 
2022-10-27 18:33:53.565 [INFO ] [net.sf.log4jdbc.log.slf4j.Slf4jSpyLogDelegator] [HikariPool-1 connection adder] [net.sf.log4jdbc.log.slf4j.Slf4jSpyLogDelegator.methodReturned(Slf4jSpyLogDelegator.java:175)] -- 8. Connection.isReadOnly() returned false
2022-10-27 18:33:53.565 [INFO ] [net.sf.log4jdbc.log.slf4j.Slf4jSpyLogDelegator] [HikariPool-1 connection adder] [net.sf.log4jdbc.log.slf4j.Slf4jSpyLogDelegator.methodReturned(Slf4jSpyLogDelegator.java:175)] -- 8. Connection.getAutoCommit() returned true
2022-10-27 18:33:53.584 [INFO ] [net.sf.log4jdbc.log.slf4j.Slf4jSpyLogDelegator] [HikariPool-1 connection adder] [net.sf.log4jdbc.log.slf4j.Slf4jSpyLogDelegator.connectionOpened(Slf4jSpyLogDelegator.java:541)] -- 9. Connection opened
2022-10-27 18:33:53.584 [INFO ] [net.sf.log4jdbc.log.slf4j.Slf4jSpyLogDelegator] [HikariPool-1 connection adder] [net.sf.log4jdbc.log.slf4j.Slf4jSpyLogDelegator.methodReturned(Slf4jSpyLogDelegator.java:175)] -- 9. Connection.new Connection returned 
2022-10-27 18:33:53.584 [INFO ] [net.sf.log4jdbc.log.slf4j.Slf4jSpyLogDelegator] [HikariPool-1 connection adder] [net.sf.log4jdbc.log.slf4j.Slf4jSpyLogDelegator.methodReturned(Slf4jSpyLogDelegator.java:175)] -- 9. Connection.isReadOnly() returned false
2022-10-27 18:33:53.584 [INFO ] [net.sf.log4jdbc.log.slf4j.Slf4jSpyLogDelegator] [HikariPool-1 connection adder] [net.sf.log4jdbc.log.slf4j.Slf4jSpyLogDelegator.methodReturned(Slf4jSpyLogDelegator.java:175)] -- 9. Connection.getAutoCommit() returned true
2022-10-27 18:33:53.608 [INFO ] [net.sf.log4jdbc.log.slf4j.Slf4jSpyLogDelegator] [HikariPool-1 connection adder] [net.sf.log4jdbc.log.slf4j.Slf4jSpyLogDelegator.connectionOpened(Slf4jSpyLogDelegator.java:541)] -- 10. Connection opened
2022-10-27 18:33:53.608 [INFO ] [net.sf.log4jdbc.log.slf4j.Slf4jSpyLogDelegator] [HikariPool-1 connection adder] [net.sf.log4jdbc.log.slf4j.Slf4jSpyLogDelegator.methodReturned(Slf4jSpyLogDelegator.java:175)] -- 10. Connection.new Connection returned 
2022-10-27 18:33:53.608 [INFO ] [net.sf.log4jdbc.log.slf4j.Slf4jSpyLogDelegator] [HikariPool-1 connection adder] [net.sf.log4jdbc.log.slf4j.Slf4jSpyLogDelegator.methodReturned(Slf4jSpyLogDelegator.java:175)] -- 10. Connection.isReadOnly() returned false
2022-10-27 18:33:53.608 [INFO ] [net.sf.log4jdbc.log.slf4j.Slf4jSpyLogDelegator] [HikariPool-1 connection adder] [net.sf.log4jdbc.log.slf4j.Slf4jSpyLogDelegator.methodReturned(Slf4jSpyLogDelegator.java:175)] -- 10. Connection.getAutoCommit() returned true
2022-10-27 18:33:53.704 [WARN ] [org.mybatis.logging.Logger] [main] [org.mybatis.logging.Logger.warn(Logger.java:44)] -- Property 'mapperLocations' was specified but matching resources are not found.
2022-10-27 18:33:54.382 [INFO ] [org.springframework.security.web.DefaultSecurityFilterChain] [main] [org.springframework.security.web.DefaultSecurityFilterChain.<init>(DefaultSecurityFilterChain.java:43)] -- Creating filter chain: any request, [org.springframework.security.web.context.SecurityContextPersistenceFilter@1aebceab, org.springframework.security.web.context.request.async.WebAsyncManagerIntegrationFilter@1054f42a, org.springframework.security.web.header.HeaderWriterFilter@73728802, org.springframework.security.web.csrf.CsrfFilter@193cb0e9, org.springframework.security.web.authentication.logout.LogoutFilter@5de6abf3, org.springframework.security.web.authentication.UsernamePasswordAuthenticationFilter@6a24e1c1, org.springframework.security.web.authentication.ui.DefaultLoginPageGeneratingFilter@df1561f, org.springframework.security.web.authentication.ui.DefaultLogoutPageGeneratingFilter@713614b0, org.springframework.security.web.authentication.www.BasicAuthenticationFilter@19679056, org.springframework.security.web.savedrequest.RequestCacheAwareFilter@54804052, org.springframework.security.web.servletapi.SecurityContextHolderAwareRequestFilter@5346a573, org.springframework.security.web.authentication.AnonymousAuthenticationFilter@1214b83f, org.springframework.security.web.session.SessionManagementFilter@37547f0b, org.springframework.security.web.access.ExceptionTranslationFilter@61803b63, org.springframework.security.web.access.intercept.FilterSecurityInterceptor@70b771d]
2022-10-27 18:33:54.431 [INFO ] [org.springframework.security.config.http.DefaultFilterChainValidator] [main] [org.springframework.security.config.http.DefaultFilterChainValidator.checkLoginPageIsntProtected(DefaultFilterChainValidator.java:154)] -- Checking whether login URL '/login' is accessible with your configuration
2022-10-27 18:33:54.478 [INFO ] [org.springframework.web.context.ContextLoader] [main] [org.springframework.web.context.ContextLoader.initWebApplicationContext(ContextLoader.java:307)] -- Root WebApplicationContext initialized in 2980 ms
2022-10-27 18:33:54.518 [INFO ] [org.springframework.web.servlet.FrameworkServlet] [main] [org.springframework.web.servlet.FrameworkServlet.initServletBean(FrameworkServlet.java:525)] -- Initializing Servlet 'appServlet'
2022-10-27 18:33:54.906 [INFO ] [org.springframework.security.config.SecurityNamespaceHandler] [main] [org.springframework.security.config.SecurityNamespaceHandler.<init>(SecurityNamespaceHandler.java:78)] -- Spring Security 'config' module version is 5.2.15.RELEASE
2022-10-27 18:33:54.912 [INFO ] [org.springframework.security.config.http.AuthenticationConfigBuilder] [main] [org.springframework.security.config.http.AuthenticationConfigBuilder.createLoginPageFilterIfNeeded(AuthenticationConfigBuilder.java:542)] -- No login page configured. The default internal one will be used. Use the 'login-page' attribute to set the URL of the login page.
2022-10-27 18:33:54.913 [INFO ] [org.springframework.security.config.http.HttpSecurityBeanDefinitionParser] [main] [org.springframework.security.config.http.HttpSecurityBeanDefinitionParser.checkFilterChainOrder(HttpSecurityBeanDefinitionParser.java:307)] -- Checking sorted filter chain: [Root bean: class [org.springframework.security.web.context.SecurityContextPersistenceFilter]; scope=; abstract=false; lazyInit=null; autowireMode=0; dependencyCheck=0; autowireCandidate=true; primary=false; factoryBeanName=null; factoryMethodName=null; initMethodName=null; destroyMethodName=null, order = 200, Root bean: class [org.springframework.security.web.context.request.async.WebAsyncManagerIntegrationFilter]; scope=; abstract=false; lazyInit=null; autowireMode=0; dependencyCheck=0; autowireCandidate=true; primary=false; factoryBeanName=null; factoryMethodName=null; initMethodName=null; destroyMethodName=null, order = 400, Root bean: class [org.springframework.security.web.header.HeaderWriterFilter]; scope=; abstract=false; lazyInit=null; autowireMode=0; dependencyCheck=0; autowireCandidate=true; primary=false; factoryBeanName=null; factoryMethodName=null; initMethodName=null; destroyMethodName=null, order = 500, Root bean: class [org.springframework.security.web.csrf.CsrfFilter]; scope=; abstract=false; lazyInit=null; autowireMode=0; dependencyCheck=0; autowireCandidate=true; primary=false; factoryBeanName=null; factoryMethodName=null; initMethodName=null; destroyMethodName=null, order = 700, Root bean: class [org.springframework.security.web.authentication.logout.LogoutFilter]; scope=; abstract=false; lazyInit=null; autowireMode=0; dependencyCheck=0; autowireCandidate=true; primary=false; factoryBeanName=null; factoryMethodName=null; initMethodName=null; destroyMethodName=null, order = 800, <org.springframework.security.web.authentication.UsernamePasswordAuthenticationFilter#0>, order = 1200, Root bean: class [org.springframework.security.web.authentication.ui.DefaultLoginPageGeneratingFilter]; scope=; abstract=false; lazyInit=null; autowireMode=0; dependencyCheck=0; autowireCandidate=true; primary=false; factoryBeanName=null; factoryMethodName=null; initMethodName=null; destroyMethodName=null, order = 1400, Root bean: class [org.springframework.security.web.authentication.ui.DefaultLogoutPageGeneratingFilter]; scope=; abstract=false; lazyInit=null; autowireMode=0; dependencyCheck=0; autowireCandidate=true; primary=false; factoryBeanName=null; factoryMethodName=null; initMethodName=null; destroyMethodName=null, order = 1500, Root bean: class [org.springframework.security.web.authentication.www.BasicAuthenticationFilter]; scope=; abstract=false; lazyInit=null; autowireMode=0; dependencyCheck=0; autowireCandidate=true; primary=false; factoryBeanName=null; factoryMethodName=null; initMethodName=null; destroyMethodName=null, order = 1800, Root bean: class [org.springframework.security.web.savedrequest.RequestCacheAwareFilter]; scope=; abstract=false; lazyInit=null; autowireMode=0; dependencyCheck=0; autowireCandidate=true; primary=false; factoryBeanName=null; factoryMethodName=null; initMethodName=null; destroyMethodName=null, order = 1900, Root bean: class [null]; scope=; abstract=false; lazyInit=null; autowireMode=0; dependencyCheck=0; autowireCandidate=true; primary=false; factoryBeanName=org.springframework.security.config.http.HttpConfigurationBuilder$SecurityContextHolderAwareRequestFilterBeanFactory#0; factoryMethodName=getBean; initMethodName=null; destroyMethodName=null, order = 2000, Root bean: class [org.springframework.security.web.authentication.AnonymousAuthenticationFilter]; scope=; abstract=false; lazyInit=null; autowireMode=0; dependencyCheck=0; autowireCandidate=true; primary=false; factoryBeanName=null; factoryMethodName=null; initMethodName=null; destroyMethodName=null, order = 2300, Root bean: class [org.springframework.security.web.session.SessionManagementFilter]; scope=; abstract=false; lazyInit=null; autowireMode=0; dependencyCheck=0; autowireCandidate=true; primary=false; factoryBeanName=null; factoryMethodName=null; initMethodName=null; destroyMethodName=null, order = 2400, Root bean: class [org.springframework.security.web.access.ExceptionTranslationFilter]; scope=; abstract=false; lazyInit=null; autowireMode=0; dependencyCheck=0; autowireCandidate=true; primary=false; factoryBeanName=null; factoryMethodName=null; initMethodName=null; destroyMethodName=null, order = 2500, <org.springframework.security.web.access.intercept.FilterSecurityInterceptor#0>, order = 2600]
2022-10-27 18:33:56.376 [INFO ] [org.hibernate.validator.internal.util.Version] [main] [org.hibernate.validator.internal.util.Version.<clinit>(Version.java:21)] -- HV000001: Hibernate Validator 6.2.0.Final
2022-10-27 18:33:58.509 [INFO ] [org.springframework.security.web.DefaultSecurityFilterChain] [main] [org.springframework.security.web.DefaultSecurityFilterChain.<init>(DefaultSecurityFilterChain.java:43)] -- Creating filter chain: any request, [org.springframework.security.web.context.SecurityContextPersistenceFilter@2f7b660c, org.springframework.security.web.context.request.async.WebAsyncManagerIntegrationFilter@5bd8ceae, org.springframework.security.web.header.HeaderWriterFilter@50b48fb0, org.springframework.security.web.csrf.CsrfFilter@6a07b0a9, org.springframework.security.web.authentication.logout.LogoutFilter@1eb8e0e3, org.springframework.security.web.authentication.UsernamePasswordAuthenticationFilter@308f024, org.springframework.security.web.authentication.ui.DefaultLoginPageGeneratingFilter@77b536fa, org.springframework.security.web.authentication.ui.DefaultLogoutPageGeneratingFilter@20e0425d, org.springframework.security.web.authentication.www.BasicAuthenticationFilter@7986115a, org.springframework.security.web.savedrequest.RequestCacheAwareFilter@3d4b479e, org.springframework.security.web.servletapi.SecurityContextHolderAwareRequestFilter@6397a42b, org.springframework.security.web.authentication.AnonymousAuthenticationFilter@41c7e0ae, org.springframework.security.web.session.SessionManagementFilter@882250d, org.springframework.security.web.access.ExceptionTranslationFilter@6f92e434, org.springframework.security.web.access.intercept.FilterSecurityInterceptor@317aa311]
2022-10-27 18:33:58.516 [INFO ] [org.springframework.security.config.http.DefaultFilterChainValidator] [main] [org.springframework.security.config.http.DefaultFilterChainValidator.checkLoginPageIsntProtected(DefaultFilterChainValidator.java:154)] -- Checking whether login URL '/login' is accessible with your configuration
2022-10-27 18:33:59.157 [INFO ] [springfox.documentation.spring.web.PropertySourcedRequestMappingHandlerMapping] [main] [springfox.documentation.spring.web.PropertySourcedRequestMappingHandlerMapping.initHandlerMethods(PropertySourcedRequestMappingHandlerMapping.java:69)] -- Mapped URL path [/v2/api-docs] onto method [springfox.documentation.swagger2.web.Swagger2Controller#getDocumentation(String, HttpServletRequest)]
2022-10-27 18:33:59.178 [INFO ] [springfox.documentation.spring.web.plugins.DocumentationPluginsBootstrapper] [main] [springfox.documentation.spring.web.plugins.DocumentationPluginsBootstrapper.start(DocumentationPluginsBootstrapper.java:160)] -- Context refreshed
2022-10-27 18:33:59.281 [INFO ] [springfox.documentation.spring.web.plugins.DocumentationPluginsBootstrapper] [main] [springfox.documentation.spring.web.plugins.DocumentationPluginsBootstrapper.start(DocumentationPluginsBootstrapper.java:163)] -- Found 1 custom documentation plugin(s)
2022-10-27 18:33:59.409 [INFO ] [springfox.documentation.spring.web.scanners.ApiListingReferenceScanner] [main] [springfox.documentation.spring.web.scanners.ApiListingReferenceScanner.scan(ApiListingReferenceScanner.java:41)] -- Scanning for api listing references
2022-10-27 18:33:59.772 [INFO ] [org.springframework.web.servlet.FrameworkServlet] [main] [org.springframework.web.servlet.FrameworkServlet.initServletBean(FrameworkServlet.java:547)] -- Completed initialization in 5254 ms
2022-10-27 18:34:20.378 [INFO ] [com.joeun.joeunmall.controller.DemoController] [http-nio-8282-exec-8] [com.joeun.joeunmall.controller.DemoController.demo(DemoController.java:28)] -- demo
2022-10-27 18:34:20.404 [INFO ] [com.joeun.joeunmall.controller.DemoController] [http-nio-8282-exec-5] [com.joeun.joeunmall.controller.DemoController.adminProductManage(DemoController.java:36)] -- admin-productManage
2022-10-27 18:36:46.192 [WARN ] [org.springframework.web.servlet.DispatcherServlet] [http-nio-8282-exec-1] [org.springframework.web.servlet.DispatcherServlet.noHandlerFound(DispatcherServlet.java:1254)] -- No mapping for GET /joeunmall/admin/admin-inquiryManage.html
2022-10-27 18:36:48.629 [INFO ] [com.joeun.joeunmall.controller.DemoController] [http-nio-8282-exec-3] [com.joeun.joeunmall.controller.DemoController.demo(DemoController.java:28)] -- demo
2022-10-27 18:36:48.634 [INFO ] [com.joeun.joeunmall.controller.DemoController] [http-nio-8282-exec-4] [com.joeun.joeunmall.controller.DemoController.adminProductManage(DemoController.java:36)] -- admin-productManage
2022-10-27 18:36:50.589 [WARN ] [org.springframework.web.servlet.DispatcherServlet] [http-nio-8282-exec-7] [org.springframework.web.servlet.DispatcherServlet.noHandlerFound(DispatcherServlet.java:1254)] -- No mapping for GET /joeunmall/admin/admin-customerManage.html
2022-10-27 18:36:51.946 [INFO ] [com.joeun.joeunmall.controller.DemoController] [http-nio-8282-exec-8] [com.joeun.joeunmall.controller.DemoController.demo(DemoController.java:28)] -- demo
2022-10-27 18:36:51.956 [INFO ] [com.joeun.joeunmall.controller.DemoController] [http-nio-8282-exec-2] [com.joeun.joeunmall.controller.DemoController.adminProductManage(DemoController.java:36)] -- admin-productManage
