[2020-03-02 15:19:52] Executing startup tasks
[2020-03-02 15:19:52] OpenJDK Runtime Environment 1.8.0_202-b08
[2020-03-02 15:19:52] Product self.product.version
[2020-03-02 15:19:52] Workspace D:\eGovFrameDev-3.9.0-64bit\workspace
[2020-03-02 15:19:52] Bundle org.eclipse.oomph.setup 1.9.0.v20180529-0916, build=3551, branch=5a7202105cdec0e9bc9553799ba330ea58714ce5
[2020-03-02 15:19:52] Bundle org.eclipse.oomph.setup.core 1.9.0.v20180529-0916, build=3551, branch=5a7202105cdec0e9bc9553799ba330ea58714ce5
[2020-03-02 15:19:52] Bundle org.eclipse.oomph.setup.p2 1.9.0.v20180529-0916, build=3551, branch=5a7202105cdec0e9bc9553799ba330ea58714ce5
[2020-03-02 15:19:52] Performing Preference /instance/org.eclipse.jdt.core/org.eclipse.jdt.core.classpathVariable.M2_REPO = D:/eclipse-jee-photon-R-win32/maven/repository
[2020-03-02 15:19:53] Performing Preference /instance/org.eclipse.m2e.core/eclipse.m2.userSettingsFile = D:\eclipse-jee-photon-R-win32\maven\settings.xml
[2020-03-02 15:19:53] 
[2020-03-03 11:11:51] Executing startup tasks
[2020-03-03 11:11:51] OpenJDK Runtime Environment 1.8.0_202-b08
[2020-03-03 11:11:51] Product self.product.version
[2020-03-03 11:11:51] Workspace D:\eGovFrameDev-3.9.0-64bit\workspace
[2020-03-03 11:11:51] Bundle org.eclipse.oomph.setup 1.9.0.v20180529-0916, build=3551, branch=5a7202105cdec0e9bc9553799ba330ea58714ce5
[2020-03-03 11:11:51] Bundle org.eclipse.oomph.setup.core 1.9.0.v20180529-0916, build=3551, branch=5a7202105cdec0e9bc9553799ba330ea58714ce5
[2020-03-03 11:11:51] Bundle org.eclipse.oomph.setup.p2 1.9.0.v20180529-0916, build=3551, branch=5a7202105cdec0e9bc9553799ba330ea58714ce5
[2020-03-03 11:11:51] Performing Preference /instance/org.eclipse.core.runtime/content-types/org.eclipse.core.runtime.text/charset = UTF-8
[2020-03-03 11:11:51] Performing Preference /instance/org.eclipse.core.runtime/content-types/org.eclipse.jst.jsp.core.jspsource/charset = UTF-8
[2020-03-03 11:11:52] 
[2020-03-23 10:07:35] Executing startup tasks
[2020-03-23 10:07:35] OpenJDK Runtime Environment 1.8.0_202-b08
[2020-03-23 10:07:35] Product self.product.version
[2020-03-23 10:07:35] Workspace E:\eGovFrameDev-3.9.0-64bit\workspace
[2020-03-23 10:07:35] Bundle org.eclipse.oomph.setup 1.9.0.v20180529-0916, build=3551, branch=5a7202105cdec0e9bc9553799ba330ea58714ce5
[2020-03-23 10:07:35] Bundle org.eclipse.oomph.setup.core 1.9.0.v20180529-0916, build=3551, branch=5a7202105cdec0e9bc9553799ba330ea58714ce5
[2020-03-23 10:07:35] Bundle org.eclipse.oomph.setup.p2 1.9.0.v20180529-0916, build=3551, branch=5a7202105cdec0e9bc9553799ba330ea58714ce5
[2020-03-23 10:07:35] Performing Preference /instance/org.eclipse.core.runtime/content-types/org.eclipse.core.runtime.text/charset = UTF-8
[2020-03-23 10:07:36] Performing Preference /instance/org.eclipse.core.runtime/content-types/org.eclipse.jst.jsp.core.jspsource/charset = UTF-8
[2020-03-23 10:07:36] 
