2022-11-23 10:52:58.992 [INFO ] [net.sf.log4jdbc.log.slf4j.Slf4jSpyLogDelegator] [http-nio-8282-exec-10] [net.sf.log4jdbc.log.slf4j.Slf4jSpyLogDelegator.methodReturned(Slf4jSpyLogDelegator.java:175)] -- 12. ResultSet.getTimestamp(ORDER_DATE) returned 2022-09-30 00:00:00.0
2022-11-23 10:52:59.000 [INFO ] [net.sf.log4jdbc.log.slf4j.Slf4jSpyLogDelegator] [http-nio-8282-exec-10] [net.sf.log4jdbc.log.slf4j.Slf4jSpyLogDelegator.methodReturned(Slf4jSpyLogDelegator.java:175)] -- 12. ResultSet.getBigDecimal(ORDER_PRICE) returned 726800
2022-11-23 10:52:59.000 [INFO ] [net.sf.log4jdbc.log.slf4j.Slf4jSpyLogDelegator] [http-nio-8282-exec-10] [net.sf.log4jdbc.log.slf4j.Slf4jSpyLogDelegator.methodReturned(Slf4jSpyLogDelegator.java:175)] -- 12. ResultSet.getString(ORDER_NAME) returned 성이주
2022-11-23 10:52:59.000 [INFO ] [net.sf.log4jdbc.log.slf4j.Slf4jSpyLogDelegator] [http-nio-8282-exec-10] [net.sf.log4jdbc.log.slf4j.Slf4jSpyLogDelegator.methodReturned(Slf4jSpyLogDelegator.java:175)] -- 12. ResultSet.getString(ORDER_POST) returned 78728
2022-11-23 10:52:59.000 [INFO ] [net.sf.log4jdbc.log.slf4j.Slf4jSpyLogDelegator] [http-nio-8282-exec-10] [net.sf.log4jdbc.log.slf4j.Slf4jSpyLogDelegator.methodReturned(Slf4jSpyLogDelegator.java:175)] -- 12. ResultSet.getString(ORDER_ADDRESS) returned 서울시 구로구
2022-11-23 10:52:59.001 [INFO ] [net.sf.log4jdbc.log.slf4j.Slf4jSpyLogDelegator] [http-nio-8282-exec-10] [net.sf.log4jdbc.log.slf4j.Slf4jSpyLogDelegator.methodReturned(Slf4jSpyLogDelegator.java:175)] -- 12. ResultSet.getString(ORDER_ADDRESS_DETAIL) returned 현대아파트 502호
2022-11-23 10:52:59.001 [INFO ] [net.sf.log4jdbc.log.slf4j.Slf4jSpyLogDelegator] [http-nio-8282-exec-10] [net.sf.log4jdbc.log.slf4j.Slf4jSpyLogDelegator.methodReturned(Slf4jSpyLogDelegator.java:175)] -- 12. ResultSet.getString(ORDER_MOBILE) returned 010-2818-2947
2022-11-23 10:52:59.001 [INFO ] [net.sf.log4jdbc.log.slf4j.Slf4jSpyLogDelegator] [http-nio-8282-exec-10] [net.sf.log4jdbc.log.slf4j.Slf4jSpyLogDelegator.methodReturned(Slf4jSpyLogDelegator.java:175)] -- 12. ResultSet.getString(ORDER_MESSAGE) returned 경비실에 맡겨주세요
2022-11-23 10:52:59.001 [INFO ] [net.sf.log4jdbc.log.slf4j.Slf4jSpyLogDelegator] [http-nio-8282-exec-10] [net.sf.log4jdbc.log.slf4j.Slf4jSpyLogDelegator.methodReturned(Slf4jSpyLogDelegator.java:175)] -- 12. ResultSet.getNString(ORDER_INDEX) returned 220930_2022006_1
2022-11-23 10:52:59.001 [INFO ] [net.sf.log4jdbc.log.slf4j.Slf4jSpyLogDelegator] [http-nio-8282-exec-10] [net.sf.log4jdbc.log.slf4j.Slf4jSpyLogDelegator.methodReturned(Slf4jSpyLogDelegator.java:175)] -- 12. ResultSet.getBigDecimal(PRODUCT_COUNT_SUM) returned 16
2022-11-23 10:52:59.001 [INFO ] [net.sf.log4jdbc.log.slf4j.Slf4jSpyLogDelegator] [http-nio-8282-exec-10] [net.sf.log4jdbc.log.slf4j.Slf4jSpyLogDelegator.methodReturned(Slf4jSpyLogDelegator.java:175)] -- 12. ResultSet.getBigDecimal(PAGE) returned 1
2022-11-23 10:52:59.001 [INFO ] [net.sf.log4jdbc.log.slf4j.Slf4jSpyLogDelegator] [http-nio-8282-exec-10] [net.sf.log4jdbc.log.slf4j.Slf4jSpyLogDelegator.methodReturned(Slf4jSpyLogDelegator.java:175)] -- 12. ResultSet.isClosed() returned false
2022-11-23 10:52:59.002 [INFO ] [net.sf.log4jdbc.log.slf4j.Slf4jSpyLogDelegator] [http-nio-8282-exec-10] [net.sf.log4jdbc.log.slf4j.Slf4jSpyLogDelegator.methodReturned(Slf4jSpyLogDelegator.java:175)] -- 12. ResultSet.next() returned true
2022-11-23 10:52:59.002 [INFO ] [net.sf.log4jdbc.log.slf4j.Slf4jSpyLogDelegator] [http-nio-8282-exec-10] [net.sf.log4jdbc.log.slf4j.Slf4jSpyLogDelegator.methodReturned(Slf4jSpyLogDelegator.java:175)] -- 12. ResultSet.getNString(ORDER_INDEX) returned 220927_2022031_1
2022-11-23 10:52:59.002 [INFO ] [net.sf.log4jdbc.log.slf4j.Slf4jSpyLogDelegator] [http-nio-8282-exec-10] [net.sf.log4jdbc.log.slf4j.Slf4jSpyLogDelegator.methodReturned(Slf4jSpyLogDelegator.java:175)] -- 12. ResultSet.getNString(USER_INDEX) returned 2022031
2022-11-23 10:52:59.002 [INFO ] [net.sf.log4jdbc.log.slf4j.Slf4jSpyLogDelegator] [http-nio-8282-exec-10] [net.sf.log4jdbc.log.slf4j.Slf4jSpyLogDelegator.methodReturned(Slf4jSpyLogDelegator.java:175)] -- 12. ResultSet.getNString(ORDER_STATE_INDEX) returned STA4
2022-11-23 10:52:59.002 [INFO ] [net.sf.log4jdbc.log.slf4j.Slf4jSpyLogDelegator] [http-nio-8282-exec-10] [net.sf.log4jdbc.log.slf4j.Slf4jSpyLogDelegator.methodReturned(Slf4jSpyLogDelegator.java:175)] -- 12. ResultSet.getNString(PAYMENT_INDEX) returned PAY3
2022-11-23 10:52:59.002 [INFO ] [net.sf.log4jdbc.log.slf4j.Slf4jSpyLogDelegator] [http-nio-8282-exec-10] [net.sf.log4jdbc.log.slf4j.Slf4jSpyLogDelegator.methodReturned(Slf4jSpyLogDelegator.java:175)] -- 12. ResultSet.getTimestamp(ORDER_DATE) returned 2022-09-27 00:00:00.0
2022-11-23 10:52:59.002 [INFO ] [net.sf.log4jdbc.log.slf4j.Slf4jSpyLogDelegator] [http-nio-8282-exec-10] [net.sf.log4jdbc.log.slf4j.Slf4jSpyLogDelegator.methodReturned(Slf4jSpyLogDelegator.java:175)] -- 12. ResultSet.getBigDecimal(ORDER_PRICE) returned 360500
2022-11-23 10:52:59.003 [INFO ] [net.sf.log4jdbc.log.slf4j.Slf4jSpyLogDelegator] [http-nio-8282-exec-10] [net.sf.log4jdbc.log.slf4j.Slf4jSpyLogDelegator.methodReturned(Slf4jSpyLogDelegator.java:175)] -- 12. ResultSet.getString(ORDER_NAME) returned 이순빈
2022-11-23 10:52:59.003 [INFO ] [net.sf.log4jdbc.log.slf4j.Slf4jSpyLogDelegator] [http-nio-8282-exec-10] [net.sf.log4jdbc.log.slf4j.Slf4jSpyLogDelegator.methodReturned(Slf4jSpyLogDelegator.java:175)] -- 12. ResultSet.getString(ORDER_POST) returned 59602
2022-11-23 10:52:59.003 [INFO ] [net.sf.log4jdbc.log.slf4j.Slf4jSpyLogDelegator] [http-nio-8282-exec-10] [net.sf.log4jdbc.log.slf4j.Slf4jSpyLogDelegator.methodReturned(Slf4jSpyLogDelegator.java:175)] -- 12. ResultSet.getString(ORDER_ADDRESS) returned 서울시 마포구
2022-11-23 10:52:59.003 [INFO ] [net.sf.log4jdbc.log.slf4j.Slf4jSpyLogDelegator] [http-nio-8282-exec-10] [net.sf.log4jdbc.log.slf4j.Slf4jSpyLogDelegator.methodReturned(Slf4jSpyLogDelegator.java:175)] -- 12. ResultSet.getString(ORDER_ADDRESS_DETAIL) returned 푸르지오아파트 1305호
2022-11-23 10:52:59.003 [INFO ] [net.sf.log4jdbc.log.slf4j.Slf4jSpyLogDelegator] [http-nio-8282-exec-10] [net.sf.log4jdbc.log.slf4j.Slf4jSpyLogDelegator.methodReturned(Slf4jSpyLogDelegator.java:175)] -- 12. ResultSet.getString(ORDER_MOBILE) returned 010-6611-6125
2022-11-23 10:52:59.003 [INFO ] [net.sf.log4jdbc.log.slf4j.Slf4jSpyLogDelegator] [http-nio-8282-exec-10] [net.sf.log4jdbc.log.slf4j.Slf4jSpyLogDelegator.methodReturned(Slf4jSpyLogDelegator.java:175)] -- 12. ResultSet.getString(ORDER_MESSAGE) returned 현관문 앞에 놓아주세요.
2022-11-23 10:52:59.003 [INFO ] [net.sf.log4jdbc.log.slf4j.Slf4jSpyLogDelegator] [http-nio-8282-exec-10] [net.sf.log4jdbc.log.slf4j.Slf4jSpyLogDelegator.methodReturned(Slf4jSpyLogDelegator.java:175)] -- 12. ResultSet.getNString(ORDER_INDEX) returned 220927_2022031_1
2022-11-23 10:52:59.004 [INFO ] [net.sf.log4jdbc.log.slf4j.Slf4jSpyLogDelegator] [http-nio-8282-exec-10] [net.sf.log4jdbc.log.slf4j.Slf4jSpyLogDelegator.methodReturned(Slf4jSpyLogDelegator.java:175)] -- 12. ResultSet.getBigDecimal(PRODUCT_COUNT_SUM) returned 10
2022-11-23 10:52:59.004 [INFO ] [net.sf.log4jdbc.log.slf4j.Slf4jSpyLogDelegator] [http-nio-8282-exec-10] [net.sf.log4jdbc.log.slf4j.Slf4jSpyLogDelegator.methodReturned(Slf4jSpyLogDelegator.java:175)] -- 12. ResultSet.getBigDecimal(PAGE) returned 1
2022-11-23 10:52:59.004 [INFO ] [net.sf.log4jdbc.log.slf4j.Slf4jSpyLogDelegator] [http-nio-8282-exec-10] [net.sf.log4jdbc.log.slf4j.Slf4jSpyLogDelegator.methodReturned(Slf4jSpyLogDelegator.java:175)] -- 12. ResultSet.isClosed() returned false
2022-11-23 10:52:59.004 [INFO ] [net.sf.log4jdbc.log.slf4j.Slf4jSpyLogDelegator] [http-nio-8282-exec-10] [net.sf.log4jdbc.log.slf4j.Slf4jSpyLogDelegator.methodReturned(Slf4jSpyLogDelegator.java:175)] -- 12. ResultSet.next() returned true
2022-11-23 10:52:59.004 [INFO ] [net.sf.log4jdbc.log.slf4j.Slf4jSpyLogDelegator] [http-nio-8282-exec-10] [net.sf.log4jdbc.log.slf4j.Slf4jSpyLogDelegator.methodReturned(Slf4jSpyLogDelegator.java:175)] -- 12. ResultSet.getNString(ORDER_INDEX) returned 220925_2022006_1
2022-11-23 10:52:59.004 [INFO ] [net.sf.log4jdbc.log.slf4j.Slf4jSpyLogDelegator] [http-nio-8282-exec-10] [net.sf.log4jdbc.log.slf4j.Slf4jSpyLogDelegator.methodReturned(Slf4jSpyLogDelegator.java:175)] -- 12. ResultSet.getNString(USER_INDEX) returned 2022006
2022-11-23 10:52:59.004 [INFO ] [net.sf.log4jdbc.log.slf4j.Slf4jSpyLogDelegator] [http-nio-8282-exec-10] [net.sf.log4jdbc.log.slf4j.Slf4jSpyLogDelegator.methodReturned(Slf4jSpyLogDelegator.java:175)] -- 12. ResultSet.getNString(ORDER_STATE_INDEX) returned STA7
2022-11-23 10:52:59.005 [INFO ] [net.sf.log4jdbc.log.slf4j.Slf4jSpyLogDelegator] [http-nio-8282-exec-10] [net.sf.log4jdbc.log.slf4j.Slf4jSpyLogDelegator.methodReturned(Slf4jSpyLogDelegator.java:175)] -- 12. ResultSet.getNString(PAYMENT_INDEX) returned PAY2
2022-11-23 10:52:59.005 [INFO ] [net.sf.log4jdbc.log.slf4j.Slf4jSpyLogDelegator] [http-nio-8282-exec-10] [net.sf.log4jdbc.log.slf4j.Slf4jSpyLogDelegator.methodReturned(Slf4jSpyLogDelegator.java:175)] -- 12. ResultSet.getTimestamp(ORDER_DATE) returned 2022-09-25 00:00:00.0
2022-11-23 10:52:59.005 [INFO ] [net.sf.log4jdbc.log.slf4j.Slf4jSpyLogDelegator] [http-nio-8282-exec-10] [net.sf.log4jdbc.log.slf4j.Slf4jSpyLogDelegator.methodReturned(Slf4jSpyLogDelegator.java:175)] -- 12. ResultSet.getBigDecimal(ORDER_PRICE) returned 287500
2022-11-23 10:52:59.005 [INFO ] [net.sf.log4jdbc.log.slf4j.Slf4jSpyLogDelegator] [http-nio-8282-exec-10] [net.sf.log4jdbc.log.slf4j.Slf4jSpyLogDelegator.methodReturned(Slf4jSpyLogDelegator.java:175)] -- 12. ResultSet.getString(ORDER_NAME) returned 성이주
2022-11-23 10:52:59.005 [INFO ] [net.sf.log4jdbc.log.slf4j.Slf4jSpyLogDelegator] [http-nio-8282-exec-10] [net.sf.log4jdbc.log.slf4j.Slf4jSpyLogDelegator.methodReturned(Slf4jSpyLogDelegator.java:175)] -- 12. ResultSet.getString(ORDER_POST) returned 78728
2022-11-23 10:52:59.005 [INFO ] [net.sf.log4jdbc.log.slf4j.Slf4jSpyLogDelegator] [http-nio-8282-exec-10] [net.sf.log4jdbc.log.slf4j.Slf4jSpyLogDelegator.methodReturned(Slf4jSpyLogDelegator.java:175)] -- 12. ResultSet.getString(ORDER_ADDRESS) returned 서울시 구로구
2022-11-23 10:52:59.005 [INFO ] [net.sf.log4jdbc.log.slf4j.Slf4jSpyLogDelegator] [http-nio-8282-exec-10] [net.sf.log4jdbc.log.slf4j.Slf4jSpyLogDelegator.methodReturned(Slf4jSpyLogDelegator.java:175)] -- 12. ResultSet.getString(ORDER_ADDRESS_DETAIL) returned 현대아파트 502호
2022-11-23 10:52:59.005 [INFO ] [net.sf.log4jdbc.log.slf4j.Slf4jSpyLogDelegator] [http-nio-8282-exec-10] [net.sf.log4jdbc.log.slf4j.Slf4jSpyLogDelegator.methodReturned(Slf4jSpyLogDelegator.java:175)] -- 12. ResultSet.getString(ORDER_MOBILE) returned 010-2818-2947
2022-11-23 10:52:59.006 [INFO ] [net.sf.log4jdbc.log.slf4j.Slf4jSpyLogDelegator] [http-nio-8282-exec-10] [net.sf.log4jdbc.log.slf4j.Slf4jSpyLogDelegator.methodReturned(Slf4jSpyLogDelegator.java:175)] -- 12. ResultSet.getString(ORDER_MESSAGE) returned void
2022-11-23 10:52:59.006 [INFO ] [net.sf.log4jdbc.log.slf4j.Slf4jSpyLogDelegator] [http-nio-8282-exec-10] [net.sf.log4jdbc.log.slf4j.Slf4jSpyLogDelegator.methodReturned(Slf4jSpyLogDelegator.java:175)] -- 12. ResultSet.getNString(ORDER_INDEX) returned 220925_2022006_1
2022-11-23 10:52:59.006 [INFO ] [net.sf.log4jdbc.log.slf4j.Slf4jSpyLogDelegator] [http-nio-8282-exec-10] [net.sf.log4jdbc.log.slf4j.Slf4jSpyLogDelegator.methodReturned(Slf4jSpyLogDelegator.java:175)] -- 12. ResultSet.getBigDecimal(PRODUCT_COUNT_SUM) returned 6
2022-11-23 10:52:59.006 [INFO ] [net.sf.log4jdbc.log.slf4j.Slf4jSpyLogDelegator] [http-nio-8282-exec-10] [net.sf.log4jdbc.log.slf4j.Slf4jSpyLogDelegator.methodReturned(Slf4jSpyLogDelegator.java:175)] -- 12. ResultSet.getBigDecimal(PAGE) returned 1
2022-11-23 10:52:59.006 [INFO ] [net.sf.log4jdbc.log.slf4j.Slf4jSpyLogDelegator] [http-nio-8282-exec-10] [net.sf.log4jdbc.log.slf4j.Slf4jSpyLogDelegator.methodReturned(Slf4jSpyLogDelegator.java:175)] -- 12. ResultSet.isClosed() returned false
2022-11-23 10:52:59.006 [INFO ] [net.sf.log4jdbc.log.slf4j.Slf4jSpyLogDelegator] [http-nio-8282-exec-10] [net.sf.log4jdbc.log.slf4j.Slf4jSpyLogDelegator.methodReturned(Slf4jSpyLogDelegator.java:175)] -- 12. ResultSet.next() returned true
2022-11-23 10:52:59.007 [INFO ] [net.sf.log4jdbc.log.slf4j.Slf4jSpyLogDelegator] [http-nio-8282-exec-10] [net.sf.log4jdbc.log.slf4j.Slf4jSpyLogDelegator.methodReturned(Slf4jSpyLogDelegator.java:175)] -- 12. ResultSet.getNString(ORDER_INDEX) returned 220922_2022001_1
2022-11-23 10:52:59.007 [INFO ] [net.sf.log4jdbc.log.slf4j.Slf4jSpyLogDelegator] [http-nio-8282-exec-10] [net.sf.log4jdbc.log.slf4j.Slf4jSpyLogDelegator.methodReturned(Slf4jSpyLogDelegator.java:175)] -- 12. ResultSet.getNString(USER_INDEX) returned 2022001
2022-11-23 10:52:59.007 [INFO ] [net.sf.log4jdbc.log.slf4j.Slf4jSpyLogDelegator] [http-nio-8282-exec-10] [net.sf.log4jdbc.log.slf4j.Slf4jSpyLogDelegator.methodReturned(Slf4jSpyLogDelegator.java:175)] -- 12. ResultSet.getNString(ORDER_STATE_INDEX) returned STA4
2022-11-23 10:52:59.007 [INFO ] [net.sf.log4jdbc.log.slf4j.Slf4jSpyLogDelegator] [http-nio-8282-exec-10] [net.sf.log4jdbc.log.slf4j.Slf4jSpyLogDelegator.methodReturned(Slf4jSpyLogDelegator.java:175)] -- 12. ResultSet.getNString(PAYMENT_INDEX) returned PAY2
2022-11-23 10:52:59.007 [INFO ] [net.sf.log4jdbc.log.slf4j.Slf4jSpyLogDelegator] [http-nio-8282-exec-10] [net.sf.log4jdbc.log.slf4j.Slf4jSpyLogDelegator.methodReturned(Slf4jSpyLogDelegator.java:175)] -- 12. ResultSet.getTimestamp(ORDER_DATE) returned 2022-09-22 00:00:00.0
2022-11-23 10:52:59.007 [INFO ] [net.sf.log4jdbc.log.slf4j.Slf4jSpyLogDelegator] [http-nio-8282-exec-10] [net.sf.log4jdbc.log.slf4j.Slf4jSpyLogDelegator.methodReturned(Slf4jSpyLogDelegator.java:175)] -- 12. ResultSet.getBigDecimal(ORDER_PRICE) returned 293400
2022-11-23 10:52:59.007 [INFO ] [net.sf.log4jdbc.log.slf4j.Slf4jSpyLogDelegator] [http-nio-8282-exec-10] [net.sf.log4jdbc.log.slf4j.Slf4jSpyLogDelegator.methodReturned(Slf4jSpyLogDelegator.java:175)] -- 12. ResultSet.getString(ORDER_NAME) returned 유운주
2022-11-23 10:52:59.008 [INFO ] [net.sf.log4jdbc.log.slf4j.Slf4jSpyLogDelegator] [http-nio-8282-exec-10] [net.sf.log4jdbc.log.slf4j.Slf4jSpyLogDelegator.methodReturned(Slf4jSpyLogDelegator.java:175)] -- 12. ResultSet.getString(ORDER_POST) returned 94577
2022-11-23 10:52:59.008 [INFO ] [net.sf.log4jdbc.log.slf4j.Slf4jSpyLogDelegator] [http-nio-8282-exec-10] [net.sf.log4jdbc.log.slf4j.Slf4jSpyLogDelegator.methodReturned(Slf4jSpyLogDelegator.java:175)] -- 12. ResultSet.getString(ORDER_ADDRESS) returned 서울시 마포구
2022-11-23 10:52:59.008 [INFO ] [net.sf.log4jdbc.log.slf4j.Slf4jSpyLogDelegator] [http-nio-8282-exec-10] [net.sf.log4jdbc.log.slf4j.Slf4jSpyLogDelegator.methodReturned(Slf4jSpyLogDelegator.java:175)] -- 12. ResultSet.getString(ORDER_ADDRESS_DETAIL) returned 현대아파트 101호
2022-11-23 10:52:59.008 [INFO ] [net.sf.log4jdbc.log.slf4j.Slf4jSpyLogDelegator] [http-nio-8282-exec-10] [net.sf.log4jdbc.log.slf4j.Slf4jSpyLogDelegator.methodReturned(Slf4jSpyLogDelegator.java:175)] -- 12. ResultSet.getString(ORDER_MOBILE) returned 010-4481-5738
2022-11-23 10:52:59.008 [INFO ] [net.sf.log4jdbc.log.slf4j.Slf4jSpyLogDelegator] [http-nio-8282-exec-10] [net.sf.log4jdbc.log.slf4j.Slf4jSpyLogDelegator.methodReturned(Slf4jSpyLogDelegator.java:175)] -- 12. ResultSet.getString(ORDER_MESSAGE) returned 배송 전 연락바랍니다.
2022-11-23 10:52:59.008 [INFO ] [net.sf.log4jdbc.log.slf4j.Slf4jSpyLogDelegator] [http-nio-8282-exec-10] [net.sf.log4jdbc.log.slf4j.Slf4jSpyLogDelegator.methodReturned(Slf4jSpyLogDelegator.java:175)] -- 12. ResultSet.getNString(ORDER_INDEX) returned 220922_2022001_1
2022-11-23 10:52:59.008 [INFO ] [net.sf.log4jdbc.log.slf4j.Slf4jSpyLogDelegator] [http-nio-8282-exec-10] [net.sf.log4jdbc.log.slf4j.Slf4jSpyLogDelegator.methodReturned(Slf4jSpyLogDelegator.java:175)] -- 12. ResultSet.getBigDecimal(PRODUCT_COUNT_SUM) returned 10
2022-11-23 10:52:59.008 [INFO ] [net.sf.log4jdbc.log.slf4j.Slf4jSpyLogDelegator] [http-nio-8282-exec-10] [net.sf.log4jdbc.log.slf4j.Slf4jSpyLogDelegator.methodReturned(Slf4jSpyLogDelegator.java:175)] -- 12. ResultSet.getBigDecimal(PAGE) returned 1
2022-11-23 10:52:59.009 [INFO ] [net.sf.log4jdbc.log.slf4j.Slf4jSpyLogDelegator] [http-nio-8282-exec-10] [net.sf.log4jdbc.log.slf4j.Slf4jSpyLogDelegator.methodReturned(Slf4jSpyLogDelegator.java:175)] -- 12. ResultSet.isClosed() returned false
2022-11-23 10:52:59.009 [INFO ] [net.sf.log4jdbc.log.slf4j.Slf4jSpyLogDelegator] [http-nio-8282-exec-10] [net.sf.log4jdbc.log.slf4j.Slf4jSpyLogDelegator.resultSetCollected(Slf4jSpyLogDelegator.java:610)] -- 
|------------|-----------|------------------|--------------|----------------------|------------|-----------|-----------|--------------|---------------------|--------------|--------------|------------|------------------|-----|
|order_index |user_index |order_state_index |payment_index |order_date            |order_price |order_name |order_post |order_address |order_address_detail |order_mobile  |order_message |order_index |product_count_sum |page |
|------------|-----------|------------------|--------------|----------------------|------------|-----------|-----------|--------------|---------------------|--------------|--------------|------------|------------------|-----|
|[unread]    |[unread]   |[unread]          |[unread]      |2022-10-07 00:00:00.0 |362400      |오영민        |41024      |서울시 강남구       |현대아파트 101호           |010-3565-8363 |경비실에 맡겨주세요    |[unread]    |9                 |1    |
|[unread]    |[unread]   |[unread]          |[unread]      |2022-10-03 00:00:00.0 |484000      |추원민        |51962      |서울시 동작구       |래미안아파트 305호          |010-9236-5423 |현관문 앞에 놓아주세요. |[unread]    |6                 |1    |
|[unread]    |[unread]   |[unread]          |[unread]      |2022-10-02 00:00:00.0 |165700      |오갑주        |97223      |서울시 동작구       |푸르지오아파트 1305호        |010-0903-2100 |경비실에 맡겨주세요    |[unread]    |5                 |1    |
|[unread]    |[unread]   |[unread]          |[unread]      |2022-10-01 00:00:00.0 |166500      |정숙영        |07048      |서울시 마포구       |래미안아파트 505호          |010-5208-7820 |배송 전 연락바랍니다.  |[unread]    |4                 |1    |
|[unread]    |[unread]   |[unread]          |[unread]      |2022-09-30 00:00:00.0 |726800      |성이주        |78728      |서울시 구로구       |현대아파트 502호           |010-2818-2947 |경비실에 맡겨주세요    |[unread]    |16                |1    |
|[unread]    |[unread]   |[unread]          |[unread]      |2022-09-27 00:00:00.0 |360500      |이순빈        |59602      |서울시 마포구       |푸르지오아파트 1305호        |010-6611-6125 |현관문 앞에 놓아주세요. |[unread]    |10                |1    |
|[unread]    |[unread]   |[unread]          |[unread]      |2022-09-25 00:00:00.0 |287500      |성이주        |78728      |서울시 구로구       |현대아파트 502호           |010-2818-2947 |null          |[unread]    |6                 |1    |
|[unread]    |[unread]   |[unread]          |[unread]      |2022-09-22 00:00:00.0 |293400      |유운주        |94577      |서울시 마포구       |현대아파트 101호           |010-4481-5738 |배송 전 연락바랍니다.  |[unread]    |10                |1    |
|------------|-----------|------------------|--------------|----------------------|------------|-----------|-----------|--------------|---------------------|--------------|--------------|------------|------------------|-----|

2022-11-23 10:52:59.010 [INFO ] [net.sf.log4jdbc.log.slf4j.Slf4jSpyLogDelegator] [http-nio-8282-exec-10] [net.sf.log4jdbc.log.slf4j.Slf4jSpyLogDelegator.methodReturned(Slf4jSpyLogDelegator.java:175)] -- 12. ResultSet.next() returned false
2022-11-23 10:52:59.010 [INFO ] [net.sf.log4jdbc.log.slf4j.Slf4jSpyLogDelegator] [http-nio-8282-exec-10] [net.sf.log4jdbc.log.slf4j.Slf4jSpyLogDelegator.methodReturned(Slf4jSpyLogDelegator.java:175)] -- 12. ResultSet.close() returned void
2022-11-23 10:52:59.010 [INFO ] [net.sf.log4jdbc.log.slf4j.Slf4jSpyLogDelegator] [http-nio-8282-exec-10] [net.sf.log4jdbc.log.slf4j.Slf4jSpyLogDelegator.methodReturned(Slf4jSpyLogDelegator.java:175)] -- 12. PreparedStatement.getConnection() returned net.sf.log4jdbc.sql.jdbcapi.ConnectionSpy@736a4467
2022-11-23 10:52:59.010 [INFO ] [net.sf.log4jdbc.log.slf4j.Slf4jSpyLogDelegator] [http-nio-8282-exec-10] [net.sf.log4jdbc.log.slf4j.Slf4jSpyLogDelegator.methodReturned(Slf4jSpyLogDelegator.java:175)] -- 12. Connection.getMetaData() returned oracle.jdbc.driver.OracleDatabaseMetaData@4f3e6b66
2022-11-23 10:52:59.010 [INFO ] [net.sf.log4jdbc.log.slf4j.Slf4jSpyLogDelegator] [http-nio-8282-exec-10] [net.sf.log4jdbc.log.slf4j.Slf4jSpyLogDelegator.methodReturned(Slf4jSpyLogDelegator.java:175)] -- 12. PreparedStatement.close() returned 
2022-11-23 10:52:59.011 [INFO ] [net.sf.log4jdbc.log.slf4j.Slf4jSpyLogDelegator] [http-nio-8282-exec-10] [net.sf.log4jdbc.log.slf4j.Slf4jSpyLogDelegator.connectionClosed(Slf4jSpyLogDelegator.java:568)] -- 12. Connection closed
2022-11-23 10:52:59.012 [INFO ] [net.sf.log4jdbc.log.slf4j.Slf4jSpyLogDelegator] [http-nio-8282-exec-10] [net.sf.log4jdbc.log.slf4j.Slf4jSpyLogDelegator.methodReturned(Slf4jSpyLogDelegator.java:175)] -- 12. Connection.close() returned 
2022-11-23 10:52:59.012 [INFO ] [com.joeun.joeunmall.controller.AdminOrderManageController] [http-nio-8282-exec-10] [com.joeun.joeunmall.controller.AdminOrderManageController.toOrderList(AdminOrderManageController.java:68)] -- 변환
2022-11-23 10:52:59.012 [INFO ] [com.joeun.joeunmall.vo.OrderVO] [http-nio-8282-exec-10] [com.joeun.joeunmall.vo.OrderVO.<init>(OrderVO.java:92)] -- 필드명 : ORDER_ADDRESS_DETAIL
2022-11-23 10:52:59.012 [INFO ] [com.joeun.joeunmall.vo.OrderVO] [http-nio-8282-exec-10] [com.joeun.joeunmall.vo.OrderVO.toLowerCamelCaseStr(OrderVO.java:149)] -- snakecase to lowerCamelcase
2022-11-23 10:52:59.012 [INFO ] [com.joeun.joeunmall.vo.OrderVO] [http-nio-8282-exec-10] [com.joeun.joeunmall.vo.OrderVO.<init>(OrderVO.java:102)] -- ORDER_ADDRESS_DETAIL : orderAddressDetail
2022-11-23 10:52:59.012 [INFO ] [com.joeun.joeunmall.vo.OrderVO] [http-nio-8282-exec-10] [com.joeun.joeunmall.vo.OrderVO.<init>(OrderVO.java:111)] -- 형변환 타입 : java.lang.String
2022-11-23 10:52:59.013 [INFO ] [com.joeun.joeunmall.vo.OrderVO] [http-nio-8282-exec-10] [com.joeun.joeunmall.vo.OrderVO.<init>(OrderVO.java:92)] -- 필드명 : ORDER_NAME
2022-11-23 10:52:59.013 [INFO ] [com.joeun.joeunmall.vo.OrderVO] [http-nio-8282-exec-10] [com.joeun.joeunmall.vo.OrderVO.toLowerCamelCaseStr(OrderVO.java:149)] -- snakecase to lowerCamelcase
2022-11-23 10:52:59.013 [INFO ] [com.joeun.joeunmall.vo.OrderVO] [http-nio-8282-exec-10] [com.joeun.joeunmall.vo.OrderVO.<init>(OrderVO.java:102)] -- ORDER_NAME : orderName
2022-11-23 10:52:59.013 [INFO ] [com.joeun.joeunmall.vo.OrderVO] [http-nio-8282-exec-10] [com.joeun.joeunmall.vo.OrderVO.<init>(OrderVO.java:111)] -- 형변환 타입 : java.lang.String
2022-11-23 10:52:59.013 [INFO ] [com.joeun.joeunmall.vo.OrderVO] [http-nio-8282-exec-10] [com.joeun.joeunmall.vo.OrderVO.<init>(OrderVO.java:92)] -- 필드명 : ORDER_DATE
2022-11-23 10:52:59.013 [INFO ] [com.joeun.joeunmall.vo.OrderVO] [http-nio-8282-exec-10] [com.joeun.joeunmall.vo.OrderVO.toLowerCamelCaseStr(OrderVO.java:149)] -- snakecase to lowerCamelcase
2022-11-23 10:52:59.013 [INFO ] [com.joeun.joeunmall.vo.OrderVO] [http-nio-8282-exec-10] [com.joeun.joeunmall.vo.OrderVO.<init>(OrderVO.java:102)] -- ORDER_DATE : orderDate
2022-11-23 10:52:59.014 [INFO ] [com.joeun.joeunmall.vo.OrderVO] [http-nio-8282-exec-10] [com.joeun.joeunmall.vo.OrderVO.<init>(OrderVO.java:111)] -- 형변환 타입 : java.sql.Timestamp
2022-11-23 10:52:59.014 [INFO ] [com.joeun.joeunmall.vo.OrderVO] [http-nio-8282-exec-10] [com.joeun.joeunmall.vo.OrderVO.<init>(OrderVO.java:92)] -- 필드명 : ORDER_MESSAGE
2022-11-23 10:52:59.014 [INFO ] [com.joeun.joeunmall.vo.OrderVO] [http-nio-8282-exec-10] [com.joeun.joeunmall.vo.OrderVO.toLowerCamelCaseStr(OrderVO.java:149)] -- snakecase to lowerCamelcase
2022-11-23 10:52:59.014 [INFO ] [com.joeun.joeunmall.vo.OrderVO] [http-nio-8282-exec-10] [com.joeun.joeunmall.vo.OrderVO.<init>(OrderVO.java:102)] -- ORDER_MESSAGE : orderMessage
2022-11-23 10:52:59.014 [INFO ] [com.joeun.joeunmall.vo.OrderVO] [http-nio-8282-exec-10] [com.joeun.joeunmall.vo.OrderVO.<init>(OrderVO.java:111)] -- 형변환 타입 : java.lang.String
2022-11-23 10:52:59.014 [INFO ] [com.joeun.joeunmall.vo.OrderVO] [http-nio-8282-exec-10] [com.joeun.joeunmall.vo.OrderVO.<init>(OrderVO.java:92)] -- 필드명 : ORDER_MOBILE
2022-11-23 10:52:59.014 [INFO ] [com.joeun.joeunmall.vo.OrderVO] [http-nio-8282-exec-10] [com.joeun.joeunmall.vo.OrderVO.toLowerCamelCaseStr(OrderVO.java:149)] -- snakecase to lowerCamelcase
2022-11-23 10:52:59.014 [INFO ] [com.joeun.joeunmall.vo.OrderVO] [http-nio-8282-exec-10] [com.joeun.joeunmall.vo.OrderVO.<init>(OrderVO.java:102)] -- ORDER_MOBILE : orderMobile
2022-11-23 10:52:59.014 [INFO ] [com.joeun.joeunmall.vo.OrderVO] [http-nio-8282-exec-10] [com.joeun.joeunmall.vo.OrderVO.<init>(OrderVO.java:111)] -- 형변환 타입 : java.lang.String
2022-11-23 10:52:59.014 [INFO ] [com.joeun.joeunmall.vo.OrderVO] [http-nio-8282-exec-10] [com.joeun.joeunmall.vo.OrderVO.<init>(OrderVO.java:92)] -- 필드명 : PAGE
2022-11-23 10:52:59.015 [INFO ] [com.joeun.joeunmall.vo.OrderVO] [http-nio-8282-exec-10] [com.joeun.joeunmall.vo.OrderVO.toLowerCamelCaseStr(OrderVO.java:149)] -- snakecase to lowerCamelcase
2022-11-23 10:52:59.015 [ERROR] [com.joeun.joeunmall.vo.OrderVO] [http-nio-8282-exec-10] [com.joeun.joeunmall.vo.OrderVO.<init>(OrderVO.java:130)] -- 인자와 필드가 일치하지 않습니다.
2022-11-23 10:52:59.015 [INFO ] [com.joeun.joeunmall.vo.OrderVO] [http-nio-8282-exec-10] [com.joeun.joeunmall.vo.OrderVO.<init>(OrderVO.java:92)] -- 필드명 : ORDER_POST
2022-11-23 10:52:59.015 [INFO ] [com.joeun.joeunmall.vo.OrderVO] [http-nio-8282-exec-10] [com.joeun.joeunmall.vo.OrderVO.toLowerCamelCaseStr(OrderVO.java:149)] -- snakecase to lowerCamelcase
2022-11-23 10:52:59.015 [INFO ] [com.joeun.joeunmall.vo.OrderVO] [http-nio-8282-exec-10] [com.joeun.joeunmall.vo.OrderVO.<init>(OrderVO.java:102)] -- ORDER_POST : orderPost
2022-11-23 10:52:59.015 [INFO ] [com.joeun.joeunmall.vo.OrderVO] [http-nio-8282-exec-10] [com.joeun.joeunmall.vo.OrderVO.<init>(OrderVO.java:111)] -- 형변환 타입 : java.lang.String
2022-11-23 10:52:59.015 [INFO ] [com.joeun.joeunmall.vo.OrderVO] [http-nio-8282-exec-10] [com.joeun.joeunmall.vo.OrderVO.<init>(OrderVO.java:92)] -- 필드명 : USER_INDEX
2022-11-23 10:52:59.015 [INFO ] [com.joeun.joeunmall.vo.OrderVO] [http-nio-8282-exec-10] [com.joeun.joeunmall.vo.OrderVO.toLowerCamelCaseStr(OrderVO.java:149)] -- snakecase to lowerCamelcase
2022-11-23 10:52:59.015 [INFO ] [com.joeun.joeunmall.vo.OrderVO] [http-nio-8282-exec-10] [com.joeun.joeunmall.vo.OrderVO.<init>(OrderVO.java:102)] -- USER_INDEX : userIndex
2022-11-23 10:52:59.015 [INFO ] [com.joeun.joeunmall.vo.OrderVO] [http-nio-8282-exec-10] [com.joeun.joeunmall.vo.OrderVO.<init>(OrderVO.java:111)] -- 형변환 타입 : java.lang.String
2022-11-23 10:52:59.016 [INFO ] [com.joeun.joeunmall.vo.OrderVO] [http-nio-8282-exec-10] [com.joeun.joeunmall.vo.OrderVO.<init>(OrderVO.java:92)] -- 필드명 : ORDER_PRICE
2022-11-23 10:52:59.016 [INFO ] [com.joeun.joeunmall.vo.OrderVO] [http-nio-8282-exec-10] [com.joeun.joeunmall.vo.OrderVO.toLowerCamelCaseStr(OrderVO.java:149)] -- snakecase to lowerCamelcase
2022-11-23 10:52:59.016 [INFO ] [com.joeun.joeunmall.vo.OrderVO] [http-nio-8282-exec-10] [com.joeun.joeunmall.vo.OrderVO.<init>(OrderVO.java:102)] -- ORDER_PRICE : orderPrice
2022-11-23 10:52:59.016 [INFO ] [com.joeun.joeunmall.vo.OrderVO] [http-nio-8282-exec-10] [com.joeun.joeunmall.vo.OrderVO.<init>(OrderVO.java:111)] -- 형변환 타입 : java.math.BigDecimal
2022-11-23 10:52:59.016 [INFO ] [com.joeun.joeunmall.vo.OrderVO] [http-nio-8282-exec-10] [com.joeun.joeunmall.vo.OrderVO.<init>(OrderVO.java:92)] -- 필드명 : ORDER_ADDRESS
2022-11-23 10:52:59.016 [INFO ] [com.joeun.joeunmall.vo.OrderVO] [http-nio-8282-exec-10] [com.joeun.joeunmall.vo.OrderVO.toLowerCamelCaseStr(OrderVO.java:149)] -- snakecase to lowerCamelcase
2022-11-23 10:52:59.016 [INFO ] [com.joeun.joeunmall.vo.OrderVO] [http-nio-8282-exec-10] [com.joeun.joeunmall.vo.OrderVO.<init>(OrderVO.java:102)] -- ORDER_ADDRESS : orderAddress
2022-11-23 10:52:59.016 [INFO ] [com.joeun.joeunmall.vo.OrderVO] [http-nio-8282-exec-10] [com.joeun.joeunmall.vo.OrderVO.<init>(OrderVO.java:111)] -- 형변환 타입 : java.lang.String
2022-11-23 10:52:59.016 [INFO ] [com.joeun.joeunmall.vo.OrderVO] [http-nio-8282-exec-10] [com.joeun.joeunmall.vo.OrderVO.<init>(OrderVO.java:92)] -- 필드명 : ORDER_INDEX
2022-11-23 10:52:59.016 [INFO ] [com.joeun.joeunmall.vo.OrderVO] [http-nio-8282-exec-10] [com.joeun.joeunmall.vo.OrderVO.toLowerCamelCaseStr(OrderVO.java:149)] -- snakecase to lowerCamelcase
2022-11-23 10:52:59.016 [INFO ] [com.joeun.joeunmall.vo.OrderVO] [http-nio-8282-exec-10] [com.joeun.joeunmall.vo.OrderVO.<init>(OrderVO.java:102)] -- ORDER_INDEX : orderIndex
2022-11-23 10:52:59.017 [INFO ] [com.joeun.joeunmall.vo.OrderVO] [http-nio-8282-exec-10] [com.joeun.joeunmall.vo.OrderVO.<init>(OrderVO.java:111)] -- 형변환 타입 : java.lang.String
2022-11-23 10:52:59.017 [INFO ] [com.joeun.joeunmall.vo.OrderVO] [http-nio-8282-exec-10] [com.joeun.joeunmall.vo.OrderVO.<init>(OrderVO.java:92)] -- 필드명 : ORDER_STATE_INDEX
2022-11-23 10:52:59.017 [INFO ] [com.joeun.joeunmall.vo.OrderVO] [http-nio-8282-exec-10] [com.joeun.joeunmall.vo.OrderVO.toLowerCamelCaseStr(OrderVO.java:149)] -- snakecase to lowerCamelcase
2022-11-23 10:52:59.017 [INFO ] [com.joeun.joeunmall.vo.OrderVO] [http-nio-8282-exec-10] [com.joeun.joeunmall.vo.OrderVO.<init>(OrderVO.java:102)] -- ORDER_STATE_INDEX : orderStateIndex
2022-11-23 10:52:59.017 [INFO ] [com.joeun.joeunmall.vo.OrderVO] [http-nio-8282-exec-10] [com.joeun.joeunmall.vo.OrderVO.<init>(OrderVO.java:111)] -- 형변환 타입 : java.lang.String
2022-11-23 10:52:59.017 [INFO ] [com.joeun.joeunmall.vo.OrderVO] [http-nio-8282-exec-10] [com.joeun.joeunmall.vo.OrderVO.<init>(OrderVO.java:92)] -- 필드명 : PAYMENT_INDEX
2022-11-23 10:52:59.017 [INFO ] [com.joeun.joeunmall.vo.OrderVO] [http-nio-8282-exec-10] [com.joeun.joeunmall.vo.OrderVO.toLowerCamelCaseStr(OrderVO.java:149)] -- snakecase to lowerCamelcase
2022-11-23 10:52:59.017 [INFO ] [com.joeun.joeunmall.vo.OrderVO] [http-nio-8282-exec-10] [com.joeun.joeunmall.vo.OrderVO.<init>(OrderVO.java:102)] -- PAYMENT_INDEX : paymentIndex
2022-11-23 10:52:59.017 [INFO ] [com.joeun.joeunmall.vo.OrderVO] [http-nio-8282-exec-10] [com.joeun.joeunmall.vo.OrderVO.<init>(OrderVO.java:111)] -- 형변환 타입 : java.lang.String
2022-11-23 10:52:59.017 [INFO ] [com.joeun.joeunmall.vo.OrderVO] [http-nio-8282-exec-10] [com.joeun.joeunmall.vo.OrderVO.<init>(OrderVO.java:92)] -- 필드명 : PRODUCT_COUNT_SUM
2022-11-23 10:52:59.017 [INFO ] [com.joeun.joeunmall.vo.OrderVO] [http-nio-8282-exec-10] [com.joeun.joeunmall.vo.OrderVO.toLowerCamelCaseStr(OrderVO.java:149)] -- snakecase to lowerCamelcase
2022-11-23 10:52:59.018 [INFO ] [com.joeun.joeunmall.vo.OrderVO] [http-nio-8282-exec-10] [com.joeun.joeunmall.vo.OrderVO.<init>(OrderVO.java:102)] -- PRODUCT_COUNT_SUM : productCountSum
2022-11-23 10:52:59.018 [INFO ] [com.joeun.joeunmall.vo.OrderVO] [http-nio-8282-exec-10] [com.joeun.joeunmall.vo.OrderVO.<init>(OrderVO.java:111)] -- 형변환 타입 : java.math.BigDecimal
2022-11-23 10:52:59.018 [INFO ] [com.joeun.joeunmall.vo.OrderVO] [http-nio-8282-exec-10] [com.joeun.joeunmall.vo.OrderVO.<init>(OrderVO.java:92)] -- 필드명 : ORDER_ADDRESS_DETAIL
2022-11-23 10:52:59.018 [INFO ] [com.joeun.joeunmall.vo.OrderVO] [http-nio-8282-exec-10] [com.joeun.joeunmall.vo.OrderVO.toLowerCamelCaseStr(OrderVO.java:149)] -- snakecase to lowerCamelcase
2022-11-23 10:52:59.018 [INFO ] [com.joeun.joeunmall.vo.OrderVO] [http-nio-8282-exec-10] [com.joeun.joeunmall.vo.OrderVO.<init>(OrderVO.java:102)] -- ORDER_ADDRESS_DETAIL : orderAddressDetail
2022-11-23 10:52:59.018 [INFO ] [com.joeun.joeunmall.vo.OrderVO] [http-nio-8282-exec-10] [com.joeun.joeunmall.vo.OrderVO.<init>(OrderVO.java:111)] -- 형변환 타입 : java.lang.String
2022-11-23 10:52:59.018 [INFO ] [com.joeun.joeunmall.vo.OrderVO] [http-nio-8282-exec-10] [com.joeun.joeunmall.vo.OrderVO.<init>(OrderVO.java:92)] -- 필드명 : ORDER_NAME
2022-11-23 10:52:59.018 [INFO ] [com.joeun.joeunmall.vo.OrderVO] [http-nio-8282-exec-10] [com.joeun.joeunmall.vo.OrderVO.toLowerCamelCaseStr(OrderVO.java:149)] -- snakecase to lowerCamelcase
2022-11-23 10:52:59.018 [INFO ] [com.joeun.joeunmall.vo.OrderVO] [http-nio-8282-exec-10] [com.joeun.joeunmall.vo.OrderVO.<init>(OrderVO.java:102)] -- ORDER_NAME : orderName
2022-11-23 10:52:59.018 [INFO ] [com.joeun.joeunmall.vo.OrderVO] [http-nio-8282-exec-10] [com.joeun.joeunmall.vo.OrderVO.<init>(OrderVO.java:111)] -- 형변환 타입 : java.lang.String
2022-11-23 10:52:59.019 [INFO ] [com.joeun.joeunmall.vo.OrderVO] [http-nio-8282-exec-10] [com.joeun.joeunmall.vo.OrderVO.<init>(OrderVO.java:92)] -- 필드명 : ORDER_DATE
2022-11-23 10:52:59.019 [INFO ] [com.joeun.joeunmall.vo.OrderVO] [http-nio-8282-exec-10] [com.joeun.joeunmall.vo.OrderVO.toLowerCamelCaseStr(OrderVO.java:149)] -- snakecase to lowerCamelcase
2022-11-23 10:52:59.019 [INFO ] [com.joeun.joeunmall.vo.OrderVO] [http-nio-8282-exec-10] [com.joeun.joeunmall.vo.OrderVO.<init>(OrderVO.java:102)] -- ORDER_DATE : orderDate
2022-11-23 10:52:59.019 [INFO ] [com.joeun.joeunmall.vo.OrderVO] [http-nio-8282-exec-10] [com.joeun.joeunmall.vo.OrderVO.<init>(OrderVO.java:111)] -- 형변환 타입 : java.sql.Timestamp
2022-11-23 10:52:59.019 [INFO ] [com.joeun.joeunmall.vo.OrderVO] [http-nio-8282-exec-10] [com.joeun.joeunmall.vo.OrderVO.<init>(OrderVO.java:92)] -- 필드명 : ORDER_MESSAGE
2022-11-23 10:52:59.019 [INFO ] [com.joeun.joeunmall.vo.OrderVO] [http-nio-8282-exec-10] [com.joeun.joeunmall.vo.OrderVO.toLowerCamelCaseStr(OrderVO.java:149)] -- snakecase to lowerCamelcase
2022-11-23 10:52:59.019 [INFO ] [com.joeun.joeunmall.vo.OrderVO] [http-nio-8282-exec-10] [com.joeun.joeunmall.vo.OrderVO.<init>(OrderVO.java:102)] -- ORDER_MESSAGE : orderMessage
2022-11-23 10:52:59.019 [INFO ] [com.joeun.joeunmall.vo.OrderVO] [http-nio-8282-exec-10] [com.joeun.joeunmall.vo.OrderVO.<init>(OrderVO.java:111)] -- 형변환 타입 : java.lang.String
2022-11-23 10:52:59.019 [INFO ] [com.joeun.joeunmall.vo.OrderVO] [http-nio-8282-exec-10] [com.joeun.joeunmall.vo.OrderVO.<init>(OrderVO.java:92)] -- 필드명 : ORDER_MOBILE
2022-11-23 10:52:59.019 [INFO ] [com.joeun.joeunmall.vo.OrderVO] [http-nio-8282-exec-10] [com.joeun.joeunmall.vo.OrderVO.toLowerCamelCaseStr(OrderVO.java:149)] -- snakecase to lowerCamelcase
2022-11-23 10:52:59.019 [INFO ] [com.joeun.joeunmall.vo.OrderVO] [http-nio-8282-exec-10] [com.joeun.joeunmall.vo.OrderVO.<init>(OrderVO.java:102)] -- ORDER_MOBILE : orderMobile
2022-11-23 10:52:59.020 [INFO ] [com.joeun.joeunmall.vo.OrderVO] [http-nio-8282-exec-10] [com.joeun.joeunmall.vo.OrderVO.<init>(OrderVO.java:111)] -- 형변환 타입 : java.lang.String
2022-11-23 10:52:59.020 [INFO ] [com.joeun.joeunmall.vo.OrderVO] [http-nio-8282-exec-10] [com.joeun.joeunmall.vo.OrderVO.<init>(OrderVO.java:92)] -- 필드명 : PAGE
2022-11-23 10:52:59.020 [INFO ] [com.joeun.joeunmall.vo.OrderVO] [http-nio-8282-exec-10] [com.joeun.joeunmall.vo.OrderVO.toLowerCamelCaseStr(OrderVO.java:149)] -- snakecase to lowerCamelcase
2022-11-23 10:52:59.020 [ERROR] [com.joeun.joeunmall.vo.OrderVO] [http-nio-8282-exec-10] [com.joeun.joeunmall.vo.OrderVO.<init>(OrderVO.java:130)] -- 인자와 필드가 일치하지 않습니다.
2022-11-23 10:52:59.020 [INFO ] [com.joeun.joeunmall.vo.OrderVO] [http-nio-8282-exec-10] [com.joeun.joeunmall.vo.OrderVO.<init>(OrderVO.java:92)] -- 필드명 : ORDER_POST
2022-11-23 10:52:59.020 [INFO ] [com.joeun.joeunmall.vo.OrderVO] [http-nio-8282-exec-10] [com.joeun.joeunmall.vo.OrderVO.toLowerCamelCaseStr(OrderVO.java:149)] -- snakecase to lowerCamelcase
2022-11-23 10:52:59.020 [INFO ] [com.joeun.joeunmall.vo.OrderVO] [http-nio-8282-exec-10] [com.joeun.joeunmall.vo.OrderVO.<init>(OrderVO.java:102)] -- ORDER_POST : orderPost
2022-11-23 10:52:59.020 [INFO ] [com.joeun.joeunmall.vo.OrderVO] [http-nio-8282-exec-10] [com.joeun.joeunmall.vo.OrderVO.<init>(OrderVO.java:111)] -- 형변환 타입 : java.lang.String
2022-11-23 10:52:59.020 [INFO ] [com.joeun.joeunmall.vo.OrderVO] [http-nio-8282-exec-10] [com.joeun.joeunmall.vo.OrderVO.<init>(OrderVO.java:92)] -- 필드명 : USER_INDEX
2022-11-23 10:52:59.020 [INFO ] [com.joeun.joeunmall.vo.OrderVO] [http-nio-8282-exec-10] [com.joeun.joeunmall.vo.OrderVO.toLowerCamelCaseStr(OrderVO.java:149)] -- snakecase to lowerCamelcase
2022-11-23 10:52:59.020 [INFO ] [com.joeun.joeunmall.vo.OrderVO] [http-nio-8282-exec-10] [com.joeun.joeunmall.vo.OrderVO.<init>(OrderVO.java:102)] -- USER_INDEX : userIndex
2022-11-23 10:52:59.021 [INFO ] [com.joeun.joeunmall.vo.OrderVO] [http-nio-8282-exec-10] [com.joeun.joeunmall.vo.OrderVO.<init>(OrderVO.java:111)] -- 형변환 타입 : java.lang.String
2022-11-23 10:52:59.021 [INFO ] [com.joeun.joeunmall.vo.OrderVO] [http-nio-8282-exec-10] [com.joeun.joeunmall.vo.OrderVO.<init>(OrderVO.java:92)] -- 필드명 : ORDER_PRICE
2022-11-23 10:52:59.021 [INFO ] [com.joeun.joeunmall.vo.OrderVO] [http-nio-8282-exec-10] [com.joeun.joeunmall.vo.OrderVO.toLowerCamelCaseStr(OrderVO.java:149)] -- snakecase to lowerCamelcase
2022-11-23 10:52:59.021 [INFO ] [com.joeun.joeunmall.vo.OrderVO] [http-nio-8282-exec-10] [com.joeun.joeunmall.vo.OrderVO.<init>(OrderVO.java:102)] -- ORDER_PRICE : orderPrice
2022-11-23 10:52:59.021 [INFO ] [com.joeun.joeunmall.vo.OrderVO] [http-nio-8282-exec-10] [com.joeun.joeunmall.vo.OrderVO.<init>(OrderVO.java:111)] -- 형변환 타입 : java.math.BigDecimal
2022-11-23 10:52:59.021 [INFO ] [com.joeun.joeunmall.vo.OrderVO] [http-nio-8282-exec-10] [com.joeun.joeunmall.vo.OrderVO.<init>(OrderVO.java:92)] -- 필드명 : ORDER_ADDRESS
2022-11-23 10:52:59.021 [INFO ] [com.joeun.joeunmall.vo.OrderVO] [http-nio-8282-exec-10] [com.joeun.joeunmall.vo.OrderVO.toLowerCamelCaseStr(OrderVO.java:149)] -- snakecase to lowerCamelcase
2022-11-23 10:52:59.021 [INFO ] [com.joeun.joeunmall.vo.OrderVO] [http-nio-8282-exec-10] [com.joeun.joeunmall.vo.OrderVO.<init>(OrderVO.java:102)] -- ORDER_ADDRESS : orderAddress
2022-11-23 10:52:59.021 [INFO ] [com.joeun.joeunmall.vo.OrderVO] [http-nio-8282-exec-10] [com.joeun.joeunmall.vo.OrderVO.<init>(OrderVO.java:111)] -- 형변환 타입 : java.lang.String
2022-11-23 10:52:59.021 [INFO ] [com.joeun.joeunmall.vo.OrderVO] [http-nio-8282-exec-10] [com.joeun.joeunmall.vo.OrderVO.<init>(OrderVO.java:92)] -- 필드명 : ORDER_INDEX
2022-11-23 10:52:59.021 [INFO ] [com.joeun.joeunmall.vo.OrderVO] [http-nio-8282-exec-10] [com.joeun.joeunmall.vo.OrderVO.toLowerCamelCaseStr(OrderVO.java:149)] -- snakecase to lowerCamelcase
2022-11-23 10:52:59.022 [INFO ] [com.joeun.joeunmall.vo.OrderVO] [http-nio-8282-exec-10] [com.joeun.joeunmall.vo.OrderVO.<init>(OrderVO.java:102)] -- ORDER_INDEX : orderIndex
2022-11-23 10:52:59.022 [INFO ] [com.joeun.joeunmall.vo.OrderVO] [http-nio-8282-exec-10] [com.joeun.joeunmall.vo.OrderVO.<init>(OrderVO.java:111)] -- 형변환 타입 : java.lang.String
2022-11-23 10:52:59.022 [INFO ] [com.joeun.joeunmall.vo.OrderVO] [http-nio-8282-exec-10] [com.joeun.joeunmall.vo.OrderVO.<init>(OrderVO.java:92)] -- 필드명 : ORDER_STATE_INDEX
2022-11-23 10:52:59.022 [INFO ] [com.joeun.joeunmall.vo.OrderVO] [http-nio-8282-exec-10] [com.joeun.joeunmall.vo.OrderVO.toLowerCamelCaseStr(OrderVO.java:149)] -- snakecase to lowerCamelcase
2022-11-23 10:52:59.022 [INFO ] [com.joeun.joeunmall.vo.OrderVO] [http-nio-8282-exec-10] [com.joeun.joeunmall.vo.OrderVO.<init>(OrderVO.java:102)] -- ORDER_STATE_INDEX : orderStateIndex
2022-11-23 10:52:59.022 [INFO ] [com.joeun.joeunmall.vo.OrderVO] [http-nio-8282-exec-10] [com.joeun.joeunmall.vo.OrderVO.<init>(OrderVO.java:111)] -- 형변환 타입 : java.lang.String
2022-11-23 10:52:59.022 [INFO ] [com.joeun.joeunmall.vo.OrderVO] [http-nio-8282-exec-10] [com.joeun.joeunmall.vo.OrderVO.<init>(OrderVO.java:92)] -- 필드명 : PAYMENT_INDEX
2022-11-23 10:52:59.022 [INFO ] [com.joeun.joeunmall.vo.OrderVO] [http-nio-8282-exec-10] [com.joeun.joeunmall.vo.OrderVO.toLowerCamelCaseStr(OrderVO.java:149)] -- snakecase to lowerCamelcase
2022-11-23 10:52:59.022 [INFO ] [com.joeun.joeunmall.vo.OrderVO] [http-nio-8282-exec-10] [com.joeun.joeunmall.vo.OrderVO.<init>(OrderVO.java:102)] -- PAYMENT_INDEX : paymentIndex
2022-11-23 10:52:59.022 [INFO ] [com.joeun.joeunmall.vo.OrderVO] [http-nio-8282-exec-10] [com.joeun.joeunmall.vo.OrderVO.<init>(OrderVO.java:111)] -- 형변환 타입 : java.lang.String
2022-11-23 10:52:59.022 [INFO ] [com.joeun.joeunmall.vo.OrderVO] [http-nio-8282-exec-10] [com.joeun.joeunmall.vo.OrderVO.<init>(OrderVO.java:92)] -- 필드명 : PRODUCT_COUNT_SUM
2022-11-23 10:52:59.023 [INFO ] [com.joeun.joeunmall.vo.OrderVO] [http-nio-8282-exec-10] [com.joeun.joeunmall.vo.OrderVO.toLowerCamelCaseStr(OrderVO.java:149)] -- snakecase to lowerCamelcase
2022-11-23 10:52:59.023 [INFO ] [com.joeun.joeunmall.vo.OrderVO] [http-nio-8282-exec-10] [com.joeun.joeunmall.vo.OrderVO.<init>(OrderVO.java:102)] -- PRODUCT_COUNT_SUM : productCountSum
2022-11-23 10:52:59.023 [INFO ] [com.joeun.joeunmall.vo.OrderVO] [http-nio-8282-exec-10] [com.joeun.joeunmall.vo.OrderVO.<init>(OrderVO.java:111)] -- 형변환 타입 : java.math.BigDecimal
2022-11-23 10:52:59.023 [INFO ] [com.joeun.joeunmall.vo.OrderVO] [http-nio-8282-exec-10] [com.joeun.joeunmall.vo.OrderVO.<init>(OrderVO.java:92)] -- 필드명 : ORDER_ADDRESS_DETAIL
2022-11-23 10:52:59.023 [INFO ] [com.joeun.joeunmall.vo.OrderVO] [http-nio-8282-exec-10] [com.joeun.joeunmall.vo.OrderVO.toLowerCamelCaseStr(OrderVO.java:149)] -- snakecase to lowerCamelcase
2022-11-23 10:52:59.023 [INFO ] [com.joeun.joeunmall.vo.OrderVO] [http-nio-8282-exec-10] [com.joeun.joeunmall.vo.OrderVO.<init>(OrderVO.java:102)] -- ORDER_ADDRESS_DETAIL : orderAddressDetail
2022-11-23 10:52:59.023 [INFO ] [com.joeun.joeunmall.vo.OrderVO] [http-nio-8282-exec-10] [com.joeun.joeunmall.vo.OrderVO.<init>(OrderVO.java:111)] -- 형변환 타입 : java.lang.String
2022-11-23 10:52:59.023 [INFO ] [com.joeun.joeunmall.vo.OrderVO] [http-nio-8282-exec-10] [com.joeun.joeunmall.vo.OrderVO.<init>(OrderVO.java:92)] -- 필드명 : ORDER_NAME
2022-11-23 10:52:59.023 [INFO ] [com.joeun.joeunmall.vo.OrderVO] [http-nio-8282-exec-10] [com.joeun.joeunmall.vo.OrderVO.toLowerCamelCaseStr(OrderVO.java:149)] -- snakecase to lowerCamelcase
2022-11-23 10:52:59.023 [INFO ] [com.joeun.joeunmall.vo.OrderVO] [http-nio-8282-exec-10] [com.joeun.joeunmall.vo.OrderVO.<init>(OrderVO.java:102)] -- ORDER_NAME : orderName
2022-11-23 10:52:59.023 [INFO ] [com.joeun.joeunmall.vo.OrderVO] [http-nio-8282-exec-10] [com.joeun.joeunmall.vo.OrderVO.<init>(OrderVO.java:111)] -- 형변환 타입 : java.lang.String
2022-11-23 10:52:59.024 [INFO ] [com.joeun.joeunmall.vo.OrderVO] [http-nio-8282-exec-10] [com.joeun.joeunmall.vo.OrderVO.<init>(OrderVO.java:92)] -- 필드명 : ORDER_DATE
2022-11-23 10:52:59.024 [INFO ] [com.joeun.joeunmall.vo.OrderVO] [http-nio-8282-exec-10] [com.joeun.joeunmall.vo.OrderVO.toLowerCamelCaseStr(OrderVO.java:149)] -- snakecase to lowerCamelcase
2022-11-23 10:52:59.024 [INFO ] [com.joeun.joeunmall.vo.OrderVO] [http-nio-8282-exec-10] [com.joeun.joeunmall.vo.OrderVO.<init>(OrderVO.java:102)] -- ORDER_DATE : orderDate
2022-11-23 10:52:59.024 [INFO ] [com.joeun.joeunmall.vo.OrderVO] [http-nio-8282-exec-10] [com.joeun.joeunmall.vo.OrderVO.<init>(OrderVO.java:111)] -- 형변환 타입 : java.sql.Timestamp
2022-11-23 10:52:59.024 [INFO ] [com.joeun.joeunmall.vo.OrderVO] [http-nio-8282-exec-10] [com.joeun.joeunmall.vo.OrderVO.<init>(OrderVO.java:92)] -- 필드명 : ORDER_MESSAGE
2022-11-23 10:52:59.024 [INFO ] [com.joeun.joeunmall.vo.OrderVO] [http-nio-8282-exec-10] [com.joeun.joeunmall.vo.OrderVO.toLowerCamelCaseStr(OrderVO.java:149)] -- snakecase to lowerCamelcase
2022-11-23 10:52:59.024 [INFO ] [com.joeun.joeunmall.vo.OrderVO] [http-nio-8282-exec-10] [com.joeun.joeunmall.vo.OrderVO.<init>(OrderVO.java:102)] -- ORDER_MESSAGE : orderMessage
2022-11-23 10:52:59.024 [INFO ] [com.joeun.joeunmall.vo.OrderVO] [http-nio-8282-exec-10] [com.joeun.joeunmall.vo.OrderVO.<init>(OrderVO.java:111)] -- 형변환 타입 : java.lang.String
2022-11-23 10:52:59.024 [INFO ] [com.joeun.joeunmall.vo.OrderVO] [http-nio-8282-exec-10] [com.joeun.joeunmall.vo.OrderVO.<init>(OrderVO.java:92)] -- 필드명 : ORDER_MOBILE
2022-11-23 10:52:59.024 [INFO ] [com.joeun.joeunmall.vo.OrderVO] [http-nio-8282-exec-10] [com.joeun.joeunmall.vo.OrderVO.toLowerCamelCaseStr(OrderVO.java:149)] -- snakecase to lowerCamelcase
2022-11-23 10:52:59.024 [INFO ] [com.joeun.joeunmall.vo.OrderVO] [http-nio-8282-exec-10] [com.joeun.joeunmall.vo.OrderVO.<init>(OrderVO.java:102)] -- ORDER_MOBILE : orderMobile
2022-11-23 10:52:59.024 [INFO ] [com.joeun.joeunmall.vo.OrderVO] [http-nio-8282-exec-10] [com.joeun.joeunmall.vo.OrderVO.<init>(OrderVO.java:111)] -- 형변환 타입 : java.lang.String
2022-11-23 10:52:59.025 [INFO ] [com.joeun.joeunmall.vo.OrderVO] [http-nio-8282-exec-10] [com.joeun.joeunmall.vo.OrderVO.<init>(OrderVO.java:92)] -- 필드명 : PAGE
2022-11-23 10:52:59.025 [INFO ] [com.joeun.joeunmall.vo.OrderVO] [http-nio-8282-exec-10] [com.joeun.joeunmall.vo.OrderVO.toLowerCamelCaseStr(OrderVO.java:149)] -- snakecase to lowerCamelcase
2022-11-23 10:52:59.025 [ERROR] [com.joeun.joeunmall.vo.OrderVO] [http-nio-8282-exec-10] [com.joeun.joeunmall.vo.OrderVO.<init>(OrderVO.java:130)] -- 인자와 필드가 일치하지 않습니다.
2022-11-23 10:52:59.025 [INFO ] [com.joeun.joeunmall.vo.OrderVO] [http-nio-8282-exec-10] [com.joeun.joeunmall.vo.OrderVO.<init>(OrderVO.java:92)] -- 필드명 : ORDER_POST
2022-11-23 10:52:59.025 [INFO ] [com.joeun.joeunmall.vo.OrderVO] [http-nio-8282-exec-10] [com.joeun.joeunmall.vo.OrderVO.toLowerCamelCaseStr(OrderVO.java:149)] -- snakecase to lowerCamelcase
2022-11-23 10:52:59.025 [INFO ] [com.joeun.joeunmall.vo.OrderVO] [http-nio-8282-exec-10] [com.joeun.joeunmall.vo.OrderVO.<init>(OrderVO.java:102)] -- ORDER_POST : orderPost
2022-11-23 10:52:59.025 [INFO ] [com.joeun.joeunmall.vo.OrderVO] [http-nio-8282-exec-10] [com.joeun.joeunmall.vo.OrderVO.<init>(OrderVO.java:111)] -- 형변환 타입 : java.lang.String
2022-11-23 10:52:59.025 [INFO ] [com.joeun.joeunmall.vo.OrderVO] [http-nio-8282-exec-10] [com.joeun.joeunmall.vo.OrderVO.<init>(OrderVO.java:92)] -- 필드명 : USER_INDEX
2022-11-23 10:52:59.026 [INFO ] [com.joeun.joeunmall.vo.OrderVO] [http-nio-8282-exec-10] [com.joeun.joeunmall.vo.OrderVO.toLowerCamelCaseStr(OrderVO.java:149)] -- snakecase to lowerCamelcase
2022-11-23 10:52:59.026 [INFO ] [com.joeun.joeunmall.vo.OrderVO] [http-nio-8282-exec-10] [com.joeun.joeunmall.vo.OrderVO.<init>(OrderVO.java:102)] -- USER_INDEX : userIndex
2022-11-23 10:52:59.026 [INFO ] [com.joeun.joeunmall.vo.OrderVO] [http-nio-8282-exec-10] [com.joeun.joeunmall.vo.OrderVO.<init>(OrderVO.java:111)] -- 형변환 타입 : java.lang.String
2022-11-23 10:52:59.026 [INFO ] [com.joeun.joeunmall.vo.OrderVO] [http-nio-8282-exec-10] [com.joeun.joeunmall.vo.OrderVO.<init>(OrderVO.java:92)] -- 필드명 : ORDER_PRICE
2022-11-23 10:52:59.026 [INFO ] [com.joeun.joeunmall.vo.OrderVO] [http-nio-8282-exec-10] [com.joeun.joeunmall.vo.OrderVO.toLowerCamelCaseStr(OrderVO.java:149)] -- snakecase to lowerCamelcase
2022-11-23 10:52:59.026 [INFO ] [com.joeun.joeunmall.vo.OrderVO] [http-nio-8282-exec-10] [com.joeun.joeunmall.vo.OrderVO.<init>(OrderVO.java:102)] -- ORDER_PRICE : orderPrice
2022-11-23 10:52:59.026 [INFO ] [com.joeun.joeunmall.vo.OrderVO] [http-nio-8282-exec-10] [com.joeun.joeunmall.vo.OrderVO.<init>(OrderVO.java:111)] -- 형변환 타입 : java.math.BigDecimal
2022-11-23 10:52:59.026 [INFO ] [com.joeun.joeunmall.vo.OrderVO] [http-nio-8282-exec-10] [com.joeun.joeunmall.vo.OrderVO.<init>(OrderVO.java:92)] -- 필드명 : ORDER_ADDRESS
2022-11-23 10:52:59.026 [INFO ] [com.joeun.joeunmall.vo.OrderVO] [http-nio-8282-exec-10] [com.joeun.joeunmall.vo.OrderVO.toLowerCamelCaseStr(OrderVO.java:149)] -- snakecase to lowerCamelcase
2022-11-23 10:52:59.026 [INFO ] [com.joeun.joeunmall.vo.OrderVO] [http-nio-8282-exec-10] [com.joeun.joeunmall.vo.OrderVO.<init>(OrderVO.java:102)] -- ORDER_ADDRESS : orderAddress
2022-11-23 10:52:59.026 [INFO ] [com.joeun.joeunmall.vo.OrderVO] [http-nio-8282-exec-10] [com.joeun.joeunmall.vo.OrderVO.<init>(OrderVO.java:111)] -- 형변환 타입 : java.lang.String
2022-11-23 10:52:59.027 [INFO ] [com.joeun.joeunmall.vo.OrderVO] [http-nio-8282-exec-10] [com.joeun.joeunmall.vo.OrderVO.<init>(OrderVO.java:92)] -- 필드명 : ORDER_INDEX
2022-11-23 10:52:59.027 [INFO ] [com.joeun.joeunmall.vo.OrderVO] [http-nio-8282-exec-10] [com.joeun.joeunmall.vo.OrderVO.toLowerCamelCaseStr(OrderVO.java:149)] -- snakecase to lowerCamelcase
2022-11-23 10:52:59.027 [INFO ] [com.joeun.joeunmall.vo.OrderVO] [http-nio-8282-exec-10] [com.joeun.joeunmall.vo.OrderVO.<init>(OrderVO.java:102)] -- ORDER_INDEX : orderIndex
2022-11-23 10:52:59.027 [INFO ] [com.joeun.joeunmall.vo.OrderVO] [http-nio-8282-exec-10] [com.joeun.joeunmall.vo.OrderVO.<init>(OrderVO.java:111)] -- 형변환 타입 : java.lang.String
2022-11-23 10:52:59.027 [INFO ] [com.joeun.joeunmall.vo.OrderVO] [http-nio-8282-exec-10] [com.joeun.joeunmall.vo.OrderVO.<init>(OrderVO.java:92)] -- 필드명 : ORDER_STATE_INDEX
2022-11-23 10:52:59.027 [INFO ] [com.joeun.joeunmall.vo.OrderVO] [http-nio-8282-exec-10] [com.joeun.joeunmall.vo.OrderVO.toLowerCamelCaseStr(OrderVO.java:149)] -- snakecase to lowerCamelcase
2022-11-23 10:52:59.027 [INFO ] [com.joeun.joeunmall.vo.OrderVO] [http-nio-8282-exec-10] [com.joeun.joeunmall.vo.OrderVO.<init>(OrderVO.java:102)] -- ORDER_STATE_INDEX : orderStateIndex
2022-11-23 10:52:59.027 [INFO ] [com.joeun.joeunmall.vo.OrderVO] [http-nio-8282-exec-10] [com.joeun.joeunmall.vo.OrderVO.<init>(OrderVO.java:111)] -- 형변환 타입 : java.lang.String
2022-11-23 10:52:59.027 [INFO ] [com.joeun.joeunmall.vo.OrderVO] [http-nio-8282-exec-10] [com.joeun.joeunmall.vo.OrderVO.<init>(OrderVO.java:92)] -- 필드명 : PAYMENT_INDEX
2022-11-23 10:52:59.028 [INFO ] [com.joeun.joeunmall.vo.OrderVO] [http-nio-8282-exec-10] [com.joeun.joeunmall.vo.OrderVO.toLowerCamelCaseStr(OrderVO.java:149)] -- snakecase to lowerCamelcase
2022-11-23 10:52:59.028 [INFO ] [com.joeun.joeunmall.vo.OrderVO] [http-nio-8282-exec-10] [com.joeun.joeunmall.vo.OrderVO.<init>(OrderVO.java:102)] -- PAYMENT_INDEX : paymentIndex
2022-11-23 10:52:59.028 [INFO ] [com.joeun.joeunmall.vo.OrderVO] [http-nio-8282-exec-10] [com.joeun.joeunmall.vo.OrderVO.<init>(OrderVO.java:111)] -- 형변환 타입 : java.lang.String
2022-11-23 10:52:59.028 [INFO ] [com.joeun.joeunmall.vo.OrderVO] [http-nio-8282-exec-10] [com.joeun.joeunmall.vo.OrderVO.<init>(OrderVO.java:92)] -- 필드명 : PRODUCT_COUNT_SUM
2022-11-23 10:52:59.028 [INFO ] [com.joeun.joeunmall.vo.OrderVO] [http-nio-8282-exec-10] [com.joeun.joeunmall.vo.OrderVO.toLowerCamelCaseStr(OrderVO.java:149)] -- snakecase to lowerCamelcase
2022-11-23 10:52:59.028 [INFO ] [com.joeun.joeunmall.vo.OrderVO] [http-nio-8282-exec-10] [com.joeun.joeunmall.vo.OrderVO.<init>(OrderVO.java:102)] -- PRODUCT_COUNT_SUM : productCountSum
2022-11-23 10:52:59.028 [INFO ] [com.joeun.joeunmall.vo.OrderVO] [http-nio-8282-exec-10] [com.joeun.joeunmall.vo.OrderVO.<init>(OrderVO.java:111)] -- 형변환 타입 : java.math.BigDecimal
2022-11-23 10:52:59.028 [INFO ] [com.joeun.joeunmall.vo.OrderVO] [http-nio-8282-exec-10] [com.joeun.joeunmall.vo.OrderVO.<init>(OrderVO.java:92)] -- 필드명 : ORDER_ADDRESS_DETAIL
2022-11-23 10:52:59.028 [INFO ] [com.joeun.joeunmall.vo.OrderVO] [http-nio-8282-exec-10] [com.joeun.joeunmall.vo.OrderVO.toLowerCamelCaseStr(OrderVO.java:149)] -- snakecase to lowerCamelcase
2022-11-23 10:52:59.028 [INFO ] [com.joeun.joeunmall.vo.OrderVO] [http-nio-8282-exec-10] [com.joeun.joeunmall.vo.OrderVO.<init>(OrderVO.java:102)] -- ORDER_ADDRESS_DETAIL : orderAddressDetail
2022-11-23 10:52:59.029 [INFO ] [com.joeun.joeunmall.vo.OrderVO] [http-nio-8282-exec-10] [com.joeun.joeunmall.vo.OrderVO.<init>(OrderVO.java:111)] -- 형변환 타입 : java.lang.String
2022-11-23 10:52:59.029 [INFO ] [com.joeun.joeunmall.vo.OrderVO] [http-nio-8282-exec-10] [com.joeun.joeunmall.vo.OrderVO.<init>(OrderVO.java:92)] -- 필드명 : ORDER_NAME
2022-11-23 10:52:59.029 [INFO ] [com.joeun.joeunmall.vo.OrderVO] [http-nio-8282-exec-10] [com.joeun.joeunmall.vo.OrderVO.toLowerCamelCaseStr(OrderVO.java:149)] -- snakecase to lowerCamelcase
2022-11-23 10:52:59.029 [INFO ] [com.joeun.joeunmall.vo.OrderVO] [http-nio-8282-exec-10] [com.joeun.joeunmall.vo.OrderVO.<init>(OrderVO.java:102)] -- ORDER_NAME : orderName
2022-11-23 10:52:59.029 [INFO ] [com.joeun.joeunmall.vo.OrderVO] [http-nio-8282-exec-10] [com.joeun.joeunmall.vo.OrderVO.<init>(OrderVO.java:111)] -- 형변환 타입 : java.lang.String
2022-11-23 10:52:59.029 [INFO ] [com.joeun.joeunmall.vo.OrderVO] [http-nio-8282-exec-10] [com.joeun.joeunmall.vo.OrderVO.<init>(OrderVO.java:92)] -- 필드명 : ORDER_DATE
2022-11-23 10:52:59.029 [INFO ] [com.joeun.joeunmall.vo.OrderVO] [http-nio-8282-exec-10] [com.joeun.joeunmall.vo.OrderVO.toLowerCamelCaseStr(OrderVO.java:149)] -- snakecase to lowerCamelcase
2022-11-23 10:52:59.029 [INFO ] [com.joeun.joeunmall.vo.OrderVO] [http-nio-8282-exec-10] [com.joeun.joeunmall.vo.OrderVO.<init>(OrderVO.java:102)] -- ORDER_DATE : orderDate
2022-11-23 10:52:59.029 [INFO ] [com.joeun.joeunmall.vo.OrderVO] [http-nio-8282-exec-10] [com.joeun.joeunmall.vo.OrderVO.<init>(OrderVO.java:111)] -- 형변환 타입 : java.sql.Timestamp
2022-11-23 10:52:59.029 [INFO ] [com.joeun.joeunmall.vo.OrderVO] [http-nio-8282-exec-10] [com.joeun.joeunmall.vo.OrderVO.<init>(OrderVO.java:92)] -- 필드명 : ORDER_MESSAGE
2022-11-23 10:52:59.029 [INFO ] [com.joeun.joeunmall.vo.OrderVO] [http-nio-8282-exec-10] [com.joeun.joeunmall.vo.OrderVO.toLowerCamelCaseStr(OrderVO.java:149)] -- snakecase to lowerCamelcase
2022-11-23 10:52:59.030 [INFO ] [com.joeun.joeunmall.vo.OrderVO] [http-nio-8282-exec-10] [com.joeun.joeunmall.vo.OrderVO.<init>(OrderVO.java:102)] -- ORDER_MESSAGE : orderMessage
2022-11-23 10:52:59.030 [INFO ] [com.joeun.joeunmall.vo.OrderVO] [http-nio-8282-exec-10] [com.joeun.joeunmall.vo.OrderVO.<init>(OrderVO.java:111)] -- 형변환 타입 : java.lang.String
2022-11-23 10:52:59.030 [INFO ] [com.joeun.joeunmall.vo.OrderVO] [http-nio-8282-exec-10] [com.joeun.joeunmall.vo.OrderVO.<init>(OrderVO.java:92)] -- 필드명 : ORDER_MOBILE
2022-11-23 10:52:59.030 [INFO ] [com.joeun.joeunmall.vo.OrderVO] [http-nio-8282-exec-10] [com.joeun.joeunmall.vo.OrderVO.toLowerCamelCaseStr(OrderVO.java:149)] -- snakecase to lowerCamelcase
2022-11-23 10:52:59.030 [INFO ] [com.joeun.joeunmall.vo.OrderVO] [http-nio-8282-exec-10] [com.joeun.joeunmall.vo.OrderVO.<init>(OrderVO.java:102)] -- ORDER_MOBILE : orderMobile
2022-11-23 10:52:59.030 [INFO ] [com.joeun.joeunmall.vo.OrderVO] [http-nio-8282-exec-10] [com.joeun.joeunmall.vo.OrderVO.<init>(OrderVO.java:111)] -- 형변환 타입 : java.lang.String
2022-11-23 10:52:59.030 [INFO ] [com.joeun.joeunmall.vo.OrderVO] [http-nio-8282-exec-10] [com.joeun.joeunmall.vo.OrderVO.<init>(OrderVO.java:92)] -- 필드명 : PAGE
2022-11-23 10:52:59.030 [INFO ] [com.joeun.joeunmall.vo.OrderVO] [http-nio-8282-exec-10] [com.joeun.joeunmall.vo.OrderVO.toLowerCamelCaseStr(OrderVO.java:149)] -- snakecase to lowerCamelcase
2022-11-23 10:52:59.030 [ERROR] [com.joeun.joeunmall.vo.OrderVO] [http-nio-8282-exec-10] [com.joeun.joeunmall.vo.OrderVO.<init>(OrderVO.java:130)] -- 인자와 필드가 일치하지 않습니다.
2022-11-23 10:52:59.030 [INFO ] [com.joeun.joeunmall.vo.OrderVO] [http-nio-8282-exec-10] [com.joeun.joeunmall.vo.OrderVO.<init>(OrderVO.java:92)] -- 필드명 : ORDER_POST
2022-11-23 10:52:59.030 [INFO ] [com.joeun.joeunmall.vo.OrderVO] [http-nio-8282-exec-10] [com.joeun.joeunmall.vo.OrderVO.toLowerCamelCaseStr(OrderVO.java:149)] -- snakecase to lowerCamelcase
2022-11-23 10:52:59.031 [INFO ] [com.joeun.joeunmall.vo.OrderVO] [http-nio-8282-exec-10] [com.joeun.joeunmall.vo.OrderVO.<init>(OrderVO.java:102)] -- ORDER_POST : orderPost
2022-11-23 10:52:59.031 [INFO ] [com.joeun.joeunmall.vo.OrderVO] [http-nio-8282-exec-10] [com.joeun.joeunmall.vo.OrderVO.<init>(OrderVO.java:111)] -- 형변환 타입 : java.lang.String
2022-11-23 10:52:59.031 [INFO ] [com.joeun.joeunmall.vo.OrderVO] [http-nio-8282-exec-10] [com.joeun.joeunmall.vo.OrderVO.<init>(OrderVO.java:92)] -- 필드명 : USER_INDEX
2022-11-23 10:52:59.031 [INFO ] [com.joeun.joeunmall.vo.OrderVO] [http-nio-8282-exec-10] [com.joeun.joeunmall.vo.OrderVO.toLowerCamelCaseStr(OrderVO.java:149)] -- snakecase to lowerCamelcase
2022-11-23 10:52:59.031 [INFO ] [com.joeun.joeunmall.vo.OrderVO] [http-nio-8282-exec-10] [com.joeun.joeunmall.vo.OrderVO.<init>(OrderVO.java:102)] -- USER_INDEX : userIndex
2022-11-23 10:52:59.031 [INFO ] [com.joeun.joeunmall.vo.OrderVO] [http-nio-8282-exec-10] [com.joeun.joeunmall.vo.OrderVO.<init>(OrderVO.java:111)] -- 형변환 타입 : java.lang.String
2022-11-23 10:52:59.031 [INFO ] [com.joeun.joeunmall.vo.OrderVO] [http-nio-8282-exec-10] [com.joeun.joeunmall.vo.OrderVO.<init>(OrderVO.java:92)] -- 필드명 : ORDER_PRICE
2022-11-23 10:52:59.031 [INFO ] [com.joeun.joeunmall.vo.OrderVO] [http-nio-8282-exec-10] [com.joeun.joeunmall.vo.OrderVO.toLowerCamelCaseStr(OrderVO.java:149)] -- snakecase to lowerCamelcase
2022-11-23 10:52:59.031 [INFO ] [com.joeun.joeunmall.vo.OrderVO] [http-nio-8282-exec-10] [com.joeun.joeunmall.vo.OrderVO.<init>(OrderVO.java:102)] -- ORDER_PRICE : orderPrice
2022-11-23 10:52:59.031 [INFO ] [com.joeun.joeunmall.vo.OrderVO] [http-nio-8282-exec-10] [com.joeun.joeunmall.vo.OrderVO.<init>(OrderVO.java:111)] -- 형변환 타입 : java.math.BigDecimal
2022-11-23 10:52:59.031 [INFO ] [com.joeun.joeunmall.vo.OrderVO] [http-nio-8282-exec-10] [com.joeun.joeunmall.vo.OrderVO.<init>(OrderVO.java:92)] -- 필드명 : ORDER_ADDRESS
2022-11-23 10:52:59.031 [INFO ] [com.joeun.joeunmall.vo.OrderVO] [http-nio-8282-exec-10] [com.joeun.joeunmall.vo.OrderVO.toLowerCamelCaseStr(OrderVO.java:149)] -- snakecase to lowerCamelcase
2022-11-23 10:52:59.032 [INFO ] [com.joeun.joeunmall.vo.OrderVO] [http-nio-8282-exec-10] [com.joeun.joeunmall.vo.OrderVO.<init>(OrderVO.java:102)] -- ORDER_ADDRESS : orderAddress
2022-11-23 10:52:59.032 [INFO ] [com.joeun.joeunmall.vo.OrderVO] [http-nio-8282-exec-10] [com.joeun.joeunmall.vo.OrderVO.<init>(OrderVO.java:111)] -- 형변환 타입 : java.lang.String
2022-11-23 10:52:59.032 [INFO ] [com.joeun.joeunmall.vo.OrderVO] [http-nio-8282-exec-10] [com.joeun.joeunmall.vo.OrderVO.<init>(OrderVO.java:92)] -- 필드명 : ORDER_INDEX
2022-11-23 10:52:59.032 [INFO ] [com.joeun.joeunmall.vo.OrderVO] [http-nio-8282-exec-10] [com.joeun.joeunmall.vo.OrderVO.toLowerCamelCaseStr(OrderVO.java:149)] -- snakecase to lowerCamelcase
2022-11-23 10:52:59.032 [INFO ] [com.joeun.joeunmall.vo.OrderVO] [http-nio-8282-exec-10] [com.joeun.joeunmall.vo.OrderVO.<init>(OrderVO.java:102)] -- ORDER_INDEX : orderIndex
2022-11-23 10:52:59.032 [INFO ] [com.joeun.joeunmall.vo.OrderVO] [http-nio-8282-exec-10] [com.joeun.joeunmall.vo.OrderVO.<init>(OrderVO.java:111)] -- 형변환 타입 : java.lang.String
2022-11-23 10:52:59.032 [INFO ] [com.joeun.joeunmall.vo.OrderVO] [http-nio-8282-exec-10] [com.joeun.joeunmall.vo.OrderVO.<init>(OrderVO.java:92)] -- 필드명 : ORDER_STATE_INDEX
2022-11-23 10:52:59.032 [INFO ] [com.joeun.joeunmall.vo.OrderVO] [http-nio-8282-exec-10] [com.joeun.joeunmall.vo.OrderVO.toLowerCamelCaseStr(OrderVO.java:149)] -- snakecase to lowerCamelcase
2022-11-23 10:52:59.032 [INFO ] [com.joeun.joeunmall.vo.OrderVO] [http-nio-8282-exec-10] [com.joeun.joeunmall.vo.OrderVO.<init>(OrderVO.java:102)] -- ORDER_STATE_INDEX : orderStateIndex
2022-11-23 10:52:59.032 [INFO ] [com.joeun.joeunmall.vo.OrderVO] [http-nio-8282-exec-10] [com.joeun.joeunmall.vo.OrderVO.<init>(OrderVO.java:111)] -- 형변환 타입 : java.lang.String
2022-11-23 10:52:59.032 [INFO ] [com.joeun.joeunmall.vo.OrderVO] [http-nio-8282-exec-10] [com.joeun.joeunmall.vo.OrderVO.<init>(OrderVO.java:92)] -- 필드명 : PAYMENT_INDEX
2022-11-23 10:52:59.033 [INFO ] [com.joeun.joeunmall.vo.OrderVO] [http-nio-8282-exec-10] [com.joeun.joeunmall.vo.OrderVO.toLowerCamelCaseStr(OrderVO.java:149)] -- snakecase to lowerCamelcase
2022-11-23 10:52:59.033 [INFO ] [com.joeun.joeunmall.vo.OrderVO] [http-nio-8282-exec-10] [com.joeun.joeunmall.vo.OrderVO.<init>(OrderVO.java:102)] -- PAYMENT_INDEX : paymentIndex
2022-11-23 10:52:59.033 [INFO ] [com.joeun.joeunmall.vo.OrderVO] [http-nio-8282-exec-10] [com.joeun.joeunmall.vo.OrderVO.<init>(OrderVO.java:111)] -- 형변환 타입 : java.lang.String
2022-11-23 10:52:59.033 [INFO ] [com.joeun.joeunmall.vo.OrderVO] [http-nio-8282-exec-10] [com.joeun.joeunmall.vo.OrderVO.<init>(OrderVO.java:92)] -- 필드명 : PRODUCT_COUNT_SUM
2022-11-23 10:52:59.033 [INFO ] [com.joeun.joeunmall.vo.OrderVO] [http-nio-8282-exec-10] [com.joeun.joeunmall.vo.OrderVO.toLowerCamelCaseStr(OrderVO.java:149)] -- snakecase to lowerCamelcase
2022-11-23 10:52:59.033 [INFO ] [com.joeun.joeunmall.vo.OrderVO] [http-nio-8282-exec-10] [com.joeun.joeunmall.vo.OrderVO.<init>(OrderVO.java:102)] -- PRODUCT_COUNT_SUM : productCountSum
2022-11-23 10:52:59.033 [INFO ] [com.joeun.joeunmall.vo.OrderVO] [http-nio-8282-exec-10] [com.joeun.joeunmall.vo.OrderVO.<init>(OrderVO.java:111)] -- 형변환 타입 : java.math.BigDecimal
2022-11-23 10:52:59.033 [INFO ] [com.joeun.joeunmall.vo.OrderVO] [http-nio-8282-exec-10] [com.joeun.joeunmall.vo.OrderVO.<init>(OrderVO.java:92)] -- 필드명 : ORDER_ADDRESS_DETAIL
2022-11-23 10:52:59.033 [INFO ] [com.joeun.joeunmall.vo.OrderVO] [http-nio-8282-exec-10] [com.joeun.joeunmall.vo.OrderVO.toLowerCamelCaseStr(OrderVO.java:149)] -- snakecase to lowerCamelcase
2022-11-23 10:52:59.033 [INFO ] [com.joeun.joeunmall.vo.OrderVO] [http-nio-8282-exec-10] [com.joeun.joeunmall.vo.OrderVO.<init>(OrderVO.java:102)] -- ORDER_ADDRESS_DETAIL : orderAddressDetail
2022-11-23 10:52:59.033 [INFO ] [com.joeun.joeunmall.vo.OrderVO] [http-nio-8282-exec-10] [com.joeun.joeunmall.vo.OrderVO.<init>(OrderVO.java:111)] -- 형변환 타입 : java.lang.String
2022-11-23 10:52:59.033 [INFO ] [com.joeun.joeunmall.vo.OrderVO] [http-nio-8282-exec-10] [com.joeun.joeunmall.vo.OrderVO.<init>(OrderVO.java:92)] -- 필드명 : ORDER_NAME
2022-11-23 10:52:59.034 [INFO ] [com.joeun.joeunmall.vo.OrderVO] [http-nio-8282-exec-10] [com.joeun.joeunmall.vo.OrderVO.toLowerCamelCaseStr(OrderVO.java:149)] -- snakecase to lowerCamelcase
2022-11-23 10:52:59.034 [INFO ] [com.joeun.joeunmall.vo.OrderVO] [http-nio-8282-exec-10] [com.joeun.joeunmall.vo.OrderVO.<init>(OrderVO.java:102)] -- ORDER_NAME : orderName
2022-11-23 10:52:59.034 [INFO ] [com.joeun.joeunmall.vo.OrderVO] [http-nio-8282-exec-10] [com.joeun.joeunmall.vo.OrderVO.<init>(OrderVO.java:111)] -- 형변환 타입 : java.lang.String
2022-11-23 10:52:59.034 [INFO ] [com.joeun.joeunmall.vo.OrderVO] [http-nio-8282-exec-10] [com.joeun.joeunmall.vo.OrderVO.<init>(OrderVO.java:92)] -- 필드명 : ORDER_DATE
2022-11-23 10:52:59.034 [INFO ] [com.joeun.joeunmall.vo.OrderVO] [http-nio-8282-exec-10] [com.joeun.joeunmall.vo.OrderVO.toLowerCamelCaseStr(OrderVO.java:149)] -- snakecase to lowerCamelcase
2022-11-23 10:52:59.034 [INFO ] [com.joeun.joeunmall.vo.OrderVO] [http-nio-8282-exec-10] [com.joeun.joeunmall.vo.OrderVO.<init>(OrderVO.java:102)] -- ORDER_DATE : orderDate
2022-11-23 10:52:59.034 [INFO ] [com.joeun.joeunmall.vo.OrderVO] [http-nio-8282-exec-10] [com.joeun.joeunmall.vo.OrderVO.<init>(OrderVO.java:111)] -- 형변환 타입 : java.sql.Timestamp
2022-11-23 10:52:59.034 [INFO ] [com.joeun.joeunmall.vo.OrderVO] [http-nio-8282-exec-10] [com.joeun.joeunmall.vo.OrderVO.<init>(OrderVO.java:92)] -- 필드명 : ORDER_MESSAGE
2022-11-23 10:52:59.034 [INFO ] [com.joeun.joeunmall.vo.OrderVO] [http-nio-8282-exec-10] [com.joeun.joeunmall.vo.OrderVO.toLowerCamelCaseStr(OrderVO.java:149)] -- snakecase to lowerCamelcase
2022-11-23 10:52:59.034 [INFO ] [com.joeun.joeunmall.vo.OrderVO] [http-nio-8282-exec-10] [com.joeun.joeunmall.vo.OrderVO.<init>(OrderVO.java:102)] -- ORDER_MESSAGE : orderMessage
2022-11-23 10:52:59.034 [INFO ] [com.joeun.joeunmall.vo.OrderVO] [http-nio-8282-exec-10] [com.joeun.joeunmall.vo.OrderVO.<init>(OrderVO.java:111)] -- 형변환 타입 : java.lang.String
2022-11-23 10:52:59.034 [INFO ] [com.joeun.joeunmall.vo.OrderVO] [http-nio-8282-exec-10] [com.joeun.joeunmall.vo.OrderVO.<init>(OrderVO.java:92)] -- 필드명 : ORDER_MOBILE
2022-11-23 10:52:59.035 [INFO ] [com.joeun.joeunmall.vo.OrderVO] [http-nio-8282-exec-10] [com.joeun.joeunmall.vo.OrderVO.toLowerCamelCaseStr(OrderVO.java:149)] -- snakecase to lowerCamelcase
2022-11-23 10:52:59.035 [INFO ] [com.joeun.joeunmall.vo.OrderVO] [http-nio-8282-exec-10] [com.joeun.joeunmall.vo.OrderVO.<init>(OrderVO.java:102)] -- ORDER_MOBILE : orderMobile
2022-11-23 10:52:59.035 [INFO ] [com.joeun.joeunmall.vo.OrderVO] [http-nio-8282-exec-10] [com.joeun.joeunmall.vo.OrderVO.<init>(OrderVO.java:111)] -- 형변환 타입 : java.lang.String
2022-11-23 10:52:59.035 [INFO ] [com.joeun.joeunmall.vo.OrderVO] [http-nio-8282-exec-10] [com.joeun.joeunmall.vo.OrderVO.<init>(OrderVO.java:92)] -- 필드명 : PAGE
2022-11-23 10:52:59.035 [INFO ] [com.joeun.joeunmall.vo.OrderVO] [http-nio-8282-exec-10] [com.joeun.joeunmall.vo.OrderVO.toLowerCamelCaseStr(OrderVO.java:149)] -- snakecase to lowerCamelcase
2022-11-23 10:52:59.035 [ERROR] [com.joeun.joeunmall.vo.OrderVO] [http-nio-8282-exec-10] [com.joeun.joeunmall.vo.OrderVO.<init>(OrderVO.java:130)] -- 인자와 필드가 일치하지 않습니다.
2022-11-23 10:52:59.035 [INFO ] [com.joeun.joeunmall.vo.OrderVO] [http-nio-8282-exec-10] [com.joeun.joeunmall.vo.OrderVO.<init>(OrderVO.java:92)] -- 필드명 : ORDER_POST
2022-11-23 10:52:59.035 [INFO ] [com.joeun.joeunmall.vo.OrderVO] [http-nio-8282-exec-10] [com.joeun.joeunmall.vo.OrderVO.toLowerCamelCaseStr(OrderVO.java:149)] -- snakecase to lowerCamelcase
2022-11-23 10:52:59.035 [INFO ] [com.joeun.joeunmall.vo.OrderVO] [http-nio-8282-exec-10] [com.joeun.joeunmall.vo.OrderVO.<init>(OrderVO.java:102)] -- ORDER_POST : orderPost
2022-11-23 10:52:59.035 [INFO ] [com.joeun.joeunmall.vo.OrderVO] [http-nio-8282-exec-10] [com.joeun.joeunmall.vo.OrderVO.<init>(OrderVO.java:111)] -- 형변환 타입 : java.lang.String
2022-11-23 10:52:59.035 [INFO ] [com.joeun.joeunmall.vo.OrderVO] [http-nio-8282-exec-10] [com.joeun.joeunmall.vo.OrderVO.<init>(OrderVO.java:92)] -- 필드명 : USER_INDEX
2022-11-23 10:52:59.035 [INFO ] [com.joeun.joeunmall.vo.OrderVO] [http-nio-8282-exec-10] [com.joeun.joeunmall.vo.OrderVO.toLowerCamelCaseStr(OrderVO.java:149)] -- snakecase to lowerCamelcase
2022-11-23 10:52:59.036 [INFO ] [com.joeun.joeunmall.vo.OrderVO] [http-nio-8282-exec-10] [com.joeun.joeunmall.vo.OrderVO.<init>(OrderVO.java:102)] -- USER_INDEX : userIndex
2022-11-23 10:52:59.036 [INFO ] [com.joeun.joeunmall.vo.OrderVO] [http-nio-8282-exec-10] [com.joeun.joeunmall.vo.OrderVO.<init>(OrderVO.java:111)] -- 형변환 타입 : java.lang.String
2022-11-23 10:52:59.036 [INFO ] [com.joeun.joeunmall.vo.OrderVO] [http-nio-8282-exec-10] [com.joeun.joeunmall.vo.OrderVO.<init>(OrderVO.java:92)] -- 필드명 : ORDER_PRICE
2022-11-23 10:52:59.036 [INFO ] [com.joeun.joeunmall.vo.OrderVO] [http-nio-8282-exec-10] [com.joeun.joeunmall.vo.OrderVO.toLowerCamelCaseStr(OrderVO.java:149)] -- snakecase to lowerCamelcase
2022-11-23 10:52:59.036 [INFO ] [com.joeun.joeunmall.vo.OrderVO] [http-nio-8282-exec-10] [com.joeun.joeunmall.vo.OrderVO.<init>(OrderVO.java:102)] -- ORDER_PRICE : orderPrice
2022-11-23 10:52:59.036 [INFO ] [com.joeun.joeunmall.vo.OrderVO] [http-nio-8282-exec-10] [com.joeun.joeunmall.vo.OrderVO.<init>(OrderVO.java:111)] -- 형변환 타입 : java.math.BigDecimal
2022-11-23 10:52:59.036 [INFO ] [com.joeun.joeunmall.vo.OrderVO] [http-nio-8282-exec-10] [com.joeun.joeunmall.vo.OrderVO.<init>(OrderVO.java:92)] -- 필드명 : ORDER_ADDRESS
2022-11-23 10:52:59.036 [INFO ] [com.joeun.joeunmall.vo.OrderVO] [http-nio-8282-exec-10] [com.joeun.joeunmall.vo.OrderVO.toLowerCamelCaseStr(OrderVO.java:149)] -- snakecase to lowerCamelcase
2022-11-23 10:52:59.036 [INFO ] [com.joeun.joeunmall.vo.OrderVO] [http-nio-8282-exec-10] [com.joeun.joeunmall.vo.OrderVO.<init>(OrderVO.java:102)] -- ORDER_ADDRESS : orderAddress
2022-11-23 10:52:59.036 [INFO ] [com.joeun.joeunmall.vo.OrderVO] [http-nio-8282-exec-10] [com.joeun.joeunmall.vo.OrderVO.<init>(OrderVO.java:111)] -- 형변환 타입 : java.lang.String
2022-11-23 10:52:59.036 [INFO ] [com.joeun.joeunmall.vo.OrderVO] [http-nio-8282-exec-10] [com.joeun.joeunmall.vo.OrderVO.<init>(OrderVO.java:92)] -- 필드명 : ORDER_INDEX
2022-11-23 10:52:59.036 [INFO ] [com.joeun.joeunmall.vo.OrderVO] [http-nio-8282-exec-10] [com.joeun.joeunmall.vo.OrderVO.toLowerCamelCaseStr(OrderVO.java:149)] -- snakecase to lowerCamelcase
2022-11-23 10:52:59.037 [INFO ] [com.joeun.joeunmall.vo.OrderVO] [http-nio-8282-exec-10] [com.joeun.joeunmall.vo.OrderVO.<init>(OrderVO.java:102)] -- ORDER_INDEX : orderIndex
2022-11-23 10:52:59.037 [INFO ] [com.joeun.joeunmall.vo.OrderVO] [http-nio-8282-exec-10] [com.joeun.joeunmall.vo.OrderVO.<init>(OrderVO.java:111)] -- 형변환 타입 : java.lang.String
2022-11-23 10:52:59.037 [INFO ] [com.joeun.joeunmall.vo.OrderVO] [http-nio-8282-exec-10] [com.joeun.joeunmall.vo.OrderVO.<init>(OrderVO.java:92)] -- 필드명 : ORDER_STATE_INDEX
2022-11-23 10:52:59.037 [INFO ] [com.joeun.joeunmall.vo.OrderVO] [http-nio-8282-exec-10] [com.joeun.joeunmall.vo.OrderVO.toLowerCamelCaseStr(OrderVO.java:149)] -- snakecase to lowerCamelcase
2022-11-23 10:52:59.037 [INFO ] [com.joeun.joeunmall.vo.OrderVO] [http-nio-8282-exec-10] [com.joeun.joeunmall.vo.OrderVO.<init>(OrderVO.java:102)] -- ORDER_STATE_INDEX : orderStateIndex
2022-11-23 10:52:59.037 [INFO ] [com.joeun.joeunmall.vo.OrderVO] [http-nio-8282-exec-10] [com.joeun.joeunmall.vo.OrderVO.<init>(OrderVO.java:111)] -- 형변환 타입 : java.lang.String
2022-11-23 10:52:59.037 [INFO ] [com.joeun.joeunmall.vo.OrderVO] [http-nio-8282-exec-10] [com.joeun.joeunmall.vo.OrderVO.<init>(OrderVO.java:92)] -- 필드명 : PAYMENT_INDEX
2022-11-23 10:52:59.037 [INFO ] [com.joeun.joeunmall.vo.OrderVO] [http-nio-8282-exec-10] [com.joeun.joeunmall.vo.OrderVO.toLowerCamelCaseStr(OrderVO.java:149)] -- snakecase to lowerCamelcase
2022-11-23 10:52:59.037 [INFO ] [com.joeun.joeunmall.vo.OrderVO] [http-nio-8282-exec-10] [com.joeun.joeunmall.vo.OrderVO.<init>(OrderVO.java:102)] -- PAYMENT_INDEX : paymentIndex
2022-11-23 10:52:59.037 [INFO ] [com.joeun.joeunmall.vo.OrderVO] [http-nio-8282-exec-10] [com.joeun.joeunmall.vo.OrderVO.<init>(OrderVO.java:111)] -- 형변환 타입 : java.lang.String
2022-11-23 10:52:59.037 [INFO ] [com.joeun.joeunmall.vo.OrderVO] [http-nio-8282-exec-10] [com.joeun.joeunmall.vo.OrderVO.<init>(OrderVO.java:92)] -- 필드명 : PRODUCT_COUNT_SUM
2022-11-23 10:52:59.037 [INFO ] [com.joeun.joeunmall.vo.OrderVO] [http-nio-8282-exec-10] [com.joeun.joeunmall.vo.OrderVO.toLowerCamelCaseStr(OrderVO.java:149)] -- snakecase to lowerCamelcase
2022-11-23 10:52:59.038 [INFO ] [com.joeun.joeunmall.vo.OrderVO] [http-nio-8282-exec-10] [com.joeun.joeunmall.vo.OrderVO.<init>(OrderVO.java:102)] -- PRODUCT_COUNT_SUM : productCountSum
2022-11-23 10:52:59.038 [INFO ] [com.joeun.joeunmall.vo.OrderVO] [http-nio-8282-exec-10] [com.joeun.joeunmall.vo.OrderVO.<init>(OrderVO.java:111)] -- 형변환 타입 : java.math.BigDecimal
2022-11-23 10:52:59.038 [INFO ] [com.joeun.joeunmall.vo.OrderVO] [http-nio-8282-exec-10] [com.joeun.joeunmall.vo.OrderVO.<init>(OrderVO.java:92)] -- 필드명 : ORDER_ADDRESS_DETAIL
2022-11-23 10:52:59.038 [INFO ] [com.joeun.joeunmall.vo.OrderVO] [http-nio-8282-exec-10] [com.joeun.joeunmall.vo.OrderVO.toLowerCamelCaseStr(OrderVO.java:149)] -- snakecase to lowerCamelcase
2022-11-23 10:52:59.038 [INFO ] [com.joeun.joeunmall.vo.OrderVO] [http-nio-8282-exec-10] [com.joeun.joeunmall.vo.OrderVO.<init>(OrderVO.java:102)] -- ORDER_ADDRESS_DETAIL : orderAddressDetail
2022-11-23 10:52:59.038 [INFO ] [com.joeun.joeunmall.vo.OrderVO] [http-nio-8282-exec-10] [com.joeun.joeunmall.vo.OrderVO.<init>(OrderVO.java:111)] -- 형변환 타입 : java.lang.String
2022-11-23 10:52:59.038 [INFO ] [com.joeun.joeunmall.vo.OrderVO] [http-nio-8282-exec-10] [com.joeun.joeunmall.vo.OrderVO.<init>(OrderVO.java:92)] -- 필드명 : ORDER_NAME
2022-11-23 10:52:59.038 [INFO ] [com.joeun.joeunmall.vo.OrderVO] [http-nio-8282-exec-10] [com.joeun.joeunmall.vo.OrderVO.toLowerCamelCaseStr(OrderVO.java:149)] -- snakecase to lowerCamelcase
2022-11-23 10:52:59.038 [INFO ] [com.joeun.joeunmall.vo.OrderVO] [http-nio-8282-exec-10] [com.joeun.joeunmall.vo.OrderVO.<init>(OrderVO.java:102)] -- ORDER_NAME : orderName
2022-11-23 10:52:59.038 [INFO ] [com.joeun.joeunmall.vo.OrderVO] [http-nio-8282-exec-10] [com.joeun.joeunmall.vo.OrderVO.<init>(OrderVO.java:111)] -- 형변환 타입 : java.lang.String
2022-11-23 10:52:59.038 [INFO ] [com.joeun.joeunmall.vo.OrderVO] [http-nio-8282-exec-10] [com.joeun.joeunmall.vo.OrderVO.<init>(OrderVO.java:92)] -- 필드명 : ORDER_DATE
2022-11-23 10:52:59.038 [INFO ] [com.joeun.joeunmall.vo.OrderVO] [http-nio-8282-exec-10] [com.joeun.joeunmall.vo.OrderVO.toLowerCamelCaseStr(OrderVO.java:149)] -- snakecase to lowerCamelcase
2022-11-23 10:52:59.039 [INFO ] [com.joeun.joeunmall.vo.OrderVO] [http-nio-8282-exec-10] [com.joeun.joeunmall.vo.OrderVO.<init>(OrderVO.java:102)] -- ORDER_DATE : orderDate
2022-11-23 10:52:59.039 [INFO ] [com.joeun.joeunmall.vo.OrderVO] [http-nio-8282-exec-10] [com.joeun.joeunmall.vo.OrderVO.<init>(OrderVO.java:111)] -- 형변환 타입 : java.sql.Timestamp
2022-11-23 10:52:59.039 [INFO ] [com.joeun.joeunmall.vo.OrderVO] [http-nio-8282-exec-10] [com.joeun.joeunmall.vo.OrderVO.<init>(OrderVO.java:92)] -- 필드명 : ORDER_MESSAGE
2022-11-23 10:52:59.039 [INFO ] [com.joeun.joeunmall.vo.OrderVO] [http-nio-8282-exec-10] [com.joeun.joeunmall.vo.OrderVO.toLowerCamelCaseStr(OrderVO.java:149)] -- snakecase to lowerCamelcase
2022-11-23 10:52:59.039 [INFO ] [com.joeun.joeunmall.vo.OrderVO] [http-nio-8282-exec-10] [com.joeun.joeunmall.vo.OrderVO.<init>(OrderVO.java:102)] -- ORDER_MESSAGE : orderMessage
2022-11-23 10:52:59.039 [INFO ] [com.joeun.joeunmall.vo.OrderVO] [http-nio-8282-exec-10] [com.joeun.joeunmall.vo.OrderVO.<init>(OrderVO.java:111)] -- 형변환 타입 : java.lang.String
2022-11-23 10:52:59.039 [INFO ] [com.joeun.joeunmall.vo.OrderVO] [http-nio-8282-exec-10] [com.joeun.joeunmall.vo.OrderVO.<init>(OrderVO.java:92)] -- 필드명 : ORDER_MOBILE
2022-11-23 10:52:59.039 [INFO ] [com.joeun.joeunmall.vo.OrderVO] [http-nio-8282-exec-10] [com.joeun.joeunmall.vo.OrderVO.toLowerCamelCaseStr(OrderVO.java:149)] -- snakecase to lowerCamelcase
2022-11-23 10:52:59.039 [INFO ] [com.joeun.joeunmall.vo.OrderVO] [http-nio-8282-exec-10] [com.joeun.joeunmall.vo.OrderVO.<init>(OrderVO.java:102)] -- ORDER_MOBILE : orderMobile
2022-11-23 10:52:59.039 [INFO ] [com.joeun.joeunmall.vo.OrderVO] [http-nio-8282-exec-10] [com.joeun.joeunmall.vo.OrderVO.<init>(OrderVO.java:111)] -- 형변환 타입 : java.lang.String
2022-11-23 10:52:59.039 [INFO ] [com.joeun.joeunmall.vo.OrderVO] [http-nio-8282-exec-10] [com.joeun.joeunmall.vo.OrderVO.<init>(OrderVO.java:92)] -- 필드명 : PAGE
2022-11-23 10:52:59.039 [INFO ] [com.joeun.joeunmall.vo.OrderVO] [http-nio-8282-exec-10] [com.joeun.joeunmall.vo.OrderVO.toLowerCamelCaseStr(OrderVO.java:149)] -- snakecase to lowerCamelcase
2022-11-23 10:52:59.040 [ERROR] [com.joeun.joeunmall.vo.OrderVO] [http-nio-8282-exec-10] [com.joeun.joeunmall.vo.OrderVO.<init>(OrderVO.java:130)] -- 인자와 필드가 일치하지 않습니다.
2022-11-23 10:52:59.040 [INFO ] [com.joeun.joeunmall.vo.OrderVO] [http-nio-8282-exec-10] [com.joeun.joeunmall.vo.OrderVO.<init>(OrderVO.java:92)] -- 필드명 : ORDER_POST
2022-11-23 10:52:59.040 [INFO ] [com.joeun.joeunmall.vo.OrderVO] [http-nio-8282-exec-10] [com.joeun.joeunmall.vo.OrderVO.toLowerCamelCaseStr(OrderVO.java:149)] -- snakecase to lowerCamelcase
2022-11-23 10:52:59.040 [INFO ] [com.joeun.joeunmall.vo.OrderVO] [http-nio-8282-exec-10] [com.joeun.joeunmall.vo.OrderVO.<init>(OrderVO.java:102)] -- ORDER_POST : orderPost
2022-11-23 10:52:59.040 [INFO ] [com.joeun.joeunmall.vo.OrderVO] [http-nio-8282-exec-10] [com.joeun.joeunmall.vo.OrderVO.<init>(OrderVO.java:111)] -- 형변환 타입 : java.lang.String
2022-11-23 10:52:59.040 [INFO ] [com.joeun.joeunmall.vo.OrderVO] [http-nio-8282-exec-10] [com.joeun.joeunmall.vo.OrderVO.<init>(OrderVO.java:92)] -- 필드명 : USER_INDEX
2022-11-23 10:52:59.040 [INFO ] [com.joeun.joeunmall.vo.OrderVO] [http-nio-8282-exec-10] [com.joeun.joeunmall.vo.OrderVO.toLowerCamelCaseStr(OrderVO.java:149)] -- snakecase to lowerCamelcase
2022-11-23 10:52:59.040 [INFO ] [com.joeun.joeunmall.vo.OrderVO] [http-nio-8282-exec-10] [com.joeun.joeunmall.vo.OrderVO.<init>(OrderVO.java:102)] -- USER_INDEX : userIndex
2022-11-23 10:52:59.040 [INFO ] [com.joeun.joeunmall.vo.OrderVO] [http-nio-8282-exec-10] [com.joeun.joeunmall.vo.OrderVO.<init>(OrderVO.java:111)] -- 형변환 타입 : java.lang.String
2022-11-23 10:52:59.040 [INFO ] [com.joeun.joeunmall.vo.OrderVO] [http-nio-8282-exec-10] [com.joeun.joeunmall.vo.OrderVO.<init>(OrderVO.java:92)] -- 필드명 : ORDER_PRICE
2022-11-23 10:52:59.040 [INFO ] [com.joeun.joeunmall.vo.OrderVO] [http-nio-8282-exec-10] [com.joeun.joeunmall.vo.OrderVO.toLowerCamelCaseStr(OrderVO.java:149)] -- snakecase to lowerCamelcase
2022-11-23 10:52:59.040 [INFO ] [com.joeun.joeunmall.vo.OrderVO] [http-nio-8282-exec-10] [com.joeun.joeunmall.vo.OrderVO.<init>(OrderVO.java:102)] -- ORDER_PRICE : orderPrice
2022-11-23 10:52:59.041 [INFO ] [com.joeun.joeunmall.vo.OrderVO] [http-nio-8282-exec-10] [com.joeun.joeunmall.vo.OrderVO.<init>(OrderVO.java:111)] -- 형변환 타입 : java.math.BigDecimal
2022-11-23 10:52:59.041 [INFO ] [com.joeun.joeunmall.vo.OrderVO] [http-nio-8282-exec-10] [com.joeun.joeunmall.vo.OrderVO.<init>(OrderVO.java:92)] -- 필드명 : ORDER_ADDRESS
2022-11-23 10:52:59.041 [INFO ] [com.joeun.joeunmall.vo.OrderVO] [http-nio-8282-exec-10] [com.joeun.joeunmall.vo.OrderVO.toLowerCamelCaseStr(OrderVO.java:149)] -- snakecase to lowerCamelcase
2022-11-23 10:52:59.041 [INFO ] [com.joeun.joeunmall.vo.OrderVO] [http-nio-8282-exec-10] [com.joeun.joeunmall.vo.OrderVO.<init>(OrderVO.java:102)] -- ORDER_ADDRESS : orderAddress
2022-11-23 10:52:59.041 [INFO ] [com.joeun.joeunmall.vo.OrderVO] [http-nio-8282-exec-10] [com.joeun.joeunmall.vo.OrderVO.<init>(OrderVO.java:111)] -- 형변환 타입 : java.lang.String
2022-11-23 10:52:59.041 [INFO ] [com.joeun.joeunmall.vo.OrderVO] [http-nio-8282-exec-10] [com.joeun.joeunmall.vo.OrderVO.<init>(OrderVO.java:92)] -- 필드명 : ORDER_INDEX
2022-11-23 10:52:59.041 [INFO ] [com.joeun.joeunmall.vo.OrderVO] [http-nio-8282-exec-10] [com.joeun.joeunmall.vo.OrderVO.toLowerCamelCaseStr(OrderVO.java:149)] -- snakecase to lowerCamelcase
2022-11-23 10:52:59.041 [INFO ] [com.joeun.joeunmall.vo.OrderVO] [http-nio-8282-exec-10] [com.joeun.joeunmall.vo.OrderVO.<init>(OrderVO.java:102)] -- ORDER_INDEX : orderIndex
2022-11-23 10:52:59.041 [INFO ] [com.joeun.joeunmall.vo.OrderVO] [http-nio-8282-exec-10] [com.joeun.joeunmall.vo.OrderVO.<init>(OrderVO.java:111)] -- 형변환 타입 : java.lang.String
2022-11-23 10:52:59.041 [INFO ] [com.joeun.joeunmall.vo.OrderVO] [http-nio-8282-exec-10] [com.joeun.joeunmall.vo.OrderVO.<init>(OrderVO.java:92)] -- 필드명 : ORDER_STATE_INDEX
2022-11-23 10:52:59.041 [INFO ] [com.joeun.joeunmall.vo.OrderVO] [http-nio-8282-exec-10] [com.joeun.joeunmall.vo.OrderVO.toLowerCamelCaseStr(OrderVO.java:149)] -- snakecase to lowerCamelcase
2022-11-23 10:52:59.041 [INFO ] [com.joeun.joeunmall.vo.OrderVO] [http-nio-8282-exec-10] [com.joeun.joeunmall.vo.OrderVO.<init>(OrderVO.java:102)] -- ORDER_STATE_INDEX : orderStateIndex
2022-11-23 10:52:59.041 [INFO ] [com.joeun.joeunmall.vo.OrderVO] [http-nio-8282-exec-10] [com.joeun.joeunmall.vo.OrderVO.<init>(OrderVO.java:111)] -- 형변환 타입 : java.lang.String
2022-11-23 10:52:59.042 [INFO ] [com.joeun.joeunmall.vo.OrderVO] [http-nio-8282-exec-10] [com.joeun.joeunmall.vo.OrderVO.<init>(OrderVO.java:92)] -- 필드명 : PAYMENT_INDEX
2022-11-23 10:52:59.042 [INFO ] [com.joeun.joeunmall.vo.OrderVO] [http-nio-8282-exec-10] [com.joeun.joeunmall.vo.OrderVO.toLowerCamelCaseStr(OrderVO.java:149)] -- snakecase to lowerCamelcase
2022-11-23 10:52:59.042 [INFO ] [com.joeun.joeunmall.vo.OrderVO] [http-nio-8282-exec-10] [com.joeun.joeunmall.vo.OrderVO.<init>(OrderVO.java:102)] -- PAYMENT_INDEX : paymentIndex
2022-11-23 10:52:59.042 [INFO ] [com.joeun.joeunmall.vo.OrderVO] [http-nio-8282-exec-10] [com.joeun.joeunmall.vo.OrderVO.<init>(OrderVO.java:111)] -- 형변환 타입 : java.lang.String
2022-11-23 10:52:59.042 [INFO ] [com.joeun.joeunmall.vo.OrderVO] [http-nio-8282-exec-10] [com.joeun.joeunmall.vo.OrderVO.<init>(OrderVO.java:92)] -- 필드명 : PRODUCT_COUNT_SUM
2022-11-23 10:52:59.042 [INFO ] [com.joeun.joeunmall.vo.OrderVO] [http-nio-8282-exec-10] [com.joeun.joeunmall.vo.OrderVO.toLowerCamelCaseStr(OrderVO.java:149)] -- snakecase to lowerCamelcase
2022-11-23 10:52:59.042 [INFO ] [com.joeun.joeunmall.vo.OrderVO] [http-nio-8282-exec-10] [com.joeun.joeunmall.vo.OrderVO.<init>(OrderVO.java:102)] -- PRODUCT_COUNT_SUM : productCountSum
2022-11-23 10:52:59.042 [INFO ] [com.joeun.joeunmall.vo.OrderVO] [http-nio-8282-exec-10] [com.joeun.joeunmall.vo.OrderVO.<init>(OrderVO.java:111)] -- 형변환 타입 : java.math.BigDecimal
2022-11-23 10:52:59.042 [INFO ] [com.joeun.joeunmall.vo.OrderVO] [http-nio-8282-exec-10] [com.joeun.joeunmall.vo.OrderVO.<init>(OrderVO.java:92)] -- 필드명 : ORDER_ADDRESS_DETAIL
2022-11-23 10:52:59.042 [INFO ] [com.joeun.joeunmall.vo.OrderVO] [http-nio-8282-exec-10] [com.joeun.joeunmall.vo.OrderVO.toLowerCamelCaseStr(OrderVO.java:149)] -- snakecase to lowerCamelcase
2022-11-23 10:52:59.042 [INFO ] [com.joeun.joeunmall.vo.OrderVO] [http-nio-8282-exec-10] [com.joeun.joeunmall.vo.OrderVO.<init>(OrderVO.java:102)] -- ORDER_ADDRESS_DETAIL : orderAddressDetail
2022-11-23 10:52:59.042 [INFO ] [com.joeun.joeunmall.vo.OrderVO] [http-nio-8282-exec-10] [com.joeun.joeunmall.vo.OrderVO.<init>(OrderVO.java:111)] -- 형변환 타입 : java.lang.String
2022-11-23 10:52:59.042 [INFO ] [com.joeun.joeunmall.vo.OrderVO] [http-nio-8282-exec-10] [com.joeun.joeunmall.vo.OrderVO.<init>(OrderVO.java:92)] -- 필드명 : ORDER_NAME
2022-11-23 10:52:59.043 [INFO ] [com.joeun.joeunmall.vo.OrderVO] [http-nio-8282-exec-10] [com.joeun.joeunmall.vo.OrderVO.toLowerCamelCaseStr(OrderVO.java:149)] -- snakecase to lowerCamelcase
2022-11-23 10:52:59.043 [INFO ] [com.joeun.joeunmall.vo.OrderVO] [http-nio-8282-exec-10] [com.joeun.joeunmall.vo.OrderVO.<init>(OrderVO.java:102)] -- ORDER_NAME : orderName
2022-11-23 10:52:59.043 [INFO ] [com.joeun.joeunmall.vo.OrderVO] [http-nio-8282-exec-10] [com.joeun.joeunmall.vo.OrderVO.<init>(OrderVO.java:111)] -- 형변환 타입 : java.lang.String
2022-11-23 10:52:59.043 [INFO ] [com.joeun.joeunmall.vo.OrderVO] [http-nio-8282-exec-10] [com.joeun.joeunmall.vo.OrderVO.<init>(OrderVO.java:92)] -- 필드명 : ORDER_DATE
2022-11-23 10:52:59.043 [INFO ] [com.joeun.joeunmall.vo.OrderVO] [http-nio-8282-exec-10] [com.joeun.joeunmall.vo.OrderVO.toLowerCamelCaseStr(OrderVO.java:149)] -- snakecase to lowerCamelcase
2022-11-23 10:52:59.043 [INFO ] [com.joeun.joeunmall.vo.OrderVO] [http-nio-8282-exec-10] [com.joeun.joeunmall.vo.OrderVO.<init>(OrderVO.java:102)] -- ORDER_DATE : orderDate
2022-11-23 10:52:59.043 [INFO ] [com.joeun.joeunmall.vo.OrderVO] [http-nio-8282-exec-10] [com.joeun.joeunmall.vo.OrderVO.<init>(OrderVO.java:111)] -- 형변환 타입 : java.sql.Timestamp
2022-11-23 10:52:59.043 [INFO ] [com.joeun.joeunmall.vo.OrderVO] [http-nio-8282-exec-10] [com.joeun.joeunmall.vo.OrderVO.<init>(OrderVO.java:92)] -- 필드명 : ORDER_MOBILE
2022-11-23 10:52:59.043 [INFO ] [com.joeun.joeunmall.vo.OrderVO] [http-nio-8282-exec-10] [com.joeun.joeunmall.vo.OrderVO.toLowerCamelCaseStr(OrderVO.java:149)] -- snakecase to lowerCamelcase
2022-11-23 10:52:59.043 [INFO ] [com.joeun.joeunmall.vo.OrderVO] [http-nio-8282-exec-10] [com.joeun.joeunmall.vo.OrderVO.<init>(OrderVO.java:102)] -- ORDER_MOBILE : orderMobile
2022-11-23 10:52:59.043 [INFO ] [com.joeun.joeunmall.vo.OrderVO] [http-nio-8282-exec-10] [com.joeun.joeunmall.vo.OrderVO.<init>(OrderVO.java:111)] -- 형변환 타입 : java.lang.String
2022-11-23 10:52:59.043 [INFO ] [com.joeun.joeunmall.vo.OrderVO] [http-nio-8282-exec-10] [com.joeun.joeunmall.vo.OrderVO.<init>(OrderVO.java:92)] -- 필드명 : PAGE
2022-11-23 10:52:59.043 [INFO ] [com.joeun.joeunmall.vo.OrderVO] [http-nio-8282-exec-10] [com.joeun.joeunmall.vo.OrderVO.toLowerCamelCaseStr(OrderVO.java:149)] -- snakecase to lowerCamelcase
2022-11-23 10:52:59.044 [ERROR] [com.joeun.joeunmall.vo.OrderVO] [http-nio-8282-exec-10] [com.joeun.joeunmall.vo.OrderVO.<init>(OrderVO.java:130)] -- 인자와 필드가 일치하지 않습니다.
2022-11-23 10:52:59.044 [INFO ] [com.joeun.joeunmall.vo.OrderVO] [http-nio-8282-exec-10] [com.joeun.joeunmall.vo.OrderVO.<init>(OrderVO.java:92)] -- 필드명 : ORDER_POST
2022-11-23 10:52:59.044 [INFO ] [com.joeun.joeunmall.vo.OrderVO] [http-nio-8282-exec-10] [com.joeun.joeunmall.vo.OrderVO.toLowerCamelCaseStr(OrderVO.java:149)] -- snakecase to lowerCamelcase
2022-11-23 10:52:59.044 [INFO ] [com.joeun.joeunmall.vo.OrderVO] [http-nio-8282-exec-10] [com.joeun.joeunmall.vo.OrderVO.<init>(OrderVO.java:102)] -- ORDER_POST : orderPost
2022-11-23 10:52:59.044 [INFO ] [com.joeun.joeunmall.vo.OrderVO] [http-nio-8282-exec-10] [com.joeun.joeunmall.vo.OrderVO.<init>(OrderVO.java:111)] -- 형변환 타입 : java.lang.String
2022-11-23 10:52:59.044 [INFO ] [com.joeun.joeunmall.vo.OrderVO] [http-nio-8282-exec-10] [com.joeun.joeunmall.vo.OrderVO.<init>(OrderVO.java:92)] -- 필드명 : USER_INDEX
2022-11-23 10:52:59.044 [INFO ] [com.joeun.joeunmall.vo.OrderVO] [http-nio-8282-exec-10] [com.joeun.joeunmall.vo.OrderVO.toLowerCamelCaseStr(OrderVO.java:149)] -- snakecase to lowerCamelcase
2022-11-23 10:52:59.044 [INFO ] [com.joeun.joeunmall.vo.OrderVO] [http-nio-8282-exec-10] [com.joeun.joeunmall.vo.OrderVO.<init>(OrderVO.java:102)] -- USER_INDEX : userIndex
2022-11-23 10:52:59.044 [INFO ] [com.joeun.joeunmall.vo.OrderVO] [http-nio-8282-exec-10] [com.joeun.joeunmall.vo.OrderVO.<init>(OrderVO.java:111)] -- 형변환 타입 : java.lang.String
2022-11-23 10:52:59.044 [INFO ] [com.joeun.joeunmall.vo.OrderVO] [http-nio-8282-exec-10] [com.joeun.joeunmall.vo.OrderVO.<init>(OrderVO.java:92)] -- 필드명 : ORDER_PRICE
2022-11-23 10:52:59.044 [INFO ] [com.joeun.joeunmall.vo.OrderVO] [http-nio-8282-exec-10] [com.joeun.joeunmall.vo.OrderVO.toLowerCamelCaseStr(OrderVO.java:149)] -- snakecase to lowerCamelcase
2022-11-23 10:52:59.044 [INFO ] [com.joeun.joeunmall.vo.OrderVO] [http-nio-8282-exec-10] [com.joeun.joeunmall.vo.OrderVO.<init>(OrderVO.java:102)] -- ORDER_PRICE : orderPrice
2022-11-23 10:52:59.044 [INFO ] [com.joeun.joeunmall.vo.OrderVO] [http-nio-8282-exec-10] [com.joeun.joeunmall.vo.OrderVO.<init>(OrderVO.java:111)] -- 형변환 타입 : java.math.BigDecimal
2022-11-23 10:52:59.045 [INFO ] [com.joeun.joeunmall.vo.OrderVO] [http-nio-8282-exec-10] [com.joeun.joeunmall.vo.OrderVO.<init>(OrderVO.java:92)] -- 필드명 : ORDER_ADDRESS
2022-11-23 10:52:59.045 [INFO ] [com.joeun.joeunmall.vo.OrderVO] [http-nio-8282-exec-10] [com.joeun.joeunmall.vo.OrderVO.toLowerCamelCaseStr(OrderVO.java:149)] -- snakecase to lowerCamelcase
2022-11-23 10:52:59.045 [INFO ] [com.joeun.joeunmall.vo.OrderVO] [http-nio-8282-exec-10] [com.joeun.joeunmall.vo.OrderVO.<init>(OrderVO.java:102)] -- ORDER_ADDRESS : orderAddress
2022-11-23 10:52:59.045 [INFO ] [com.joeun.joeunmall.vo.OrderVO] [http-nio-8282-exec-10] [com.joeun.joeunmall.vo.OrderVO.<init>(OrderVO.java:111)] -- 형변환 타입 : java.lang.String
2022-11-23 10:52:59.045 [INFO ] [com.joeun.joeunmall.vo.OrderVO] [http-nio-8282-exec-10] [com.joeun.joeunmall.vo.OrderVO.<init>(OrderVO.java:92)] -- 필드명 : ORDER_INDEX
2022-11-23 10:52:59.045 [INFO ] [com.joeun.joeunmall.vo.OrderVO] [http-nio-8282-exec-10] [com.joeun.joeunmall.vo.OrderVO.toLowerCamelCaseStr(OrderVO.java:149)] -- snakecase to lowerCamelcase
2022-11-23 10:52:59.045 [INFO ] [com.joeun.joeunmall.vo.OrderVO] [http-nio-8282-exec-10] [com.joeun.joeunmall.vo.OrderVO.<init>(OrderVO.java:102)] -- ORDER_INDEX : orderIndex
2022-11-23 10:52:59.045 [INFO ] [com.joeun.joeunmall.vo.OrderVO] [http-nio-8282-exec-10] [com.joeun.joeunmall.vo.OrderVO.<init>(OrderVO.java:111)] -- 형변환 타입 : java.lang.String
2022-11-23 10:52:59.045 [INFO ] [com.joeun.joeunmall.vo.OrderVO] [http-nio-8282-exec-10] [com.joeun.joeunmall.vo.OrderVO.<init>(OrderVO.java:92)] -- 필드명 : ORDER_STATE_INDEX
2022-11-23 10:52:59.045 [INFO ] [com.joeun.joeunmall.vo.OrderVO] [http-nio-8282-exec-10] [com.joeun.joeunmall.vo.OrderVO.toLowerCamelCaseStr(OrderVO.java:149)] -- snakecase to lowerCamelcase
2022-11-23 10:52:59.045 [INFO ] [com.joeun.joeunmall.vo.OrderVO] [http-nio-8282-exec-10] [com.joeun.joeunmall.vo.OrderVO.<init>(OrderVO.java:102)] -- ORDER_STATE_INDEX : orderStateIndex
2022-11-23 10:52:59.045 [INFO ] [com.joeun.joeunmall.vo.OrderVO] [http-nio-8282-exec-10] [com.joeun.joeunmall.vo.OrderVO.<init>(OrderVO.java:111)] -- 형변환 타입 : java.lang.String
2022-11-23 10:52:59.045 [INFO ] [com.joeun.joeunmall.vo.OrderVO] [http-nio-8282-exec-10] [com.joeun.joeunmall.vo.OrderVO.<init>(OrderVO.java:92)] -- 필드명 : PAYMENT_INDEX
2022-11-23 10:52:59.045 [INFO ] [com.joeun.joeunmall.vo.OrderVO] [http-nio-8282-exec-10] [com.joeun.joeunmall.vo.OrderVO.toLowerCamelCaseStr(OrderVO.java:149)] -- snakecase to lowerCamelcase
2022-11-23 10:52:59.046 [INFO ] [com.joeun.joeunmall.vo.OrderVO] [http-nio-8282-exec-10] [com.joeun.joeunmall.vo.OrderVO.<init>(OrderVO.java:102)] -- PAYMENT_INDEX : paymentIndex
2022-11-23 10:52:59.046 [INFO ] [com.joeun.joeunmall.vo.OrderVO] [http-nio-8282-exec-10] [com.joeun.joeunmall.vo.OrderVO.<init>(OrderVO.java:111)] -- 형변환 타입 : java.lang.String
2022-11-23 10:52:59.046 [INFO ] [com.joeun.joeunmall.vo.OrderVO] [http-nio-8282-exec-10] [com.joeun.joeunmall.vo.OrderVO.<init>(OrderVO.java:92)] -- 필드명 : PRODUCT_COUNT_SUM
2022-11-23 10:52:59.046 [INFO ] [com.joeun.joeunmall.vo.OrderVO] [http-nio-8282-exec-10] [com.joeun.joeunmall.vo.OrderVO.toLowerCamelCaseStr(OrderVO.java:149)] -- snakecase to lowerCamelcase
2022-11-23 10:52:59.046 [INFO ] [com.joeun.joeunmall.vo.OrderVO] [http-nio-8282-exec-10] [com.joeun.joeunmall.vo.OrderVO.<init>(OrderVO.java:102)] -- PRODUCT_COUNT_SUM : productCountSum
2022-11-23 10:52:59.046 [INFO ] [com.joeun.joeunmall.vo.OrderVO] [http-nio-8282-exec-10] [com.joeun.joeunmall.vo.OrderVO.<init>(OrderVO.java:111)] -- 형변환 타입 : java.math.BigDecimal
2022-11-23 10:52:59.046 [INFO ] [com.joeun.joeunmall.vo.OrderVO] [http-nio-8282-exec-10] [com.joeun.joeunmall.vo.OrderVO.<init>(OrderVO.java:92)] -- 필드명 : ORDER_ADDRESS_DETAIL
2022-11-23 10:52:59.046 [INFO ] [com.joeun.joeunmall.vo.OrderVO] [http-nio-8282-exec-10] [com.joeun.joeunmall.vo.OrderVO.toLowerCamelCaseStr(OrderVO.java:149)] -- snakecase to lowerCamelcase
2022-11-23 10:52:59.046 [INFO ] [com.joeun.joeunmall.vo.OrderVO] [http-nio-8282-exec-10] [com.joeun.joeunmall.vo.OrderVO.<init>(OrderVO.java:102)] -- ORDER_ADDRESS_DETAIL : orderAddressDetail
2022-11-23 10:52:59.046 [INFO ] [com.joeun.joeunmall.vo.OrderVO] [http-nio-8282-exec-10] [com.joeun.joeunmall.vo.OrderVO.<init>(OrderVO.java:111)] -- 형변환 타입 : java.lang.String
2022-11-23 10:52:59.046 [INFO ] [com.joeun.joeunmall.vo.OrderVO] [http-nio-8282-exec-10] [com.joeun.joeunmall.vo.OrderVO.<init>(OrderVO.java:92)] -- 필드명 : ORDER_NAME
2022-11-23 10:52:59.046 [INFO ] [com.joeun.joeunmall.vo.OrderVO] [http-nio-8282-exec-10] [com.joeun.joeunmall.vo.OrderVO.toLowerCamelCaseStr(OrderVO.java:149)] -- snakecase to lowerCamelcase
2022-11-23 10:52:59.046 [INFO ] [com.joeun.joeunmall.vo.OrderVO] [http-nio-8282-exec-10] [com.joeun.joeunmall.vo.OrderVO.<init>(OrderVO.java:102)] -- ORDER_NAME : orderName
2022-11-23 10:52:59.046 [INFO ] [com.joeun.joeunmall.vo.OrderVO] [http-nio-8282-exec-10] [com.joeun.joeunmall.vo.OrderVO.<init>(OrderVO.java:111)] -- 형변환 타입 : java.lang.String
2022-11-23 10:52:59.047 [INFO ] [com.joeun.joeunmall.vo.OrderVO] [http-nio-8282-exec-10] [com.joeun.joeunmall.vo.OrderVO.<init>(OrderVO.java:92)] -- 필드명 : ORDER_DATE
2022-11-23 10:52:59.047 [INFO ] [com.joeun.joeunmall.vo.OrderVO] [http-nio-8282-exec-10] [com.joeun.joeunmall.vo.OrderVO.toLowerCamelCaseStr(OrderVO.java:149)] -- snakecase to lowerCamelcase
2022-11-23 10:52:59.047 [INFO ] [com.joeun.joeunmall.vo.OrderVO] [http-nio-8282-exec-10] [com.joeun.joeunmall.vo.OrderVO.<init>(OrderVO.java:102)] -- ORDER_DATE : orderDate
2022-11-23 10:52:59.047 [INFO ] [com.joeun.joeunmall.vo.OrderVO] [http-nio-8282-exec-10] [com.joeun.joeunmall.vo.OrderVO.<init>(OrderVO.java:111)] -- 형변환 타입 : java.sql.Timestamp
2022-11-23 10:52:59.047 [INFO ] [com.joeun.joeunmall.vo.OrderVO] [http-nio-8282-exec-10] [com.joeun.joeunmall.vo.OrderVO.<init>(OrderVO.java:92)] -- 필드명 : ORDER_MESSAGE
2022-11-23 10:52:59.047 [INFO ] [com.joeun.joeunmall.vo.OrderVO] [http-nio-8282-exec-10] [com.joeun.joeunmall.vo.OrderVO.toLowerCamelCaseStr(OrderVO.java:149)] -- snakecase to lowerCamelcase
2022-11-23 10:52:59.047 [INFO ] [com.joeun.joeunmall.vo.OrderVO] [http-nio-8282-exec-10] [com.joeun.joeunmall.vo.OrderVO.<init>(OrderVO.java:102)] -- ORDER_MESSAGE : orderMessage
2022-11-23 10:52:59.047 [INFO ] [com.joeun.joeunmall.vo.OrderVO] [http-nio-8282-exec-10] [com.joeun.joeunmall.vo.OrderVO.<init>(OrderVO.java:111)] -- 형변환 타입 : java.lang.String
2022-11-23 10:52:59.047 [INFO ] [com.joeun.joeunmall.vo.OrderVO] [http-nio-8282-exec-10] [com.joeun.joeunmall.vo.OrderVO.<init>(OrderVO.java:92)] -- 필드명 : ORDER_MOBILE
2022-11-23 10:52:59.047 [INFO ] [com.joeun.joeunmall.vo.OrderVO] [http-nio-8282-exec-10] [com.joeun.joeunmall.vo.OrderVO.toLowerCamelCaseStr(OrderVO.java:149)] -- snakecase to lowerCamelcase
2022-11-23 10:52:59.047 [INFO ] [com.joeun.joeunmall.vo.OrderVO] [http-nio-8282-exec-10] [com.joeun.joeunmall.vo.OrderVO.<init>(OrderVO.java:102)] -- ORDER_MOBILE : orderMobile
2022-11-23 10:52:59.048 [INFO ] [com.joeun.joeunmall.vo.OrderVO] [http-nio-8282-exec-10] [com.joeun.joeunmall.vo.OrderVO.<init>(OrderVO.java:111)] -- 형변환 타입 : java.lang.String
2022-11-23 10:52:59.048 [INFO ] [com.joeun.joeunmall.vo.OrderVO] [http-nio-8282-exec-10] [com.joeun.joeunmall.vo.OrderVO.<init>(OrderVO.java:92)] -- 필드명 : PAGE
2022-11-23 10:52:59.048 [INFO ] [com.joeun.joeunmall.vo.OrderVO] [http-nio-8282-exec-10] [com.joeun.joeunmall.vo.OrderVO.toLowerCamelCaseStr(OrderVO.java:149)] -- snakecase to lowerCamelcase
2022-11-23 10:52:59.048 [ERROR] [com.joeun.joeunmall.vo.OrderVO] [http-nio-8282-exec-10] [com.joeun.joeunmall.vo.OrderVO.<init>(OrderVO.java:130)] -- 인자와 필드가 일치하지 않습니다.
2022-11-23 10:52:59.048 [INFO ] [com.joeun.joeunmall.vo.OrderVO] [http-nio-8282-exec-10] [com.joeun.joeunmall.vo.OrderVO.<init>(OrderVO.java:92)] -- 필드명 : ORDER_POST
2022-11-23 10:52:59.048 [INFO ] [com.joeun.joeunmall.vo.OrderVO] [http-nio-8282-exec-10] [com.joeun.joeunmall.vo.OrderVO.toLowerCamelCaseStr(OrderVO.java:149)] -- snakecase to lowerCamelcase
2022-11-23 10:52:59.048 [INFO ] [com.joeun.joeunmall.vo.OrderVO] [http-nio-8282-exec-10] [com.joeun.joeunmall.vo.OrderVO.<init>(OrderVO.java:102)] -- ORDER_POST : orderPost
2022-11-23 10:52:59.048 [INFO ] [com.joeun.joeunmall.vo.OrderVO] [http-nio-8282-exec-10] [com.joeun.joeunmall.vo.OrderVO.<init>(OrderVO.java:111)] -- 형변환 타입 : java.lang.String
2022-11-23 10:52:59.048 [INFO ] [com.joeun.joeunmall.vo.OrderVO] [http-nio-8282-exec-10] [com.joeun.joeunmall.vo.OrderVO.<init>(OrderVO.java:92)] -- 필드명 : USER_INDEX
2022-11-23 10:52:59.048 [INFO ] [com.joeun.joeunmall.vo.OrderVO] [http-nio-8282-exec-10] [com.joeun.joeunmall.vo.OrderVO.toLowerCamelCaseStr(OrderVO.java:149)] -- snakecase to lowerCamelcase
2022-11-23 10:52:59.048 [INFO ] [com.joeun.joeunmall.vo.OrderVO] [http-nio-8282-exec-10] [com.joeun.joeunmall.vo.OrderVO.<init>(OrderVO.java:102)] -- USER_INDEX : userIndex
2022-11-23 10:52:59.048 [INFO ] [com.joeun.joeunmall.vo.OrderVO] [http-nio-8282-exec-10] [com.joeun.joeunmall.vo.OrderVO.<init>(OrderVO.java:111)] -- 형변환 타입 : java.lang.String
2022-11-23 10:52:59.048 [INFO ] [com.joeun.joeunmall.vo.OrderVO] [http-nio-8282-exec-10] [com.joeun.joeunmall.vo.OrderVO.<init>(OrderVO.java:92)] -- 필드명 : ORDER_PRICE
2022-11-23 10:52:59.049 [INFO ] [com.joeun.joeunmall.vo.OrderVO] [http-nio-8282-exec-10] [com.joeun.joeunmall.vo.OrderVO.toLowerCamelCaseStr(OrderVO.java:149)] -- snakecase to lowerCamelcase
2022-11-23 10:52:59.049 [INFO ] [com.joeun.joeunmall.vo.OrderVO] [http-nio-8282-exec-10] [com.joeun.joeunmall.vo.OrderVO.<init>(OrderVO.java:102)] -- ORDER_PRICE : orderPrice
2022-11-23 10:52:59.049 [INFO ] [com.joeun.joeunmall.vo.OrderVO] [http-nio-8282-exec-10] [com.joeun.joeunmall.vo.OrderVO.<init>(OrderVO.java:111)] -- 형변환 타입 : java.math.BigDecimal
2022-11-23 10:52:59.049 [INFO ] [com.joeun.joeunmall.vo.OrderVO] [http-nio-8282-exec-10] [com.joeun.joeunmall.vo.OrderVO.<init>(OrderVO.java:92)] -- 필드명 : ORDER_ADDRESS
2022-11-23 10:52:59.049 [INFO ] [com.joeun.joeunmall.vo.OrderVO] [http-nio-8282-exec-10] [com.joeun.joeunmall.vo.OrderVO.toLowerCamelCaseStr(OrderVO.java:149)] -- snakecase to lowerCamelcase
2022-11-23 10:52:59.049 [INFO ] [com.joeun.joeunmall.vo.OrderVO] [http-nio-8282-exec-10] [com.joeun.joeunmall.vo.OrderVO.<init>(OrderVO.java:102)] -- ORDER_ADDRESS : orderAddress
2022-11-23 10:52:59.049 [INFO ] [com.joeun.joeunmall.vo.OrderVO] [http-nio-8282-exec-10] [com.joeun.joeunmall.vo.OrderVO.<init>(OrderVO.java:111)] -- 형변환 타입 : java.lang.String
2022-11-23 10:52:59.049 [INFO ] [com.joeun.joeunmall.vo.OrderVO] [http-nio-8282-exec-10] [com.joeun.joeunmall.vo.OrderVO.<init>(OrderVO.java:92)] -- 필드명 : ORDER_INDEX
2022-11-23 10:52:59.049 [INFO ] [com.joeun.joeunmall.vo.OrderVO] [http-nio-8282-exec-10] [com.joeun.joeunmall.vo.OrderVO.toLowerCamelCaseStr(OrderVO.java:149)] -- snakecase to lowerCamelcase
2022-11-23 10:52:59.049 [INFO ] [com.joeun.joeunmall.vo.OrderVO] [http-nio-8282-exec-10] [com.joeun.joeunmall.vo.OrderVO.<init>(OrderVO.java:102)] -- ORDER_INDEX : orderIndex
2022-11-23 10:52:59.049 [INFO ] [com.joeun.joeunmall.vo.OrderVO] [http-nio-8282-exec-10] [com.joeun.joeunmall.vo.OrderVO.<init>(OrderVO.java:111)] -- 형변환 타입 : java.lang.String
2022-11-23 10:52:59.049 [INFO ] [com.joeun.joeunmall.vo.OrderVO] [http-nio-8282-exec-10] [com.joeun.joeunmall.vo.OrderVO.<init>(OrderVO.java:92)] -- 필드명 : ORDER_STATE_INDEX
2022-11-23 10:52:59.049 [INFO ] [com.joeun.joeunmall.vo.OrderVO] [http-nio-8282-exec-10] [com.joeun.joeunmall.vo.OrderVO.toLowerCamelCaseStr(OrderVO.java:149)] -- snakecase to lowerCamelcase
2022-11-23 10:52:59.049 [INFO ] [com.joeun.joeunmall.vo.OrderVO] [http-nio-8282-exec-10] [com.joeun.joeunmall.vo.OrderVO.<init>(OrderVO.java:102)] -- ORDER_STATE_INDEX : orderStateIndex
2022-11-23 10:52:59.050 [INFO ] [com.joeun.joeunmall.vo.OrderVO] [http-nio-8282-exec-10] [com.joeun.joeunmall.vo.OrderVO.<init>(OrderVO.java:111)] -- 형변환 타입 : java.lang.String
2022-11-23 10:52:59.050 [INFO ] [com.joeun.joeunmall.vo.OrderVO] [http-nio-8282-exec-10] [com.joeun.joeunmall.vo.OrderVO.<init>(OrderVO.java:92)] -- 필드명 : PAYMENT_INDEX
2022-11-23 10:52:59.050 [INFO ] [com.joeun.joeunmall.vo.OrderVO] [http-nio-8282-exec-10] [com.joeun.joeunmall.vo.OrderVO.toLowerCamelCaseStr(OrderVO.java:149)] -- snakecase to lowerCamelcase
2022-11-23 10:52:59.050 [INFO ] [com.joeun.joeunmall.vo.OrderVO] [http-nio-8282-exec-10] [com.joeun.joeunmall.vo.OrderVO.<init>(OrderVO.java:102)] -- PAYMENT_INDEX : paymentIndex
2022-11-23 10:52:59.050 [INFO ] [com.joeun.joeunmall.vo.OrderVO] [http-nio-8282-exec-10] [com.joeun.joeunmall.vo.OrderVO.<init>(OrderVO.java:111)] -- 형변환 타입 : java.lang.String
2022-11-23 10:52:59.050 [INFO ] [com.joeun.joeunmall.vo.OrderVO] [http-nio-8282-exec-10] [com.joeun.joeunmall.vo.OrderVO.<init>(OrderVO.java:92)] -- 필드명 : PRODUCT_COUNT_SUM
2022-11-23 10:52:59.050 [INFO ] [com.joeun.joeunmall.vo.OrderVO] [http-nio-8282-exec-10] [com.joeun.joeunmall.vo.OrderVO.toLowerCamelCaseStr(OrderVO.java:149)] -- snakecase to lowerCamelcase
2022-11-23 10:52:59.050 [INFO ] [com.joeun.joeunmall.vo.OrderVO] [http-nio-8282-exec-10] [com.joeun.joeunmall.vo.OrderVO.<init>(OrderVO.java:102)] -- PRODUCT_COUNT_SUM : productCountSum
2022-11-23 10:52:59.050 [INFO ] [com.joeun.joeunmall.vo.OrderVO] [http-nio-8282-exec-10] [com.joeun.joeunmall.vo.OrderVO.<init>(OrderVO.java:111)] -- 형변환 타입 : java.math.BigDecimal
2022-11-23 10:53:00.472 [INFO ] [com.joeun.joeunmall.interceptor.AdminInterceptor] [http-nio-8282-exec-3] [com.joeun.joeunmall.interceptor.AdminInterceptor.preHandle(AdminInterceptor.java:50)] -- 로그인 선처리
2022-11-23 10:53:00.472 [INFO ] [com.joeun.joeunmall.interceptor.AdminInterceptor] [http-nio-8282-exec-3] [com.joeun.joeunmall.interceptor.AdminInterceptor.preHandle(AdminInterceptor.java:70)] -- 관리자
